[0.079s] Invoking command in '/home/ros2_ws/src/build/vectornav_msgs': /usr/local/bin/cmake /home/ros2_ws/src/vectornav/vectornav_msgs -DCMAKE_INSTALL_PREFIX=/home/ros2_ws/src/install/vectornav_msgs
[0.228s] -- The C compiler identification is GNU 9.4.0
[0.336s] -- The CXX compiler identification is GNU 9.4.0
[0.377s] -- Detecting C compiler ABI info
[0.502s] -- Detecting C compiler ABI info - done
[0.522s] -- Check for working C compiler: /usr/bin/cc - skipped
[0.522s] -- Detecting C compile features
[0.523s] -- Detecting C compile features - done
[0.550s] -- Detecting CXX compiler ABI info
[0.692s] -- Detecting CXX compiler ABI info - done
[0.711s] -- Check for working CXX compiler: /usr/bin/c++ - skipped
[0.712s] -- Detecting CXX compile features
[0.713s] -- Detecting CXX compile features - done
[0.719s] -- Found ament_cmake: 1.3.5 (/opt/ros/humble/install/share/ament_cmake/cmake)
[2.895s] -- Found Python3: /usr/bin/python3.8 (found version "3.8.10") found components: Interpreter 
[3.070s] -- Found geometry_msgs: 4.2.3 (/opt/ros/humble/install/share/geometry_msgs/cmake)
[3.155s] -- Found rosidl_generator_c: 3.1.5 (/opt/ros/humble/install/share/rosidl_generator_c/cmake)
[3.166s] -- Found rosidl_adapter: 3.1.5 (/opt/ros/humble/install/share/rosidl_adapter/cmake)
[3.187s] -- Found rosidl_generator_cpp: 3.1.5 (/opt/ros/humble/install/share/rosidl_generator_cpp/cmake)
[3.223s] -- Using all available rosidl_typesupport_c: rosidl_typesupport_fastrtps_c;rosidl_typesupport_introspection_c
[3.274s] -- Using all available rosidl_typesupport_cpp: rosidl_typesupport_fastrtps_cpp;rosidl_typesupport_introspection_cpp
[3.569s] -- Found rosidl_default_generators: 1.2.0 (/opt/ros/humble/install/share/rosidl_default_generators/cmake)
[3.589s] [0mGrabbing messages action/MagCal.action[0m
[5.236s] -- Found ament_cmake_ros: 0.10.0 (/opt/ros/humble/install/share/ament_cmake_ros/cmake)
[8.130s] -- Using all available rosidl_typesupport_c: rosidl_typesupport_fastrtps_c;rosidl_typesupport_introspection_c
[9.280s] -- Using all available rosidl_typesupport_cpp: rosidl_typesupport_fastrtps_cpp;rosidl_typesupport_introspection_cpp
[9.285s] [33mCMake Warning (dev) at /opt/ros/humble/install/share/rosidl_generator_py/cmake/rosidl_generator_py_generate_interfaces.cmake:20 (find_package):
[9.285s]   Policy CMP0148 is not set: The FindPythonInterp and FindPythonLibs modules
[9.285s]   are removed.  Run "cmake --help-policy CMP0148" for policy details.  Use
[9.285s]   the cmake_policy command to set the policy and suppress this warning.
[9.286s] 
[9.286s] Call Stack (most recent call first):
[9.286s]   /opt/ros/humble/install/share/ament_cmake_core/cmake/core/ament_execute_extensions.cmake:48 (include)
[9.286s]   /opt/ros/humble/install/share/rosidl_cmake/cmake/rosidl_generate_interfaces.cmake:286 (ament_execute_extensions)
[9.286s]   CMakeLists.txt:30 (rosidl_generate_interfaces)
[9.286s] This warning is for project developers.  Use -Wno-dev to suppress it.
[9.287s] [0m
[9.331s] -- Found PythonInterp: /usr/bin/python3 (found suitable version "3.8.10", minimum required is "3.6") 
[9.337s] -- Found python_cmake_module: 0.10.0 (/opt/ros/humble/install/share/python_cmake_module/cmake)
[9.339s] [33mCMake Warning (dev) at /opt/ros/humble/install/share/python_cmake_module/cmake/Modules/FindPythonExtra.cmake:52 (find_package):
[9.339s]   Policy CMP0148 is not set: The FindPythonInterp and FindPythonLibs modules
[9.339s]   are removed.  Run "cmake --help-policy CMP0148" for policy details.  Use
[9.339s]   the cmake_policy command to set the policy and suppress this warning.
[9.339s] 
[9.340s] Call Stack (most recent call first):
[9.340s]   /opt/ros/humble/install/share/rosidl_generator_py/cmake/rosidl_generator_py_generate_interfaces.cmake:23 (find_package)
[9.340s]   /opt/ros/humble/install/share/ament_cmake_core/cmake/core/ament_execute_extensions.cmake:48 (include)
[9.340s]   /opt/ros/humble/install/share/rosidl_cmake/cmake/rosidl_generate_interfaces.cmake:286 (ament_execute_extensions)
[9.340s]   CMakeLists.txt:30 (rosidl_generate_interfaces)
[9.341s] This warning is for project developers.  Use -Wno-dev to suppress it.
[9.341s] [0m
[9.385s] [33mCMake Warning (dev) at /opt/ros/humble/install/share/python_cmake_module/cmake/Modules/FindPythonExtra.cmake:140 (find_package):
[9.386s]   Policy CMP0148 is not set: The FindPythonInterp and FindPythonLibs modules
[9.386s]   are removed.  Run "cmake --help-policy CMP0148" for policy details.  Use
[9.386s]   the cmake_policy command to set the policy and suppress this warning.
[9.386s] 
[9.387s] Call Stack (most recent call first):
[9.387s]   /opt/ros/humble/install/share/rosidl_generator_py/cmake/rosidl_generator_py_generate_interfaces.cmake:23 (find_package)
[9.387s]   /opt/ros/humble/install/share/ament_cmake_core/cmake/core/ament_execute_extensions.cmake:48 (include)
[9.387s]   /opt/ros/humble/install/share/rosidl_cmake/cmake/rosidl_generate_interfaces.cmake:286 (ament_execute_extensions)
[9.388s]   CMakeLists.txt:30 (rosidl_generate_interfaces)
[9.388s] This warning is for project developers.  Use -Wno-dev to suppress it.
[9.388s] [0m
[9.403s] -- Found PythonLibs: /usr/lib/aarch64-linux-gnu/libpython3.8.so (found suitable version "3.8.10", minimum required is "3.5") 
[9.404s] -- Using PYTHON_EXECUTABLE: /usr/bin/python3
[9.404s] -- Using PYTHON_INCLUDE_DIRS: /usr/include/python3.8
[9.404s] -- Using PYTHON_LIBRARIES: /usr/lib/aarch64-linux-gnu/libpython3.8.so
[9.450s] -- Found PythonExtra: .so  
[9.794s] -- Using numpy include directory: /usr/local/lib/python3.8/dist-packages/numpy/core/include
[9.849s] -- Configuring done (9.7s)
[9.980s] -- Generating done (0.1s)
[9.986s] -- Build files have been written to: /home/ros2_ws/src/build/vectornav_msgs
[10.018s] Invoked command in '/home/ros2_ws/src/build/vectornav_msgs' returned '0': /usr/local/bin/cmake /home/ros2_ws/src/vectornav/vectornav_msgs -DCMAKE_INSTALL_PREFIX=/home/ros2_ws/src/install/vectornav_msgs
[10.025s] Invoking command in '/home/ros2_ws/src/build/vectornav_msgs': /usr/local/bin/cmake --build /home/ros2_ws/src/build/vectornav_msgs -- -j6 -l6
[10.117s] [  1%] [34m[1mGenerating C code for ROS interfaces[0m
[10.127s] [  1%] [34m[1mGenerating C++ code for ROS interfaces[0m
[10.129s] [  1%] Built target ament_cmake_python_copy_vectornav_msgs
[10.544s] running egg_info
[10.547s] creating vectornav_msgs.egg-info
[10.583s] writing vectornav_msgs.egg-info/PKG-INFO
[10.583s] writing dependency_links to vectornav_msgs.egg-info/dependency_links.txt
[10.584s] writing top-level names to vectornav_msgs.egg-info/top_level.txt
[10.584s] writing manifest file 'vectornav_msgs.egg-info/SOURCES.txt'
[10.690s] reading manifest file 'vectornav_msgs.egg-info/SOURCES.txt'
[10.691s] writing manifest file 'vectornav_msgs.egg-info/SOURCES.txt'
[10.743s] [  1%] Built target ament_cmake_python_build_vectornav_msgs_egg
[13.379s] [  1%] Built target vectornav_msgs__cpp
[13.390s] [  2%] [34m[1mGenerating C++ introspection for ROS interfaces[0m
[13.390s] [  3%] [34m[1mGenerating C++ type support dispatch for ROS interfaces[0m
[13.391s] [  2%] [34m[1mGenerating C++ type support for eProsima Fast-RTPS[0m
[13.503s] [  5%] [32mBuilding C object CMakeFiles/vectornav_msgs__rosidl_generator_c.dir/rosidl_generator_c/vectornav_msgs/msg/detail/attitude_group__functions.c.o[0m
[13.504s] [  6%] [32mBuilding C object CMakeFiles/vectornav_msgs__rosidl_generator_c.dir/rosidl_generator_c/vectornav_msgs/msg/detail/dop__functions.c.o[0m
[13.504s] [  5%] [32mBuilding C object CMakeFiles/vectornav_msgs__rosidl_generator_c.dir/rosidl_generator_c/vectornav_msgs/msg/detail/common_group__functions.c.o[0m
[13.615s] [  6%] [32mBuilding C object CMakeFiles/vectornav_msgs__rosidl_generator_c.dir/rosidl_generator_c/vectornav_msgs/msg/detail/gps_group__functions.c.o[0m
[13.630s] [  7%] [32mBuilding C object CMakeFiles/vectornav_msgs__rosidl_generator_c.dir/rosidl_generator_c/vectornav_msgs/msg/detail/imu_group__functions.c.o[0m
[13.638s] [  8%] [32mBuilding C object CMakeFiles/vectornav_msgs__rosidl_generator_c.dir/rosidl_generator_c/vectornav_msgs/msg/detail/ins_group__functions.c.o[0m
[13.737s] [  9%] [32mBuilding C object CMakeFiles/vectornav_msgs__rosidl_generator_c.dir/rosidl_generator_c/vectornav_msgs/msg/detail/ins_status__functions.c.o[0m
[13.756s] [ 10%] [32mBuilding C object CMakeFiles/vectornav_msgs__rosidl_generator_c.dir/rosidl_generator_c/vectornav_msgs/msg/detail/time_group__functions.c.o[0m
[13.756s] [ 11%] [32mBuilding C object CMakeFiles/vectornav_msgs__rosidl_generator_c.dir/rosidl_generator_c/vectornav_msgs/msg/detail/time_status__functions.c.o[0m
[13.840s] [ 11%] [32mBuilding C object CMakeFiles/vectornav_msgs__rosidl_generator_c.dir/rosidl_generator_c/vectornav_msgs/msg/detail/time_utc__functions.c.o[0m
[13.860s] [ 12%] [32mBuilding C object CMakeFiles/vectornav_msgs__rosidl_generator_c.dir/rosidl_generator_c/vectornav_msgs/msg/detail/vpe_status__functions.c.o[0m
[13.876s] [ 13%] [32mBuilding C object CMakeFiles/vectornav_msgs__rosidl_generator_c.dir/rosidl_generator_c/vectornav_msgs/action/detail/mag_cal__functions.c.o[0m
[14.162s] [ 14%] [32m[1mLinking C shared library libvectornav_msgs__rosidl_generator_c.so[0m
[14.216s] [ 14%] Built target vectornav_msgs__rosidl_generator_c
[14.227s] [ 17%] [34m[1mGenerating C introspection for ROS interfaces[0m
[14.228s] [ 17%] [34m[1mGenerating C type support dispatch for ROS interfaces[0m
[14.228s] [ 17%] [34m[1mGenerating C type support for eProsima Fast-RTPS[0m
[15.864s] [ 18%] [32mBuilding CXX object CMakeFiles/vectornav_msgs__rosidl_typesupport_cpp.dir/rosidl_typesupport_cpp/vectornav_msgs/msg/attitude_group__type_support.cpp.o[0m
[16.238s] [ 18%] [32mBuilding CXX object CMakeFiles/vectornav_msgs__rosidl_typesupport_introspection_cpp.dir/rosidl_typesupport_introspection_cpp/vectornav_msgs/msg/detail/attitude_group__type_support.cpp.o[0m
[16.523s] [ 19%] [32mBuilding CXX object CMakeFiles/vectornav_msgs__rosidl_typesupport_cpp.dir/rosidl_typesupport_cpp/vectornav_msgs/msg/common_group__type_support.cpp.o[0m
[16.589s] [ 20%] [32mBuilding CXX object CMakeFiles/vectornav_msgs__rosidl_typesupport_fastrtps_cpp.dir/rosidl_typesupport_fastrtps_cpp/vectornav_msgs/msg/detail/dds_fastrtps/attitude_group__type_support.cpp.o[0m
[16.735s] [ 21%] [32mBuilding CXX object CMakeFiles/vectornav_msgs__rosidl_typesupport_c.dir/rosidl_typesupport_c/vectornav_msgs/msg/attitude_group__type_support.cpp.o[0m
[16.798s] [ 21%] [32mBuilding CXX object CMakeFiles/vectornav_msgs__rosidl_typesupport_c.dir/rosidl_typesupport_c/vectornav_msgs/msg/common_group__type_support.cpp.o[0m
[16.861s] [ 22%] [32mBuilding CXX object CMakeFiles/vectornav_msgs__rosidl_typesupport_c.dir/rosidl_typesupport_c/vectornav_msgs/msg/dop__type_support.cpp.o[0m
[16.920s] [ 23%] [32mBuilding CXX object CMakeFiles/vectornav_msgs__rosidl_typesupport_c.dir/rosidl_typesupport_c/vectornav_msgs/msg/gps_group__type_support.cpp.o[0m
[16.983s] [ 24%] [32mBuilding CXX object CMakeFiles/vectornav_msgs__rosidl_typesupport_c.dir/rosidl_typesupport_c/vectornav_msgs/msg/imu_group__type_support.cpp.o[0m
[17.047s] [ 25%] [32mBuilding CXX object CMakeFiles/vectornav_msgs__rosidl_typesupport_c.dir/rosidl_typesupport_c/vectornav_msgs/msg/ins_group__type_support.cpp.o[0m
[17.111s] [ 26%] [32mBuilding CXX object CMakeFiles/vectornav_msgs__rosidl_typesupport_c.dir/rosidl_typesupport_c/vectornav_msgs/msg/ins_status__type_support.cpp.o[0m
[17.171s] [ 26%] [32mBuilding CXX object CMakeFiles/vectornav_msgs__rosidl_typesupport_c.dir/rosidl_typesupport_c/vectornav_msgs/msg/time_group__type_support.cpp.o[0m
[17.199s] [ 27%] [32mBuilding C object CMakeFiles/vectornav_msgs__rosidl_typesupport_introspection_c.dir/rosidl_typesupport_introspection_c/vectornav_msgs/msg/detail/attitude_group__type_support.c.o[0m
[17.236s] [ 28%] [32mBuilding CXX object CMakeFiles/vectornav_msgs__rosidl_typesupport_c.dir/rosidl_typesupport_c/vectornav_msgs/msg/time_status__type_support.cpp.o[0m
[17.248s] [ 29%] [32mBuilding CXX object CMakeFiles/vectornav_msgs__rosidl_typesupport_cpp.dir/rosidl_typesupport_cpp/vectornav_msgs/msg/dop__type_support.cpp.o[0m
[17.285s] [ 30%] [32mBuilding C object CMakeFiles/vectornav_msgs__rosidl_typesupport_introspection_c.dir/rosidl_typesupport_introspection_c/vectornav_msgs/msg/detail/common_group__type_support.c.o[0m
[17.297s] [ 31%] [32mBuilding CXX object CMakeFiles/vectornav_msgs__rosidl_typesupport_c.dir/rosidl_typesupport_c/vectornav_msgs/msg/time_utc__type_support.cpp.o[0m
[17.303s] [ 32%] [32mBuilding CXX object CMakeFiles/vectornav_msgs__rosidl_typesupport_introspection_cpp.dir/rosidl_typesupport_introspection_cpp/vectornav_msgs/msg/detail/common_group__type_support.cpp.o[0m
[17.365s] [ 33%] [32mBuilding CXX object CMakeFiles/vectornav_msgs__rosidl_typesupport_c.dir/rosidl_typesupport_c/vectornav_msgs/msg/vpe_status__type_support.cpp.o[0m
[17.386s] [ 34%] [32mBuilding C object CMakeFiles/vectornav_msgs__rosidl_typesupport_introspection_c.dir/rosidl_typesupport_introspection_c/vectornav_msgs/msg/detail/dop__type_support.c.o[0m
[17.431s] [ 35%] [32mBuilding CXX object CMakeFiles/vectornav_msgs__rosidl_typesupport_c.dir/rosidl_typesupport_c/vectornav_msgs/action/mag_cal__type_support.cpp.o[0m
[17.462s] [ 35%] [32mBuilding C object CMakeFiles/vectornav_msgs__rosidl_typesupport_introspection_c.dir/rosidl_typesupport_introspection_c/vectornav_msgs/msg/detail/gps_group__type_support.c.o[0m
[17.467s] [ 36%] [32mBuilding CXX object CMakeFiles/vectornav_msgs__rosidl_typesupport_fastrtps_c.dir/rosidl_typesupport_fastrtps_c/vectornav_msgs/msg/detail/attitude_group__type_support_c.cpp.o[0m
[17.547s] [ 37%] [32m[1mLinking CXX shared library libvectornav_msgs__rosidl_typesupport_c.so[0m
[17.558s] [ 38%] [32mBuilding C object CMakeFiles/vectornav_msgs__rosidl_typesupport_introspection_c.dir/rosidl_typesupport_introspection_c/vectornav_msgs/msg/detail/imu_group__type_support.c.o[0m
[17.608s] [ 39%] [32mBuilding CXX object CMakeFiles/vectornav_msgs__rosidl_typesupport_fastrtps_cpp.dir/rosidl_typesupport_fastrtps_cpp/vectornav_msgs/msg/detail/dds_fastrtps/common_group__type_support.cpp.o[0m
[17.609s] [ 39%] Built target vectornav_msgs__rosidl_typesupport_c
[17.616s] [ 40%] [32mBuilding CXX object CMakeFiles/vectornav_msgs__rosidl_typesupport_fastrtps_c.dir/rosidl_typesupport_fastrtps_c/vectornav_msgs/msg/detail/common_group__type_support_c.cpp.o[0m
[17.646s] [ 41%] [32mBuilding C object CMakeFiles/vectornav_msgs__rosidl_typesupport_introspection_c.dir/rosidl_typesupport_introspection_c/vectornav_msgs/msg/detail/ins_group__type_support.c.o[0m
[17.742s] [ 42%] [32mBuilding C object CMakeFiles/vectornav_msgs__rosidl_typesupport_introspection_c.dir/rosidl_typesupport_introspection_c/vectornav_msgs/msg/detail/ins_status__type_support.c.o[0m
[17.823s] [ 43%] [32mBuilding C object CMakeFiles/vectornav_msgs__rosidl_typesupport_introspection_c.dir/rosidl_typesupport_introspection_c/vectornav_msgs/msg/detail/time_group__type_support.c.o[0m
[17.901s] [ 44%] [32mBuilding C object CMakeFiles/vectornav_msgs__rosidl_typesupport_introspection_c.dir/rosidl_typesupport_introspection_c/vectornav_msgs/msg/detail/time_status__type_support.c.o[0m
[17.959s] [ 45%] [32mBuilding CXX object CMakeFiles/vectornav_msgs__rosidl_typesupport_cpp.dir/rosidl_typesupport_cpp/vectornav_msgs/msg/gps_group__type_support.cpp.o[0m
[17.974s] [ 46%] [32mBuilding C object CMakeFiles/vectornav_msgs__rosidl_typesupport_introspection_c.dir/rosidl_typesupport_introspection_c/vectornav_msgs/msg/detail/time_utc__type_support.c.o[0m
[18.045s] [ 46%] [32mBuilding C object CMakeFiles/vectornav_msgs__rosidl_typesupport_introspection_c.dir/rosidl_typesupport_introspection_c/vectornav_msgs/msg/detail/vpe_status__type_support.c.o[0m
[18.117s] [ 47%] [32mBuilding C object CMakeFiles/vectornav_msgs__rosidl_typesupport_introspection_c.dir/rosidl_typesupport_introspection_c/vectornav_msgs/action/detail/mag_cal__type_support.c.o[0m
[18.241s] [ 48%] [32m[1mLinking C shared library libvectornav_msgs__rosidl_typesupport_introspection_c.so[0m
[18.289s] [ 48%] Built target vectornav_msgs__rosidl_typesupport_introspection_c
[18.297s] [ 48%] [32mBuilding CXX object CMakeFiles/vectornav_msgs__rosidl_typesupport_cpp.dir/rosidl_typesupport_cpp/vectornav_msgs/msg/imu_group__type_support.cpp.o[0m
[18.377s] [ 49%] [32mBuilding CXX object CMakeFiles/vectornav_msgs__rosidl_typesupport_introspection_cpp.dir/rosidl_typesupport_introspection_cpp/vectornav_msgs/msg/detail/dop__type_support.cpp.o[0m
[18.384s] [ 50%] [32mBuilding CXX object CMakeFiles/vectornav_msgs__rosidl_typesupport_introspection_cpp.dir/rosidl_typesupport_introspection_cpp/vectornav_msgs/msg/detail/gps_group__type_support.cpp.o[0m
[18.517s] [ 50%] [32mBuilding CXX object CMakeFiles/vectornav_msgs__rosidl_typesupport_fastrtps_c.dir/rosidl_typesupport_fastrtps_c/vectornav_msgs/msg/detail/dop__type_support_c.cpp.o[0m
[18.668s] [ 51%] [32mBuilding CXX object CMakeFiles/vectornav_msgs__rosidl_typesupport_fastrtps_cpp.dir/rosidl_typesupport_fastrtps_cpp/vectornav_msgs/msg/detail/dds_fastrtps/dop__type_support.cpp.o[0m
[18.680s] [ 52%] [32mBuilding CXX object CMakeFiles/vectornav_msgs__rosidl_typesupport_cpp.dir/rosidl_typesupport_cpp/vectornav_msgs/msg/ins_group__type_support.cpp.o[0m
[19.002s] [ 53%] [32mBuilding CXX object CMakeFiles/vectornav_msgs__rosidl_typesupport_cpp.dir/rosidl_typesupport_cpp/vectornav_msgs/msg/ins_status__type_support.cpp.o[0m
[19.353s] [ 54%] [32mBuilding CXX object CMakeFiles/vectornav_msgs__rosidl_typesupport_fastrtps_c.dir/rosidl_typesupport_fastrtps_c/vectornav_msgs/msg/detail/gps_group__type_support_c.cpp.o[0m
[19.369s] [ 55%] [32mBuilding CXX object CMakeFiles/vectornav_msgs__rosidl_typesupport_introspection_cpp.dir/rosidl_typesupport_introspection_cpp/vectornav_msgs/msg/detail/imu_group__type_support.cpp.o[0m
[19.381s] [ 56%] [32mBuilding CXX object CMakeFiles/vectornav_msgs__rosidl_typesupport_cpp.dir/rosidl_typesupport_cpp/vectornav_msgs/msg/time_group__type_support.cpp.o[0m
[19.481s] [ 57%] [32mBuilding CXX object CMakeFiles/vectornav_msgs__rosidl_typesupport_introspection_cpp.dir/rosidl_typesupport_introspection_cpp/vectornav_msgs/msg/detail/ins_group__type_support.cpp.o[0m
[19.678s] [ 58%] [32mBuilding CXX object CMakeFiles/vectornav_msgs__rosidl_typesupport_fastrtps_cpp.dir/rosidl_typesupport_fastrtps_cpp/vectornav_msgs/msg/detail/dds_fastrtps/gps_group__type_support.cpp.o[0m
[19.696s] [ 59%] [32mBuilding CXX object CMakeFiles/vectornav_msgs__rosidl_typesupport_cpp.dir/rosidl_typesupport_cpp/vectornav_msgs/msg/time_status__type_support.cpp.o[0m
[20.103s] [ 60%] [32mBuilding CXX object CMakeFiles/vectornav_msgs__rosidl_typesupport_fastrtps_c.dir/rosidl_typesupport_fastrtps_c/vectornav_msgs/msg/detail/imu_group__type_support_c.cpp.o[0m
[20.257s] [ 61%] [32mBuilding CXX object CMakeFiles/vectornav_msgs__rosidl_typesupport_fastrtps_c.dir/rosidl_typesupport_fastrtps_c/vectornav_msgs/msg/detail/ins_group__type_support_c.cpp.o[0m
[20.399s] [ 62%] [32mBuilding CXX object CMakeFiles/vectornav_msgs__rosidl_typesupport_cpp.dir/rosidl_typesupport_cpp/vectornav_msgs/msg/time_utc__type_support.cpp.o[0m
[20.450s] [ 62%] [32mBuilding CXX object CMakeFiles/vectornav_msgs__rosidl_typesupport_introspection_cpp.dir/rosidl_typesupport_introspection_cpp/vectornav_msgs/msg/detail/ins_status__type_support.cpp.o[0m
[20.495s] [ 63%] [32mBuilding CXX object CMakeFiles/vectornav_msgs__rosidl_typesupport_introspection_cpp.dir/rosidl_typesupport_introspection_cpp/vectornav_msgs/msg/detail/time_group__type_support.cpp.o[0m
[20.739s] [ 64%] [32mBuilding CXX object CMakeFiles/vectornav_msgs__rosidl_typesupport_fastrtps_cpp.dir/rosidl_typesupport_fastrtps_cpp/vectornav_msgs/msg/detail/dds_fastrtps/imu_group__type_support.cpp.o[0m
[21.010s] [ 65%] [32mBuilding CXX object CMakeFiles/vectornav_msgs__rosidl_typesupport_fastrtps_c.dir/rosidl_typesupport_fastrtps_c/vectornav_msgs/msg/detail/ins_status__type_support_c.cpp.o[0m
[21.096s] [ 65%] [32mBuilding CXX object CMakeFiles/vectornav_msgs__rosidl_typesupport_cpp.dir/rosidl_typesupport_cpp/vectornav_msgs/msg/vpe_status__type_support.cpp.o[0m
[21.119s] [ 66%] [32mBuilding CXX object CMakeFiles/vectornav_msgs__rosidl_typesupport_fastrtps_c.dir/rosidl_typesupport_fastrtps_c/vectornav_msgs/msg/detail/time_group__type_support_c.cpp.o[0m
[21.485s] [ 67%] [32mBuilding CXX object CMakeFiles/vectornav_msgs__rosidl_typesupport_introspection_cpp.dir/rosidl_typesupport_introspection_cpp/vectornav_msgs/msg/detail/time_status__type_support.cpp.o[0m
[21.502s] [ 68%] [32mBuilding CXX object CMakeFiles/vectornav_msgs__rosidl_typesupport_introspection_cpp.dir/rosidl_typesupport_introspection_cpp/vectornav_msgs/msg/detail/time_utc__type_support.cpp.o[0m
[21.789s] [ 68%] [32mBuilding CXX object CMakeFiles/vectornav_msgs__rosidl_typesupport_fastrtps_cpp.dir/rosidl_typesupport_fastrtps_cpp/vectornav_msgs/msg/detail/dds_fastrtps/ins_group__type_support.cpp.o[0m
[21.807s] [ 69%] [32mBuilding CXX object CMakeFiles/vectornav_msgs__rosidl_typesupport_cpp.dir/rosidl_typesupport_cpp/vectornav_msgs/action/mag_cal__type_support.cpp.o[0m
[21.892s] [ 69%] [32mBuilding CXX object CMakeFiles/vectornav_msgs__rosidl_typesupport_fastrtps_c.dir/rosidl_typesupport_fastrtps_c/vectornav_msgs/msg/detail/time_status__type_support_c.cpp.o[0m
[21.991s] [ 70%] [32mBuilding CXX object CMakeFiles/vectornav_msgs__rosidl_typesupport_fastrtps_c.dir/rosidl_typesupport_fastrtps_c/vectornav_msgs/msg/detail/time_utc__type_support_c.cpp.o[0m
[22.485s] [ 71%] [32mBuilding CXX object CMakeFiles/vectornav_msgs__rosidl_typesupport_introspection_cpp.dir/rosidl_typesupport_introspection_cpp/vectornav_msgs/msg/detail/vpe_status__type_support.cpp.o[0m
[22.539s] [ 72%] [32mBuilding CXX object CMakeFiles/vectornav_msgs__rosidl_typesupport_introspection_cpp.dir/rosidl_typesupport_introspection_cpp/vectornav_msgs/action/detail/mag_cal__type_support.cpp.o[0m
[22.765s] [ 73%] [32mBuilding CXX object CMakeFiles/vectornav_msgs__rosidl_typesupport_fastrtps_c.dir/rosidl_typesupport_fastrtps_c/vectornav_msgs/msg/detail/vpe_status__type_support_c.cpp.o[0m
[22.832s] [ 74%] [32mBuilding CXX object CMakeFiles/vectornav_msgs__rosidl_typesupport_fastrtps_c.dir/rosidl_typesupport_fastrtps_c/vectornav_msgs/action/detail/mag_cal__type_support_c.cpp.o[0m
[22.848s] [ 75%] [32mBuilding CXX object CMakeFiles/vectornav_msgs__rosidl_typesupport_fastrtps_cpp.dir/rosidl_typesupport_fastrtps_cpp/vectornav_msgs/msg/detail/dds_fastrtps/ins_status__type_support.cpp.o[0m
[23.013s] [ 76%] [32m[1mLinking CXX shared library libvectornav_msgs__rosidl_typesupport_cpp.so[0m
[23.072s] [ 76%] Built target vectornav_msgs__rosidl_typesupport_cpp
[23.079s] [ 77%] [32mBuilding CXX object CMakeFiles/vectornav_msgs__rosidl_typesupport_fastrtps_cpp.dir/rosidl_typesupport_fastrtps_cpp/vectornav_msgs/msg/detail/dds_fastrtps/time_group__type_support.cpp.o[0m
[23.463s] [ 78%] [32mBuilding CXX object CMakeFiles/vectornav_msgs__rosidl_typesupport_fastrtps_cpp.dir/rosidl_typesupport_fastrtps_cpp/vectornav_msgs/msg/detail/dds_fastrtps/time_status__type_support.cpp.o[0m
[23.656s] [ 79%] [32mBuilding CXX object CMakeFiles/vectornav_msgs__rosidl_typesupport_fastrtps_cpp.dir/rosidl_typesupport_fastrtps_cpp/vectornav_msgs/msg/detail/dds_fastrtps/time_utc__type_support.cpp.o[0m
[23.828s] [ 80%] [32m[1mLinking CXX shared library libvectornav_msgs__rosidl_typesupport_fastrtps_c.so[0m
[23.890s] [ 81%] [32mBuilding CXX object CMakeFiles/vectornav_msgs__rosidl_typesupport_fastrtps_cpp.dir/rosidl_typesupport_fastrtps_cpp/vectornav_msgs/msg/detail/dds_fastrtps/vpe_status__type_support.cpp.o[0m
[23.982s] [ 81%] Built target vectornav_msgs__rosidl_typesupport_fastrtps_c
[23.989s] [ 81%] [32mBuilding CXX object CMakeFiles/vectornav_msgs__rosidl_typesupport_fastrtps_cpp.dir/rosidl_typesupport_fastrtps_cpp/vectornav_msgs/action/detail/dds_fastrtps/mag_cal__type_support.cpp.o[0m
[24.208s] [ 82%] [32m[1mLinking CXX shared library libvectornav_msgs__rosidl_typesupport_introspection_cpp.so[0m
[24.341s] [ 82%] Built target vectornav_msgs__rosidl_typesupport_introspection_cpp
[25.352s] [ 83%] [32m[1mLinking CXX shared library libvectornav_msgs__rosidl_typesupport_fastrtps_cpp.so[0m
[25.479s] [ 83%] Built target vectornav_msgs__rosidl_typesupport_fastrtps_cpp
[25.496s] [ 83%] Built target vectornav_msgs
[25.517s] [ 84%] [34m[1mGenerating Python code for ROS interfaces[0m
[31.563s] [ 84%] Built target vectornav_msgs__py
[31.582s] [ 86%] [32mBuilding C object CMakeFiles/vectornav_msgs__rosidl_generator_py.dir/rosidl_generator_py/vectornav_msgs/msg/_attitude_group_s.c.o[0m
[31.582s] [ 86%] [32mBuilding C object CMakeFiles/vectornav_msgs__rosidl_generator_py.dir/rosidl_generator_py/vectornav_msgs/msg/_common_group_s.c.o[0m
[31.582s] [ 86%] [32mBuilding C object CMakeFiles/vectornav_msgs__rosidl_generator_py.dir/rosidl_generator_py/vectornav_msgs/msg/_dop_s.c.o[0m
[31.583s] [ 89%] [32mBuilding C object CMakeFiles/vectornav_msgs__rosidl_generator_py.dir/rosidl_generator_py/vectornav_msgs/msg/_gps_group_s.c.o[0m
[31.583s] [ 89%] [32mBuilding C object CMakeFiles/vectornav_msgs__rosidl_generator_py.dir/rosidl_generator_py/vectornav_msgs/msg/_imu_group_s.c.o[0m
[31.583s] [ 89%] [32mBuilding C object CMakeFiles/vectornav_msgs__rosidl_generator_py.dir/rosidl_generator_py/vectornav_msgs/msg/_ins_group_s.c.o[0m
[31.854s] [ 90%] [32mBuilding C object CMakeFiles/vectornav_msgs__rosidl_generator_py.dir/rosidl_generator_py/vectornav_msgs/msg/_ins_status_s.c.o[0m
[31.858s] [ 91%] [32mBuilding C object CMakeFiles/vectornav_msgs__rosidl_generator_py.dir/rosidl_generator_py/vectornav_msgs/msg/_time_group_s.c.o[0m
[31.864s] [ 92%] [32mBuilding C object CMakeFiles/vectornav_msgs__rosidl_generator_py.dir/rosidl_generator_py/vectornav_msgs/msg/_time_status_s.c.o[0m
[31.864s] [ 92%] [32mBuilding C object CMakeFiles/vectornav_msgs__rosidl_generator_py.dir/rosidl_generator_py/vectornav_msgs/msg/_time_utc_s.c.o[0m
[31.870s] [ 93%] [32mBuilding C object CMakeFiles/vectornav_msgs__rosidl_generator_py.dir/rosidl_generator_py/vectornav_msgs/msg/_vpe_status_s.c.o[0m
[31.876s] [ 94%] [32mBuilding C object CMakeFiles/vectornav_msgs__rosidl_generator_py.dir/rosidl_generator_py/vectornav_msgs/action/_mag_cal_s.c.o[0m
[32.240s] [ 95%] [32m[1mLinking C shared library rosidl_generator_py/vectornav_msgs/libvectornav_msgs__rosidl_generator_py.so[0m
[32.303s] [ 95%] Built target vectornav_msgs__rosidl_generator_py
[32.322s] [ 96%] [32mBuilding C object CMakeFiles/vectornav_msgs__rosidl_typesupport_introspection_c__pyext.dir/rosidl_generator_py/vectornav_msgs/_vectornav_msgs_s.ep.rosidl_typesupport_introspection_c.c.o[0m
[32.322s] [ 97%] [32mBuilding C object CMakeFiles/vectornav_msgs__rosidl_typesupport_c__pyext.dir/rosidl_generator_py/vectornav_msgs/_vectornav_msgs_s.ep.rosidl_typesupport_c.c.o[0m
[32.322s] [ 97%] [32mBuilding C object CMakeFiles/vectornav_msgs__rosidl_typesupport_fastrtps_c__pyext.dir/rosidl_generator_py/vectornav_msgs/_vectornav_msgs_s.ep.rosidl_typesupport_fastrtps_c.c.o[0m
[32.681s] [100%] [32m[1mLinking C shared library rosidl_generator_py/vectornav_msgs/vectornav_msgs_s__rosidl_typesupport_introspection_c.cpython-38-aarch64-linux-gnu.so[0m
[32.681s] [100%] [32m[1mLinking C shared library rosidl_generator_py/vectornav_msgs/vectornav_msgs_s__rosidl_typesupport_fastrtps_c.cpython-38-aarch64-linux-gnu.so[0m
[32.682s] [100%] [32m[1mLinking C shared library rosidl_generator_py/vectornav_msgs/vectornav_msgs_s__rosidl_typesupport_c.cpython-38-aarch64-linux-gnu.so[0m
[32.764s] [100%] Built target vectornav_msgs__rosidl_typesupport_fastrtps_c__pyext
[32.765s] [100%] Built target vectornav_msgs__rosidl_typesupport_c__pyext
[32.765s] [100%] Built target vectornav_msgs__rosidl_typesupport_introspection_c__pyext
[32.787s] Invoked command in '/home/ros2_ws/src/build/vectornav_msgs' returned '0': /usr/local/bin/cmake --build /home/ros2_ws/src/build/vectornav_msgs -- -j6 -l6
[33.298s] Invoking command in '/home/ros2_ws/src/build/vectornav_msgs': /usr/local/bin/cmake --install /home/ros2_ws/src/build/vectornav_msgs
[33.355s] -- Install configuration: ""
[33.356s] -- Installing: /home/ros2_ws/src/install/vectornav_msgs/share/ament_index/resource_index/rosidl_interfaces/vectornav_msgs
[33.356s] -- Installing: /home/ros2_ws/src/install/vectornav_msgs/include/vectornav_msgs/vectornav_msgs
[33.356s] -- Installing: /home/ros2_ws/src/install/vectornav_msgs/include/vectornav_msgs/vectornav_msgs/msg
[33.356s] -- Installing: /home/ros2_ws/src/install/vectornav_msgs/include/vectornav_msgs/vectornav_msgs/msg/detail
[33.357s] -- Installing: /home/ros2_ws/src/install/vectornav_msgs/include/vectornav_msgs/vectornav_msgs/msg/detail/attitude_group__functions.h
[33.357s] -- Installing: /home/ros2_ws/src/install/vectornav_msgs/include/vectornav_msgs/vectornav_msgs/msg/detail/attitude_group__functions.c
[33.357s] -- Installing: /home/ros2_ws/src/install/vectornav_msgs/include/vectornav_msgs/vectornav_msgs/msg/detail/time_utc__type_support.h
[33.357s] -- Installing: /home/ros2_ws/src/install/vectornav_msgs/include/vectornav_msgs/vectornav_msgs/msg/detail/vpe_status__struct.h
[33.357s] -- Installing: /home/ros2_ws/src/install/vectornav_msgs/include/vectornav_msgs/vectornav_msgs/msg/detail/dop__functions.c
[33.358s] -- Installing: /home/ros2_ws/src/install/vectornav_msgs/include/vectornav_msgs/vectornav_msgs/msg/detail/ins_status__struct.h
[33.358s] -- Installing: /home/ros2_ws/src/install/vectornav_msgs/include/vectornav_msgs/vectornav_msgs/msg/detail/time_utc__functions.h
[33.358s] -- Installing: /home/ros2_ws/src/install/vectornav_msgs/include/vectornav_msgs/vectornav_msgs/msg/detail/dop__type_support.h
[33.358s] -- Installing: /home/ros2_ws/src/install/vectornav_msgs/include/vectornav_msgs/vectornav_msgs/msg/detail/time_status__type_support.h
[33.358s] -- Installing: /home/ros2_ws/src/install/vectornav_msgs/include/vectornav_msgs/vectornav_msgs/msg/detail/time_utc__functions.c
[33.359s] -- Installing: /home/ros2_ws/src/install/vectornav_msgs/include/vectornav_msgs/vectornav_msgs/msg/detail/time_status__functions.c
[33.359s] -- Installing: /home/ros2_ws/src/install/vectornav_msgs/include/vectornav_msgs/vectornav_msgs/msg/detail/time_group__functions.h
[33.359s] -- Installing: /home/ros2_ws/src/install/vectornav_msgs/include/vectornav_msgs/vectornav_msgs/msg/detail/ins_group__struct.h
[33.359s] -- Installing: /home/ros2_ws/src/install/vectornav_msgs/include/vectornav_msgs/vectornav_msgs/msg/detail/time_group__functions.c
[33.359s] -- Installing: /home/ros2_ws/src/install/vectornav_msgs/include/vectornav_msgs/vectornav_msgs/msg/detail/attitude_group__type_support.h
[33.360s] -- Installing: /home/ros2_ws/src/install/vectornav_msgs/include/vectornav_msgs/vectornav_msgs/msg/detail/ins_group__type_support.h
[33.360s] -- Installing: /home/ros2_ws/src/install/vectornav_msgs/include/vectornav_msgs/vectornav_msgs/msg/detail/common_group__type_support.h
[33.360s] -- Installing: /home/ros2_ws/src/install/vectornav_msgs/include/vectornav_msgs/vectornav_msgs/msg/detail/attitude_group__struct.h
[33.360s] -- Installing: /home/ros2_ws/src/install/vectornav_msgs/include/vectornav_msgs/vectornav_msgs/msg/detail/time_utc__struct.h
[33.360s] -- Installing: /home/ros2_ws/src/install/vectornav_msgs/include/vectornav_msgs/vectornav_msgs/msg/detail/ins_group__functions.h
[33.361s] -- Installing: /home/ros2_ws/src/install/vectornav_msgs/include/vectornav_msgs/vectornav_msgs/msg/detail/gps_group__functions.h
[33.361s] -- Installing: /home/ros2_ws/src/install/vectornav_msgs/include/vectornav_msgs/vectornav_msgs/msg/detail/imu_group__type_support.h
[33.361s] -- Installing: /home/ros2_ws/src/install/vectornav_msgs/include/vectornav_msgs/vectornav_msgs/msg/detail/ins_status__type_support.h
[33.361s] -- Installing: /home/ros2_ws/src/install/vectornav_msgs/include/vectornav_msgs/vectornav_msgs/msg/detail/ins_status__functions.h
[33.362s] -- Installing: /home/ros2_ws/src/install/vectornav_msgs/include/vectornav_msgs/vectornav_msgs/msg/detail/gps_group__type_support.h
[33.362s] -- Installing: /home/ros2_ws/src/install/vectornav_msgs/include/vectornav_msgs/vectornav_msgs/msg/detail/time_status__functions.h
[33.362s] -- Installing: /home/ros2_ws/src/install/vectornav_msgs/include/vectornav_msgs/vectornav_msgs/msg/detail/gps_group__struct.h
[33.362s] -- Installing: /home/ros2_ws/src/install/vectornav_msgs/include/vectornav_msgs/vectornav_msgs/msg/detail/gps_group__functions.c
[33.362s] -- Installing: /home/ros2_ws/src/install/vectornav_msgs/include/vectornav_msgs/vectornav_msgs/msg/detail/ins_group__functions.c
[33.363s] -- Installing: /home/ros2_ws/src/install/vectornav_msgs/include/vectornav_msgs/vectornav_msgs/msg/detail/imu_group__struct.h
[33.363s] -- Installing: /home/ros2_ws/src/install/vectornav_msgs/include/vectornav_msgs/vectornav_msgs/msg/detail/common_group__functions.c
[33.363s] -- Installing: /home/ros2_ws/src/install/vectornav_msgs/include/vectornav_msgs/vectornav_msgs/msg/detail/vpe_status__functions.h
[33.363s] -- Installing: /home/ros2_ws/src/install/vectornav_msgs/include/vectornav_msgs/vectornav_msgs/msg/detail/vpe_status__functions.c
[33.364s] -- Installing: /home/ros2_ws/src/install/vectornav_msgs/include/vectornav_msgs/vectornav_msgs/msg/detail/imu_group__functions.h
[33.364s] -- Installing: /home/ros2_ws/src/install/vectornav_msgs/include/vectornav_msgs/vectornav_msgs/msg/detail/time_group__type_support.h
[33.364s] -- Installing: /home/ros2_ws/src/install/vectornav_msgs/include/vectornav_msgs/vectornav_msgs/msg/detail/time_group__struct.h
[33.364s] -- Installing: /home/ros2_ws/src/install/vectornav_msgs/include/vectornav_msgs/vectornav_msgs/msg/detail/dop__struct.h
[33.364s] -- Installing: /home/ros2_ws/src/install/vectornav_msgs/include/vectornav_msgs/vectornav_msgs/msg/detail/common_group__struct.h
[33.365s] -- Installing: /home/ros2_ws/src/install/vectornav_msgs/include/vectornav_msgs/vectornav_msgs/msg/detail/dop__functions.h
[33.365s] -- Installing: /home/ros2_ws/src/install/vectornav_msgs/include/vectornav_msgs/vectornav_msgs/msg/detail/ins_status__functions.c
[33.365s] -- Installing: /home/ros2_ws/src/install/vectornav_msgs/include/vectornav_msgs/vectornav_msgs/msg/detail/vpe_status__type_support.h
[33.365s] -- Installing: /home/ros2_ws/src/install/vectornav_msgs/include/vectornav_msgs/vectornav_msgs/msg/detail/imu_group__functions.c
[33.366s] -- Installing: /home/ros2_ws/src/install/vectornav_msgs/include/vectornav_msgs/vectornav_msgs/msg/detail/time_status__struct.h
[33.366s] -- Installing: /home/ros2_ws/src/install/vectornav_msgs/include/vectornav_msgs/vectornav_msgs/msg/detail/common_group__functions.h
[33.366s] -- Installing: /home/ros2_ws/src/install/vectornav_msgs/include/vectornav_msgs/vectornav_msgs/msg/gps_group.h
[33.366s] -- Installing: /home/ros2_ws/src/install/vectornav_msgs/include/vectornav_msgs/vectornav_msgs/msg/rosidl_generator_c__visibility_control.h
[33.367s] -- Installing: /home/ros2_ws/src/install/vectornav_msgs/include/vectornav_msgs/vectornav_msgs/msg/time_status.h
[33.367s] -- Installing: /home/ros2_ws/src/install/vectornav_msgs/include/vectornav_msgs/vectornav_msgs/msg/ins_status.h
[33.367s] -- Installing: /home/ros2_ws/src/install/vectornav_msgs/include/vectornav_msgs/vectornav_msgs/msg/ins_group.h
[33.367s] -- Installing: /home/ros2_ws/src/install/vectornav_msgs/include/vectornav_msgs/vectornav_msgs/msg/imu_group.h
[33.367s] -- Installing: /home/ros2_ws/src/install/vectornav_msgs/include/vectornav_msgs/vectornav_msgs/msg/common_group.h
[33.368s] -- Installing: /home/ros2_ws/src/install/vectornav_msgs/include/vectornav_msgs/vectornav_msgs/msg/attitude_group.h
[33.368s] -- Installing: /home/ros2_ws/src/install/vectornav_msgs/include/vectornav_msgs/vectornav_msgs/msg/time_group.h
[33.368s] -- Installing: /home/ros2_ws/src/install/vectornav_msgs/include/vectornav_msgs/vectornav_msgs/msg/time_utc.h
[33.368s] -- Installing: /home/ros2_ws/src/install/vectornav_msgs/include/vectornav_msgs/vectornav_msgs/msg/vpe_status.h
[33.368s] -- Installing: /home/ros2_ws/src/install/vectornav_msgs/include/vectornav_msgs/vectornav_msgs/msg/dop.h
[33.369s] -- Installing: /home/ros2_ws/src/install/vectornav_msgs/include/vectornav_msgs/vectornav_msgs/action
[33.369s] -- Installing: /home/ros2_ws/src/install/vectornav_msgs/include/vectornav_msgs/vectornav_msgs/action/detail
[33.369s] -- Installing: /home/ros2_ws/src/install/vectornav_msgs/include/vectornav_msgs/vectornav_msgs/action/detail/mag_cal__functions.h
[33.369s] -- Installing: /home/ros2_ws/src/install/vectornav_msgs/include/vectornav_msgs/vectornav_msgs/action/detail/mag_cal__type_support.h
[33.369s] -- Installing: /home/ros2_ws/src/install/vectornav_msgs/include/vectornav_msgs/vectornav_msgs/action/detail/mag_cal__functions.c
[33.370s] -- Installing: /home/ros2_ws/src/install/vectornav_msgs/include/vectornav_msgs/vectornav_msgs/action/detail/mag_cal__struct.h
[33.370s] -- Installing: /home/ros2_ws/src/install/vectornav_msgs/include/vectornav_msgs/vectornav_msgs/action/mag_cal.h
[33.370s] -- Installing: /home/ros2_ws/src/install/vectornav_msgs/share/vectornav_msgs/environment/library_path.sh
[33.371s] -- Installing: /home/ros2_ws/src/install/vectornav_msgs/share/vectornav_msgs/environment/library_path.dsv
[33.371s] -- Installing: /home/ros2_ws/src/install/vectornav_msgs/lib/libvectornav_msgs__rosidl_generator_c.so
[33.372s] -- Set runtime path of "/home/ros2_ws/src/install/vectornav_msgs/lib/libvectornav_msgs__rosidl_generator_c.so" to ""
[33.372s] -- Up-to-date: /home/ros2_ws/src/install/vectornav_msgs/include/vectornav_msgs/vectornav_msgs
[33.372s] -- Up-to-date: /home/ros2_ws/src/install/vectornav_msgs/include/vectornav_msgs/vectornav_msgs/msg
[33.373s] -- Up-to-date: /home/ros2_ws/src/install/vectornav_msgs/include/vectornav_msgs/vectornav_msgs/msg/detail
[33.373s] -- Installing: /home/ros2_ws/src/install/vectornav_msgs/include/vectornav_msgs/vectornav_msgs/msg/detail/imu_group__rosidl_typesupport_fastrtps_c.h
[33.373s] -- Installing: /home/ros2_ws/src/install/vectornav_msgs/include/vectornav_msgs/vectornav_msgs/msg/detail/time_utc__rosidl_typesupport_fastrtps_c.h
[33.373s] -- Installing: /home/ros2_ws/src/install/vectornav_msgs/include/vectornav_msgs/vectornav_msgs/msg/detail/attitude_group__rosidl_typesupport_fastrtps_c.h
[33.373s] -- Installing: /home/ros2_ws/src/install/vectornav_msgs/include/vectornav_msgs/vectornav_msgs/msg/detail/common_group__rosidl_typesupport_fastrtps_c.h
[33.374s] -- Installing: /home/ros2_ws/src/install/vectornav_msgs/include/vectornav_msgs/vectornav_msgs/msg/detail/vpe_status__rosidl_typesupport_fastrtps_c.h
[33.374s] -- Installing: /home/ros2_ws/src/install/vectornav_msgs/include/vectornav_msgs/vectornav_msgs/msg/detail/ins_status__rosidl_typesupport_fastrtps_c.h
[33.374s] -- Installing: /home/ros2_ws/src/install/vectornav_msgs/include/vectornav_msgs/vectornav_msgs/msg/detail/time_status__rosidl_typesupport_fastrtps_c.h
[33.374s] -- Installing: /home/ros2_ws/src/install/vectornav_msgs/include/vectornav_msgs/vectornav_msgs/msg/detail/ins_group__rosidl_typesupport_fastrtps_c.h
[33.374s] -- Installing: /home/ros2_ws/src/install/vectornav_msgs/include/vectornav_msgs/vectornav_msgs/msg/detail/gps_group__rosidl_typesupport_fastrtps_c.h
[33.375s] -- Installing: /home/ros2_ws/src/install/vectornav_msgs/include/vectornav_msgs/vectornav_msgs/msg/detail/time_group__rosidl_typesupport_fastrtps_c.h
[33.375s] -- Installing: /home/ros2_ws/src/install/vectornav_msgs/include/vectornav_msgs/vectornav_msgs/msg/detail/dop__rosidl_typesupport_fastrtps_c.h
[33.375s] -- Installing: /home/ros2_ws/src/install/vectornav_msgs/include/vectornav_msgs/vectornav_msgs/msg/rosidl_typesupport_fastrtps_c__visibility_control.h
[33.375s] -- Up-to-date: /home/ros2_ws/src/install/vectornav_msgs/include/vectornav_msgs/vectornav_msgs/action
[33.375s] -- Up-to-date: /home/ros2_ws/src/install/vectornav_msgs/include/vectornav_msgs/vectornav_msgs/action/detail
[33.375s] -- Installing: /home/ros2_ws/src/install/vectornav_msgs/include/vectornav_msgs/vectornav_msgs/action/detail/mag_cal__rosidl_typesupport_fastrtps_c.h
[33.376s] -- Installing: /home/ros2_ws/src/install/vectornav_msgs/lib/libvectornav_msgs__rosidl_typesupport_fastrtps_c.so
[33.376s] -- Set runtime path of "/home/ros2_ws/src/install/vectornav_msgs/lib/libvectornav_msgs__rosidl_typesupport_fastrtps_c.so" to ""
[33.377s] -- Up-to-date: /home/ros2_ws/src/install/vectornav_msgs/include/vectornav_msgs/vectornav_msgs
[33.377s] -- Up-to-date: /home/ros2_ws/src/install/vectornav_msgs/include/vectornav_msgs/vectornav_msgs/msg
[33.377s] -- Up-to-date: /home/ros2_ws/src/install/vectornav_msgs/include/vectornav_msgs/vectornav_msgs/msg/detail
[33.378s] -- Installing: /home/ros2_ws/src/install/vectornav_msgs/include/vectornav_msgs/vectornav_msgs/msg/detail/common_group__struct.hpp
[33.378s] -- Installing: /home/ros2_ws/src/install/vectornav_msgs/include/vectornav_msgs/vectornav_msgs/msg/detail/ins_group__traits.hpp
[33.378s] -- Installing: /home/ros2_ws/src/install/vectornav_msgs/include/vectornav_msgs/vectornav_msgs/msg/detail/ins_status__builder.hpp
[33.378s] -- Installing: /home/ros2_ws/src/install/vectornav_msgs/include/vectornav_msgs/vectornav_msgs/msg/detail/imu_group__traits.hpp
[33.378s] -- Installing: /home/ros2_ws/src/install/vectornav_msgs/include/vectornav_msgs/vectornav_msgs/msg/detail/time_status__builder.hpp
[33.379s] -- Installing: /home/ros2_ws/src/install/vectornav_msgs/include/vectornav_msgs/vectornav_msgs/msg/detail/dop__traits.hpp
[33.379s] -- Installing: /home/ros2_ws/src/install/vectornav_msgs/include/vectornav_msgs/vectornav_msgs/msg/detail/time_status__traits.hpp
[33.379s] -- Installing: /home/ros2_ws/src/install/vectornav_msgs/include/vectornav_msgs/vectornav_msgs/msg/detail/attitude_group__struct.hpp
[33.379s] -- Installing: /home/ros2_ws/src/install/vectornav_msgs/include/vectornav_msgs/vectornav_msgs/msg/detail/gps_group__struct.hpp
[33.379s] -- Installing: /home/ros2_ws/src/install/vectornav_msgs/include/vectornav_msgs/vectornav_msgs/msg/detail/time_utc__traits.hpp
[33.379s] -- Installing: /home/ros2_ws/src/install/vectornav_msgs/include/vectornav_msgs/vectornav_msgs/msg/detail/time_group__struct.hpp
[33.379s] -- Installing: /home/ros2_ws/src/install/vectornav_msgs/include/vectornav_msgs/vectornav_msgs/msg/detail/dop__builder.hpp
[33.380s] -- Installing: /home/ros2_ws/src/install/vectornav_msgs/include/vectornav_msgs/vectornav_msgs/msg/detail/gps_group__traits.hpp
[33.380s] -- Installing: /home/ros2_ws/src/install/vectornav_msgs/include/vectornav_msgs/vectornav_msgs/msg/detail/vpe_status__traits.hpp
[33.380s] -- Installing: /home/ros2_ws/src/install/vectornav_msgs/include/vectornav_msgs/vectornav_msgs/msg/detail/time_utc__struct.hpp
[33.380s] -- Installing: /home/ros2_ws/src/install/vectornav_msgs/include/vectornav_msgs/vectornav_msgs/msg/detail/attitude_group__builder.hpp
[33.380s] -- Installing: /home/ros2_ws/src/install/vectornav_msgs/include/vectornav_msgs/vectornav_msgs/msg/detail/imu_group__struct.hpp
[33.381s] -- Installing: /home/ros2_ws/src/install/vectornav_msgs/include/vectornav_msgs/vectornav_msgs/msg/detail/dop__struct.hpp
[33.381s] -- Installing: /home/ros2_ws/src/install/vectornav_msgs/include/vectornav_msgs/vectornav_msgs/msg/detail/time_utc__builder.hpp
[33.381s] -- Installing: /home/ros2_ws/src/install/vectornav_msgs/include/vectornav_msgs/vectornav_msgs/msg/detail/ins_status__traits.hpp
[33.381s] -- Installing: /home/ros2_ws/src/install/vectornav_msgs/include/vectornav_msgs/vectornav_msgs/msg/detail/vpe_status__builder.hpp
[33.382s] -- Installing: /home/ros2_ws/src/install/vectornav_msgs/include/vectornav_msgs/vectornav_msgs/msg/detail/common_group__builder.hpp
[33.382s] -- Installing: /home/ros2_ws/src/install/vectornav_msgs/include/vectornav_msgs/vectornav_msgs/msg/detail/ins_group__struct.hpp
[33.382s] -- Installing: /home/ros2_ws/src/install/vectornav_msgs/include/vectornav_msgs/vectornav_msgs/msg/detail/vpe_status__struct.hpp
[33.382s] -- Installing: /home/ros2_ws/src/install/vectornav_msgs/include/vectornav_msgs/vectornav_msgs/msg/detail/time_status__struct.hpp
[33.383s] -- Installing: /home/ros2_ws/src/install/vectornav_msgs/include/vectornav_msgs/vectornav_msgs/msg/detail/ins_group__builder.hpp
[33.383s] -- Installing: /home/ros2_ws/src/install/vectornav_msgs/include/vectornav_msgs/vectornav_msgs/msg/detail/attitude_group__traits.hpp
[33.383s] -- Installing: /home/ros2_ws/src/install/vectornav_msgs/include/vectornav_msgs/vectornav_msgs/msg/detail/common_group__traits.hpp
[33.383s] -- Installing: /home/ros2_ws/src/install/vectornav_msgs/include/vectornav_msgs/vectornav_msgs/msg/detail/gps_group__builder.hpp
[33.384s] -- Installing: /home/ros2_ws/src/install/vectornav_msgs/include/vectornav_msgs/vectornav_msgs/msg/detail/time_group__builder.hpp
[33.384s] -- Installing: /home/ros2_ws/src/install/vectornav_msgs/include/vectornav_msgs/vectornav_msgs/msg/detail/ins_status__struct.hpp
[33.384s] -- Installing: /home/ros2_ws/src/install/vectornav_msgs/include/vectornav_msgs/vectornav_msgs/msg/detail/imu_group__builder.hpp
[33.384s] -- Installing: /home/ros2_ws/src/install/vectornav_msgs/include/vectornav_msgs/vectornav_msgs/msg/detail/time_group__traits.hpp
[33.384s] -- Installing: /home/ros2_ws/src/install/vectornav_msgs/include/vectornav_msgs/vectornav_msgs/msg/ins_status.hpp
[33.385s] -- Installing: /home/ros2_ws/src/install/vectornav_msgs/include/vectornav_msgs/vectornav_msgs/msg/time_group.hpp
[33.385s] -- Installing: /home/ros2_ws/src/install/vectornav_msgs/include/vectornav_msgs/vectornav_msgs/msg/imu_group.hpp
[33.385s] -- Installing: /home/ros2_ws/src/install/vectornav_msgs/include/vectornav_msgs/vectornav_msgs/msg/dop.hpp
[33.385s] -- Installing: /home/ros2_ws/src/install/vectornav_msgs/include/vectornav_msgs/vectornav_msgs/msg/common_group.hpp
[33.385s] -- Installing: /home/ros2_ws/src/install/vectornav_msgs/include/vectornav_msgs/vectornav_msgs/msg/ins_group.hpp
[33.386s] -- Installing: /home/ros2_ws/src/install/vectornav_msgs/include/vectornav_msgs/vectornav_msgs/msg/time_status.hpp
[33.386s] -- Installing: /home/ros2_ws/src/install/vectornav_msgs/include/vectornav_msgs/vectornav_msgs/msg/gps_group.hpp
[33.386s] -- Installing: /home/ros2_ws/src/install/vectornav_msgs/include/vectornav_msgs/vectornav_msgs/msg/vpe_status.hpp
[33.386s] -- Installing: /home/ros2_ws/src/install/vectornav_msgs/include/vectornav_msgs/vectornav_msgs/msg/attitude_group.hpp
[33.387s] -- Installing: /home/ros2_ws/src/install/vectornav_msgs/include/vectornav_msgs/vectornav_msgs/msg/time_utc.hpp
[33.387s] -- Up-to-date: /home/ros2_ws/src/install/vectornav_msgs/include/vectornav_msgs/vectornav_msgs/action
[33.387s] -- Up-to-date: /home/ros2_ws/src/install/vectornav_msgs/include/vectornav_msgs/vectornav_msgs/action/detail
[33.387s] -- Installing: /home/ros2_ws/src/install/vectornav_msgs/include/vectornav_msgs/vectornav_msgs/action/detail/mag_cal__builder.hpp
[33.387s] -- Installing: /home/ros2_ws/src/install/vectornav_msgs/include/vectornav_msgs/vectornav_msgs/action/detail/mag_cal__traits.hpp
[33.387s] -- Installing: /home/ros2_ws/src/install/vectornav_msgs/include/vectornav_msgs/vectornav_msgs/action/detail/mag_cal__struct.hpp
[33.388s] -- Installing: /home/ros2_ws/src/install/vectornav_msgs/include/vectornav_msgs/vectornav_msgs/action/mag_cal.hpp
[33.388s] -- Up-to-date: /home/ros2_ws/src/install/vectornav_msgs/include/vectornav_msgs/vectornav_msgs
[33.388s] -- Up-to-date: /home/ros2_ws/src/install/vectornav_msgs/include/vectornav_msgs/vectornav_msgs/msg
[33.388s] -- Up-to-date: /home/ros2_ws/src/install/vectornav_msgs/include/vectornav_msgs/vectornav_msgs/msg/detail
[33.388s] -- Installing: /home/ros2_ws/src/install/vectornav_msgs/include/vectornav_msgs/vectornav_msgs/msg/detail/ins_status__rosidl_typesupport_fastrtps_cpp.hpp
[33.389s] -- Installing: /home/ros2_ws/src/install/vectornav_msgs/include/vectornav_msgs/vectornav_msgs/msg/detail/time_utc__rosidl_typesupport_fastrtps_cpp.hpp
[33.389s] -- Installing: /home/ros2_ws/src/install/vectornav_msgs/include/vectornav_msgs/vectornav_msgs/msg/detail/time_status__rosidl_typesupport_fastrtps_cpp.hpp
[33.389s] -- Installing: /home/ros2_ws/src/install/vectornav_msgs/include/vectornav_msgs/vectornav_msgs/msg/detail/common_group__rosidl_typesupport_fastrtps_cpp.hpp
[33.389s] -- Installing: /home/ros2_ws/src/install/vectornav_msgs/include/vectornav_msgs/vectornav_msgs/msg/detail/gps_group__rosidl_typesupport_fastrtps_cpp.hpp
[33.389s] -- Installing: /home/ros2_ws/src/install/vectornav_msgs/include/vectornav_msgs/vectornav_msgs/msg/detail/ins_group__rosidl_typesupport_fastrtps_cpp.hpp
[33.390s] -- Installing: /home/ros2_ws/src/install/vectornav_msgs/include/vectornav_msgs/vectornav_msgs/msg/detail/attitude_group__rosidl_typesupport_fastrtps_cpp.hpp
[33.390s] -- Installing: /home/ros2_ws/src/install/vectornav_msgs/include/vectornav_msgs/vectornav_msgs/msg/detail/dop__rosidl_typesupport_fastrtps_cpp.hpp
[33.390s] -- Installing: /home/ros2_ws/src/install/vectornav_msgs/include/vectornav_msgs/vectornav_msgs/msg/detail/dds_fastrtps
[33.390s] -- Installing: /home/ros2_ws/src/install/vectornav_msgs/include/vectornav_msgs/vectornav_msgs/msg/detail/time_group__rosidl_typesupport_fastrtps_cpp.hpp
[33.390s] -- Installing: /home/ros2_ws/src/install/vectornav_msgs/include/vectornav_msgs/vectornav_msgs/msg/detail/imu_group__rosidl_typesupport_fastrtps_cpp.hpp
[33.391s] -- Installing: /home/ros2_ws/src/install/vectornav_msgs/include/vectornav_msgs/vectornav_msgs/msg/detail/vpe_status__rosidl_typesupport_fastrtps_cpp.hpp
[33.391s] -- Installing: /home/ros2_ws/src/install/vectornav_msgs/include/vectornav_msgs/vectornav_msgs/msg/rosidl_typesupport_fastrtps_cpp__visibility_control.h
[33.391s] -- Up-to-date: /home/ros2_ws/src/install/vectornav_msgs/include/vectornav_msgs/vectornav_msgs/action
[33.391s] -- Up-to-date: /home/ros2_ws/src/install/vectornav_msgs/include/vectornav_msgs/vectornav_msgs/action/detail
[33.392s] -- Installing: /home/ros2_ws/src/install/vectornav_msgs/include/vectornav_msgs/vectornav_msgs/action/detail/mag_cal__rosidl_typesupport_fastrtps_cpp.hpp
[33.392s] -- Installing: /home/ros2_ws/src/install/vectornav_msgs/include/vectornav_msgs/vectornav_msgs/action/detail/dds_fastrtps
[33.392s] -- Installing: /home/ros2_ws/src/install/vectornav_msgs/lib/libvectornav_msgs__rosidl_typesupport_fastrtps_cpp.so
[33.393s] -- Set runtime path of "/home/ros2_ws/src/install/vectornav_msgs/lib/libvectornav_msgs__rosidl_typesupport_fastrtps_cpp.so" to ""
[33.393s] -- Up-to-date: /home/ros2_ws/src/install/vectornav_msgs/include/vectornav_msgs/vectornav_msgs
[33.393s] -- Up-to-date: /home/ros2_ws/src/install/vectornav_msgs/include/vectornav_msgs/vectornav_msgs/msg
[33.393s] -- Up-to-date: /home/ros2_ws/src/install/vectornav_msgs/include/vectornav_msgs/vectornav_msgs/msg/detail
[33.393s] -- Installing: /home/ros2_ws/src/install/vectornav_msgs/include/vectornav_msgs/vectornav_msgs/msg/detail/time_group__type_support.c
[33.394s] -- Installing: /home/ros2_ws/src/install/vectornav_msgs/include/vectornav_msgs/vectornav_msgs/msg/detail/time_status__type_support.c
[33.394s] -- Installing: /home/ros2_ws/src/install/vectornav_msgs/include/vectornav_msgs/vectornav_msgs/msg/detail/dop__type_support.c
[33.394s] -- Installing: /home/ros2_ws/src/install/vectornav_msgs/include/vectornav_msgs/vectornav_msgs/msg/detail/gps_group__rosidl_typesupport_introspection_c.h
[33.394s] -- Installing: /home/ros2_ws/src/install/vectornav_msgs/include/vectornav_msgs/vectornav_msgs/msg/detail/gps_group__type_support.c
[33.394s] -- Installing: /home/ros2_ws/src/install/vectornav_msgs/include/vectornav_msgs/vectornav_msgs/msg/detail/vpe_status__type_support.c
[33.395s] -- Installing: /home/ros2_ws/src/install/vectornav_msgs/include/vectornav_msgs/vectornav_msgs/msg/detail/common_group__rosidl_typesupport_introspection_c.h
[33.395s] -- Installing: /home/ros2_ws/src/install/vectornav_msgs/include/vectornav_msgs/vectornav_msgs/msg/detail/dop__rosidl_typesupport_introspection_c.h
[33.395s] -- Installing: /home/ros2_ws/src/install/vectornav_msgs/include/vectornav_msgs/vectornav_msgs/msg/detail/imu_group__rosidl_typesupport_introspection_c.h
[33.395s] -- Installing: /home/ros2_ws/src/install/vectornav_msgs/include/vectornav_msgs/vectornav_msgs/msg/detail/attitude_group__rosidl_typesupport_introspection_c.h
[33.396s] -- Installing: /home/ros2_ws/src/install/vectornav_msgs/include/vectornav_msgs/vectornav_msgs/msg/detail/ins_status__type_support.c
[33.396s] -- Installing: /home/ros2_ws/src/install/vectornav_msgs/include/vectornav_msgs/vectornav_msgs/msg/detail/attitude_group__type_support.c
[33.396s] -- Installing: /home/ros2_ws/src/install/vectornav_msgs/include/vectornav_msgs/vectornav_msgs/msg/detail/ins_group__type_support.c
[33.396s] -- Installing: /home/ros2_ws/src/install/vectornav_msgs/include/vectornav_msgs/vectornav_msgs/msg/detail/common_group__type_support.c
[33.397s] -- Installing: /home/ros2_ws/src/install/vectornav_msgs/include/vectornav_msgs/vectornav_msgs/msg/detail/imu_group__type_support.c
[33.397s] -- Installing: /home/ros2_ws/src/install/vectornav_msgs/include/vectornav_msgs/vectornav_msgs/msg/detail/ins_status__rosidl_typesupport_introspection_c.h
[33.397s] -- Installing: /home/ros2_ws/src/install/vectornav_msgs/include/vectornav_msgs/vectornav_msgs/msg/detail/time_group__rosidl_typesupport_introspection_c.h
[33.397s] -- Installing: /home/ros2_ws/src/install/vectornav_msgs/include/vectornav_msgs/vectornav_msgs/msg/detail/vpe_status__rosidl_typesupport_introspection_c.h
[33.398s] -- Installing: /home/ros2_ws/src/install/vectornav_msgs/include/vectornav_msgs/vectornav_msgs/msg/detail/ins_group__rosidl_typesupport_introspection_c.h
[33.398s] -- Installing: /home/ros2_ws/src/install/vectornav_msgs/include/vectornav_msgs/vectornav_msgs/msg/detail/time_utc__type_support.c
[33.398s] -- Installing: /home/ros2_ws/src/install/vectornav_msgs/include/vectornav_msgs/vectornav_msgs/msg/detail/time_utc__rosidl_typesupport_introspection_c.h
[33.398s] -- Installing: /home/ros2_ws/src/install/vectornav_msgs/include/vectornav_msgs/vectornav_msgs/msg/detail/time_status__rosidl_typesupport_introspection_c.h
[33.399s] -- Installing: /home/ros2_ws/src/install/vectornav_msgs/include/vectornav_msgs/vectornav_msgs/msg/rosidl_typesupport_introspection_c__visibility_control.h
[33.399s] -- Up-to-date: /home/ros2_ws/src/install/vectornav_msgs/include/vectornav_msgs/vectornav_msgs/action
[33.399s] -- Up-to-date: /home/ros2_ws/src/install/vectornav_msgs/include/vectornav_msgs/vectornav_msgs/action/detail
[33.399s] -- Installing: /home/ros2_ws/src/install/vectornav_msgs/include/vectornav_msgs/vectornav_msgs/action/detail/mag_cal__type_support.c
[33.399s] -- Installing: /home/ros2_ws/src/install/vectornav_msgs/include/vectornav_msgs/vectornav_msgs/action/detail/mag_cal__rosidl_typesupport_introspection_c.h
[33.400s] -- Installing: /home/ros2_ws/src/install/vectornav_msgs/lib/libvectornav_msgs__rosidl_typesupport_introspection_c.so
[33.400s] -- Set runtime path of "/home/ros2_ws/src/install/vectornav_msgs/lib/libvectornav_msgs__rosidl_typesupport_introspection_c.so" to ""
[33.400s] -- Installing: /home/ros2_ws/src/install/vectornav_msgs/lib/libvectornav_msgs__rosidl_typesupport_c.so
[33.401s] -- Set runtime path of "/home/ros2_ws/src/install/vectornav_msgs/lib/libvectornav_msgs__rosidl_typesupport_c.so" to ""
[33.402s] -- Up-to-date: /home/ros2_ws/src/install/vectornav_msgs/include/vectornav_msgs/vectornav_msgs
[33.402s] -- Up-to-date: /home/ros2_ws/src/install/vectornav_msgs/include/vectornav_msgs/vectornav_msgs/msg
[33.402s] -- Up-to-date: /home/ros2_ws/src/install/vectornav_msgs/include/vectornav_msgs/vectornav_msgs/msg/detail
[33.402s] -- Installing: /home/ros2_ws/src/install/vectornav_msgs/include/vectornav_msgs/vectornav_msgs/msg/detail/time_status__rosidl_typesupport_introspection_cpp.hpp
[33.402s] -- Installing: /home/ros2_ws/src/install/vectornav_msgs/include/vectornav_msgs/vectornav_msgs/msg/detail/ins_status__type_support.cpp
[33.402s] -- Installing: /home/ros2_ws/src/install/vectornav_msgs/include/vectornav_msgs/vectornav_msgs/msg/detail/common_group__type_support.cpp
[33.403s] -- Installing: /home/ros2_ws/src/install/vectornav_msgs/include/vectornav_msgs/vectornav_msgs/msg/detail/attitude_group__type_support.cpp
[33.403s] -- Installing: /home/ros2_ws/src/install/vectornav_msgs/include/vectornav_msgs/vectornav_msgs/msg/detail/time_utc__rosidl_typesupport_introspection_cpp.hpp
[33.403s] -- Installing: /home/ros2_ws/src/install/vectornav_msgs/include/vectornav_msgs/vectornav_msgs/msg/detail/ins_status__rosidl_typesupport_introspection_cpp.hpp
[33.403s] -- Installing: /home/ros2_ws/src/install/vectornav_msgs/include/vectornav_msgs/vectornav_msgs/msg/detail/ins_group__rosidl_typesupport_introspection_cpp.hpp
[33.404s] -- Installing: /home/ros2_ws/src/install/vectornav_msgs/include/vectornav_msgs/vectornav_msgs/msg/detail/dop__rosidl_typesupport_introspection_cpp.hpp
[33.404s] -- Installing: /home/ros2_ws/src/install/vectornav_msgs/include/vectornav_msgs/vectornav_msgs/msg/detail/vpe_status__rosidl_typesupport_introspection_cpp.hpp
[33.404s] -- Installing: /home/ros2_ws/src/install/vectornav_msgs/include/vectornav_msgs/vectornav_msgs/msg/detail/gps_group__type_support.cpp
[33.404s] -- Installing: /home/ros2_ws/src/install/vectornav_msgs/include/vectornav_msgs/vectornav_msgs/msg/detail/time_group__type_support.cpp
[33.405s] -- Installing: /home/ros2_ws/src/install/vectornav_msgs/include/vectornav_msgs/vectornav_msgs/msg/detail/time_utc__type_support.cpp
[33.405s] -- Installing: /home/ros2_ws/src/install/vectornav_msgs/include/vectornav_msgs/vectornav_msgs/msg/detail/time_group__rosidl_typesupport_introspection_cpp.hpp
[33.405s] -- Installing: /home/ros2_ws/src/install/vectornav_msgs/include/vectornav_msgs/vectornav_msgs/msg/detail/imu_group__rosidl_typesupport_introspection_cpp.hpp
[33.405s] -- Installing: /home/ros2_ws/src/install/vectornav_msgs/include/vectornav_msgs/vectornav_msgs/msg/detail/attitude_group__rosidl_typesupport_introspection_cpp.hpp
[33.406s] -- Installing: /home/ros2_ws/src/install/vectornav_msgs/include/vectornav_msgs/vectornav_msgs/msg/detail/gps_group__rosidl_typesupport_introspection_cpp.hpp
[33.406s] -- Installing: /home/ros2_ws/src/install/vectornav_msgs/include/vectornav_msgs/vectornav_msgs/msg/detail/vpe_status__type_support.cpp
[33.406s] -- Installing: /home/ros2_ws/src/install/vectornav_msgs/include/vectornav_msgs/vectornav_msgs/msg/detail/imu_group__type_support.cpp
[33.406s] -- Installing: /home/ros2_ws/src/install/vectornav_msgs/include/vectornav_msgs/vectornav_msgs/msg/detail/ins_group__type_support.cpp
[33.406s] -- Installing: /home/ros2_ws/src/install/vectornav_msgs/include/vectornav_msgs/vectornav_msgs/msg/detail/common_group__rosidl_typesupport_introspection_cpp.hpp
[33.407s] -- Installing: /home/ros2_ws/src/install/vectornav_msgs/include/vectornav_msgs/vectornav_msgs/msg/detail/dop__type_support.cpp
[33.407s] -- Installing: /home/ros2_ws/src/install/vectornav_msgs/include/vectornav_msgs/vectornav_msgs/msg/detail/time_status__type_support.cpp
[33.407s] -- Up-to-date: /home/ros2_ws/src/install/vectornav_msgs/include/vectornav_msgs/vectornav_msgs/action
[33.407s] -- Up-to-date: /home/ros2_ws/src/install/vectornav_msgs/include/vectornav_msgs/vectornav_msgs/action/detail
[33.407s] -- Installing: /home/ros2_ws/src/install/vectornav_msgs/include/vectornav_msgs/vectornav_msgs/action/detail/mag_cal__rosidl_typesupport_introspection_cpp.hpp
[33.408s] -- Installing: /home/ros2_ws/src/install/vectornav_msgs/include/vectornav_msgs/vectornav_msgs/action/detail/mag_cal__type_support.cpp
[33.408s] -- Installing: /home/ros2_ws/src/install/vectornav_msgs/lib/libvectornav_msgs__rosidl_typesupport_introspection_cpp.so
[33.409s] -- Set runtime path of "/home/ros2_ws/src/install/vectornav_msgs/lib/libvectornav_msgs__rosidl_typesupport_introspection_cpp.so" to ""
[33.409s] -- Installing: /home/ros2_ws/src/install/vectornav_msgs/lib/libvectornav_msgs__rosidl_typesupport_cpp.so
[33.410s] -- Set runtime path of "/home/ros2_ws/src/install/vectornav_msgs/lib/libvectornav_msgs__rosidl_typesupport_cpp.so" to ""
[33.410s] -- Installing: /home/ros2_ws/src/install/vectornav_msgs/share/vectornav_msgs/environment/pythonpath.sh
[33.410s] -- Installing: /home/ros2_ws/src/install/vectornav_msgs/share/vectornav_msgs/environment/pythonpath.dsv
[33.411s] -- Installing: /home/ros2_ws/src/install/vectornav_msgs/lib/python3.8/site-packages/vectornav_msgs-3.0.0-py3.8.egg-info
[33.411s] -- Installing: /home/ros2_ws/src/install/vectornav_msgs/lib/python3.8/site-packages/vectornav_msgs-3.0.0-py3.8.egg-info/PKG-INFO
[33.411s] -- Installing: /home/ros2_ws/src/install/vectornav_msgs/lib/python3.8/site-packages/vectornav_msgs-3.0.0-py3.8.egg-info/top_level.txt
[33.411s] -- Installing: /home/ros2_ws/src/install/vectornav_msgs/lib/python3.8/site-packages/vectornav_msgs-3.0.0-py3.8.egg-info/dependency_links.txt
[33.411s] -- Installing: /home/ros2_ws/src/install/vectornav_msgs/lib/python3.8/site-packages/vectornav_msgs-3.0.0-py3.8.egg-info/SOURCES.txt
[33.412s] -- Installing: /home/ros2_ws/src/install/vectornav_msgs/lib/python3.8/site-packages/vectornav_msgs
[33.412s] -- Installing: /home/ros2_ws/src/install/vectornav_msgs/lib/python3.8/site-packages/vectornav_msgs/_vectornav_msgs_s.ep.rosidl_typesupport_introspection_c.c
[33.412s] -- Installing: /home/ros2_ws/src/install/vectornav_msgs/lib/python3.8/site-packages/vectornav_msgs/vectornav_msgs_s__rosidl_typesupport_fastrtps_c.cpython-38-aarch64-linux-gnu.so
[33.413s] -- Installing: /home/ros2_ws/src/install/vectornav_msgs/lib/python3.8/site-packages/vectornav_msgs/msg
[33.413s] -- Installing: /home/ros2_ws/src/install/vectornav_msgs/lib/python3.8/site-packages/vectornav_msgs/msg/_common_group.py
[33.413s] -- Installing: /home/ros2_ws/src/install/vectornav_msgs/lib/python3.8/site-packages/vectornav_msgs/msg/_time_utc_s.c
[33.413s] -- Installing: /home/ros2_ws/src/install/vectornav_msgs/lib/python3.8/site-packages/vectornav_msgs/msg/_dop.py
[33.414s] -- Installing: /home/ros2_ws/src/install/vectornav_msgs/lib/python3.8/site-packages/vectornav_msgs/msg/_ins_status.py
[33.414s] -- Installing: /home/ros2_ws/src/install/vectornav_msgs/lib/python3.8/site-packages/vectornav_msgs/msg/_time_status.py
[33.414s] -- Installing: /home/ros2_ws/src/install/vectornav_msgs/lib/python3.8/site-packages/vectornav_msgs/msg/_gps_group_s.c
[33.414s] -- Installing: /home/ros2_ws/src/install/vectornav_msgs/lib/python3.8/site-packages/vectornav_msgs/msg/_imu_group.py
[33.415s] -- Installing: /home/ros2_ws/src/install/vectornav_msgs/lib/python3.8/site-packages/vectornav_msgs/msg/_dop_s.c
[33.415s] -- Installing: /home/ros2_ws/src/install/vectornav_msgs/lib/python3.8/site-packages/vectornav_msgs/msg/_ins_group.py
[33.415s] -- Installing: /home/ros2_ws/src/install/vectornav_msgs/lib/python3.8/site-packages/vectornav_msgs/msg/_attitude_group_s.c
[33.415s] -- Installing: /home/ros2_ws/src/install/vectornav_msgs/lib/python3.8/site-packages/vectornav_msgs/msg/_gps_group.py
[33.416s] -- Installing: /home/ros2_ws/src/install/vectornav_msgs/lib/python3.8/site-packages/vectornav_msgs/msg/_ins_group_s.c
[33.416s] -- Installing: /home/ros2_ws/src/install/vectornav_msgs/lib/python3.8/site-packages/vectornav_msgs/msg/_vpe_status_s.c
[33.416s] -- Installing: /home/ros2_ws/src/install/vectornav_msgs/lib/python3.8/site-packages/vectornav_msgs/msg/_imu_group_s.c
[33.416s] -- Installing: /home/ros2_ws/src/install/vectornav_msgs/lib/python3.8/site-packages/vectornav_msgs/msg/__init__.py
[33.416s] -- Installing: /home/ros2_ws/src/install/vectornav_msgs/lib/python3.8/site-packages/vectornav_msgs/msg/_time_status_s.c
[33.417s] -- Installing: /home/ros2_ws/src/install/vectornav_msgs/lib/python3.8/site-packages/vectornav_msgs/msg/_attitude_group.py
[33.417s] -- Installing: /home/ros2_ws/src/install/vectornav_msgs/lib/python3.8/site-packages/vectornav_msgs/msg/_ins_status_s.c
[33.417s] -- Installing: /home/ros2_ws/src/install/vectornav_msgs/lib/python3.8/site-packages/vectornav_msgs/msg/_common_group_s.c
[33.417s] -- Installing: /home/ros2_ws/src/install/vectornav_msgs/lib/python3.8/site-packages/vectornav_msgs/msg/_time_group.py
[33.418s] -- Installing: /home/ros2_ws/src/install/vectornav_msgs/lib/python3.8/site-packages/vectornav_msgs/msg/_vpe_status.py
[33.418s] -- Installing: /home/ros2_ws/src/install/vectornav_msgs/lib/python3.8/site-packages/vectornav_msgs/msg/_time_group_s.c
[33.418s] -- Installing: /home/ros2_ws/src/install/vectornav_msgs/lib/python3.8/site-packages/vectornav_msgs/msg/_time_utc.py
[33.418s] -- Installing: /home/ros2_ws/src/install/vectornav_msgs/lib/python3.8/site-packages/vectornav_msgs/vectornav_msgs_s__rosidl_typesupport_introspection_c.cpython-38-aarch64-linux-gnu.so
[33.419s] -- Installing: /home/ros2_ws/src/install/vectornav_msgs/lib/python3.8/site-packages/vectornav_msgs/libvectornav_msgs__rosidl_generator_py.so
[33.419s] -- Installing: /home/ros2_ws/src/install/vectornav_msgs/lib/python3.8/site-packages/vectornav_msgs/__init__.py
[33.419s] -- Installing: /home/ros2_ws/src/install/vectornav_msgs/lib/python3.8/site-packages/vectornav_msgs/action
[33.419s] -- Installing: /home/ros2_ws/src/install/vectornav_msgs/lib/python3.8/site-packages/vectornav_msgs/action/_mag_cal.py
[33.420s] -- Installing: /home/ros2_ws/src/install/vectornav_msgs/lib/python3.8/site-packages/vectornav_msgs/action/_mag_cal_s.c
[33.420s] -- Installing: /home/ros2_ws/src/install/vectornav_msgs/lib/python3.8/site-packages/vectornav_msgs/action/__init__.py
[33.420s] -- Installing: /home/ros2_ws/src/install/vectornav_msgs/lib/python3.8/site-packages/vectornav_msgs/vectornav_msgs_s__rosidl_typesupport_c.cpython-38-aarch64-linux-gnu.so
[33.421s] -- Installing: /home/ros2_ws/src/install/vectornav_msgs/lib/python3.8/site-packages/vectornav_msgs/_vectornav_msgs_s.ep.rosidl_typesupport_fastrtps_c.c
[33.421s] -- Installing: /home/ros2_ws/src/install/vectornav_msgs/lib/python3.8/site-packages/vectornav_msgs/_vectornav_msgs_s.ep.rosidl_typesupport_c.c
[33.525s] Listing '/home/ros2_ws/src/install/vectornav_msgs/lib/python3.8/site-packages/vectornav_msgs'...
[33.525s] Compiling '/home/ros2_ws/src/install/vectornav_msgs/lib/python3.8/site-packages/vectornav_msgs/__init__.py'...
[33.525s] Listing '/home/ros2_ws/src/install/vectornav_msgs/lib/python3.8/site-packages/vectornav_msgs/action'...
[33.525s] Compiling '/home/ros2_ws/src/install/vectornav_msgs/lib/python3.8/site-packages/vectornav_msgs/action/__init__.py'...
[33.525s] Compiling '/home/ros2_ws/src/install/vectornav_msgs/lib/python3.8/site-packages/vectornav_msgs/action/_mag_cal.py'...
[33.526s] Listing '/home/ros2_ws/src/install/vectornav_msgs/lib/python3.8/site-packages/vectornav_msgs/msg'...
[33.526s] Compiling '/home/ros2_ws/src/install/vectornav_msgs/lib/python3.8/site-packages/vectornav_msgs/msg/__init__.py'...
[33.526s] Compiling '/home/ros2_ws/src/install/vectornav_msgs/lib/python3.8/site-packages/vectornav_msgs/msg/_attitude_group.py'...
[33.526s] Compiling '/home/ros2_ws/src/install/vectornav_msgs/lib/python3.8/site-packages/vectornav_msgs/msg/_common_group.py'...
[33.526s] Compiling '/home/ros2_ws/src/install/vectornav_msgs/lib/python3.8/site-packages/vectornav_msgs/msg/_dop.py'...
[33.526s] Compiling '/home/ros2_ws/src/install/vectornav_msgs/lib/python3.8/site-packages/vectornav_msgs/msg/_gps_group.py'...
[33.526s] Compiling '/home/ros2_ws/src/install/vectornav_msgs/lib/python3.8/site-packages/vectornav_msgs/msg/_imu_group.py'...
[33.527s] Compiling '/home/ros2_ws/src/install/vectornav_msgs/lib/python3.8/site-packages/vectornav_msgs/msg/_ins_group.py'...
[33.527s] Compiling '/home/ros2_ws/src/install/vectornav_msgs/lib/python3.8/site-packages/vectornav_msgs/msg/_ins_status.py'...
[33.527s] Compiling '/home/ros2_ws/src/install/vectornav_msgs/lib/python3.8/site-packages/vectornav_msgs/msg/_time_group.py'...
[33.527s] Compiling '/home/ros2_ws/src/install/vectornav_msgs/lib/python3.8/site-packages/vectornav_msgs/msg/_time_status.py'...
[33.527s] Compiling '/home/ros2_ws/src/install/vectornav_msgs/lib/python3.8/site-packages/vectornav_msgs/msg/_time_utc.py'...
[33.527s] Compiling '/home/ros2_ws/src/install/vectornav_msgs/lib/python3.8/site-packages/vectornav_msgs/msg/_vpe_status.py'...
[33.536s] -- Installing: /home/ros2_ws/src/install/vectornav_msgs/lib/python3.8/site-packages/vectornav_msgs/vectornav_msgs_s__rosidl_typesupport_fastrtps_c.cpython-38-aarch64-linux-gnu.so
[33.537s] -- Set runtime path of "/home/ros2_ws/src/install/vectornav_msgs/lib/python3.8/site-packages/vectornav_msgs/vectornav_msgs_s__rosidl_typesupport_fastrtps_c.cpython-38-aarch64-linux-gnu.so" to ""
[33.537s] -- Installing: /home/ros2_ws/src/install/vectornav_msgs/lib/python3.8/site-packages/vectornav_msgs/vectornav_msgs_s__rosidl_typesupport_introspection_c.cpython-38-aarch64-linux-gnu.so
[33.538s] -- Set runtime path of "/home/ros2_ws/src/install/vectornav_msgs/lib/python3.8/site-packages/vectornav_msgs/vectornav_msgs_s__rosidl_typesupport_introspection_c.cpython-38-aarch64-linux-gnu.so" to ""
[33.538s] -- Installing: /home/ros2_ws/src/install/vectornav_msgs/lib/python3.8/site-packages/vectornav_msgs/vectornav_msgs_s__rosidl_typesupport_c.cpython-38-aarch64-linux-gnu.so
[33.539s] -- Set runtime path of "/home/ros2_ws/src/install/vectornav_msgs/lib/python3.8/site-packages/vectornav_msgs/vectornav_msgs_s__rosidl_typesupport_c.cpython-38-aarch64-linux-gnu.so" to ""
[33.539s] -- Installing: /home/ros2_ws/src/install/vectornav_msgs/lib/libvectornav_msgs__rosidl_generator_py.so
[33.540s] -- Set runtime path of "/home/ros2_ws/src/install/vectornav_msgs/lib/libvectornav_msgs__rosidl_generator_py.so" to ""
[33.540s] -- Installing: /home/ros2_ws/src/install/vectornav_msgs/share/vectornav_msgs/msg/AttitudeGroup.idl
[33.540s] -- Installing: /home/ros2_ws/src/install/vectornav_msgs/share/vectornav_msgs/msg/CommonGroup.idl
[33.541s] -- Installing: /home/ros2_ws/src/install/vectornav_msgs/share/vectornav_msgs/msg/DOP.idl
[33.541s] -- Installing: /home/ros2_ws/src/install/vectornav_msgs/share/vectornav_msgs/msg/GpsGroup.idl
[33.541s] -- Installing: /home/ros2_ws/src/install/vectornav_msgs/share/vectornav_msgs/msg/ImuGroup.idl
[33.541s] -- Installing: /home/ros2_ws/src/install/vectornav_msgs/share/vectornav_msgs/msg/InsGroup.idl
[33.542s] -- Installing: /home/ros2_ws/src/install/vectornav_msgs/share/vectornav_msgs/msg/InsStatus.idl
[33.542s] -- Installing: /home/ros2_ws/src/install/vectornav_msgs/share/vectornav_msgs/msg/TimeGroup.idl
[33.542s] -- Installing: /home/ros2_ws/src/install/vectornav_msgs/share/vectornav_msgs/msg/TimeStatus.idl
[33.543s] -- Installing: /home/ros2_ws/src/install/vectornav_msgs/share/vectornav_msgs/msg/TimeUTC.idl
[33.543s] -- Installing: /home/ros2_ws/src/install/vectornav_msgs/share/vectornav_msgs/msg/VpeStatus.idl
[33.543s] -- Installing: /home/ros2_ws/src/install/vectornav_msgs/share/vectornav_msgs/action/MagCal.idl
[33.544s] -- Installing: /home/ros2_ws/src/install/vectornav_msgs/share/vectornav_msgs/msg/AttitudeGroup.msg
[33.544s] -- Installing: /home/ros2_ws/src/install/vectornav_msgs/share/vectornav_msgs/msg/CommonGroup.msg
[33.544s] -- Installing: /home/ros2_ws/src/install/vectornav_msgs/share/vectornav_msgs/msg/DOP.msg
[33.544s] -- Installing: /home/ros2_ws/src/install/vectornav_msgs/share/vectornav_msgs/msg/GpsGroup.msg
[33.545s] -- Installing: /home/ros2_ws/src/install/vectornav_msgs/share/vectornav_msgs/msg/ImuGroup.msg
[33.545s] -- Installing: /home/ros2_ws/src/install/vectornav_msgs/share/vectornav_msgs/msg/InsGroup.msg
[33.545s] -- Installing: /home/ros2_ws/src/install/vectornav_msgs/share/vectornav_msgs/msg/InsStatus.msg
[33.546s] -- Installing: /home/ros2_ws/src/install/vectornav_msgs/share/vectornav_msgs/msg/TimeGroup.msg
[33.546s] -- Installing: /home/ros2_ws/src/install/vectornav_msgs/share/vectornav_msgs/msg/TimeStatus.msg
[33.546s] -- Installing: /home/ros2_ws/src/install/vectornav_msgs/share/vectornav_msgs/msg/TimeUTC.msg
[33.546s] -- Installing: /home/ros2_ws/src/install/vectornav_msgs/share/vectornav_msgs/msg/VpeStatus.msg
[33.547s] -- Installing: /home/ros2_ws/src/install/vectornav_msgs/share/vectornav_msgs/action/MagCal.action
[33.547s] -- Installing: /home/ros2_ws/src/install/vectornav_msgs/share/ament_index/resource_index/package_run_dependencies/vectornav_msgs
[33.548s] -- Installing: /home/ros2_ws/src/install/vectornav_msgs/share/ament_index/resource_index/parent_prefix_path/vectornav_msgs
[33.548s] -- Installing: /home/ros2_ws/src/install/vectornav_msgs/share/vectornav_msgs/environment/ament_prefix_path.sh
[33.548s] -- Installing: /home/ros2_ws/src/install/vectornav_msgs/share/vectornav_msgs/environment/ament_prefix_path.dsv
[33.548s] -- Installing: /home/ros2_ws/src/install/vectornav_msgs/share/vectornav_msgs/environment/path.sh
[33.549s] -- Installing: /home/ros2_ws/src/install/vectornav_msgs/share/vectornav_msgs/environment/path.dsv
[33.549s] -- Installing: /home/ros2_ws/src/install/vectornav_msgs/share/vectornav_msgs/local_setup.bash
[33.549s] -- Installing: /home/ros2_ws/src/install/vectornav_msgs/share/vectornav_msgs/local_setup.sh
[33.550s] -- Installing: /home/ros2_ws/src/install/vectornav_msgs/share/vectornav_msgs/local_setup.zsh
[33.550s] -- Installing: /home/ros2_ws/src/install/vectornav_msgs/share/vectornav_msgs/local_setup.dsv
[33.550s] -- Installing: /home/ros2_ws/src/install/vectornav_msgs/share/vectornav_msgs/package.dsv
[33.551s] -- Installing: /home/ros2_ws/src/install/vectornav_msgs/share/ament_index/resource_index/packages/vectornav_msgs
[33.551s] -- Installing: /home/ros2_ws/src/install/vectornav_msgs/share/vectornav_msgs/cmake/export_vectornav_msgs__rosidl_generator_cExport.cmake
[33.551s] -- Installing: /home/ros2_ws/src/install/vectornav_msgs/share/vectornav_msgs/cmake/export_vectornav_msgs__rosidl_generator_cExport-noconfig.cmake
[33.552s] -- Installing: /home/ros2_ws/src/install/vectornav_msgs/share/vectornav_msgs/cmake/export_vectornav_msgs__rosidl_typesupport_fastrtps_cExport.cmake
[33.552s] -- Installing: /home/ros2_ws/src/install/vectornav_msgs/share/vectornav_msgs/cmake/export_vectornav_msgs__rosidl_typesupport_fastrtps_cExport-noconfig.cmake
[33.552s] -- Installing: /home/ros2_ws/src/install/vectornav_msgs/share/vectornav_msgs/cmake/export_vectornav_msgs__rosidl_generator_cppExport.cmake
[33.553s] -- Installing: /home/ros2_ws/src/install/vectornav_msgs/share/vectornav_msgs/cmake/export_vectornav_msgs__rosidl_typesupport_fastrtps_cppExport.cmake
[33.553s] -- Installing: /home/ros2_ws/src/install/vectornav_msgs/share/vectornav_msgs/cmake/export_vectornav_msgs__rosidl_typesupport_fastrtps_cppExport-noconfig.cmake
[33.553s] -- Installing: /home/ros2_ws/src/install/vectornav_msgs/share/vectornav_msgs/cmake/vectornav_msgs__rosidl_typesupport_introspection_cExport.cmake
[33.554s] -- Installing: /home/ros2_ws/src/install/vectornav_msgs/share/vectornav_msgs/cmake/vectornav_msgs__rosidl_typesupport_introspection_cExport-noconfig.cmake
[33.554s] -- Installing: /home/ros2_ws/src/install/vectornav_msgs/share/vectornav_msgs/cmake/vectornav_msgs__rosidl_typesupport_cExport.cmake
[33.554s] -- Installing: /home/ros2_ws/src/install/vectornav_msgs/share/vectornav_msgs/cmake/vectornav_msgs__rosidl_typesupport_cExport-noconfig.cmake
[33.555s] -- Installing: /home/ros2_ws/src/install/vectornav_msgs/share/vectornav_msgs/cmake/vectornav_msgs__rosidl_typesupport_introspection_cppExport.cmake
[33.555s] -- Installing: /home/ros2_ws/src/install/vectornav_msgs/share/vectornav_msgs/cmake/vectornav_msgs__rosidl_typesupport_introspection_cppExport-noconfig.cmake
[33.555s] -- Installing: /home/ros2_ws/src/install/vectornav_msgs/share/vectornav_msgs/cmake/vectornav_msgs__rosidl_typesupport_cppExport.cmake
[33.556s] -- Installing: /home/ros2_ws/src/install/vectornav_msgs/share/vectornav_msgs/cmake/vectornav_msgs__rosidl_typesupport_cppExport-noconfig.cmake
[33.556s] -- Installing: /home/ros2_ws/src/install/vectornav_msgs/share/vectornav_msgs/cmake/export_vectornav_msgs__rosidl_generator_pyExport.cmake
[33.556s] -- Installing: /home/ros2_ws/src/install/vectornav_msgs/share/vectornav_msgs/cmake/export_vectornav_msgs__rosidl_generator_pyExport-noconfig.cmake
[33.557s] -- Installing: /home/ros2_ws/src/install/vectornav_msgs/share/vectornav_msgs/cmake/rosidl_cmake-extras.cmake
[33.557s] -- Installing: /home/ros2_ws/src/install/vectornav_msgs/share/vectornav_msgs/cmake/ament_cmake_export_dependencies-extras.cmake
[33.557s] -- Installing: /home/ros2_ws/src/install/vectornav_msgs/share/vectornav_msgs/cmake/ament_cmake_export_include_directories-extras.cmake
[33.558s] -- Installing: /home/ros2_ws/src/install/vectornav_msgs/share/vectornav_msgs/cmake/ament_cmake_export_libraries-extras.cmake
[33.558s] -- Installing: /home/ros2_ws/src/install/vectornav_msgs/share/vectornav_msgs/cmake/ament_cmake_export_targets-extras.cmake
[33.558s] -- Installing: /home/ros2_ws/src/install/vectornav_msgs/share/vectornav_msgs/cmake/rosidl_cmake_export_typesupport_targets-extras.cmake
[33.558s] -- Installing: /home/ros2_ws/src/install/vectornav_msgs/share/vectornav_msgs/cmake/rosidl_cmake_export_typesupport_libraries-extras.cmake
[33.559s] -- Installing: /home/ros2_ws/src/install/vectornav_msgs/share/vectornav_msgs/cmake/vectornav_msgsConfig.cmake
[33.559s] -- Installing: /home/ros2_ws/src/install/vectornav_msgs/share/vectornav_msgs/cmake/vectornav_msgsConfig-version.cmake
[33.559s] -- Installing: /home/ros2_ws/src/install/vectornav_msgs/share/vectornav_msgs/package.xml
[33.582s] Invoked command in '/home/ros2_ws/src/build/vectornav_msgs' returned '0': /usr/local/bin/cmake --install /home/ros2_ws/src/build/vectornav_msgs
