[0.039s] Invoking command in '/home/ros2_ws/build/vectornav': CMAKE_PREFIX_PATH=/home/ros2_ws/install/vectornav_msgs:/home/ros2_ws/install/vectornav:/opt/ros/humble/install:/home/ros2_ws/install/pradobot_ultrasonic LD_LIBRARY_PATH=/home/ros2_ws/install/vectornav_msgs/lib:/home/ros2_ws/install/vectornav/lib:/opt/ros/humble/install/opt/rviz_ogre_vendor/lib:/opt/ros/humble/install/lib:/usr/local/cuda/lib64 /usr/local/bin/cmake --build /home/ros2_ws/build/vectornav -- -j6 -l6
[0.155s] [  7%] Built target vn_sensor_msgs
[0.156s] [ 92%] Built target vncxx
[0.188s] [100%] Built target vectornav
[0.207s] Invoked command in '/home/ros2_ws/build/vectornav' returned '0': CMAKE_PREFIX_PATH=/home/ros2_ws/install/vectornav_msgs:/home/ros2_ws/install/vectornav:/opt/ros/humble/install:/home/ros2_ws/install/pradobot_ultrasonic LD_LIBRARY_PATH=/home/ros2_ws/install/vectornav_msgs/lib:/home/ros2_ws/install/vectornav/lib:/opt/ros/humble/install/opt/rviz_ogre_vendor/lib:/opt/ros/humble/install/lib:/usr/local/cuda/lib64 /usr/local/bin/cmake --build /home/ros2_ws/build/vectornav -- -j6 -l6
[0.315s] Invoking command in '/home/ros2_ws/build/vectornav': CMAKE_PREFIX_PATH=/home/ros2_ws/install/vectornav_msgs:/home/ros2_ws/install/vectornav:/opt/ros/humble/install:/home/ros2_ws/install/pradobot_ultrasonic LD_LIBRARY_PATH=/home/ros2_ws/install/vectornav_msgs/lib:/home/ros2_ws/install/vectornav/lib:/opt/ros/humble/install/opt/rviz_ogre_vendor/lib:/opt/ros/humble/install/lib:/usr/local/cuda/lib64 /usr/local/bin/cmake --install /home/ros2_ws/build/vectornav
[0.374s] -- Install configuration: ""
[0.374s] -- Up-to-date: /home/ros2_ws/install/vectornav/lib/vectornav/vectornav
[0.375s] -- Up-to-date: /home/ros2_ws/install/vectornav/lib/vectornav/vn_sensor_msgs
[0.375s] -- Up-to-date: /home/ros2_ws/install/vectornav/share/vectornav//config
[0.375s] -- Up-to-date: /home/ros2_ws/install/vectornav/share/vectornav//config/vn_100_800hz.yaml
[0.375s] -- Up-to-date: /home/ros2_ws/install/vectornav/share/vectornav//config/vectornav.yaml
[0.376s] -- Up-to-date: /home/ros2_ws/install/vectornav/share/vectornav//launch
[0.376s] -- Up-to-date: /home/ros2_ws/install/vectornav/share/vectornav//launch/vectornav.launch.py
[0.376s] -- Up-to-date: /home/ros2_ws/install/vectornav/share/ament_index/resource_index/package_run_dependencies/vectornav
[0.376s] -- Up-to-date: /home/ros2_ws/install/vectornav/share/ament_index/resource_index/parent_prefix_path/vectornav
[0.376s] -- Up-to-date: /home/ros2_ws/install/vectornav/share/vectornav/environment/ament_prefix_path.sh
[0.377s] -- Up-to-date: /home/ros2_ws/install/vectornav/share/vectornav/environment/ament_prefix_path.dsv
[0.377s] -- Up-to-date: /home/ros2_ws/install/vectornav/share/vectornav/environment/path.sh
[0.377s] -- Up-to-date: /home/ros2_ws/install/vectornav/share/vectornav/environment/path.dsv
[0.377s] -- Up-to-date: /home/ros2_ws/install/vectornav/share/vectornav/local_setup.bash
[0.377s] -- Up-to-date: /home/ros2_ws/install/vectornav/share/vectornav/local_setup.sh
[0.377s] -- Up-to-date: /home/ros2_ws/install/vectornav/share/vectornav/local_setup.zsh
[0.378s] -- Up-to-date: /home/ros2_ws/install/vectornav/share/vectornav/local_setup.dsv
[0.378s] -- Installing: /home/ros2_ws/install/vectornav/share/vectornav/package.dsv
[0.378s] -- Up-to-date: /home/ros2_ws/install/vectornav/share/ament_index/resource_index/packages/vectornav
[0.378s] -- Up-to-date: /home/ros2_ws/install/vectornav/share/vectornav/cmake/ament_cmake_export_dependencies-extras.cmake
[0.378s] -- Up-to-date: /home/ros2_ws/install/vectornav/share/vectornav/cmake/vectornavConfig.cmake
[0.379s] -- Up-to-date: /home/ros2_ws/install/vectornav/share/vectornav/cmake/vectornavConfig-version.cmake
[0.379s] -- Up-to-date: /home/ros2_ws/install/vectornav/share/vectornav/package.xml
[0.379s] -- Up-to-date: /home/ros2_ws/install/vectornav/lib/libvncxx.so
[0.379s] -- Up-to-date: /home/ros2_ws/install/vectornav/include/vn
[0.380s] -- Up-to-date: /home/ros2_ws/install/vectornav/include/vn/compositedata.h
[0.380s] -- Up-to-date: /home/ros2_ws/install/vectornav/include/vn/types.h
[0.380s] -- Up-to-date: /home/ros2_ws/install/vectornav/include/vn/conversions.h
[0.380s] -- Up-to-date: /home/ros2_ws/install/vectornav/include/vn/serialport.h
[0.380s] -- Up-to-date: /home/ros2_ws/install/vectornav/include/vn/vntime.h
[0.380s] -- Up-to-date: /home/ros2_ws/install/vectornav/include/vn/dllvalidator.h
[0.380s] -- Up-to-date: /home/ros2_ws/install/vectornav/include/vn/export.h
[0.381s] -- Up-to-date: /home/ros2_ws/install/vectornav/include/vn/packet.h
[0.381s] -- Up-to-date: /home/ros2_ws/install/vectornav/include/vn/sensors.h
[0.381s] -- Up-to-date: /home/ros2_ws/install/vectornav/include/vn/memoryport.h
[0.381s] -- Up-to-date: /home/ros2_ws/install/vectornav/include/vn/position.h
[0.381s] -- Up-to-date: /home/ros2_ws/install/vectornav/include/vn/int.h
[0.381s] -- Up-to-date: /home/ros2_ws/install/vectornav/include/vn/signal.h
[0.381s] -- Up-to-date: /home/ros2_ws/install/vectornav/include/vn/thread.h
[0.382s] -- Up-to-date: /home/ros2_ws/install/vectornav/include/vn/utilities.h
[0.382s] -- Up-to-date: /home/ros2_ws/install/vectornav/include/vn/util.h
[0.382s] -- Up-to-date: /home/ros2_ws/install/vectornav/include/vn/mock.h
[0.382s] -- Up-to-date: /home/ros2_ws/install/vectornav/include/vn/registers.h
[0.382s] -- Up-to-date: /home/ros2_ws/install/vectornav/include/vn/boostpython.h
[0.382s] -- Up-to-date: /home/ros2_ws/install/vectornav/include/vn/compiler.h
[0.382s] -- Up-to-date: /home/ros2_ws/install/vectornav/include/vn/vector.h
[0.383s] -- Up-to-date: /home/ros2_ws/install/vectornav/include/vn/criticalsection.h
[0.383s] -- Up-to-date: /home/ros2_ws/install/vectornav/include/vn/nocopy.h
[0.383s] -- Up-to-date: /home/ros2_ws/install/vectornav/include/vn/error_detection.h
[0.383s] -- Up-to-date: /home/ros2_ws/install/vectornav/include/vn/packetfinder.h
[0.383s] -- Up-to-date: /home/ros2_ws/install/vectornav/include/vn/consts.h
[0.383s] -- Up-to-date: /home/ros2_ws/install/vectornav/include/vn/rtcmmessage.h
[0.384s] -- Up-to-date: /home/ros2_ws/install/vectornav/include/vn/ezasyncdata.h
[0.384s] -- Up-to-date: /home/ros2_ws/install/vectornav/include/vn/rtcmlistener.h
[0.384s] -- Up-to-date: /home/ros2_ws/install/vectornav/include/vn/searcher.h
[0.384s] -- Up-to-date: /home/ros2_ws/install/vectornav/include/vn/attitude.h
[0.384s] -- Up-to-date: /home/ros2_ws/install/vectornav/include/vn/event.h
[0.384s] -- Up-to-date: /home/ros2_ws/install/vectornav/include/vn/exceptions.h
[0.384s] -- Up-to-date: /home/ros2_ws/install/vectornav/include/vn/port.h
[0.384s] -- Up-to-date: /home/ros2_ws/install/vectornav/include/vn/matrix.h
[0.400s] Invoked command in '/home/ros2_ws/build/vectornav' returned '0': CMAKE_PREFIX_PATH=/home/ros2_ws/install/vectornav_msgs:/home/ros2_ws/install/vectornav:/opt/ros/humble/install:/home/ros2_ws/install/pradobot_ultrasonic LD_LIBRARY_PATH=/home/ros2_ws/install/vectornav_msgs/lib:/home/ros2_ws/install/vectornav/lib:/opt/ros/humble/install/opt/rviz_ogre_vendor/lib:/opt/ros/humble/install/lib:/usr/local/cuda/lib64 /usr/local/bin/cmake --install /home/ros2_ws/build/vectornav
