[0.861s] DEBUG:colcon:Command line arguments: ['/usr/bin/colcon', 'build']
[0.861s] DEBUG:colcon:Parsed command line arguments: Namespace(ament_cmake_args=None, base_paths=['.'], build_base='build', catkin_cmake_args=None, catkin_skip_building_tests=False, cmake_args=None, cmake_clean_cache=False, cmake_clean_first=False, cmake_force_configure=False, cmake_target=None, cmake_target_skip_unavailable=False, continue_on_error=False, event_handlers=None, executor='parallel', ignore_user_meta=False, install_base='install', log_base=None, log_level=None, main=<bound method BuildVerb.main of <colcon_core.verb.build.BuildVerb object at 0xffff9fde6d00>>, merge_install=False, metas=['./colcon.meta'], packages_above=None, packages_above_and_dependencies=None, packages_above_depth=None, packages_end=None, packages_ignore=None, packages_ignore_regex=None, packages_select=None, packages_select_build_failed=False, packages_select_by_dep=None, packages_select_regex=None, packages_select_test_failures=False, packages_skip=None, packages_skip_build_finished=False, packages_skip_by_dep=None, packages_skip_regex=None, packages_skip_test_passed=False, packages_skip_up_to=None, packages_start=None, packages_up_to=None, packages_up_to_regex=None, parallel_workers=6, paths=None, symlink_install=False, test_result_base=None, verb_extension=<colcon_core.verb.build.BuildVerb object at 0xffff9fde6d00>, verb_name='build', verb_parser=<colcon_defaults.argument_parser.defaults.DefaultArgumentsDecorator object at 0xffff9fd2b550>)
[0.988s] Level 1:colcon.colcon_core.package_discovery:discover_packages(colcon_meta) check parameters
[0.989s] Level 1:colcon.colcon_core.package_discovery:discover_packages(recursive) check parameters
[0.989s] Level 1:colcon.colcon_core.package_discovery:discover_packages(ignore) check parameters
[0.989s] Level 1:colcon.colcon_core.package_discovery:discover_packages(path) check parameters
[0.989s] Level 1:colcon.colcon_core.package_discovery:discover_packages(colcon_meta) discover
[0.989s] Level 1:colcon.colcon_core.package_discovery:discover_packages(recursive) discover
[0.989s] INFO:colcon.colcon_core.package_discovery:Crawling recursively for packages in '/home/ros2_ws'
[0.990s] Level 1:colcon.colcon_core.package_identification:_identify(.) by extensions ['ignore', 'ignore_ament_install']
[0.990s] Level 1:colcon.colcon_core.package_identification:_identify(.) by extension 'ignore'
[0.990s] Level 1:colcon.colcon_core.package_identification:_identify(.) by extension 'ignore_ament_install'
[0.990s] Level 1:colcon.colcon_core.package_identification:_identify(.) by extensions ['colcon_pkg']
[0.990s] Level 1:colcon.colcon_core.package_identification:_identify(.) by extension 'colcon_pkg'
[0.990s] Level 1:colcon.colcon_core.package_identification:_identify(.) by extensions ['colcon_meta']
[0.991s] Level 1:colcon.colcon_core.package_identification:_identify(.) by extension 'colcon_meta'
[0.991s] Level 1:colcon.colcon_core.package_identification:_identify(.) by extensions ['ros']
[0.991s] Level 1:colcon.colcon_core.package_identification:_identify(.) by extension 'ros'
[1.025s] Level 1:colcon.colcon_core.package_identification:_identify(.) by extensions ['cmake', 'python']
[1.025s] Level 1:colcon.colcon_core.package_identification:_identify(.) by extension 'cmake'
[1.025s] Level 1:colcon.colcon_core.package_identification:_identify(.) by extension 'python'
[1.025s] Level 1:colcon.colcon_core.package_identification:_identify(.) by extensions ['python_setup_py']
[1.026s] Level 1:colcon.colcon_core.package_identification:_identify(.) by extension 'python_setup_py'
[1.026s] Level 1:colcon.colcon_core.package_identification:_identify(build) by extensions ['ignore', 'ignore_ament_install']
[1.026s] Level 1:colcon.colcon_core.package_identification:_identify(build) by extension 'ignore'
[1.026s] Level 1:colcon.colcon_core.package_identification:_identify(build) ignored
[1.027s] Level 1:colcon.colcon_core.package_identification:_identify(install) by extensions ['ignore', 'ignore_ament_install']
[1.027s] Level 1:colcon.colcon_core.package_identification:_identify(install) by extension 'ignore'
[1.027s] Level 1:colcon.colcon_core.package_identification:_identify(install) ignored
[1.027s] Level 1:colcon.colcon_core.package_identification:_identify(log) by extensions ['ignore', 'ignore_ament_install']
[1.027s] Level 1:colcon.colcon_core.package_identification:_identify(log) by extension 'ignore'
[1.027s] Level 1:colcon.colcon_core.package_identification:_identify(log) ignored
[1.028s] Level 1:colcon.colcon_core.package_identification:_identify(src) by extensions ['ignore', 'ignore_ament_install']
[1.028s] Level 1:colcon.colcon_core.package_identification:_identify(src) by extension 'ignore'
[1.028s] Level 1:colcon.colcon_core.package_identification:_identify(src) by extension 'ignore_ament_install'
[1.028s] Level 1:colcon.colcon_core.package_identification:_identify(src) by extensions ['colcon_pkg']
[1.028s] Level 1:colcon.colcon_core.package_identification:_identify(src) by extension 'colcon_pkg'
[1.028s] Level 1:colcon.colcon_core.package_identification:_identify(src) by extensions ['colcon_meta']
[1.028s] Level 1:colcon.colcon_core.package_identification:_identify(src) by extension 'colcon_meta'
[1.029s] Level 1:colcon.colcon_core.package_identification:_identify(src) by extensions ['ros']
[1.029s] Level 1:colcon.colcon_core.package_identification:_identify(src) by extension 'ros'
[1.029s] Level 1:colcon.colcon_core.package_identification:_identify(src) by extensions ['cmake', 'python']
[1.029s] Level 1:colcon.colcon_core.package_identification:_identify(src) by extension 'cmake'
[1.029s] Level 1:colcon.colcon_core.package_identification:_identify(src) by extension 'python'
[1.029s] Level 1:colcon.colcon_core.package_identification:_identify(src) by extensions ['python_setup_py']
[1.029s] Level 1:colcon.colcon_core.package_identification:_identify(src) by extension 'python_setup_py'
[1.029s] Level 1:colcon.colcon_core.package_identification:_identify(src/build) by extensions ['ignore', 'ignore_ament_install']
[1.030s] Level 1:colcon.colcon_core.package_identification:_identify(src/build) by extension 'ignore'
[1.030s] Level 1:colcon.colcon_core.package_identification:_identify(src/build) ignored
[1.030s] Level 1:colcon.colcon_core.package_identification:_identify(src/install) by extensions ['ignore', 'ignore_ament_install']
[1.030s] Level 1:colcon.colcon_core.package_identification:_identify(src/install) by extension 'ignore'
[1.030s] Level 1:colcon.colcon_core.package_identification:_identify(src/install) ignored
[1.030s] Level 1:colcon.colcon_core.package_identification:_identify(src/log) by extensions ['ignore', 'ignore_ament_install']
[1.031s] Level 1:colcon.colcon_core.package_identification:_identify(src/log) by extension 'ignore'
[1.031s] Level 1:colcon.colcon_core.package_identification:_identify(src/log) ignored
[1.031s] Level 1:colcon.colcon_core.package_identification:_identify(src/pradobot_controller) by extensions ['ignore', 'ignore_ament_install']
[1.031s] Level 1:colcon.colcon_core.package_identification:_identify(src/pradobot_controller) by extension 'ignore'
[1.031s] Level 1:colcon.colcon_core.package_identification:_identify(src/pradobot_controller) by extension 'ignore_ament_install'
[1.031s] Level 1:colcon.colcon_core.package_identification:_identify(src/pradobot_controller) by extensions ['colcon_pkg']
[1.031s] Level 1:colcon.colcon_core.package_identification:_identify(src/pradobot_controller) by extension 'colcon_pkg'
[1.032s] Level 1:colcon.colcon_core.package_identification:_identify(src/pradobot_controller) by extensions ['colcon_meta']
[1.032s] Level 1:colcon.colcon_core.package_identification:_identify(src/pradobot_controller) by extension 'colcon_meta'
[1.032s] Level 1:colcon.colcon_core.package_identification:_identify(src/pradobot_controller) by extensions ['ros']
[1.032s] Level 1:colcon.colcon_core.package_identification:_identify(src/pradobot_controller) by extension 'ros'
[1.032s] Level 1:colcon.colcon_core.package_identification:_identify(src/pradobot_controller) by extensions ['cmake', 'python']
[1.032s] Level 1:colcon.colcon_core.package_identification:_identify(src/pradobot_controller) by extension 'cmake'
[1.032s] Level 1:colcon.colcon_core.package_identification:_identify(src/pradobot_controller) by extension 'python'
[1.032s] Level 1:colcon.colcon_core.package_identification:_identify(src/pradobot_controller) by extensions ['python_setup_py']
[1.032s] Level 1:colcon.colcon_core.package_identification:_identify(src/pradobot_controller) by extension 'python_setup_py'
[1.033s] Level 1:colcon.colcon_core.package_identification:_identify(src/pradobot_ultrasonic) by extensions ['ignore', 'ignore_ament_install']
[1.033s] Level 1:colcon.colcon_core.package_identification:_identify(src/pradobot_ultrasonic) by extension 'ignore'
[1.033s] Level 1:colcon.colcon_core.package_identification:_identify(src/pradobot_ultrasonic) by extension 'ignore_ament_install'
[1.033s] Level 1:colcon.colcon_core.package_identification:_identify(src/pradobot_ultrasonic) by extensions ['colcon_pkg']
[1.033s] Level 1:colcon.colcon_core.package_identification:_identify(src/pradobot_ultrasonic) by extension 'colcon_pkg'
[1.033s] Level 1:colcon.colcon_core.package_identification:_identify(src/pradobot_ultrasonic) by extensions ['colcon_meta']
[1.033s] Level 1:colcon.colcon_core.package_identification:_identify(src/pradobot_ultrasonic) by extension 'colcon_meta'
[1.033s] Level 1:colcon.colcon_core.package_identification:_identify(src/pradobot_ultrasonic) by extensions ['ros']
[1.034s] Level 1:colcon.colcon_core.package_identification:_identify(src/pradobot_ultrasonic) by extension 'ros'
[1.040s] DEBUG:colcon.colcon_core.package_identification:Package 'src/pradobot_ultrasonic' with type 'ros.ament_python' and name 'pradobot_ultrasonic'
[1.040s] Level 1:colcon.colcon_core.package_identification:_identify(src/vectornav) by extensions ['ignore', 'ignore_ament_install']
[1.040s] Level 1:colcon.colcon_core.package_identification:_identify(src/vectornav) by extension 'ignore'
[1.041s] Level 1:colcon.colcon_core.package_identification:_identify(src/vectornav) by extension 'ignore_ament_install'
[1.041s] Level 1:colcon.colcon_core.package_identification:_identify(src/vectornav) by extensions ['colcon_pkg']
[1.041s] Level 1:colcon.colcon_core.package_identification:_identify(src/vectornav) by extension 'colcon_pkg'
[1.041s] Level 1:colcon.colcon_core.package_identification:_identify(src/vectornav) by extensions ['colcon_meta']
[1.041s] Level 1:colcon.colcon_core.package_identification:_identify(src/vectornav) by extension 'colcon_meta'
[1.041s] Level 1:colcon.colcon_core.package_identification:_identify(src/vectornav) by extensions ['ros']
[1.041s] Level 1:colcon.colcon_core.package_identification:_identify(src/vectornav) by extension 'ros'
[1.041s] Level 1:colcon.colcon_core.package_identification:_identify(src/vectornav) by extensions ['cmake', 'python']
[1.042s] Level 1:colcon.colcon_core.package_identification:_identify(src/vectornav) by extension 'cmake'
[1.042s] Level 1:colcon.colcon_core.package_identification:_identify(src/vectornav) by extension 'python'
[1.042s] Level 1:colcon.colcon_core.package_identification:_identify(src/vectornav) by extensions ['python_setup_py']
[1.042s] Level 1:colcon.colcon_core.package_identification:_identify(src/vectornav) by extension 'python_setup_py'
[1.042s] Level 1:colcon.colcon_core.package_identification:_identify(src/vectornav/build) by extensions ['ignore', 'ignore_ament_install']
[1.042s] Level 1:colcon.colcon_core.package_identification:_identify(src/vectornav/build) by extension 'ignore'
[1.042s] Level 1:colcon.colcon_core.package_identification:_identify(src/vectornav/build) ignored
[1.043s] Level 1:colcon.colcon_core.package_identification:_identify(src/vectornav/install) by extensions ['ignore', 'ignore_ament_install']
[1.043s] Level 1:colcon.colcon_core.package_identification:_identify(src/vectornav/install) by extension 'ignore'
[1.043s] Level 1:colcon.colcon_core.package_identification:_identify(src/vectornav/install) ignored
[1.043s] Level 1:colcon.colcon_core.package_identification:_identify(src/vectornav/log) by extensions ['ignore', 'ignore_ament_install']
[1.043s] Level 1:colcon.colcon_core.package_identification:_identify(src/vectornav/log) by extension 'ignore'
[1.043s] Level 1:colcon.colcon_core.package_identification:_identify(src/vectornav/log) ignored
[1.044s] Level 1:colcon.colcon_core.package_identification:_identify(src/vectornav/vectornav) by extensions ['ignore', 'ignore_ament_install']
[1.044s] Level 1:colcon.colcon_core.package_identification:_identify(src/vectornav/vectornav) by extension 'ignore'
[1.044s] Level 1:colcon.colcon_core.package_identification:_identify(src/vectornav/vectornav) by extension 'ignore_ament_install'
[1.044s] Level 1:colcon.colcon_core.package_identification:_identify(src/vectornav/vectornav) by extensions ['colcon_pkg']
[1.044s] Level 1:colcon.colcon_core.package_identification:_identify(src/vectornav/vectornav) by extension 'colcon_pkg'
[1.044s] Level 1:colcon.colcon_core.package_identification:_identify(src/vectornav/vectornav) by extensions ['colcon_meta']
[1.044s] Level 1:colcon.colcon_core.package_identification:_identify(src/vectornav/vectornav) by extension 'colcon_meta'
[1.045s] Level 1:colcon.colcon_core.package_identification:_identify(src/vectornav/vectornav) by extensions ['ros']
[1.045s] Level 1:colcon.colcon_core.package_identification:_identify(src/vectornav/vectornav) by extension 'ros'
[1.047s] DEBUG:colcon.colcon_core.package_identification:Package 'src/vectornav/vectornav' with type 'ros.ament_cmake' and name 'vectornav'
[1.047s] Level 1:colcon.colcon_core.package_identification:_identify(src/vectornav/vectornav_msgs) by extensions ['ignore', 'ignore_ament_install']
[1.047s] Level 1:colcon.colcon_core.package_identification:_identify(src/vectornav/vectornav_msgs) by extension 'ignore'
[1.047s] Level 1:colcon.colcon_core.package_identification:_identify(src/vectornav/vectornav_msgs) by extension 'ignore_ament_install'
[1.048s] Level 1:colcon.colcon_core.package_identification:_identify(src/vectornav/vectornav_msgs) by extensions ['colcon_pkg']
[1.048s] Level 1:colcon.colcon_core.package_identification:_identify(src/vectornav/vectornav_msgs) by extension 'colcon_pkg'
[1.048s] Level 1:colcon.colcon_core.package_identification:_identify(src/vectornav/vectornav_msgs) by extensions ['colcon_meta']
[1.048s] Level 1:colcon.colcon_core.package_identification:_identify(src/vectornav/vectornav_msgs) by extension 'colcon_meta'
[1.048s] Level 1:colcon.colcon_core.package_identification:_identify(src/vectornav/vectornav_msgs) by extensions ['ros']
[1.048s] Level 1:colcon.colcon_core.package_identification:_identify(src/vectornav/vectornav_msgs) by extension 'ros'
[1.049s] DEBUG:colcon.colcon_core.package_identification:Package 'src/vectornav/vectornav_msgs' with type 'ros.ament_cmake' and name 'vectornav_msgs'
[1.049s] Level 1:colcon.colcon_core.package_discovery:discover_packages(recursive) using defaults
[1.050s] Level 1:colcon.colcon_core.package_discovery:discover_packages(ignore) discover
[1.050s] Level 1:colcon.colcon_core.package_discovery:discover_packages(ignore) using defaults
[1.050s] Level 1:colcon.colcon_core.package_discovery:discover_packages(path) discover
[1.050s] Level 1:colcon.colcon_core.package_discovery:discover_packages(path) using defaults
[1.118s] Level 5:colcon.colcon_core.verb:set package 'pradobot_ultrasonic' build argument 'cmake_args' from command line to 'None'
[1.119s] Level 5:colcon.colcon_core.verb:set package 'pradobot_ultrasonic' build argument 'cmake_target' from command line to 'None'
[1.119s] Level 5:colcon.colcon_core.verb:set package 'pradobot_ultrasonic' build argument 'cmake_target_skip_unavailable' from command line to 'False'
[1.119s] Level 5:colcon.colcon_core.verb:set package 'pradobot_ultrasonic' build argument 'cmake_clean_cache' from command line to 'False'
[1.119s] Level 5:colcon.colcon_core.verb:set package 'pradobot_ultrasonic' build argument 'cmake_clean_first' from command line to 'False'
[1.119s] Level 5:colcon.colcon_core.verb:set package 'pradobot_ultrasonic' build argument 'cmake_force_configure' from command line to 'False'
[1.119s] Level 5:colcon.colcon_core.verb:set package 'pradobot_ultrasonic' build argument 'ament_cmake_args' from command line to 'None'
[1.119s] Level 5:colcon.colcon_core.verb:set package 'pradobot_ultrasonic' build argument 'catkin_cmake_args' from command line to 'None'
[1.119s] Level 5:colcon.colcon_core.verb:set package 'pradobot_ultrasonic' build argument 'catkin_skip_building_tests' from command line to 'False'
[1.119s] DEBUG:colcon.colcon_core.verb:Building package 'pradobot_ultrasonic' with the following arguments: {'ament_cmake_args': None, 'build_base': '/home/ros2_ws/build/pradobot_ultrasonic', 'catkin_cmake_args': None, 'catkin_skip_building_tests': False, 'cmake_args': None, 'cmake_clean_cache': False, 'cmake_clean_first': False, 'cmake_force_configure': False, 'cmake_target': None, 'cmake_target_skip_unavailable': False, 'install_base': '/home/ros2_ws/install/pradobot_ultrasonic', 'merge_install': False, 'path': '/home/ros2_ws/src/pradobot_ultrasonic', 'symlink_install': False, 'test_result_base': None}
[1.122s] Level 5:colcon.colcon_core.verb:set package 'vectornav_msgs' build argument 'cmake_args' from command line to 'None'
[1.122s] Level 5:colcon.colcon_core.verb:set package 'vectornav_msgs' build argument 'cmake_target' from command line to 'None'
[1.123s] Level 5:colcon.colcon_core.verb:set package 'vectornav_msgs' build argument 'cmake_target_skip_unavailable' from command line to 'False'
[1.123s] Level 5:colcon.colcon_core.verb:set package 'vectornav_msgs' build argument 'cmake_clean_cache' from command line to 'False'
[1.123s] Level 5:colcon.colcon_core.verb:set package 'vectornav_msgs' build argument 'cmake_clean_first' from command line to 'False'
[1.123s] Level 5:colcon.colcon_core.verb:set package 'vectornav_msgs' build argument 'cmake_force_configure' from command line to 'False'
[1.123s] Level 5:colcon.colcon_core.verb:set package 'vectornav_msgs' build argument 'ament_cmake_args' from command line to 'None'
[1.123s] Level 5:colcon.colcon_core.verb:set package 'vectornav_msgs' build argument 'catkin_cmake_args' from command line to 'None'
[1.123s] Level 5:colcon.colcon_core.verb:set package 'vectornav_msgs' build argument 'catkin_skip_building_tests' from command line to 'False'
[1.123s] DEBUG:colcon.colcon_core.verb:Building package 'vectornav_msgs' with the following arguments: {'ament_cmake_args': None, 'build_base': '/home/ros2_ws/build/vectornav_msgs', 'catkin_cmake_args': None, 'catkin_skip_building_tests': False, 'cmake_args': None, 'cmake_clean_cache': False, 'cmake_clean_first': False, 'cmake_force_configure': False, 'cmake_target': None, 'cmake_target_skip_unavailable': False, 'install_base': '/home/ros2_ws/install/vectornav_msgs', 'merge_install': False, 'path': '/home/ros2_ws/src/vectornav/vectornav_msgs', 'symlink_install': False, 'test_result_base': None}
[1.126s] Level 5:colcon.colcon_core.verb:set package 'vectornav' build argument 'cmake_args' from command line to 'None'
[1.126s] Level 5:colcon.colcon_core.verb:set package 'vectornav' build argument 'cmake_target' from command line to 'None'
[1.126s] Level 5:colcon.colcon_core.verb:set package 'vectornav' build argument 'cmake_target_skip_unavailable' from command line to 'False'
[1.126s] Level 5:colcon.colcon_core.verb:set package 'vectornav' build argument 'cmake_clean_cache' from command line to 'False'
[1.126s] Level 5:colcon.colcon_core.verb:set package 'vectornav' build argument 'cmake_clean_first' from command line to 'False'
[1.126s] Level 5:colcon.colcon_core.verb:set package 'vectornav' build argument 'cmake_force_configure' from command line to 'False'
[1.126s] Level 5:colcon.colcon_core.verb:set package 'vectornav' build argument 'ament_cmake_args' from command line to 'None'
[1.127s] Level 5:colcon.colcon_core.verb:set package 'vectornav' build argument 'catkin_cmake_args' from command line to 'None'
[1.127s] Level 5:colcon.colcon_core.verb:set package 'vectornav' build argument 'catkin_skip_building_tests' from command line to 'False'
[1.127s] DEBUG:colcon.colcon_core.verb:Building package 'vectornav' with the following arguments: {'ament_cmake_args': None, 'build_base': '/home/ros2_ws/build/vectornav', 'catkin_cmake_args': None, 'catkin_skip_building_tests': False, 'cmake_args': None, 'cmake_clean_cache': False, 'cmake_clean_first': False, 'cmake_force_configure': False, 'cmake_target': None, 'cmake_target_skip_unavailable': False, 'install_base': '/home/ros2_ws/install/vectornav', 'merge_install': False, 'path': '/home/ros2_ws/src/vectornav/vectornav', 'symlink_install': False, 'test_result_base': None}
[1.129s] INFO:colcon.colcon_core.executor:Executing jobs using 'parallel' executor
[1.143s] DEBUG:colcon.colcon_parallel_executor.executor.parallel:run_until_complete
[1.143s] INFO:colcon.colcon_ros.task.ament_cmake.build:Building ROS package in '/home/ros2_ws/src/vectornav/vectornav_msgs' with build type 'ament_cmake'
[1.144s] INFO:colcon.colcon_cmake.task.cmake.build:Building CMake package in '/home/ros2_ws/src/vectornav/vectornav_msgs'
[1.158s] INFO:colcon.colcon_core.plugin_system:Skipping extension 'colcon_core.shell.bat': Not used on non-Windows systems
[1.158s] INFO:colcon.colcon_core.shell:Skip shell extension 'powershell' for command environment: Not usable outside of PowerShell
[1.158s] DEBUG:colcon.colcon_core.shell:Skip shell extension 'dsv' for command environment
[1.187s] INFO:colcon.colcon_ros.task.ament_python.build:Building ROS package in '/home/ros2_ws/src/pradobot_ultrasonic' with build type 'ament_python'
[1.187s] Level 1:colcon.colcon_core.shell:create_environment_hook('pradobot_ultrasonic', 'ament_prefix_path')
[1.194s] INFO:colcon.colcon_core.shell:Creating environment hook '/home/ros2_ws/install/pradobot_ultrasonic/share/pradobot_ultrasonic/hook/ament_prefix_path.ps1'
[1.196s] INFO:colcon.colcon_core.shell:Creating environment descriptor '/home/ros2_ws/install/pradobot_ultrasonic/share/pradobot_ultrasonic/hook/ament_prefix_path.dsv'
[1.197s] INFO:colcon.colcon_core.shell:Creating environment hook '/home/ros2_ws/install/pradobot_ultrasonic/share/pradobot_ultrasonic/hook/ament_prefix_path.sh'
[1.203s] INFO:colcon.colcon_core.shell:Skip shell extension 'powershell' for command environment: Not usable outside of PowerShell
[1.203s] DEBUG:colcon.colcon_core.shell:Skip shell extension 'dsv' for command environment
[1.232s] DEBUG:colcon.colcon_core.event_handler.log_command:Invoking command in '/home/ros2_ws/build/vectornav_msgs': /usr/local/bin/cmake --build /home/ros2_ws/build/vectornav_msgs -- -j6 -l6
[1.704s] INFO:colcon.colcon_core.task.python.build:Building Python package in '/home/ros2_ws/src/pradobot_ultrasonic'
[1.711s] INFO:colcon.colcon_core.shell:Skip shell extension 'powershell' for command environment: Not usable outside of PowerShell
[1.711s] DEBUG:colcon.colcon_core.shell:Skip shell extension 'dsv' for command environment
[2.093s] DEBUG:colcon.colcon_core.event_handler.log_command:Invoked command in '/home/ros2_ws/build/vectornav_msgs' returned '0': /usr/local/bin/cmake --build /home/ros2_ws/build/vectornav_msgs -- -j6 -l6
[2.616s] DEBUG:colcon.colcon_core.event_handler.log_command:Invoking command in '/home/ros2_ws/build/vectornav_msgs': /usr/local/bin/cmake --install /home/ros2_ws/build/vectornav_msgs
[2.810s] Level 1:colcon.colcon_core.environment:create_environment_scripts_only(vectornav_msgs)
[2.814s] DEBUG:colcon.colcon_core.event_handler.log_command:Invoked command in '/home/ros2_ws/build/vectornav_msgs' returned '0': /usr/local/bin/cmake --install /home/ros2_ws/build/vectornav_msgs
[2.830s] Level 1:colcon.colcon_core.environment:checking '/home/ros2_ws/install/vectornav_msgs' for CMake module files
[2.831s] Level 1:colcon.colcon_core.environment:checking '/home/ros2_ws/install/vectornav_msgs' for CMake config files
[2.833s] Level 1:colcon.colcon_core.shell:create_environment_hook('vectornav_msgs', 'cmake_prefix_path')
[2.838s] INFO:colcon.colcon_core.shell:Creating environment hook '/home/ros2_ws/install/vectornav_msgs/share/vectornav_msgs/hook/cmake_prefix_path.ps1'
[2.840s] INFO:colcon.colcon_core.shell:Creating environment descriptor '/home/ros2_ws/install/vectornav_msgs/share/vectornav_msgs/hook/cmake_prefix_path.dsv'
[2.840s] INFO:colcon.colcon_core.shell:Creating environment hook '/home/ros2_ws/install/vectornav_msgs/share/vectornav_msgs/hook/cmake_prefix_path.sh'
[2.842s] Level 1:colcon.colcon_core.environment:checking '/home/ros2_ws/install/vectornav_msgs/lib'
[2.842s] Level 1:colcon.colcon_core.shell:create_environment_hook('vectornav_msgs', 'ld_library_path_lib')
[2.848s] INFO:colcon.colcon_core.shell:Creating environment hook '/home/ros2_ws/install/vectornav_msgs/share/vectornav_msgs/hook/ld_library_path_lib.ps1'
[2.850s] INFO:colcon.colcon_core.shell:Creating environment descriptor '/home/ros2_ws/install/vectornav_msgs/share/vectornav_msgs/hook/ld_library_path_lib.dsv'
[2.850s] INFO:colcon.colcon_core.shell:Creating environment hook '/home/ros2_ws/install/vectornav_msgs/share/vectornav_msgs/hook/ld_library_path_lib.sh'
[2.851s] Level 1:colcon.colcon_core.environment:checking '/home/ros2_ws/install/vectornav_msgs/bin'
[2.851s] Level 1:colcon.colcon_core.environment:checking '/home/ros2_ws/install/vectornav_msgs/lib/pkgconfig/vectornav_msgs.pc'
[2.852s] Level 1:colcon.colcon_core.environment:checking '/home/ros2_ws/install/vectornav_msgs/lib/python3.8/site-packages'
[2.852s] Level 1:colcon.colcon_core.shell:create_environment_hook('vectornav_msgs', 'pythonpath')
[2.857s] INFO:colcon.colcon_core.shell:Creating environment hook '/home/ros2_ws/install/vectornav_msgs/share/vectornav_msgs/hook/pythonpath.ps1'
[2.858s] INFO:colcon.colcon_core.shell:Creating environment descriptor '/home/ros2_ws/install/vectornav_msgs/share/vectornav_msgs/hook/pythonpath.dsv'
[2.859s] INFO:colcon.colcon_core.shell:Creating environment hook '/home/ros2_ws/install/vectornav_msgs/share/vectornav_msgs/hook/pythonpath.sh'
[2.860s] Level 1:colcon.colcon_core.environment:checking '/home/ros2_ws/install/vectornav_msgs/bin'
[2.866s] INFO:colcon.colcon_core.shell:Creating package script '/home/ros2_ws/install/vectornav_msgs/share/vectornav_msgs/package.ps1'
[2.868s] INFO:colcon.colcon_core.shell:Creating package descriptor '/home/ros2_ws/install/vectornav_msgs/share/vectornav_msgs/package.dsv'
[2.869s] INFO:colcon.colcon_core.shell:Creating package script '/home/ros2_ws/install/vectornav_msgs/share/vectornav_msgs/package.sh'
[2.871s] INFO:colcon.colcon_core.shell:Creating package script '/home/ros2_ws/install/vectornav_msgs/share/vectornav_msgs/package.bash'
[2.872s] INFO:colcon.colcon_core.shell:Creating package script '/home/ros2_ws/install/vectornav_msgs/share/vectornav_msgs/package.zsh'
[2.874s] Level 1:colcon.colcon_core.environment:create_file_with_runtime_dependencies(/home/ros2_ws/install/vectornav_msgs/share/colcon-core/packages/vectornav_msgs)
[3.280s] DEBUG:colcon.colcon_core.event_handler.log_command:Invoking command in '/home/ros2_ws/src/pradobot_ultrasonic': PYTHONPATH=/home/ros2_ws/build/pradobot_ultrasonic/prefix_override:/home/ros2_ws/install/pradobot_ultrasonic/lib/python3.8/site-packages:${PYTHONPATH} /usr/bin/python3 setup.py egg_info --egg-base ../../build/pradobot_ultrasonic build --build-base /home/ros2_ws/build/pradobot_ultrasonic/build install --record /home/ros2_ws/build/pradobot_ultrasonic/install.log --single-version-externally-managed
[3.328s] Level 1:colcon.colcon_core.environment:create_environment_scripts_only(vectornav_msgs)
[3.339s] Level 1:colcon.colcon_core.environment:checking '/home/ros2_ws/install/vectornav_msgs' for CMake module files
[3.340s] Level 1:colcon.colcon_core.environment:checking '/home/ros2_ws/install/vectornav_msgs' for CMake config files
[3.342s] Level 1:colcon.colcon_core.shell:create_environment_hook('vectornav_msgs', 'cmake_prefix_path')
[3.348s] INFO:colcon.colcon_core.shell:Creating environment hook '/home/ros2_ws/install/vectornav_msgs/share/vectornav_msgs/hook/cmake_prefix_path.ps1'
[3.349s] INFO:colcon.colcon_core.shell:Creating environment descriptor '/home/ros2_ws/install/vectornav_msgs/share/vectornav_msgs/hook/cmake_prefix_path.dsv'
[3.350s] INFO:colcon.colcon_core.shell:Creating environment hook '/home/ros2_ws/install/vectornav_msgs/share/vectornav_msgs/hook/cmake_prefix_path.sh'
[3.351s] Level 1:colcon.colcon_core.environment:checking '/home/ros2_ws/install/vectornav_msgs/lib'
[3.352s] Level 1:colcon.colcon_core.shell:create_environment_hook('vectornav_msgs', 'ld_library_path_lib')
[3.357s] INFO:colcon.colcon_core.shell:Creating environment hook '/home/ros2_ws/install/vectornav_msgs/share/vectornav_msgs/hook/ld_library_path_lib.ps1'
[3.359s] INFO:colcon.colcon_core.shell:Creating environment descriptor '/home/ros2_ws/install/vectornav_msgs/share/vectornav_msgs/hook/ld_library_path_lib.dsv'
[3.360s] INFO:colcon.colcon_core.shell:Creating environment hook '/home/ros2_ws/install/vectornav_msgs/share/vectornav_msgs/hook/ld_library_path_lib.sh'
[3.360s] Level 1:colcon.colcon_core.environment:checking '/home/ros2_ws/install/vectornav_msgs/bin'
[3.360s] Level 1:colcon.colcon_core.environment:checking '/home/ros2_ws/install/vectornav_msgs/lib/pkgconfig/vectornav_msgs.pc'
[3.361s] Level 1:colcon.colcon_core.environment:checking '/home/ros2_ws/install/vectornav_msgs/lib/python3.8/site-packages'
[3.361s] Level 1:colcon.colcon_core.shell:create_environment_hook('vectornav_msgs', 'pythonpath')
[3.366s] INFO:colcon.colcon_core.shell:Creating environment hook '/home/ros2_ws/install/vectornav_msgs/share/vectornav_msgs/hook/pythonpath.ps1'
[3.367s] INFO:colcon.colcon_core.shell:Creating environment descriptor '/home/ros2_ws/install/vectornav_msgs/share/vectornav_msgs/hook/pythonpath.dsv'
[3.368s] INFO:colcon.colcon_core.shell:Creating environment hook '/home/ros2_ws/install/vectornav_msgs/share/vectornav_msgs/hook/pythonpath.sh'
[3.369s] Level 1:colcon.colcon_core.environment:checking '/home/ros2_ws/install/vectornav_msgs/bin'
[3.375s] INFO:colcon.colcon_core.shell:Creating package script '/home/ros2_ws/install/vectornav_msgs/share/vectornav_msgs/package.ps1'
[3.376s] INFO:colcon.colcon_core.shell:Creating package descriptor '/home/ros2_ws/install/vectornav_msgs/share/vectornav_msgs/package.dsv'
[3.377s] INFO:colcon.colcon_core.shell:Creating package script '/home/ros2_ws/install/vectornav_msgs/share/vectornav_msgs/package.sh'
[3.378s] INFO:colcon.colcon_core.shell:Creating package script '/home/ros2_ws/install/vectornav_msgs/share/vectornav_msgs/package.bash'
[3.379s] INFO:colcon.colcon_core.shell:Creating package script '/home/ros2_ws/install/vectornav_msgs/share/vectornav_msgs/package.zsh'
[3.380s] Level 1:colcon.colcon_core.environment:create_file_with_runtime_dependencies(/home/ros2_ws/install/vectornav_msgs/share/colcon-core/packages/vectornav_msgs)
[3.381s] INFO:colcon.colcon_ros.task.ament_cmake.build:Building ROS package in '/home/ros2_ws/src/vectornav/vectornav' with build type 'ament_cmake'
[3.381s] INFO:colcon.colcon_cmake.task.cmake.build:Building CMake package in '/home/ros2_ws/src/vectornav/vectornav'
[3.387s] INFO:colcon.colcon_core.shell:Skip shell extension 'powershell' for command environment: Not usable outside of PowerShell
[3.387s] DEBUG:colcon.colcon_core.shell:Skip shell extension 'dsv' for command environment
[3.428s] DEBUG:colcon.colcon_core.event_handler.log_command:Invoking command in '/home/ros2_ws/build/vectornav': AMENT_PREFIX_PATH=/home/ros2_ws/install/vectornav_msgs:${AMENT_PREFIX_PATH} CMAKE_PREFIX_PATH=/home/ros2_ws/install/vectornav_msgs:${CMAKE_PREFIX_PATH} LD_LIBRARY_PATH=/home/ros2_ws/install/vectornav_msgs/lib:/opt/ros/humble/install/opt/rviz_ogre_vendor/lib:/opt/ros/humble/install/lib:/usr/local/cuda/lib64 PYTHONPATH=/home/ros2_ws/install/vectornav_msgs/lib/python3.8/site-packages:${PYTHONPATH} /usr/local/bin/cmake --build /home/ros2_ws/build/vectornav -- -j6 -l6
[3.612s] DEBUG:colcon.colcon_core.event_handler.log_command:Invoked command in '/home/ros2_ws/build/vectornav' returned '0': AMENT_PREFIX_PATH=/home/ros2_ws/install/vectornav_msgs:${AMENT_PREFIX_PATH} CMAKE_PREFIX_PATH=/home/ros2_ws/install/vectornav_msgs:${CMAKE_PREFIX_PATH} LD_LIBRARY_PATH=/home/ros2_ws/install/vectornav_msgs/lib:/opt/ros/humble/install/opt/rviz_ogre_vendor/lib:/opt/ros/humble/install/lib:/usr/local/cuda/lib64 PYTHONPATH=/home/ros2_ws/install/vectornav_msgs/lib/python3.8/site-packages:${PYTHONPATH} /usr/local/bin/cmake --build /home/ros2_ws/build/vectornav -- -j6 -l6
[3.712s] DEBUG:colcon.colcon_core.event_handler.log_command:Invoking command in '/home/ros2_ws/build/vectornav': AMENT_PREFIX_PATH=/home/ros2_ws/install/vectornav_msgs:${AMENT_PREFIX_PATH} CMAKE_PREFIX_PATH=/home/ros2_ws/install/vectornav_msgs:${CMAKE_PREFIX_PATH} LD_LIBRARY_PATH=/home/ros2_ws/install/vectornav_msgs/lib:/opt/ros/humble/install/opt/rviz_ogre_vendor/lib:/opt/ros/humble/install/lib:/usr/local/cuda/lib64 PYTHONPATH=/home/ros2_ws/install/vectornav_msgs/lib/python3.8/site-packages:${PYTHONPATH} /usr/local/bin/cmake --install /home/ros2_ws/build/vectornav
[3.788s] Level 1:colcon.colcon_core.environment:create_environment_scripts_only(vectornav)
[3.797s] Level 1:colcon.colcon_core.environment:checking '/home/ros2_ws/install/vectornav' for CMake module files
[3.798s] DEBUG:colcon.colcon_core.event_handler.log_command:Invoked command in '/home/ros2_ws/build/vectornav' returned '0': AMENT_PREFIX_PATH=/home/ros2_ws/install/vectornav_msgs:${AMENT_PREFIX_PATH} CMAKE_PREFIX_PATH=/home/ros2_ws/install/vectornav_msgs:${CMAKE_PREFIX_PATH} LD_LIBRARY_PATH=/home/ros2_ws/install/vectornav_msgs/lib:/opt/ros/humble/install/opt/rviz_ogre_vendor/lib:/opt/ros/humble/install/lib:/usr/local/cuda/lib64 PYTHONPATH=/home/ros2_ws/install/vectornav_msgs/lib/python3.8/site-packages:${PYTHONPATH} /usr/local/bin/cmake --install /home/ros2_ws/build/vectornav
[3.798s] Level 1:colcon.colcon_core.environment:checking '/home/ros2_ws/install/vectornav' for CMake config files
[3.799s] Level 1:colcon.colcon_core.shell:create_environment_hook('vectornav', 'cmake_prefix_path')
[3.805s] INFO:colcon.colcon_core.shell:Creating environment hook '/home/ros2_ws/install/vectornav/share/vectornav/hook/cmake_prefix_path.ps1'
[3.806s] INFO:colcon.colcon_core.shell:Creating environment descriptor '/home/ros2_ws/install/vectornav/share/vectornav/hook/cmake_prefix_path.dsv'
[3.807s] INFO:colcon.colcon_core.shell:Creating environment hook '/home/ros2_ws/install/vectornav/share/vectornav/hook/cmake_prefix_path.sh'
[3.808s] Level 1:colcon.colcon_core.environment:checking '/home/ros2_ws/install/vectornav/lib'
[3.808s] Level 1:colcon.colcon_core.shell:create_environment_hook('vectornav', 'ld_library_path_lib')
[3.814s] INFO:colcon.colcon_core.shell:Creating environment hook '/home/ros2_ws/install/vectornav/share/vectornav/hook/ld_library_path_lib.ps1'
[3.815s] INFO:colcon.colcon_core.shell:Creating environment descriptor '/home/ros2_ws/install/vectornav/share/vectornav/hook/ld_library_path_lib.dsv'
[3.815s] INFO:colcon.colcon_core.shell:Creating environment hook '/home/ros2_ws/install/vectornav/share/vectornav/hook/ld_library_path_lib.sh'
[3.816s] Level 1:colcon.colcon_core.environment:checking '/home/ros2_ws/install/vectornav/bin'
[3.816s] Level 1:colcon.colcon_core.environment:checking '/home/ros2_ws/install/vectornav/lib/pkgconfig/vectornav.pc'
[3.817s] Level 1:colcon.colcon_core.environment:checking '/home/ros2_ws/install/vectornav/lib/python3.8/site-packages'
[3.817s] Level 1:colcon.colcon_core.environment:checking '/home/ros2_ws/install/vectornav/bin'
[3.823s] INFO:colcon.colcon_core.shell:Creating package script '/home/ros2_ws/install/vectornav/share/vectornav/package.ps1'
[3.825s] INFO:colcon.colcon_core.shell:Creating package descriptor '/home/ros2_ws/install/vectornav/share/vectornav/package.dsv'
[3.826s] INFO:colcon.colcon_core.shell:Creating package script '/home/ros2_ws/install/vectornav/share/vectornav/package.sh'
[3.827s] INFO:colcon.colcon_core.shell:Creating package script '/home/ros2_ws/install/vectornav/share/vectornav/package.bash'
[3.828s] INFO:colcon.colcon_core.shell:Creating package script '/home/ros2_ws/install/vectornav/share/vectornav/package.zsh'
[3.829s] Level 1:colcon.colcon_core.environment:create_file_with_runtime_dependencies(/home/ros2_ws/install/vectornav/share/colcon-core/packages/vectornav)
[3.933s] Level 1:colcon.colcon_core.environment:create_environment_scripts_only(vectornav)
[3.942s] Level 1:colcon.colcon_core.environment:checking '/home/ros2_ws/install/vectornav' for CMake module files
[3.943s] Level 1:colcon.colcon_core.environment:checking '/home/ros2_ws/install/vectornav' for CMake config files
[3.944s] Level 1:colcon.colcon_core.shell:create_environment_hook('vectornav', 'cmake_prefix_path')
[3.950s] INFO:colcon.colcon_core.shell:Creating environment hook '/home/ros2_ws/install/vectornav/share/vectornav/hook/cmake_prefix_path.ps1'
[3.951s] INFO:colcon.colcon_core.shell:Creating environment descriptor '/home/ros2_ws/install/vectornav/share/vectornav/hook/cmake_prefix_path.dsv'
[3.952s] INFO:colcon.colcon_core.shell:Creating environment hook '/home/ros2_ws/install/vectornav/share/vectornav/hook/cmake_prefix_path.sh'
[3.955s] Level 1:colcon.colcon_core.environment:checking '/home/ros2_ws/install/vectornav/lib'
[3.955s] Level 1:colcon.colcon_core.shell:create_environment_hook('vectornav', 'ld_library_path_lib')
[3.961s] INFO:colcon.colcon_core.shell:Creating environment hook '/home/ros2_ws/install/vectornav/share/vectornav/hook/ld_library_path_lib.ps1'
[3.963s] INFO:colcon.colcon_core.shell:Creating environment descriptor '/home/ros2_ws/install/vectornav/share/vectornav/hook/ld_library_path_lib.dsv'
[3.963s] INFO:colcon.colcon_core.shell:Creating environment hook '/home/ros2_ws/install/vectornav/share/vectornav/hook/ld_library_path_lib.sh'
[3.964s] Level 1:colcon.colcon_core.environment:checking '/home/ros2_ws/install/vectornav/bin'
[3.964s] Level 1:colcon.colcon_core.environment:checking '/home/ros2_ws/install/vectornav/lib/pkgconfig/vectornav.pc'
[3.965s] Level 1:colcon.colcon_core.environment:checking '/home/ros2_ws/install/vectornav/lib/python3.8/site-packages'
[3.965s] Level 1:colcon.colcon_core.environment:checking '/home/ros2_ws/install/vectornav/bin'
[3.971s] INFO:colcon.colcon_core.shell:Creating package script '/home/ros2_ws/install/vectornav/share/vectornav/package.ps1'
[3.972s] INFO:colcon.colcon_core.shell:Creating package descriptor '/home/ros2_ws/install/vectornav/share/vectornav/package.dsv'
[3.973s] INFO:colcon.colcon_core.shell:Creating package script '/home/ros2_ws/install/vectornav/share/vectornav/package.sh'
[3.974s] INFO:colcon.colcon_core.shell:Creating package script '/home/ros2_ws/install/vectornav/share/vectornav/package.bash'
[3.975s] INFO:colcon.colcon_core.shell:Creating package script '/home/ros2_ws/install/vectornav/share/vectornav/package.zsh'
[3.976s] Level 1:colcon.colcon_core.environment:create_file_with_runtime_dependencies(/home/ros2_ws/install/vectornav/share/colcon-core/packages/vectornav)
[4.480s] Level 1:colcon.colcon_core.environment:checking '/home/ros2_ws/install/pradobot_ultrasonic' for CMake module files
[4.481s] DEBUG:colcon.colcon_core.event_handler.log_command:Invoked command in '/home/ros2_ws/src/pradobot_ultrasonic' returned '0': PYTHONPATH=/home/ros2_ws/build/pradobot_ultrasonic/prefix_override:/home/ros2_ws/install/pradobot_ultrasonic/lib/python3.8/site-packages:${PYTHONPATH} /usr/bin/python3 setup.py egg_info --egg-base ../../build/pradobot_ultrasonic build --build-base /home/ros2_ws/build/pradobot_ultrasonic/build install --record /home/ros2_ws/build/pradobot_ultrasonic/install.log --single-version-externally-managed
[4.482s] Level 1:colcon.colcon_core.environment:checking '/home/ros2_ws/install/pradobot_ultrasonic' for CMake config files
[4.484s] Level 1:colcon.colcon_core.environment:checking '/home/ros2_ws/install/pradobot_ultrasonic/lib'
[4.485s] Level 1:colcon.colcon_core.environment:checking '/home/ros2_ws/install/pradobot_ultrasonic/bin'
[4.485s] Level 1:colcon.colcon_core.environment:checking '/home/ros2_ws/install/pradobot_ultrasonic/lib/pkgconfig/pradobot_ultrasonic.pc'
[4.486s] Level 1:colcon.colcon_core.environment:checking '/home/ros2_ws/install/pradobot_ultrasonic/lib/python3.8/site-packages'
[4.486s] Level 1:colcon.colcon_core.shell:create_environment_hook('pradobot_ultrasonic', 'pythonpath')
[4.496s] INFO:colcon.colcon_core.shell:Creating environment hook '/home/ros2_ws/install/pradobot_ultrasonic/share/pradobot_ultrasonic/hook/pythonpath.ps1'
[4.498s] INFO:colcon.colcon_core.shell:Creating environment descriptor '/home/ros2_ws/install/pradobot_ultrasonic/share/pradobot_ultrasonic/hook/pythonpath.dsv'
[4.499s] INFO:colcon.colcon_core.shell:Creating environment hook '/home/ros2_ws/install/pradobot_ultrasonic/share/pradobot_ultrasonic/hook/pythonpath.sh'
[4.501s] Level 1:colcon.colcon_core.environment:checking '/home/ros2_ws/install/pradobot_ultrasonic/bin'
[4.501s] Level 1:colcon.colcon_core.environment:create_environment_scripts_only(pradobot_ultrasonic)
[4.509s] INFO:colcon.colcon_core.shell:Creating package script '/home/ros2_ws/install/pradobot_ultrasonic/share/pradobot_ultrasonic/package.ps1'
[4.510s] INFO:colcon.colcon_core.shell:Creating package descriptor '/home/ros2_ws/install/pradobot_ultrasonic/share/pradobot_ultrasonic/package.dsv'
[4.511s] INFO:colcon.colcon_core.shell:Creating package script '/home/ros2_ws/install/pradobot_ultrasonic/share/pradobot_ultrasonic/package.sh'
[4.512s] INFO:colcon.colcon_core.shell:Creating package script '/home/ros2_ws/install/pradobot_ultrasonic/share/pradobot_ultrasonic/package.bash'
[4.513s] INFO:colcon.colcon_core.shell:Creating package script '/home/ros2_ws/install/pradobot_ultrasonic/share/pradobot_ultrasonic/package.zsh'
[4.514s] Level 1:colcon.colcon_core.environment:create_file_with_runtime_dependencies(/home/ros2_ws/install/pradobot_ultrasonic/share/colcon-core/packages/pradobot_ultrasonic)
[4.515s] DEBUG:colcon.colcon_parallel_executor.executor.parallel:closing loop
[4.515s] DEBUG:colcon.colcon_parallel_executor.executor.parallel:loop closed
[4.515s] DEBUG:colcon.colcon_parallel_executor.executor.parallel:run_until_complete finished with '0'
[4.516s] DEBUG:colcon.colcon_core.event_reactor:joining thread
[4.541s] INFO:colcon.colcon_core.plugin_system:Skipping extension 'colcon_notification.desktop_notification.notify_send': Could not find 'notify-send'
[4.541s] INFO:colcon.colcon_core.plugin_system:Skipping extension 'colcon_notification.desktop_notification.terminal_notifier': Not used on non-Darwin systems
[4.541s] INFO:colcon.colcon_core.plugin_system:Skipping extension 'colcon_notification.desktop_notification.win32': Not used on non-Windows systems
[4.541s] INFO:colcon.colcon_notification.desktop_notification:Sending desktop notification using 'notify2'
[4.541s] DEBUG:colcon.colcon_notification.desktop_notification.notify2:Failed to initialize notify2: org.freedesktop.DBus.Error.NotSupported: Unable to autolaunch a dbus-daemon without a $DISPLAY for X11
[4.541s] DEBUG:colcon.colcon_core.event_reactor:joined thread
[4.549s] INFO:colcon.colcon_core.shell:Creating prefix script '/home/ros2_ws/install/local_setup.ps1'
[4.552s] INFO:colcon.colcon_core.shell:Creating prefix util module '/home/ros2_ws/install/_local_setup_util_ps1.py'
[4.555s] INFO:colcon.colcon_core.shell:Creating prefix chain script '/home/ros2_ws/install/setup.ps1'
[4.559s] INFO:colcon.colcon_core.shell:Creating prefix script '/home/ros2_ws/install/local_setup.sh'
[4.561s] INFO:colcon.colcon_core.shell:Creating prefix util module '/home/ros2_ws/install/_local_setup_util_sh.py'
[4.562s] INFO:colcon.colcon_core.shell:Creating prefix chain script '/home/ros2_ws/install/setup.sh'
[4.598s] INFO:colcon.colcon_core.shell:Creating prefix script '/home/ros2_ws/install/local_setup.bash'
[4.600s] INFO:colcon.colcon_core.shell:Creating prefix chain script '/home/ros2_ws/install/setup.bash'
[4.603s] INFO:colcon.colcon_core.shell:Creating prefix script '/home/ros2_ws/install/local_setup.zsh'
[4.604s] INFO:colcon.colcon_core.shell:Creating prefix chain script '/home/ros2_ws/install/setup.zsh'
