[0.869s] DEBUG:colcon:Command line arguments: ['/usr/bin/colcon', 'build']
[0.869s] DEBUG:colcon:Parsed command line arguments: Namespace(ament_cmake_args=None, base_paths=['.'], build_base='build', catkin_cmake_args=None, catkin_skip_building_tests=False, cmake_args=None, cmake_clean_cache=False, cmake_clean_first=False, cmake_force_configure=False, cmake_target=None, cmake_target_skip_unavailable=False, continue_on_error=False, event_handlers=None, executor='parallel', ignore_user_meta=False, install_base='install', log_base=None, log_level=None, main=<bound method BuildVerb.main of <colcon_core.verb.build.BuildVerb object at 0xffff7f3aff70>>, merge_install=False, metas=['./colcon.meta'], packages_above=None, packages_above_and_dependencies=None, packages_above_depth=None, packages_end=None, packages_ignore=None, packages_ignore_regex=None, packages_select=None, packages_select_build_failed=False, packages_select_by_dep=None, packages_select_regex=None, packages_select_test_failures=False, packages_skip=None, packages_skip_build_finished=False, packages_skip_by_dep=None, packages_skip_regex=None, packages_skip_test_passed=False, packages_skip_up_to=None, packages_start=None, packages_up_to=None, packages_up_to_regex=None, parallel_workers=6, paths=None, symlink_install=False, test_result_base=None, verb_extension=<colcon_core.verb.build.BuildVerb object at 0xffff7f3aff70>, verb_name='build', verb_parser=<colcon_defaults.argument_parser.defaults.DefaultArgumentsDecorator object at 0xffff7f2f07c0>)
[0.996s] Level 1:colcon.colcon_core.package_discovery:discover_packages(colcon_meta) check parameters
[0.997s] Level 1:colcon.colcon_core.package_discovery:discover_packages(recursive) check parameters
[0.997s] Level 1:colcon.colcon_core.package_discovery:discover_packages(ignore) check parameters
[0.997s] Level 1:colcon.colcon_core.package_discovery:discover_packages(path) check parameters
[0.997s] Level 1:colcon.colcon_core.package_discovery:discover_packages(colcon_meta) discover
[0.997s] Level 1:colcon.colcon_core.package_discovery:discover_packages(recursive) discover
[0.997s] INFO:colcon.colcon_core.package_discovery:Crawling recursively for packages in '/home/ros2_ws'
[0.997s] Level 1:colcon.colcon_core.package_identification:_identify(.) by extensions ['ignore', 'ignore_ament_install']
[0.998s] Level 1:colcon.colcon_core.package_identification:_identify(.) by extension 'ignore'
[0.998s] Level 1:colcon.colcon_core.package_identification:_identify(.) by extension 'ignore_ament_install'
[0.998s] Level 1:colcon.colcon_core.package_identification:_identify(.) by extensions ['colcon_pkg']
[0.998s] Level 1:colcon.colcon_core.package_identification:_identify(.) by extension 'colcon_pkg'
[0.998s] Level 1:colcon.colcon_core.package_identification:_identify(.) by extensions ['colcon_meta']
[0.998s] Level 1:colcon.colcon_core.package_identification:_identify(.) by extension 'colcon_meta'
[0.998s] Level 1:colcon.colcon_core.package_identification:_identify(.) by extensions ['ros']
[0.998s] Level 1:colcon.colcon_core.package_identification:_identify(.) by extension 'ros'
[1.032s] Level 1:colcon.colcon_core.package_identification:_identify(.) by extensions ['cmake', 'python']
[1.032s] Level 1:colcon.colcon_core.package_identification:_identify(.) by extension 'cmake'
[1.032s] Level 1:colcon.colcon_core.package_identification:_identify(.) by extension 'python'
[1.032s] Level 1:colcon.colcon_core.package_identification:_identify(.) by extensions ['python_setup_py']
[1.032s] Level 1:colcon.colcon_core.package_identification:_identify(.) by extension 'python_setup_py'
[1.033s] Level 1:colcon.colcon_core.package_identification:_identify(build) by extensions ['ignore', 'ignore_ament_install']
[1.033s] Level 1:colcon.colcon_core.package_identification:_identify(build) by extension 'ignore'
[1.033s] Level 1:colcon.colcon_core.package_identification:_identify(build) ignored
[1.033s] Level 1:colcon.colcon_core.package_identification:_identify(install) by extensions ['ignore', 'ignore_ament_install']
[1.034s] Level 1:colcon.colcon_core.package_identification:_identify(install) by extension 'ignore'
[1.034s] Level 1:colcon.colcon_core.package_identification:_identify(install) ignored
[1.034s] Level 1:colcon.colcon_core.package_identification:_identify(launch) by extensions ['ignore', 'ignore_ament_install']
[1.034s] Level 1:colcon.colcon_core.package_identification:_identify(launch) by extension 'ignore'
[1.035s] Level 1:colcon.colcon_core.package_identification:_identify(launch) by extension 'ignore_ament_install'
[1.035s] Level 1:colcon.colcon_core.package_identification:_identify(launch) by extensions ['colcon_pkg']
[1.035s] Level 1:colcon.colcon_core.package_identification:_identify(launch) by extension 'colcon_pkg'
[1.035s] Level 1:colcon.colcon_core.package_identification:_identify(launch) by extensions ['colcon_meta']
[1.035s] Level 1:colcon.colcon_core.package_identification:_identify(launch) by extension 'colcon_meta'
[1.035s] Level 1:colcon.colcon_core.package_identification:_identify(launch) by extensions ['ros']
[1.035s] Level 1:colcon.colcon_core.package_identification:_identify(launch) by extension 'ros'
[1.035s] Level 1:colcon.colcon_core.package_identification:_identify(launch) by extensions ['cmake', 'python']
[1.035s] Level 1:colcon.colcon_core.package_identification:_identify(launch) by extension 'cmake'
[1.036s] Level 1:colcon.colcon_core.package_identification:_identify(launch) by extension 'python'
[1.036s] Level 1:colcon.colcon_core.package_identification:_identify(launch) by extensions ['python_setup_py']
[1.036s] Level 1:colcon.colcon_core.package_identification:_identify(launch) by extension 'python_setup_py'
[1.036s] Level 1:colcon.colcon_core.package_identification:_identify(launch/__pycache__) by extensions ['ignore', 'ignore_ament_install']
[1.036s] Level 1:colcon.colcon_core.package_identification:_identify(launch/__pycache__) by extension 'ignore'
[1.036s] Level 1:colcon.colcon_core.package_identification:_identify(launch/__pycache__) by extension 'ignore_ament_install'
[1.037s] Level 1:colcon.colcon_core.package_identification:_identify(launch/__pycache__) by extensions ['colcon_pkg']
[1.037s] Level 1:colcon.colcon_core.package_identification:_identify(launch/__pycache__) by extension 'colcon_pkg'
[1.037s] Level 1:colcon.colcon_core.package_identification:_identify(launch/__pycache__) by extensions ['colcon_meta']
[1.037s] Level 1:colcon.colcon_core.package_identification:_identify(launch/__pycache__) by extension 'colcon_meta'
[1.037s] Level 1:colcon.colcon_core.package_identification:_identify(launch/__pycache__) by extensions ['ros']
[1.037s] Level 1:colcon.colcon_core.package_identification:_identify(launch/__pycache__) by extension 'ros'
[1.037s] Level 1:colcon.colcon_core.package_identification:_identify(launch/__pycache__) by extensions ['cmake', 'python']
[1.037s] Level 1:colcon.colcon_core.package_identification:_identify(launch/__pycache__) by extension 'cmake'
[1.037s] Level 1:colcon.colcon_core.package_identification:_identify(launch/__pycache__) by extension 'python'
[1.037s] Level 1:colcon.colcon_core.package_identification:_identify(launch/__pycache__) by extensions ['python_setup_py']
[1.037s] Level 1:colcon.colcon_core.package_identification:_identify(launch/__pycache__) by extension 'python_setup_py'
[1.038s] Level 1:colcon.colcon_core.package_identification:_identify(log) by extensions ['ignore', 'ignore_ament_install']
[1.038s] Level 1:colcon.colcon_core.package_identification:_identify(log) by extension 'ignore'
[1.038s] Level 1:colcon.colcon_core.package_identification:_identify(log) ignored
[1.038s] Level 1:colcon.colcon_core.package_identification:_identify(src) by extensions ['ignore', 'ignore_ament_install']
[1.039s] Level 1:colcon.colcon_core.package_identification:_identify(src) by extension 'ignore'
[1.039s] Level 1:colcon.colcon_core.package_identification:_identify(src) by extension 'ignore_ament_install'
[1.039s] Level 1:colcon.colcon_core.package_identification:_identify(src) by extensions ['colcon_pkg']
[1.039s] Level 1:colcon.colcon_core.package_identification:_identify(src) by extension 'colcon_pkg'
[1.039s] Level 1:colcon.colcon_core.package_identification:_identify(src) by extensions ['colcon_meta']
[1.039s] Level 1:colcon.colcon_core.package_identification:_identify(src) by extension 'colcon_meta'
[1.039s] Level 1:colcon.colcon_core.package_identification:_identify(src) by extensions ['ros']
[1.039s] Level 1:colcon.colcon_core.package_identification:_identify(src) by extension 'ros'
[1.039s] Level 1:colcon.colcon_core.package_identification:_identify(src) by extensions ['cmake', 'python']
[1.040s] Level 1:colcon.colcon_core.package_identification:_identify(src) by extension 'cmake'
[1.040s] Level 1:colcon.colcon_core.package_identification:_identify(src) by extension 'python'
[1.040s] Level 1:colcon.colcon_core.package_identification:_identify(src) by extensions ['python_setup_py']
[1.040s] Level 1:colcon.colcon_core.package_identification:_identify(src) by extension 'python_setup_py'
[1.040s] Level 1:colcon.colcon_core.package_identification:_identify(src/build) by extensions ['ignore', 'ignore_ament_install']
[1.040s] Level 1:colcon.colcon_core.package_identification:_identify(src/build) by extension 'ignore'
[1.040s] Level 1:colcon.colcon_core.package_identification:_identify(src/build) ignored
[1.041s] Level 1:colcon.colcon_core.package_identification:_identify(src/install) by extensions ['ignore', 'ignore_ament_install']
[1.041s] Level 1:colcon.colcon_core.package_identification:_identify(src/install) by extension 'ignore'
[1.041s] Level 1:colcon.colcon_core.package_identification:_identify(src/install) ignored
[1.042s] Level 1:colcon.colcon_core.package_identification:_identify(src/log) by extensions ['ignore', 'ignore_ament_install']
[1.042s] Level 1:colcon.colcon_core.package_identification:_identify(src/log) by extension 'ignore'
[1.042s] Level 1:colcon.colcon_core.package_identification:_identify(src/log) ignored
[1.043s] Level 1:colcon.colcon_core.package_identification:_identify(src/pradobot_controller) by extensions ['ignore', 'ignore_ament_install']
[1.043s] Level 1:colcon.colcon_core.package_identification:_identify(src/pradobot_controller) by extension 'ignore'
[1.043s] Level 1:colcon.colcon_core.package_identification:_identify(src/pradobot_controller) by extension 'ignore_ament_install'
[1.043s] Level 1:colcon.colcon_core.package_identification:_identify(src/pradobot_controller) by extensions ['colcon_pkg']
[1.043s] Level 1:colcon.colcon_core.package_identification:_identify(src/pradobot_controller) by extension 'colcon_pkg'
[1.043s] Level 1:colcon.colcon_core.package_identification:_identify(src/pradobot_controller) by extensions ['colcon_meta']
[1.043s] Level 1:colcon.colcon_core.package_identification:_identify(src/pradobot_controller) by extension 'colcon_meta'
[1.043s] Level 1:colcon.colcon_core.package_identification:_identify(src/pradobot_controller) by extensions ['ros']
[1.044s] Level 1:colcon.colcon_core.package_identification:_identify(src/pradobot_controller) by extension 'ros'
[1.044s] Level 1:colcon.colcon_core.package_identification:_identify(src/pradobot_controller) by extensions ['cmake', 'python']
[1.044s] Level 1:colcon.colcon_core.package_identification:_identify(src/pradobot_controller) by extension 'cmake'
[1.044s] Level 1:colcon.colcon_core.package_identification:_identify(src/pradobot_controller) by extension 'python'
[1.044s] Level 1:colcon.colcon_core.package_identification:_identify(src/pradobot_controller) by extensions ['python_setup_py']
[1.044s] Level 1:colcon.colcon_core.package_identification:_identify(src/pradobot_controller) by extension 'python_setup_py'
[1.044s] Level 1:colcon.colcon_core.package_identification:_identify(src/pradobot_ultrasonic) by extensions ['ignore', 'ignore_ament_install']
[1.045s] Level 1:colcon.colcon_core.package_identification:_identify(src/pradobot_ultrasonic) by extension 'ignore'
[1.045s] Level 1:colcon.colcon_core.package_identification:_identify(src/pradobot_ultrasonic) by extension 'ignore_ament_install'
[1.045s] Level 1:colcon.colcon_core.package_identification:_identify(src/pradobot_ultrasonic) by extensions ['colcon_pkg']
[1.045s] Level 1:colcon.colcon_core.package_identification:_identify(src/pradobot_ultrasonic) by extension 'colcon_pkg'
[1.045s] Level 1:colcon.colcon_core.package_identification:_identify(src/pradobot_ultrasonic) by extensions ['colcon_meta']
[1.045s] Level 1:colcon.colcon_core.package_identification:_identify(src/pradobot_ultrasonic) by extension 'colcon_meta'
[1.045s] Level 1:colcon.colcon_core.package_identification:_identify(src/pradobot_ultrasonic) by extensions ['ros']
[1.045s] Level 1:colcon.colcon_core.package_identification:_identify(src/pradobot_ultrasonic) by extension 'ros'
[1.051s] DEBUG:colcon.colcon_core.package_identification:Package 'src/pradobot_ultrasonic' with type 'ros.ament_python' and name 'pradobot_ultrasonic'
[1.052s] Level 1:colcon.colcon_core.package_identification:_identify(src/vectornav) by extensions ['ignore', 'ignore_ament_install']
[1.052s] Level 1:colcon.colcon_core.package_identification:_identify(src/vectornav) by extension 'ignore'
[1.052s] Level 1:colcon.colcon_core.package_identification:_identify(src/vectornav) by extension 'ignore_ament_install'
[1.052s] Level 1:colcon.colcon_core.package_identification:_identify(src/vectornav) by extensions ['colcon_pkg']
[1.052s] Level 1:colcon.colcon_core.package_identification:_identify(src/vectornav) by extension 'colcon_pkg'
[1.052s] Level 1:colcon.colcon_core.package_identification:_identify(src/vectornav) by extensions ['colcon_meta']
[1.052s] Level 1:colcon.colcon_core.package_identification:_identify(src/vectornav) by extension 'colcon_meta'
[1.053s] Level 1:colcon.colcon_core.package_identification:_identify(src/vectornav) by extensions ['ros']
[1.053s] Level 1:colcon.colcon_core.package_identification:_identify(src/vectornav) by extension 'ros'
[1.053s] Level 1:colcon.colcon_core.package_identification:_identify(src/vectornav) by extensions ['cmake', 'python']
[1.053s] Level 1:colcon.colcon_core.package_identification:_identify(src/vectornav) by extension 'cmake'
[1.053s] Level 1:colcon.colcon_core.package_identification:_identify(src/vectornav) by extension 'python'
[1.053s] Level 1:colcon.colcon_core.package_identification:_identify(src/vectornav) by extensions ['python_setup_py']
[1.053s] Level 1:colcon.colcon_core.package_identification:_identify(src/vectornav) by extension 'python_setup_py'
[1.054s] Level 1:colcon.colcon_core.package_identification:_identify(src/vectornav/build) by extensions ['ignore', 'ignore_ament_install']
[1.054s] Level 1:colcon.colcon_core.package_identification:_identify(src/vectornav/build) by extension 'ignore'
[1.054s] Level 1:colcon.colcon_core.package_identification:_identify(src/vectornav/build) ignored
[1.054s] Level 1:colcon.colcon_core.package_identification:_identify(src/vectornav/install) by extensions ['ignore', 'ignore_ament_install']
[1.054s] Level 1:colcon.colcon_core.package_identification:_identify(src/vectornav/install) by extension 'ignore'
[1.054s] Level 1:colcon.colcon_core.package_identification:_identify(src/vectornav/install) ignored
[1.055s] Level 1:colcon.colcon_core.package_identification:_identify(src/vectornav/log) by extensions ['ignore', 'ignore_ament_install']
[1.055s] Level 1:colcon.colcon_core.package_identification:_identify(src/vectornav/log) by extension 'ignore'
[1.055s] Level 1:colcon.colcon_core.package_identification:_identify(src/vectornav/log) ignored
[1.056s] Level 1:colcon.colcon_core.package_identification:_identify(src/vectornav/vectornav) by extensions ['ignore', 'ignore_ament_install']
[1.056s] Level 1:colcon.colcon_core.package_identification:_identify(src/vectornav/vectornav) by extension 'ignore'
[1.056s] Level 1:colcon.colcon_core.package_identification:_identify(src/vectornav/vectornav) by extension 'ignore_ament_install'
[1.056s] Level 1:colcon.colcon_core.package_identification:_identify(src/vectornav/vectornav) by extensions ['colcon_pkg']
[1.056s] Level 1:colcon.colcon_core.package_identification:_identify(src/vectornav/vectornav) by extension 'colcon_pkg'
[1.056s] Level 1:colcon.colcon_core.package_identification:_identify(src/vectornav/vectornav) by extensions ['colcon_meta']
[1.057s] Level 1:colcon.colcon_core.package_identification:_identify(src/vectornav/vectornav) by extension 'colcon_meta'
[1.057s] Level 1:colcon.colcon_core.package_identification:_identify(src/vectornav/vectornav) by extensions ['ros']
[1.057s] Level 1:colcon.colcon_core.package_identification:_identify(src/vectornav/vectornav) by extension 'ros'
[1.059s] DEBUG:colcon.colcon_core.package_identification:Package 'src/vectornav/vectornav' with type 'ros.ament_cmake' and name 'vectornav'
[1.059s] Level 1:colcon.colcon_core.package_identification:_identify(src/vectornav/vectornav_msgs) by extensions ['ignore', 'ignore_ament_install']
[1.059s] Level 1:colcon.colcon_core.package_identification:_identify(src/vectornav/vectornav_msgs) by extension 'ignore'
[1.060s] Level 1:colcon.colcon_core.package_identification:_identify(src/vectornav/vectornav_msgs) by extension 'ignore_ament_install'
[1.060s] Level 1:colcon.colcon_core.package_identification:_identify(src/vectornav/vectornav_msgs) by extensions ['colcon_pkg']
[1.060s] Level 1:colcon.colcon_core.package_identification:_identify(src/vectornav/vectornav_msgs) by extension 'colcon_pkg'
[1.060s] Level 1:colcon.colcon_core.package_identification:_identify(src/vectornav/vectornav_msgs) by extensions ['colcon_meta']
[1.060s] Level 1:colcon.colcon_core.package_identification:_identify(src/vectornav/vectornav_msgs) by extension 'colcon_meta'
[1.060s] Level 1:colcon.colcon_core.package_identification:_identify(src/vectornav/vectornav_msgs) by extensions ['ros']
[1.060s] Level 1:colcon.colcon_core.package_identification:_identify(src/vectornav/vectornav_msgs) by extension 'ros'
[1.061s] DEBUG:colcon.colcon_core.package_identification:Package 'src/vectornav/vectornav_msgs' with type 'ros.ament_cmake' and name 'vectornav_msgs'
[1.061s] Level 1:colcon.colcon_core.package_discovery:discover_packages(recursive) using defaults
[1.062s] Level 1:colcon.colcon_core.package_discovery:discover_packages(ignore) discover
[1.062s] Level 1:colcon.colcon_core.package_discovery:discover_packages(ignore) using defaults
[1.062s] Level 1:colcon.colcon_core.package_discovery:discover_packages(path) discover
[1.062s] Level 1:colcon.colcon_core.package_discovery:discover_packages(path) using defaults
[1.130s] Level 5:colcon.colcon_core.verb:set package 'pradobot_ultrasonic' build argument 'cmake_args' from command line to 'None'
[1.130s] Level 5:colcon.colcon_core.verb:set package 'pradobot_ultrasonic' build argument 'cmake_target' from command line to 'None'
[1.130s] Level 5:colcon.colcon_core.verb:set package 'pradobot_ultrasonic' build argument 'cmake_target_skip_unavailable' from command line to 'False'
[1.130s] Level 5:colcon.colcon_core.verb:set package 'pradobot_ultrasonic' build argument 'cmake_clean_cache' from command line to 'False'
[1.130s] Level 5:colcon.colcon_core.verb:set package 'pradobot_ultrasonic' build argument 'cmake_clean_first' from command line to 'False'
[1.130s] Level 5:colcon.colcon_core.verb:set package 'pradobot_ultrasonic' build argument 'cmake_force_configure' from command line to 'False'
[1.131s] Level 5:colcon.colcon_core.verb:set package 'pradobot_ultrasonic' build argument 'ament_cmake_args' from command line to 'None'
[1.131s] Level 5:colcon.colcon_core.verb:set package 'pradobot_ultrasonic' build argument 'catkin_cmake_args' from command line to 'None'
[1.131s] Level 5:colcon.colcon_core.verb:set package 'pradobot_ultrasonic' build argument 'catkin_skip_building_tests' from command line to 'False'
[1.131s] DEBUG:colcon.colcon_core.verb:Building package 'pradobot_ultrasonic' with the following arguments: {'ament_cmake_args': None, 'build_base': '/home/ros2_ws/build/pradobot_ultrasonic', 'catkin_cmake_args': None, 'catkin_skip_building_tests': False, 'cmake_args': None, 'cmake_clean_cache': False, 'cmake_clean_first': False, 'cmake_force_configure': False, 'cmake_target': None, 'cmake_target_skip_unavailable': False, 'install_base': '/home/ros2_ws/install/pradobot_ultrasonic', 'merge_install': False, 'path': '/home/ros2_ws/src/pradobot_ultrasonic', 'symlink_install': False, 'test_result_base': None}
[1.134s] Level 5:colcon.colcon_core.verb:set package 'vectornav_msgs' build argument 'cmake_args' from command line to 'None'
[1.134s] Level 5:colcon.colcon_core.verb:set package 'vectornav_msgs' build argument 'cmake_target' from command line to 'None'
[1.134s] Level 5:colcon.colcon_core.verb:set package 'vectornav_msgs' build argument 'cmake_target_skip_unavailable' from command line to 'False'
[1.134s] Level 5:colcon.colcon_core.verb:set package 'vectornav_msgs' build argument 'cmake_clean_cache' from command line to 'False'
[1.134s] Level 5:colcon.colcon_core.verb:set package 'vectornav_msgs' build argument 'cmake_clean_first' from command line to 'False'
[1.134s] Level 5:colcon.colcon_core.verb:set package 'vectornav_msgs' build argument 'cmake_force_configure' from command line to 'False'
[1.134s] Level 5:colcon.colcon_core.verb:set package 'vectornav_msgs' build argument 'ament_cmake_args' from command line to 'None'
[1.134s] Level 5:colcon.colcon_core.verb:set package 'vectornav_msgs' build argument 'catkin_cmake_args' from command line to 'None'
[1.134s] Level 5:colcon.colcon_core.verb:set package 'vectornav_msgs' build argument 'catkin_skip_building_tests' from command line to 'False'
[1.135s] DEBUG:colcon.colcon_core.verb:Building package 'vectornav_msgs' with the following arguments: {'ament_cmake_args': None, 'build_base': '/home/ros2_ws/build/vectornav_msgs', 'catkin_cmake_args': None, 'catkin_skip_building_tests': False, 'cmake_args': None, 'cmake_clean_cache': False, 'cmake_clean_first': False, 'cmake_force_configure': False, 'cmake_target': None, 'cmake_target_skip_unavailable': False, 'install_base': '/home/ros2_ws/install/vectornav_msgs', 'merge_install': False, 'path': '/home/ros2_ws/src/vectornav/vectornav_msgs', 'symlink_install': False, 'test_result_base': None}
[1.138s] Level 5:colcon.colcon_core.verb:set package 'vectornav' build argument 'cmake_args' from command line to 'None'
[1.138s] Level 5:colcon.colcon_core.verb:set package 'vectornav' build argument 'cmake_target' from command line to 'None'
[1.138s] Level 5:colcon.colcon_core.verb:set package 'vectornav' build argument 'cmake_target_skip_unavailable' from command line to 'False'
[1.138s] Level 5:colcon.colcon_core.verb:set package 'vectornav' build argument 'cmake_clean_cache' from command line to 'False'
[1.138s] Level 5:colcon.colcon_core.verb:set package 'vectornav' build argument 'cmake_clean_first' from command line to 'False'
[1.138s] Level 5:colcon.colcon_core.verb:set package 'vectornav' build argument 'cmake_force_configure' from command line to 'False'
[1.138s] Level 5:colcon.colcon_core.verb:set package 'vectornav' build argument 'ament_cmake_args' from command line to 'None'
[1.138s] Level 5:colcon.colcon_core.verb:set package 'vectornav' build argument 'catkin_cmake_args' from command line to 'None'
[1.138s] Level 5:colcon.colcon_core.verb:set package 'vectornav' build argument 'catkin_skip_building_tests' from command line to 'False'
[1.138s] DEBUG:colcon.colcon_core.verb:Building package 'vectornav' with the following arguments: {'ament_cmake_args': None, 'build_base': '/home/ros2_ws/build/vectornav', 'catkin_cmake_args': None, 'catkin_skip_building_tests': False, 'cmake_args': None, 'cmake_clean_cache': False, 'cmake_clean_first': False, 'cmake_force_configure': False, 'cmake_target': None, 'cmake_target_skip_unavailable': False, 'install_base': '/home/ros2_ws/install/vectornav', 'merge_install': False, 'path': '/home/ros2_ws/src/vectornav/vectornav', 'symlink_install': False, 'test_result_base': None}
[1.141s] INFO:colcon.colcon_core.executor:Executing jobs using 'parallel' executor
[1.154s] DEBUG:colcon.colcon_parallel_executor.executor.parallel:run_until_complete
[1.155s] INFO:colcon.colcon_ros.task.ament_cmake.build:Building ROS package in '/home/ros2_ws/src/vectornav/vectornav_msgs' with build type 'ament_cmake'
[1.155s] INFO:colcon.colcon_cmake.task.cmake.build:Building CMake package in '/home/ros2_ws/src/vectornav/vectornav_msgs'
[1.169s] INFO:colcon.colcon_core.plugin_system:Skipping extension 'colcon_core.shell.bat': Not used on non-Windows systems
[1.170s] INFO:colcon.colcon_core.shell:Skip shell extension 'powershell' for command environment: Not usable outside of PowerShell
[1.170s] DEBUG:colcon.colcon_core.shell:Skip shell extension 'dsv' for command environment
[1.198s] INFO:colcon.colcon_ros.task.ament_python.build:Building ROS package in '/home/ros2_ws/src/pradobot_ultrasonic' with build type 'ament_python'
[1.199s] Level 1:colcon.colcon_core.shell:create_environment_hook('pradobot_ultrasonic', 'ament_prefix_path')
[1.205s] INFO:colcon.colcon_core.shell:Creating environment hook '/home/ros2_ws/install/pradobot_ultrasonic/share/pradobot_ultrasonic/hook/ament_prefix_path.ps1'
[1.208s] INFO:colcon.colcon_core.shell:Creating environment descriptor '/home/ros2_ws/install/pradobot_ultrasonic/share/pradobot_ultrasonic/hook/ament_prefix_path.dsv'
[1.209s] INFO:colcon.colcon_core.shell:Creating environment hook '/home/ros2_ws/install/pradobot_ultrasonic/share/pradobot_ultrasonic/hook/ament_prefix_path.sh'
[1.215s] INFO:colcon.colcon_core.shell:Skip shell extension 'powershell' for command environment: Not usable outside of PowerShell
[1.216s] DEBUG:colcon.colcon_core.shell:Skip shell extension 'dsv' for command environment
[1.248s] DEBUG:colcon.colcon_core.event_handler.log_command:Invoking command in '/home/ros2_ws/build/vectornav_msgs': /usr/local/bin/cmake --build /home/ros2_ws/build/vectornav_msgs -- -j6 -l6
[1.717s] INFO:colcon.colcon_core.task.python.build:Building Python package in '/home/ros2_ws/src/pradobot_ultrasonic'
[1.724s] INFO:colcon.colcon_core.shell:Skip shell extension 'powershell' for command environment: Not usable outside of PowerShell
[1.724s] DEBUG:colcon.colcon_core.shell:Skip shell extension 'dsv' for command environment
[2.102s] DEBUG:colcon.colcon_core.event_handler.log_command:Invoked command in '/home/ros2_ws/build/vectornav_msgs' returned '0': /usr/local/bin/cmake --build /home/ros2_ws/build/vectornav_msgs -- -j6 -l6
[2.621s] DEBUG:colcon.colcon_core.event_handler.log_command:Invoking command in '/home/ros2_ws/build/vectornav_msgs': /usr/local/bin/cmake --install /home/ros2_ws/build/vectornav_msgs
[2.814s] Level 1:colcon.colcon_core.environment:create_environment_scripts_only(vectornav_msgs)
[2.818s] DEBUG:colcon.colcon_core.event_handler.log_command:Invoked command in '/home/ros2_ws/build/vectornav_msgs' returned '0': /usr/local/bin/cmake --install /home/ros2_ws/build/vectornav_msgs
[2.833s] Level 1:colcon.colcon_core.environment:checking '/home/ros2_ws/install/vectornav_msgs' for CMake module files
[2.835s] Level 1:colcon.colcon_core.environment:checking '/home/ros2_ws/install/vectornav_msgs' for CMake config files
[2.837s] Level 1:colcon.colcon_core.shell:create_environment_hook('vectornav_msgs', 'cmake_prefix_path')
[2.842s] INFO:colcon.colcon_core.shell:Creating environment hook '/home/ros2_ws/install/vectornav_msgs/share/vectornav_msgs/hook/cmake_prefix_path.ps1'
[2.844s] INFO:colcon.colcon_core.shell:Creating environment descriptor '/home/ros2_ws/install/vectornav_msgs/share/vectornav_msgs/hook/cmake_prefix_path.dsv'
[2.844s] INFO:colcon.colcon_core.shell:Creating environment hook '/home/ros2_ws/install/vectornav_msgs/share/vectornav_msgs/hook/cmake_prefix_path.sh'
[2.846s] Level 1:colcon.colcon_core.environment:checking '/home/ros2_ws/install/vectornav_msgs/lib'
[2.846s] Level 1:colcon.colcon_core.shell:create_environment_hook('vectornav_msgs', 'ld_library_path_lib')
[2.852s] INFO:colcon.colcon_core.shell:Creating environment hook '/home/ros2_ws/install/vectornav_msgs/share/vectornav_msgs/hook/ld_library_path_lib.ps1'
[2.853s] INFO:colcon.colcon_core.shell:Creating environment descriptor '/home/ros2_ws/install/vectornav_msgs/share/vectornav_msgs/hook/ld_library_path_lib.dsv'
[2.854s] INFO:colcon.colcon_core.shell:Creating environment hook '/home/ros2_ws/install/vectornav_msgs/share/vectornav_msgs/hook/ld_library_path_lib.sh'
[2.855s] Level 1:colcon.colcon_core.environment:checking '/home/ros2_ws/install/vectornav_msgs/bin'
[2.855s] Level 1:colcon.colcon_core.environment:checking '/home/ros2_ws/install/vectornav_msgs/lib/pkgconfig/vectornav_msgs.pc'
[2.855s] Level 1:colcon.colcon_core.environment:checking '/home/ros2_ws/install/vectornav_msgs/lib/python3.8/site-packages'
[2.855s] Level 1:colcon.colcon_core.shell:create_environment_hook('vectornav_msgs', 'pythonpath')
[2.861s] INFO:colcon.colcon_core.shell:Creating environment hook '/home/ros2_ws/install/vectornav_msgs/share/vectornav_msgs/hook/pythonpath.ps1'
[2.862s] INFO:colcon.colcon_core.shell:Creating environment descriptor '/home/ros2_ws/install/vectornav_msgs/share/vectornav_msgs/hook/pythonpath.dsv'
[2.863s] INFO:colcon.colcon_core.shell:Creating environment hook '/home/ros2_ws/install/vectornav_msgs/share/vectornav_msgs/hook/pythonpath.sh'
[2.864s] Level 1:colcon.colcon_core.environment:checking '/home/ros2_ws/install/vectornav_msgs/bin'
[2.870s] INFO:colcon.colcon_core.shell:Creating package script '/home/ros2_ws/install/vectornav_msgs/share/vectornav_msgs/package.ps1'
[2.872s] INFO:colcon.colcon_core.shell:Creating package descriptor '/home/ros2_ws/install/vectornav_msgs/share/vectornav_msgs/package.dsv'
[2.873s] INFO:colcon.colcon_core.shell:Creating package script '/home/ros2_ws/install/vectornav_msgs/share/vectornav_msgs/package.sh'
[2.875s] INFO:colcon.colcon_core.shell:Creating package script '/home/ros2_ws/install/vectornav_msgs/share/vectornav_msgs/package.bash'
[2.876s] INFO:colcon.colcon_core.shell:Creating package script '/home/ros2_ws/install/vectornav_msgs/share/vectornav_msgs/package.zsh'
[2.878s] Level 1:colcon.colcon_core.environment:create_file_with_runtime_dependencies(/home/ros2_ws/install/vectornav_msgs/share/colcon-core/packages/vectornav_msgs)
[3.302s] DEBUG:colcon.colcon_core.event_handler.log_command:Invoking command in '/home/ros2_ws/src/pradobot_ultrasonic': PYTHONPATH=/home/ros2_ws/build/pradobot_ultrasonic/prefix_override:/home/ros2_ws/install/pradobot_ultrasonic/lib/python3.8/site-packages:${PYTHONPATH} /usr/bin/python3 setup.py egg_info --egg-base ../../build/pradobot_ultrasonic build --build-base /home/ros2_ws/build/pradobot_ultrasonic/build install --record /home/ros2_ws/build/pradobot_ultrasonic/install.log --single-version-externally-managed
[3.337s] Level 1:colcon.colcon_core.environment:create_environment_scripts_only(vectornav_msgs)
[3.345s] Level 1:colcon.colcon_core.environment:checking '/home/ros2_ws/install/vectornav_msgs' for CMake module files
[3.347s] Level 1:colcon.colcon_core.environment:checking '/home/ros2_ws/install/vectornav_msgs' for CMake config files
[3.348s] Level 1:colcon.colcon_core.shell:create_environment_hook('vectornav_msgs', 'cmake_prefix_path')
[3.354s] INFO:colcon.colcon_core.shell:Creating environment hook '/home/ros2_ws/install/vectornav_msgs/share/vectornav_msgs/hook/cmake_prefix_path.ps1'
[3.355s] INFO:colcon.colcon_core.shell:Creating environment descriptor '/home/ros2_ws/install/vectornav_msgs/share/vectornav_msgs/hook/cmake_prefix_path.dsv'
[3.356s] INFO:colcon.colcon_core.shell:Creating environment hook '/home/ros2_ws/install/vectornav_msgs/share/vectornav_msgs/hook/cmake_prefix_path.sh'
[3.357s] Level 1:colcon.colcon_core.environment:checking '/home/ros2_ws/install/vectornav_msgs/lib'
[3.357s] Level 1:colcon.colcon_core.shell:create_environment_hook('vectornav_msgs', 'ld_library_path_lib')
[3.363s] INFO:colcon.colcon_core.shell:Creating environment hook '/home/ros2_ws/install/vectornav_msgs/share/vectornav_msgs/hook/ld_library_path_lib.ps1'
[3.364s] INFO:colcon.colcon_core.shell:Creating environment descriptor '/home/ros2_ws/install/vectornav_msgs/share/vectornav_msgs/hook/ld_library_path_lib.dsv'
[3.364s] INFO:colcon.colcon_core.shell:Creating environment hook '/home/ros2_ws/install/vectornav_msgs/share/vectornav_msgs/hook/ld_library_path_lib.sh'
[3.366s] Level 1:colcon.colcon_core.environment:checking '/home/ros2_ws/install/vectornav_msgs/bin'
[3.366s] Level 1:colcon.colcon_core.environment:checking '/home/ros2_ws/install/vectornav_msgs/lib/pkgconfig/vectornav_msgs.pc'
[3.367s] Level 1:colcon.colcon_core.environment:checking '/home/ros2_ws/install/vectornav_msgs/lib/python3.8/site-packages'
[3.367s] Level 1:colcon.colcon_core.shell:create_environment_hook('vectornav_msgs', 'pythonpath')
[3.372s] INFO:colcon.colcon_core.shell:Creating environment hook '/home/ros2_ws/install/vectornav_msgs/share/vectornav_msgs/hook/pythonpath.ps1'
[3.373s] INFO:colcon.colcon_core.shell:Creating environment descriptor '/home/ros2_ws/install/vectornav_msgs/share/vectornav_msgs/hook/pythonpath.dsv'
[3.374s] INFO:colcon.colcon_core.shell:Creating environment hook '/home/ros2_ws/install/vectornav_msgs/share/vectornav_msgs/hook/pythonpath.sh'
[3.375s] Level 1:colcon.colcon_core.environment:checking '/home/ros2_ws/install/vectornav_msgs/bin'
[3.381s] INFO:colcon.colcon_core.shell:Creating package script '/home/ros2_ws/install/vectornav_msgs/share/vectornav_msgs/package.ps1'
[3.382s] INFO:colcon.colcon_core.shell:Creating package descriptor '/home/ros2_ws/install/vectornav_msgs/share/vectornav_msgs/package.dsv'
[3.384s] INFO:colcon.colcon_core.shell:Creating package script '/home/ros2_ws/install/vectornav_msgs/share/vectornav_msgs/package.sh'
[3.385s] INFO:colcon.colcon_core.shell:Creating package script '/home/ros2_ws/install/vectornav_msgs/share/vectornav_msgs/package.bash'
[3.385s] INFO:colcon.colcon_core.shell:Creating package script '/home/ros2_ws/install/vectornav_msgs/share/vectornav_msgs/package.zsh'
[3.386s] Level 1:colcon.colcon_core.environment:create_file_with_runtime_dependencies(/home/ros2_ws/install/vectornav_msgs/share/colcon-core/packages/vectornav_msgs)
[3.387s] INFO:colcon.colcon_ros.task.ament_cmake.build:Building ROS package in '/home/ros2_ws/src/vectornav/vectornav' with build type 'ament_cmake'
[3.388s] INFO:colcon.colcon_cmake.task.cmake.build:Building CMake package in '/home/ros2_ws/src/vectornav/vectornav'
[3.394s] INFO:colcon.colcon_core.shell:Skip shell extension 'powershell' for command environment: Not usable outside of PowerShell
[3.394s] DEBUG:colcon.colcon_core.shell:Skip shell extension 'dsv' for command environment
[3.435s] DEBUG:colcon.colcon_core.event_handler.log_command:Invoking command in '/home/ros2_ws/build/vectornav': AMENT_PREFIX_PATH=/home/ros2_ws/install/vectornav_msgs:${AMENT_PREFIX_PATH} CMAKE_PREFIX_PATH=/home/ros2_ws/install/vectornav_msgs:${CMAKE_PREFIX_PATH} LD_LIBRARY_PATH=/home/ros2_ws/install/vectornav_msgs/lib:/opt/ros/humble/install/opt/rviz_ogre_vendor/lib:/opt/ros/humble/install/lib:/usr/local/cuda/lib64 PYTHONPATH=/home/ros2_ws/install/vectornav_msgs/lib/python3.8/site-packages:${PYTHONPATH} /usr/local/bin/cmake --build /home/ros2_ws/build/vectornav -- -j6 -l6
[3.617s] DEBUG:colcon.colcon_core.event_handler.log_command:Invoked command in '/home/ros2_ws/build/vectornav' returned '0': AMENT_PREFIX_PATH=/home/ros2_ws/install/vectornav_msgs:${AMENT_PREFIX_PATH} CMAKE_PREFIX_PATH=/home/ros2_ws/install/vectornav_msgs:${CMAKE_PREFIX_PATH} LD_LIBRARY_PATH=/home/ros2_ws/install/vectornav_msgs/lib:/opt/ros/humble/install/opt/rviz_ogre_vendor/lib:/opt/ros/humble/install/lib:/usr/local/cuda/lib64 PYTHONPATH=/home/ros2_ws/install/vectornav_msgs/lib/python3.8/site-packages:${PYTHONPATH} /usr/local/bin/cmake --build /home/ros2_ws/build/vectornav -- -j6 -l6
[3.718s] DEBUG:colcon.colcon_core.event_handler.log_command:Invoking command in '/home/ros2_ws/build/vectornav': AMENT_PREFIX_PATH=/home/ros2_ws/install/vectornav_msgs:${AMENT_PREFIX_PATH} CMAKE_PREFIX_PATH=/home/ros2_ws/install/vectornav_msgs:${CMAKE_PREFIX_PATH} LD_LIBRARY_PATH=/home/ros2_ws/install/vectornav_msgs/lib:/opt/ros/humble/install/opt/rviz_ogre_vendor/lib:/opt/ros/humble/install/lib:/usr/local/cuda/lib64 PYTHONPATH=/home/ros2_ws/install/vectornav_msgs/lib/python3.8/site-packages:${PYTHONPATH} /usr/local/bin/cmake --install /home/ros2_ws/build/vectornav
[3.796s] Level 1:colcon.colcon_core.environment:create_environment_scripts_only(vectornav)
[3.805s] Level 1:colcon.colcon_core.environment:checking '/home/ros2_ws/install/vectornav' for CMake module files
[3.806s] DEBUG:colcon.colcon_core.event_handler.log_command:Invoked command in '/home/ros2_ws/build/vectornav' returned '0': AMENT_PREFIX_PATH=/home/ros2_ws/install/vectornav_msgs:${AMENT_PREFIX_PATH} CMAKE_PREFIX_PATH=/home/ros2_ws/install/vectornav_msgs:${CMAKE_PREFIX_PATH} LD_LIBRARY_PATH=/home/ros2_ws/install/vectornav_msgs/lib:/opt/ros/humble/install/opt/rviz_ogre_vendor/lib:/opt/ros/humble/install/lib:/usr/local/cuda/lib64 PYTHONPATH=/home/ros2_ws/install/vectornav_msgs/lib/python3.8/site-packages:${PYTHONPATH} /usr/local/bin/cmake --install /home/ros2_ws/build/vectornav
[3.808s] Level 1:colcon.colcon_core.environment:checking '/home/ros2_ws/install/vectornav' for CMake config files
[3.809s] Level 1:colcon.colcon_core.shell:create_environment_hook('vectornav', 'cmake_prefix_path')
[3.814s] INFO:colcon.colcon_core.shell:Creating environment hook '/home/ros2_ws/install/vectornav/share/vectornav/hook/cmake_prefix_path.ps1'
[3.815s] INFO:colcon.colcon_core.shell:Creating environment descriptor '/home/ros2_ws/install/vectornav/share/vectornav/hook/cmake_prefix_path.dsv'
[3.816s] INFO:colcon.colcon_core.shell:Creating environment hook '/home/ros2_ws/install/vectornav/share/vectornav/hook/cmake_prefix_path.sh'
[3.817s] Level 1:colcon.colcon_core.environment:checking '/home/ros2_ws/install/vectornav/lib'
[3.818s] Level 1:colcon.colcon_core.shell:create_environment_hook('vectornav', 'ld_library_path_lib')
[3.823s] INFO:colcon.colcon_core.shell:Creating environment hook '/home/ros2_ws/install/vectornav/share/vectornav/hook/ld_library_path_lib.ps1'
[3.824s] INFO:colcon.colcon_core.shell:Creating environment descriptor '/home/ros2_ws/install/vectornav/share/vectornav/hook/ld_library_path_lib.dsv'
[3.825s] INFO:colcon.colcon_core.shell:Creating environment hook '/home/ros2_ws/install/vectornav/share/vectornav/hook/ld_library_path_lib.sh'
[3.825s] Level 1:colcon.colcon_core.environment:checking '/home/ros2_ws/install/vectornav/bin'
[3.826s] Level 1:colcon.colcon_core.environment:checking '/home/ros2_ws/install/vectornav/lib/pkgconfig/vectornav.pc'
[3.826s] Level 1:colcon.colcon_core.environment:checking '/home/ros2_ws/install/vectornav/lib/python3.8/site-packages'
[3.827s] Level 1:colcon.colcon_core.environment:checking '/home/ros2_ws/install/vectornav/bin'
[3.832s] INFO:colcon.colcon_core.shell:Creating package script '/home/ros2_ws/install/vectornav/share/vectornav/package.ps1'
[3.833s] INFO:colcon.colcon_core.shell:Creating package descriptor '/home/ros2_ws/install/vectornav/share/vectornav/package.dsv'
[3.834s] INFO:colcon.colcon_core.shell:Creating package script '/home/ros2_ws/install/vectornav/share/vectornav/package.sh'
[3.835s] INFO:colcon.colcon_core.shell:Creating package script '/home/ros2_ws/install/vectornav/share/vectornav/package.bash'
[3.836s] INFO:colcon.colcon_core.shell:Creating package script '/home/ros2_ws/install/vectornav/share/vectornav/package.zsh'
[3.838s] Level 1:colcon.colcon_core.environment:create_file_with_runtime_dependencies(/home/ros2_ws/install/vectornav/share/colcon-core/packages/vectornav)
[3.945s] Level 1:colcon.colcon_core.environment:create_environment_scripts_only(vectornav)
[3.957s] Level 1:colcon.colcon_core.environment:checking '/home/ros2_ws/install/vectornav' for CMake module files
[3.958s] Level 1:colcon.colcon_core.environment:checking '/home/ros2_ws/install/vectornav' for CMake config files
[3.959s] Level 1:colcon.colcon_core.shell:create_environment_hook('vectornav', 'cmake_prefix_path')
[3.965s] INFO:colcon.colcon_core.shell:Creating environment hook '/home/ros2_ws/install/vectornav/share/vectornav/hook/cmake_prefix_path.ps1'
[3.967s] INFO:colcon.colcon_core.shell:Creating environment descriptor '/home/ros2_ws/install/vectornav/share/vectornav/hook/cmake_prefix_path.dsv'
[3.969s] INFO:colcon.colcon_core.shell:Creating environment hook '/home/ros2_ws/install/vectornav/share/vectornav/hook/cmake_prefix_path.sh'
[3.970s] Level 1:colcon.colcon_core.environment:checking '/home/ros2_ws/install/vectornav/lib'
[3.970s] Level 1:colcon.colcon_core.shell:create_environment_hook('vectornav', 'ld_library_path_lib')
[3.977s] INFO:colcon.colcon_core.shell:Creating environment hook '/home/ros2_ws/install/vectornav/share/vectornav/hook/ld_library_path_lib.ps1'
[3.978s] INFO:colcon.colcon_core.shell:Creating environment descriptor '/home/ros2_ws/install/vectornav/share/vectornav/hook/ld_library_path_lib.dsv'
[3.978s] INFO:colcon.colcon_core.shell:Creating environment hook '/home/ros2_ws/install/vectornav/share/vectornav/hook/ld_library_path_lib.sh'
[3.979s] Level 1:colcon.colcon_core.environment:checking '/home/ros2_ws/install/vectornav/bin'
[3.979s] Level 1:colcon.colcon_core.environment:checking '/home/ros2_ws/install/vectornav/lib/pkgconfig/vectornav.pc'
[3.980s] Level 1:colcon.colcon_core.environment:checking '/home/ros2_ws/install/vectornav/lib/python3.8/site-packages'
[3.980s] Level 1:colcon.colcon_core.environment:checking '/home/ros2_ws/install/vectornav/bin'
[3.986s] INFO:colcon.colcon_core.shell:Creating package script '/home/ros2_ws/install/vectornav/share/vectornav/package.ps1'
[3.987s] INFO:colcon.colcon_core.shell:Creating package descriptor '/home/ros2_ws/install/vectornav/share/vectornav/package.dsv'
[3.988s] INFO:colcon.colcon_core.shell:Creating package script '/home/ros2_ws/install/vectornav/share/vectornav/package.sh'
[3.989s] INFO:colcon.colcon_core.shell:Creating package script '/home/ros2_ws/install/vectornav/share/vectornav/package.bash'
[3.989s] INFO:colcon.colcon_core.shell:Creating package script '/home/ros2_ws/install/vectornav/share/vectornav/package.zsh'
[3.990s] Level 1:colcon.colcon_core.environment:create_file_with_runtime_dependencies(/home/ros2_ws/install/vectornav/share/colcon-core/packages/vectornav)
[4.485s] Level 1:colcon.colcon_core.environment:checking '/home/ros2_ws/install/pradobot_ultrasonic' for CMake module files
[4.486s] DEBUG:colcon.colcon_core.event_handler.log_command:Invoked command in '/home/ros2_ws/src/pradobot_ultrasonic' returned '0': PYTHONPATH=/home/ros2_ws/build/pradobot_ultrasonic/prefix_override:/home/ros2_ws/install/pradobot_ultrasonic/lib/python3.8/site-packages:${PYTHONPATH} /usr/bin/python3 setup.py egg_info --egg-base ../../build/pradobot_ultrasonic build --build-base /home/ros2_ws/build/pradobot_ultrasonic/build install --record /home/ros2_ws/build/pradobot_ultrasonic/install.log --single-version-externally-managed
[4.487s] Level 1:colcon.colcon_core.environment:checking '/home/ros2_ws/install/pradobot_ultrasonic' for CMake config files
[4.490s] Level 1:colcon.colcon_core.environment:checking '/home/ros2_ws/install/pradobot_ultrasonic/lib'
[4.490s] Level 1:colcon.colcon_core.environment:checking '/home/ros2_ws/install/pradobot_ultrasonic/bin'
[4.490s] Level 1:colcon.colcon_core.environment:checking '/home/ros2_ws/install/pradobot_ultrasonic/lib/pkgconfig/pradobot_ultrasonic.pc'
[4.491s] Level 1:colcon.colcon_core.environment:checking '/home/ros2_ws/install/pradobot_ultrasonic/lib/python3.8/site-packages'
[4.491s] Level 1:colcon.colcon_core.shell:create_environment_hook('pradobot_ultrasonic', 'pythonpath')
[4.501s] INFO:colcon.colcon_core.shell:Creating environment hook '/home/ros2_ws/install/pradobot_ultrasonic/share/pradobot_ultrasonic/hook/pythonpath.ps1'
[4.503s] INFO:colcon.colcon_core.shell:Creating environment descriptor '/home/ros2_ws/install/pradobot_ultrasonic/share/pradobot_ultrasonic/hook/pythonpath.dsv'
[4.504s] INFO:colcon.colcon_core.shell:Creating environment hook '/home/ros2_ws/install/pradobot_ultrasonic/share/pradobot_ultrasonic/hook/pythonpath.sh'
[4.506s] Level 1:colcon.colcon_core.environment:checking '/home/ros2_ws/install/pradobot_ultrasonic/bin'
[4.506s] Level 1:colcon.colcon_core.environment:create_environment_scripts_only(pradobot_ultrasonic)
[4.514s] INFO:colcon.colcon_core.shell:Creating package script '/home/ros2_ws/install/pradobot_ultrasonic/share/pradobot_ultrasonic/package.ps1'
[4.515s] INFO:colcon.colcon_core.shell:Creating package descriptor '/home/ros2_ws/install/pradobot_ultrasonic/share/pradobot_ultrasonic/package.dsv'
[4.516s] INFO:colcon.colcon_core.shell:Creating package script '/home/ros2_ws/install/pradobot_ultrasonic/share/pradobot_ultrasonic/package.sh'
[4.517s] INFO:colcon.colcon_core.shell:Creating package script '/home/ros2_ws/install/pradobot_ultrasonic/share/pradobot_ultrasonic/package.bash'
[4.518s] INFO:colcon.colcon_core.shell:Creating package script '/home/ros2_ws/install/pradobot_ultrasonic/share/pradobot_ultrasonic/package.zsh'
[4.519s] Level 1:colcon.colcon_core.environment:create_file_with_runtime_dependencies(/home/ros2_ws/install/pradobot_ultrasonic/share/colcon-core/packages/pradobot_ultrasonic)
[4.520s] DEBUG:colcon.colcon_parallel_executor.executor.parallel:closing loop
[4.521s] DEBUG:colcon.colcon_parallel_executor.executor.parallel:loop closed
[4.521s] DEBUG:colcon.colcon_parallel_executor.executor.parallel:run_until_complete finished with '0'
[4.521s] DEBUG:colcon.colcon_core.event_reactor:joining thread
[4.545s] INFO:colcon.colcon_core.plugin_system:Skipping extension 'colcon_notification.desktop_notification.notify_send': Could not find 'notify-send'
[4.545s] INFO:colcon.colcon_core.plugin_system:Skipping extension 'colcon_notification.desktop_notification.terminal_notifier': Not used on non-Darwin systems
[4.545s] INFO:colcon.colcon_core.plugin_system:Skipping extension 'colcon_notification.desktop_notification.win32': Not used on non-Windows systems
[4.545s] INFO:colcon.colcon_notification.desktop_notification:Sending desktop notification using 'notify2'
[4.545s] DEBUG:colcon.colcon_notification.desktop_notification.notify2:Failed to initialize notify2: org.freedesktop.DBus.Error.NotSupported: Unable to autolaunch a dbus-daemon without a $DISPLAY for X11
[4.546s] DEBUG:colcon.colcon_core.event_reactor:joined thread
[4.552s] INFO:colcon.colcon_core.shell:Creating prefix script '/home/ros2_ws/install/local_setup.ps1'
[4.555s] INFO:colcon.colcon_core.shell:Creating prefix util module '/home/ros2_ws/install/_local_setup_util_ps1.py'
[4.558s] INFO:colcon.colcon_core.shell:Creating prefix chain script '/home/ros2_ws/install/setup.ps1'
[4.562s] INFO:colcon.colcon_core.shell:Creating prefix script '/home/ros2_ws/install/local_setup.sh'
[4.564s] INFO:colcon.colcon_core.shell:Creating prefix util module '/home/ros2_ws/install/_local_setup_util_sh.py'
[4.565s] INFO:colcon.colcon_core.shell:Creating prefix chain script '/home/ros2_ws/install/setup.sh'
[4.601s] INFO:colcon.colcon_core.shell:Creating prefix script '/home/ros2_ws/install/local_setup.bash'
[4.602s] INFO:colcon.colcon_core.shell:Creating prefix chain script '/home/ros2_ws/install/setup.bash'
[4.605s] INFO:colcon.colcon_core.shell:Creating prefix script '/home/ros2_ws/install/local_setup.zsh'
[4.606s] INFO:colcon.colcon_core.shell:Creating prefix chain script '/home/ros2_ws/install/setup.zsh'
