[0.757s] DEBUG:colcon:Command line arguments: ['/usr/bin/colcon', 'build']
[0.757s] DEBUG:colcon:Parsed command line arguments: Namespace(ament_cmake_args=None, base_paths=['.'], build_base='build', catkin_cmake_args=None, catkin_skip_building_tests=False, cmake_args=None, cmake_clean_cache=False, cmake_clean_first=False, cmake_force_configure=False, cmake_target=None, cmake_target_skip_unavailable=False, continue_on_error=False, event_handlers=None, executor='parallel', ignore_user_meta=False, install_base='install', log_base=None, log_level=None, main=<bound method BuildVerb.main of <colcon_core.verb.build.BuildVerb object at 0xffff99a18d30>>, merge_install=False, metas=['./colcon.meta'], packages_above=None, packages_above_and_dependencies=None, packages_above_depth=None, packages_end=None, packages_ignore=None, packages_ignore_regex=None, packages_select=None, packages_select_build_failed=False, packages_select_by_dep=None, packages_select_regex=None, packages_select_test_failures=False, packages_skip=None, packages_skip_build_finished=False, packages_skip_by_dep=None, packages_skip_regex=None, packages_skip_test_passed=False, packages_skip_up_to=None, packages_start=None, packages_up_to=None, packages_up_to_regex=None, parallel_workers=6, paths=None, symlink_install=False, test_result_base=None, verb_extension=<colcon_core.verb.build.BuildVerb object at 0xffff99a18d30>, verb_name='build', verb_parser=<colcon_defaults.argument_parser.defaults.DefaultArgumentsDecorator object at 0xffff9995b580>)
[0.857s] Level 1:colcon.colcon_core.package_discovery:discover_packages(colcon_meta) check parameters
[0.858s] Level 1:colcon.colcon_core.package_discovery:discover_packages(recursive) check parameters
[0.858s] Level 1:colcon.colcon_core.package_discovery:discover_packages(ignore) check parameters
[0.858s] Level 1:colcon.colcon_core.package_discovery:discover_packages(path) check parameters
[0.858s] Level 1:colcon.colcon_core.package_discovery:discover_packages(colcon_meta) discover
[0.858s] Level 1:colcon.colcon_core.package_discovery:discover_packages(recursive) discover
[0.858s] INFO:colcon.colcon_core.package_discovery:Crawling recursively for packages in '/home/ros2_ws/src'
[0.858s] Level 1:colcon.colcon_core.package_identification:_identify(.) by extensions ['ignore', 'ignore_ament_install']
[0.859s] Level 1:colcon.colcon_core.package_identification:_identify(.) by extension 'ignore'
[0.859s] Level 1:colcon.colcon_core.package_identification:_identify(.) by extension 'ignore_ament_install'
[0.859s] Level 1:colcon.colcon_core.package_identification:_identify(.) by extensions ['colcon_pkg']
[0.859s] Level 1:colcon.colcon_core.package_identification:_identify(.) by extension 'colcon_pkg'
[0.859s] Level 1:colcon.colcon_core.package_identification:_identify(.) by extensions ['colcon_meta']
[0.859s] Level 1:colcon.colcon_core.package_identification:_identify(.) by extension 'colcon_meta'
[0.859s] Level 1:colcon.colcon_core.package_identification:_identify(.) by extensions ['ros']
[0.859s] Level 1:colcon.colcon_core.package_identification:_identify(.) by extension 'ros'
[0.893s] Level 1:colcon.colcon_core.package_identification:_identify(.) by extensions ['cmake', 'python']
[0.893s] Level 1:colcon.colcon_core.package_identification:_identify(.) by extension 'cmake'
[0.893s] Level 1:colcon.colcon_core.package_identification:_identify(.) by extension 'python'
[0.893s] Level 1:colcon.colcon_core.package_identification:_identify(.) by extensions ['python_setup_py']
[0.893s] Level 1:colcon.colcon_core.package_identification:_identify(.) by extension 'python_setup_py'
[0.893s] Level 1:colcon.colcon_core.package_identification:_identify(build) by extensions ['ignore', 'ignore_ament_install']
[0.894s] Level 1:colcon.colcon_core.package_identification:_identify(build) by extension 'ignore'
[0.894s] Level 1:colcon.colcon_core.package_identification:_identify(build) ignored
[0.894s] Level 1:colcon.colcon_core.package_identification:_identify(install) by extensions ['ignore', 'ignore_ament_install']
[0.894s] Level 1:colcon.colcon_core.package_identification:_identify(install) by extension 'ignore'
[0.894s] Level 1:colcon.colcon_core.package_identification:_identify(install) ignored
[0.895s] Level 1:colcon.colcon_core.package_identification:_identify(log) by extensions ['ignore', 'ignore_ament_install']
[0.895s] Level 1:colcon.colcon_core.package_identification:_identify(log) by extension 'ignore'
[0.895s] Level 1:colcon.colcon_core.package_identification:_identify(log) ignored
[0.895s] Level 1:colcon.colcon_core.package_identification:_identify(pradobot_controller) by extensions ['ignore', 'ignore_ament_install']
[0.895s] Level 1:colcon.colcon_core.package_identification:_identify(pradobot_controller) by extension 'ignore'
[0.895s] Level 1:colcon.colcon_core.package_identification:_identify(pradobot_controller) by extension 'ignore_ament_install'
[0.896s] Level 1:colcon.colcon_core.package_identification:_identify(pradobot_controller) by extensions ['colcon_pkg']
[0.896s] Level 1:colcon.colcon_core.package_identification:_identify(pradobot_controller) by extension 'colcon_pkg'
[0.896s] Level 1:colcon.colcon_core.package_identification:_identify(pradobot_controller) by extensions ['colcon_meta']
[0.896s] Level 1:colcon.colcon_core.package_identification:_identify(pradobot_controller) by extension 'colcon_meta'
[0.896s] Level 1:colcon.colcon_core.package_identification:_identify(pradobot_controller) by extensions ['ros']
[0.896s] Level 1:colcon.colcon_core.package_identification:_identify(pradobot_controller) by extension 'ros'
[0.896s] Level 1:colcon.colcon_core.package_identification:_identify(pradobot_controller) by extensions ['cmake', 'python']
[0.896s] Level 1:colcon.colcon_core.package_identification:_identify(pradobot_controller) by extension 'cmake'
[0.896s] Level 1:colcon.colcon_core.package_identification:_identify(pradobot_controller) by extension 'python'
[0.897s] Level 1:colcon.colcon_core.package_identification:_identify(pradobot_controller) by extensions ['python_setup_py']
[0.897s] Level 1:colcon.colcon_core.package_identification:_identify(pradobot_controller) by extension 'python_setup_py'
[0.897s] Level 1:colcon.colcon_core.package_identification:_identify(pradobot_ultrasonic) by extensions ['ignore', 'ignore_ament_install']
[0.897s] Level 1:colcon.colcon_core.package_identification:_identify(pradobot_ultrasonic) by extension 'ignore'
[0.897s] Level 1:colcon.colcon_core.package_identification:_identify(pradobot_ultrasonic) by extension 'ignore_ament_install'
[0.897s] Level 1:colcon.colcon_core.package_identification:_identify(pradobot_ultrasonic) by extensions ['colcon_pkg']
[0.897s] Level 1:colcon.colcon_core.package_identification:_identify(pradobot_ultrasonic) by extension 'colcon_pkg'
[0.898s] Level 1:colcon.colcon_core.package_identification:_identify(pradobot_ultrasonic) by extensions ['colcon_meta']
[0.898s] Level 1:colcon.colcon_core.package_identification:_identify(pradobot_ultrasonic) by extension 'colcon_meta'
[0.898s] Level 1:colcon.colcon_core.package_identification:_identify(pradobot_ultrasonic) by extensions ['ros']
[0.898s] Level 1:colcon.colcon_core.package_identification:_identify(pradobot_ultrasonic) by extension 'ros'
[0.904s] DEBUG:colcon.colcon_core.package_identification:Package 'pradobot_ultrasonic' with type 'ros.ament_python' and name 'pradobot_ultrasonic'
[0.904s] Level 1:colcon.colcon_core.package_identification:_identify(vectornav) by extensions ['ignore', 'ignore_ament_install']
[0.904s] Level 1:colcon.colcon_core.package_identification:_identify(vectornav) by extension 'ignore'
[0.905s] Level 1:colcon.colcon_core.package_identification:_identify(vectornav) by extension 'ignore_ament_install'
[0.905s] Level 1:colcon.colcon_core.package_identification:_identify(vectornav) by extensions ['colcon_pkg']
[0.905s] Level 1:colcon.colcon_core.package_identification:_identify(vectornav) by extension 'colcon_pkg'
[0.905s] Level 1:colcon.colcon_core.package_identification:_identify(vectornav) by extensions ['colcon_meta']
[0.905s] Level 1:colcon.colcon_core.package_identification:_identify(vectornav) by extension 'colcon_meta'
[0.905s] Level 1:colcon.colcon_core.package_identification:_identify(vectornav) by extensions ['ros']
[0.905s] Level 1:colcon.colcon_core.package_identification:_identify(vectornav) by extension 'ros'
[0.905s] Level 1:colcon.colcon_core.package_identification:_identify(vectornav) by extensions ['cmake', 'python']
[0.906s] Level 1:colcon.colcon_core.package_identification:_identify(vectornav) by extension 'cmake'
[0.906s] Level 1:colcon.colcon_core.package_identification:_identify(vectornav) by extension 'python'
[0.906s] Level 1:colcon.colcon_core.package_identification:_identify(vectornav) by extensions ['python_setup_py']
[0.906s] Level 1:colcon.colcon_core.package_identification:_identify(vectornav) by extension 'python_setup_py'
[0.906s] Level 1:colcon.colcon_core.package_identification:_identify(vectornav/build) by extensions ['ignore', 'ignore_ament_install']
[0.906s] Level 1:colcon.colcon_core.package_identification:_identify(vectornav/build) by extension 'ignore'
[0.906s] Level 1:colcon.colcon_core.package_identification:_identify(vectornav/build) ignored
[0.907s] Level 1:colcon.colcon_core.package_identification:_identify(vectornav/install) by extensions ['ignore', 'ignore_ament_install']
[0.907s] Level 1:colcon.colcon_core.package_identification:_identify(vectornav/install) by extension 'ignore'
[0.907s] Level 1:colcon.colcon_core.package_identification:_identify(vectornav/install) ignored
[0.908s] Level 1:colcon.colcon_core.package_identification:_identify(vectornav/log) by extensions ['ignore', 'ignore_ament_install']
[0.908s] Level 1:colcon.colcon_core.package_identification:_identify(vectornav/log) by extension 'ignore'
[0.908s] Level 1:colcon.colcon_core.package_identification:_identify(vectornav/log) ignored
[0.908s] Level 1:colcon.colcon_core.package_identification:_identify(vectornav/vectornav) by extensions ['ignore', 'ignore_ament_install']
[0.908s] Level 1:colcon.colcon_core.package_identification:_identify(vectornav/vectornav) by extension 'ignore'
[0.909s] Level 1:colcon.colcon_core.package_identification:_identify(vectornav/vectornav) by extension 'ignore_ament_install'
[0.909s] Level 1:colcon.colcon_core.package_identification:_identify(vectornav/vectornav) by extensions ['colcon_pkg']
[0.909s] Level 1:colcon.colcon_core.package_identification:_identify(vectornav/vectornav) by extension 'colcon_pkg'
[0.909s] Level 1:colcon.colcon_core.package_identification:_identify(vectornav/vectornav) by extensions ['colcon_meta']
[0.909s] Level 1:colcon.colcon_core.package_identification:_identify(vectornav/vectornav) by extension 'colcon_meta'
[0.909s] Level 1:colcon.colcon_core.package_identification:_identify(vectornav/vectornav) by extensions ['ros']
[0.909s] Level 1:colcon.colcon_core.package_identification:_identify(vectornav/vectornav) by extension 'ros'
[0.911s] DEBUG:colcon.colcon_core.package_identification:Package 'vectornav/vectornav' with type 'ros.ament_cmake' and name 'vectornav'
[0.912s] Level 1:colcon.colcon_core.package_identification:_identify(vectornav/vectornav_msgs) by extensions ['ignore', 'ignore_ament_install']
[0.912s] Level 1:colcon.colcon_core.package_identification:_identify(vectornav/vectornav_msgs) by extension 'ignore'
[0.912s] Level 1:colcon.colcon_core.package_identification:_identify(vectornav/vectornav_msgs) by extension 'ignore_ament_install'
[0.912s] Level 1:colcon.colcon_core.package_identification:_identify(vectornav/vectornav_msgs) by extensions ['colcon_pkg']
[0.912s] Level 1:colcon.colcon_core.package_identification:_identify(vectornav/vectornav_msgs) by extension 'colcon_pkg'
[0.912s] Level 1:colcon.colcon_core.package_identification:_identify(vectornav/vectornav_msgs) by extensions ['colcon_meta']
[0.912s] Level 1:colcon.colcon_core.package_identification:_identify(vectornav/vectornav_msgs) by extension 'colcon_meta'
[0.912s] Level 1:colcon.colcon_core.package_identification:_identify(vectornav/vectornav_msgs) by extensions ['ros']
[0.913s] Level 1:colcon.colcon_core.package_identification:_identify(vectornav/vectornav_msgs) by extension 'ros'
[0.914s] DEBUG:colcon.colcon_core.package_identification:Package 'vectornav/vectornav_msgs' with type 'ros.ament_cmake' and name 'vectornav_msgs'
[0.914s] Level 1:colcon.colcon_core.package_discovery:discover_packages(recursive) using defaults
[0.914s] Level 1:colcon.colcon_core.package_discovery:discover_packages(ignore) discover
[0.914s] Level 1:colcon.colcon_core.package_discovery:discover_packages(ignore) using defaults
[0.914s] Level 1:colcon.colcon_core.package_discovery:discover_packages(path) discover
[0.914s] Level 1:colcon.colcon_core.package_discovery:discover_packages(path) using defaults
[0.976s] Level 5:colcon.colcon_core.verb:set package 'pradobot_ultrasonic' build argument 'cmake_args' from command line to 'None'
[0.977s] Level 5:colcon.colcon_core.verb:set package 'pradobot_ultrasonic' build argument 'cmake_target' from command line to 'None'
[0.977s] Level 5:colcon.colcon_core.verb:set package 'pradobot_ultrasonic' build argument 'cmake_target_skip_unavailable' from command line to 'False'
[0.977s] Level 5:colcon.colcon_core.verb:set package 'pradobot_ultrasonic' build argument 'cmake_clean_cache' from command line to 'False'
[0.977s] Level 5:colcon.colcon_core.verb:set package 'pradobot_ultrasonic' build argument 'cmake_clean_first' from command line to 'False'
[0.977s] Level 5:colcon.colcon_core.verb:set package 'pradobot_ultrasonic' build argument 'cmake_force_configure' from command line to 'False'
[0.977s] Level 5:colcon.colcon_core.verb:set package 'pradobot_ultrasonic' build argument 'ament_cmake_args' from command line to 'None'
[0.977s] Level 5:colcon.colcon_core.verb:set package 'pradobot_ultrasonic' build argument 'catkin_cmake_args' from command line to 'None'
[0.977s] Level 5:colcon.colcon_core.verb:set package 'pradobot_ultrasonic' build argument 'catkin_skip_building_tests' from command line to 'False'
[0.977s] DEBUG:colcon.colcon_core.verb:Building package 'pradobot_ultrasonic' with the following arguments: {'ament_cmake_args': None, 'build_base': '/home/ros2_ws/src/build/pradobot_ultrasonic', 'catkin_cmake_args': None, 'catkin_skip_building_tests': False, 'cmake_args': None, 'cmake_clean_cache': False, 'cmake_clean_first': False, 'cmake_force_configure': False, 'cmake_target': None, 'cmake_target_skip_unavailable': False, 'install_base': '/home/ros2_ws/src/install/pradobot_ultrasonic', 'merge_install': False, 'path': '/home/ros2_ws/src/pradobot_ultrasonic', 'symlink_install': False, 'test_result_base': None}
[0.980s] Level 5:colcon.colcon_core.verb:set package 'vectornav_msgs' build argument 'cmake_args' from command line to 'None'
[0.980s] Level 5:colcon.colcon_core.verb:set package 'vectornav_msgs' build argument 'cmake_target' from command line to 'None'
[0.980s] Level 5:colcon.colcon_core.verb:set package 'vectornav_msgs' build argument 'cmake_target_skip_unavailable' from command line to 'False'
[0.980s] Level 5:colcon.colcon_core.verb:set package 'vectornav_msgs' build argument 'cmake_clean_cache' from command line to 'False'
[0.981s] Level 5:colcon.colcon_core.verb:set package 'vectornav_msgs' build argument 'cmake_clean_first' from command line to 'False'
[0.981s] Level 5:colcon.colcon_core.verb:set package 'vectornav_msgs' build argument 'cmake_force_configure' from command line to 'False'
[0.981s] Level 5:colcon.colcon_core.verb:set package 'vectornav_msgs' build argument 'ament_cmake_args' from command line to 'None'
[0.981s] Level 5:colcon.colcon_core.verb:set package 'vectornav_msgs' build argument 'catkin_cmake_args' from command line to 'None'
[0.981s] Level 5:colcon.colcon_core.verb:set package 'vectornav_msgs' build argument 'catkin_skip_building_tests' from command line to 'False'
[0.981s] DEBUG:colcon.colcon_core.verb:Building package 'vectornav_msgs' with the following arguments: {'ament_cmake_args': None, 'build_base': '/home/ros2_ws/src/build/vectornav_msgs', 'catkin_cmake_args': None, 'catkin_skip_building_tests': False, 'cmake_args': None, 'cmake_clean_cache': False, 'cmake_clean_first': False, 'cmake_force_configure': False, 'cmake_target': None, 'cmake_target_skip_unavailable': False, 'install_base': '/home/ros2_ws/src/install/vectornav_msgs', 'merge_install': False, 'path': '/home/ros2_ws/src/vectornav/vectornav_msgs', 'symlink_install': False, 'test_result_base': None}
[0.984s] Level 5:colcon.colcon_core.verb:set package 'vectornav' build argument 'cmake_args' from command line to 'None'
[0.984s] Level 5:colcon.colcon_core.verb:set package 'vectornav' build argument 'cmake_target' from command line to 'None'
[0.984s] Level 5:colcon.colcon_core.verb:set package 'vectornav' build argument 'cmake_target_skip_unavailable' from command line to 'False'
[0.984s] Level 5:colcon.colcon_core.verb:set package 'vectornav' build argument 'cmake_clean_cache' from command line to 'False'
[0.984s] Level 5:colcon.colcon_core.verb:set package 'vectornav' build argument 'cmake_clean_first' from command line to 'False'
[0.984s] Level 5:colcon.colcon_core.verb:set package 'vectornav' build argument 'cmake_force_configure' from command line to 'False'
[0.984s] Level 5:colcon.colcon_core.verb:set package 'vectornav' build argument 'ament_cmake_args' from command line to 'None'
[0.984s] Level 5:colcon.colcon_core.verb:set package 'vectornav' build argument 'catkin_cmake_args' from command line to 'None'
[0.984s] Level 5:colcon.colcon_core.verb:set package 'vectornav' build argument 'catkin_skip_building_tests' from command line to 'False'
[0.984s] DEBUG:colcon.colcon_core.verb:Building package 'vectornav' with the following arguments: {'ament_cmake_args': None, 'build_base': '/home/ros2_ws/src/build/vectornav', 'catkin_cmake_args': None, 'catkin_skip_building_tests': False, 'cmake_args': None, 'cmake_clean_cache': False, 'cmake_clean_first': False, 'cmake_force_configure': False, 'cmake_target': None, 'cmake_target_skip_unavailable': False, 'install_base': '/home/ros2_ws/src/install/vectornav', 'merge_install': False, 'path': '/home/ros2_ws/src/vectornav/vectornav', 'symlink_install': False, 'test_result_base': None}
[0.987s] INFO:colcon.colcon_core.executor:Executing jobs using 'parallel' executor
[1.000s] DEBUG:colcon.colcon_parallel_executor.executor.parallel:run_until_complete
[1.001s] INFO:colcon.colcon_ros.task.ament_cmake.build:Building ROS package in '/home/ros2_ws/src/vectornav/vectornav_msgs' with build type 'ament_cmake'
[1.001s] INFO:colcon.colcon_cmake.task.cmake.build:Building CMake package in '/home/ros2_ws/src/vectornav/vectornav_msgs'
[1.015s] INFO:colcon.colcon_core.plugin_system:Skipping extension 'colcon_core.shell.bat': Not used on non-Windows systems
[1.015s] INFO:colcon.colcon_core.shell:Skip shell extension 'powershell' for command environment: Not usable outside of PowerShell
[1.015s] DEBUG:colcon.colcon_core.shell:Skip shell extension 'dsv' for command environment
[1.044s] INFO:colcon.colcon_ros.task.ament_python.build:Building ROS package in '/home/ros2_ws/src/pradobot_ultrasonic' with build type 'ament_python'
[1.044s] Level 1:colcon.colcon_core.shell:create_environment_hook('pradobot_ultrasonic', 'ament_prefix_path')
[1.051s] INFO:colcon.colcon_core.shell:Creating environment hook '/home/ros2_ws/src/install/pradobot_ultrasonic/share/pradobot_ultrasonic/hook/ament_prefix_path.ps1'
[1.053s] INFO:colcon.colcon_core.shell:Creating environment descriptor '/home/ros2_ws/src/install/pradobot_ultrasonic/share/pradobot_ultrasonic/hook/ament_prefix_path.dsv'
[1.054s] INFO:colcon.colcon_core.shell:Creating environment hook '/home/ros2_ws/src/install/pradobot_ultrasonic/share/pradobot_ultrasonic/hook/ament_prefix_path.sh'
[1.061s] INFO:colcon.colcon_core.shell:Skip shell extension 'powershell' for command environment: Not usable outside of PowerShell
[1.061s] DEBUG:colcon.colcon_core.shell:Skip shell extension 'dsv' for command environment
[1.091s] DEBUG:colcon.colcon_core.event_handler.log_command:Invoking command in '/home/ros2_ws/src/build/vectornav_msgs': /usr/local/bin/cmake --build /home/ros2_ws/src/build/vectornav_msgs -- -j6 -l6
[1.547s] INFO:colcon.colcon_core.task.python.build:Building Python package in '/home/ros2_ws/src/pradobot_ultrasonic'
[1.553s] INFO:colcon.colcon_core.shell:Skip shell extension 'powershell' for command environment: Not usable outside of PowerShell
[1.553s] DEBUG:colcon.colcon_core.shell:Skip shell extension 'dsv' for command environment
[1.929s] DEBUG:colcon.colcon_core.event_handler.log_command:Invoked command in '/home/ros2_ws/src/build/vectornav_msgs' returned '0': /usr/local/bin/cmake --build /home/ros2_ws/src/build/vectornav_msgs -- -j6 -l6
[2.420s] DEBUG:colcon.colcon_core.event_handler.log_command:Invoking command in '/home/ros2_ws/src/build/vectornav_msgs': /usr/local/bin/cmake --install /home/ros2_ws/src/build/vectornav_msgs
[2.619s] Level 1:colcon.colcon_core.environment:create_environment_scripts_only(vectornav_msgs)
[2.622s] DEBUG:colcon.colcon_core.event_handler.log_command:Invoked command in '/home/ros2_ws/src/build/vectornav_msgs' returned '0': /usr/local/bin/cmake --install /home/ros2_ws/src/build/vectornav_msgs
[2.637s] Level 1:colcon.colcon_core.environment:checking '/home/ros2_ws/src/install/vectornav_msgs' for CMake module files
[2.639s] Level 1:colcon.colcon_core.environment:checking '/home/ros2_ws/src/install/vectornav_msgs' for CMake config files
[2.641s] Level 1:colcon.colcon_core.shell:create_environment_hook('vectornav_msgs', 'cmake_prefix_path')
[2.646s] INFO:colcon.colcon_core.shell:Creating environment hook '/home/ros2_ws/src/install/vectornav_msgs/share/vectornav_msgs/hook/cmake_prefix_path.ps1'
[2.647s] INFO:colcon.colcon_core.shell:Creating environment descriptor '/home/ros2_ws/src/install/vectornav_msgs/share/vectornav_msgs/hook/cmake_prefix_path.dsv'
[2.648s] INFO:colcon.colcon_core.shell:Creating environment hook '/home/ros2_ws/src/install/vectornav_msgs/share/vectornav_msgs/hook/cmake_prefix_path.sh'
[2.650s] Level 1:colcon.colcon_core.environment:checking '/home/ros2_ws/src/install/vectornav_msgs/lib'
[2.650s] Level 1:colcon.colcon_core.shell:create_environment_hook('vectornav_msgs', 'ld_library_path_lib')
[2.656s] INFO:colcon.colcon_core.shell:Creating environment hook '/home/ros2_ws/src/install/vectornav_msgs/share/vectornav_msgs/hook/ld_library_path_lib.ps1'
[2.657s] INFO:colcon.colcon_core.shell:Creating environment descriptor '/home/ros2_ws/src/install/vectornav_msgs/share/vectornav_msgs/hook/ld_library_path_lib.dsv'
[2.657s] INFO:colcon.colcon_core.shell:Creating environment hook '/home/ros2_ws/src/install/vectornav_msgs/share/vectornav_msgs/hook/ld_library_path_lib.sh'
[2.658s] Level 1:colcon.colcon_core.environment:checking '/home/ros2_ws/src/install/vectornav_msgs/bin'
[2.658s] Level 1:colcon.colcon_core.environment:checking '/home/ros2_ws/src/install/vectornav_msgs/lib/pkgconfig/vectornav_msgs.pc'
[2.659s] Level 1:colcon.colcon_core.environment:checking '/home/ros2_ws/src/install/vectornav_msgs/lib/python3.8/site-packages'
[2.659s] Level 1:colcon.colcon_core.shell:create_environment_hook('vectornav_msgs', 'pythonpath')
[2.664s] INFO:colcon.colcon_core.shell:Creating environment hook '/home/ros2_ws/src/install/vectornav_msgs/share/vectornav_msgs/hook/pythonpath.ps1'
[2.665s] INFO:colcon.colcon_core.shell:Creating environment descriptor '/home/ros2_ws/src/install/vectornav_msgs/share/vectornav_msgs/hook/pythonpath.dsv'
[2.666s] INFO:colcon.colcon_core.shell:Creating environment hook '/home/ros2_ws/src/install/vectornav_msgs/share/vectornav_msgs/hook/pythonpath.sh'
[2.667s] Level 1:colcon.colcon_core.environment:checking '/home/ros2_ws/src/install/vectornav_msgs/bin'
[2.673s] INFO:colcon.colcon_core.shell:Creating package script '/home/ros2_ws/src/install/vectornav_msgs/share/vectornav_msgs/package.ps1'
[2.675s] INFO:colcon.colcon_core.shell:Creating package descriptor '/home/ros2_ws/src/install/vectornav_msgs/share/vectornav_msgs/package.dsv'
[2.676s] INFO:colcon.colcon_core.shell:Creating package script '/home/ros2_ws/src/install/vectornav_msgs/share/vectornav_msgs/package.sh'
[2.678s] INFO:colcon.colcon_core.shell:Creating package script '/home/ros2_ws/src/install/vectornav_msgs/share/vectornav_msgs/package.bash'
[2.679s] INFO:colcon.colcon_core.shell:Creating package script '/home/ros2_ws/src/install/vectornav_msgs/share/vectornav_msgs/package.zsh'
[2.681s] Level 1:colcon.colcon_core.environment:create_file_with_runtime_dependencies(/home/ros2_ws/src/install/vectornav_msgs/share/colcon-core/packages/vectornav_msgs)
[3.078s] DEBUG:colcon.colcon_core.event_handler.log_command:Invoking command in '/home/ros2_ws/src/pradobot_ultrasonic': PYTHONPATH=/home/ros2_ws/src/build/pradobot_ultrasonic/prefix_override:/home/ros2_ws/src/install/pradobot_ultrasonic/lib/python3.8/site-packages:${PYTHONPATH} /usr/bin/python3 setup.py egg_info --egg-base ../build/pradobot_ultrasonic build --build-base /home/ros2_ws/src/build/pradobot_ultrasonic/build install --record /home/ros2_ws/src/build/pradobot_ultrasonic/install.log --single-version-externally-managed
[3.144s] Level 1:colcon.colcon_core.environment:create_environment_scripts_only(vectornav_msgs)
[3.156s] Level 1:colcon.colcon_core.environment:checking '/home/ros2_ws/src/install/vectornav_msgs' for CMake module files
[3.157s] Level 1:colcon.colcon_core.environment:checking '/home/ros2_ws/src/install/vectornav_msgs' for CMake config files
[3.159s] Level 1:colcon.colcon_core.shell:create_environment_hook('vectornav_msgs', 'cmake_prefix_path')
[3.165s] INFO:colcon.colcon_core.shell:Creating environment hook '/home/ros2_ws/src/install/vectornav_msgs/share/vectornav_msgs/hook/cmake_prefix_path.ps1'
[3.166s] INFO:colcon.colcon_core.shell:Creating environment descriptor '/home/ros2_ws/src/install/vectornav_msgs/share/vectornav_msgs/hook/cmake_prefix_path.dsv'
[3.167s] INFO:colcon.colcon_core.shell:Creating environment hook '/home/ros2_ws/src/install/vectornav_msgs/share/vectornav_msgs/hook/cmake_prefix_path.sh'
[3.168s] Level 1:colcon.colcon_core.environment:checking '/home/ros2_ws/src/install/vectornav_msgs/lib'
[3.168s] Level 1:colcon.colcon_core.shell:create_environment_hook('vectornav_msgs', 'ld_library_path_lib')
[3.173s] INFO:colcon.colcon_core.shell:Creating environment hook '/home/ros2_ws/src/install/vectornav_msgs/share/vectornav_msgs/hook/ld_library_path_lib.ps1'
[3.174s] INFO:colcon.colcon_core.shell:Creating environment descriptor '/home/ros2_ws/src/install/vectornav_msgs/share/vectornav_msgs/hook/ld_library_path_lib.dsv'
[3.175s] INFO:colcon.colcon_core.shell:Creating environment hook '/home/ros2_ws/src/install/vectornav_msgs/share/vectornav_msgs/hook/ld_library_path_lib.sh'
[3.175s] Level 1:colcon.colcon_core.environment:checking '/home/ros2_ws/src/install/vectornav_msgs/bin'
[3.176s] Level 1:colcon.colcon_core.environment:checking '/home/ros2_ws/src/install/vectornav_msgs/lib/pkgconfig/vectornav_msgs.pc'
[3.176s] Level 1:colcon.colcon_core.environment:checking '/home/ros2_ws/src/install/vectornav_msgs/lib/python3.8/site-packages'
[3.176s] Level 1:colcon.colcon_core.shell:create_environment_hook('vectornav_msgs', 'pythonpath')
[3.181s] INFO:colcon.colcon_core.shell:Creating environment hook '/home/ros2_ws/src/install/vectornav_msgs/share/vectornav_msgs/hook/pythonpath.ps1'
[3.182s] INFO:colcon.colcon_core.shell:Creating environment descriptor '/home/ros2_ws/src/install/vectornav_msgs/share/vectornav_msgs/hook/pythonpath.dsv'
[3.183s] INFO:colcon.colcon_core.shell:Creating environment hook '/home/ros2_ws/src/install/vectornav_msgs/share/vectornav_msgs/hook/pythonpath.sh'
[3.184s] Level 1:colcon.colcon_core.environment:checking '/home/ros2_ws/src/install/vectornav_msgs/bin'
[3.189s] INFO:colcon.colcon_core.shell:Creating package script '/home/ros2_ws/src/install/vectornav_msgs/share/vectornav_msgs/package.ps1'
[3.191s] INFO:colcon.colcon_core.shell:Creating package descriptor '/home/ros2_ws/src/install/vectornav_msgs/share/vectornav_msgs/package.dsv'
[3.192s] INFO:colcon.colcon_core.shell:Creating package script '/home/ros2_ws/src/install/vectornav_msgs/share/vectornav_msgs/package.sh'
[3.193s] INFO:colcon.colcon_core.shell:Creating package script '/home/ros2_ws/src/install/vectornav_msgs/share/vectornav_msgs/package.bash'
[3.193s] INFO:colcon.colcon_core.shell:Creating package script '/home/ros2_ws/src/install/vectornav_msgs/share/vectornav_msgs/package.zsh'
[3.194s] Level 1:colcon.colcon_core.environment:create_file_with_runtime_dependencies(/home/ros2_ws/src/install/vectornav_msgs/share/colcon-core/packages/vectornav_msgs)
[3.195s] INFO:colcon.colcon_ros.task.ament_cmake.build:Building ROS package in '/home/ros2_ws/src/vectornav/vectornav' with build type 'ament_cmake'
[3.196s] INFO:colcon.colcon_cmake.task.cmake.build:Building CMake package in '/home/ros2_ws/src/vectornav/vectornav'
[3.201s] INFO:colcon.colcon_core.shell:Skip shell extension 'powershell' for command environment: Not usable outside of PowerShell
[3.202s] DEBUG:colcon.colcon_core.shell:Skip shell extension 'dsv' for command environment
[3.243s] DEBUG:colcon.colcon_core.event_handler.log_command:Invoking command in '/home/ros2_ws/src/build/vectornav': AMENT_PREFIX_PATH=/home/ros2_ws/src/install/vectornav_msgs:${AMENT_PREFIX_PATH} CMAKE_PREFIX_PATH=/home/ros2_ws/src/install/vectornav_msgs:${CMAKE_PREFIX_PATH} LD_LIBRARY_PATH=/home/ros2_ws/src/install/vectornav_msgs/lib:/opt/ros/humble/install/opt/rviz_ogre_vendor/lib:/opt/ros/humble/install/lib:/usr/local/cuda/lib64 PYTHONPATH=/home/ros2_ws/src/install/vectornav_msgs/lib/python3.8/site-packages:${PYTHONPATH} /usr/local/bin/cmake --build /home/ros2_ws/src/build/vectornav -- -j6 -l6
[3.459s] DEBUG:colcon.colcon_core.event_handler.log_command:Invoked command in '/home/ros2_ws/src/build/vectornav' returned '0': AMENT_PREFIX_PATH=/home/ros2_ws/src/install/vectornav_msgs:${AMENT_PREFIX_PATH} CMAKE_PREFIX_PATH=/home/ros2_ws/src/install/vectornav_msgs:${CMAKE_PREFIX_PATH} LD_LIBRARY_PATH=/home/ros2_ws/src/install/vectornav_msgs/lib:/opt/ros/humble/install/opt/rviz_ogre_vendor/lib:/opt/ros/humble/install/lib:/usr/local/cuda/lib64 PYTHONPATH=/home/ros2_ws/src/install/vectornav_msgs/lib/python3.8/site-packages:${PYTHONPATH} /usr/local/bin/cmake --build /home/ros2_ws/src/build/vectornav -- -j6 -l6
[3.565s] DEBUG:colcon.colcon_core.event_handler.log_command:Invoking command in '/home/ros2_ws/src/build/vectornav': AMENT_PREFIX_PATH=/home/ros2_ws/src/install/vectornav_msgs:${AMENT_PREFIX_PATH} CMAKE_PREFIX_PATH=/home/ros2_ws/src/install/vectornav_msgs:${CMAKE_PREFIX_PATH} LD_LIBRARY_PATH=/home/ros2_ws/src/install/vectornav_msgs/lib:/opt/ros/humble/install/opt/rviz_ogre_vendor/lib:/opt/ros/humble/install/lib:/usr/local/cuda/lib64 PYTHONPATH=/home/ros2_ws/src/install/vectornav_msgs/lib/python3.8/site-packages:${PYTHONPATH} /usr/local/bin/cmake --install /home/ros2_ws/src/build/vectornav
[3.644s] Level 1:colcon.colcon_core.environment:create_environment_scripts_only(vectornav)
[3.660s] DEBUG:colcon.colcon_core.event_handler.log_command:Invoked command in '/home/ros2_ws/src/build/vectornav' returned '0': AMENT_PREFIX_PATH=/home/ros2_ws/src/install/vectornav_msgs:${AMENT_PREFIX_PATH} CMAKE_PREFIX_PATH=/home/ros2_ws/src/install/vectornav_msgs:${CMAKE_PREFIX_PATH} LD_LIBRARY_PATH=/home/ros2_ws/src/install/vectornav_msgs/lib:/opt/ros/humble/install/opt/rviz_ogre_vendor/lib:/opt/ros/humble/install/lib:/usr/local/cuda/lib64 PYTHONPATH=/home/ros2_ws/src/install/vectornav_msgs/lib/python3.8/site-packages:${PYTHONPATH} /usr/local/bin/cmake --install /home/ros2_ws/src/build/vectornav
[3.661s] Level 1:colcon.colcon_core.environment:checking '/home/ros2_ws/src/install/vectornav' for CMake module files
[3.663s] Level 1:colcon.colcon_core.environment:checking '/home/ros2_ws/src/install/vectornav' for CMake config files
[3.665s] Level 1:colcon.colcon_core.shell:create_environment_hook('vectornav', 'cmake_prefix_path')
[3.675s] INFO:colcon.colcon_core.shell:Creating environment hook '/home/ros2_ws/src/install/vectornav/share/vectornav/hook/cmake_prefix_path.ps1'
[3.677s] INFO:colcon.colcon_core.shell:Creating environment descriptor '/home/ros2_ws/src/install/vectornav/share/vectornav/hook/cmake_prefix_path.dsv'
[3.678s] INFO:colcon.colcon_core.shell:Creating environment hook '/home/ros2_ws/src/install/vectornav/share/vectornav/hook/cmake_prefix_path.sh'
[3.680s] Level 1:colcon.colcon_core.environment:checking '/home/ros2_ws/src/install/vectornav/lib'
[3.680s] Level 1:colcon.colcon_core.shell:create_environment_hook('vectornav', 'ld_library_path_lib')
[3.688s] INFO:colcon.colcon_core.shell:Creating environment hook '/home/ros2_ws/src/install/vectornav/share/vectornav/hook/ld_library_path_lib.ps1'
[3.689s] INFO:colcon.colcon_core.shell:Creating environment descriptor '/home/ros2_ws/src/install/vectornav/share/vectornav/hook/ld_library_path_lib.dsv'
[3.690s] INFO:colcon.colcon_core.shell:Creating environment hook '/home/ros2_ws/src/install/vectornav/share/vectornav/hook/ld_library_path_lib.sh'
[3.690s] Level 1:colcon.colcon_core.environment:checking '/home/ros2_ws/src/install/vectornav/bin'
[3.691s] Level 1:colcon.colcon_core.environment:checking '/home/ros2_ws/src/install/vectornav/lib/pkgconfig/vectornav.pc'
[3.691s] Level 1:colcon.colcon_core.environment:checking '/home/ros2_ws/src/install/vectornav/lib/python3.8/site-packages'
[3.692s] Level 1:colcon.colcon_core.environment:checking '/home/ros2_ws/src/install/vectornav/bin'
[3.699s] INFO:colcon.colcon_core.shell:Creating package script '/home/ros2_ws/src/install/vectornav/share/vectornav/package.ps1'
[3.701s] INFO:colcon.colcon_core.shell:Creating package descriptor '/home/ros2_ws/src/install/vectornav/share/vectornav/package.dsv'
[3.703s] INFO:colcon.colcon_core.shell:Creating package script '/home/ros2_ws/src/install/vectornav/share/vectornav/package.sh'
[3.705s] INFO:colcon.colcon_core.shell:Creating package script '/home/ros2_ws/src/install/vectornav/share/vectornav/package.bash'
[3.707s] INFO:colcon.colcon_core.shell:Creating package script '/home/ros2_ws/src/install/vectornav/share/vectornav/package.zsh'
[3.708s] Level 1:colcon.colcon_core.environment:create_file_with_runtime_dependencies(/home/ros2_ws/src/install/vectornav/share/colcon-core/packages/vectornav)
[3.815s] Level 1:colcon.colcon_core.environment:create_environment_scripts_only(vectornav)
[3.828s] Level 1:colcon.colcon_core.environment:checking '/home/ros2_ws/src/install/vectornav' for CMake module files
[3.831s] Level 1:colcon.colcon_core.environment:checking '/home/ros2_ws/src/install/vectornav' for CMake config files
[3.832s] Level 1:colcon.colcon_core.shell:create_environment_hook('vectornav', 'cmake_prefix_path')
[3.839s] INFO:colcon.colcon_core.shell:Creating environment hook '/home/ros2_ws/src/install/vectornav/share/vectornav/hook/cmake_prefix_path.ps1'
[3.840s] INFO:colcon.colcon_core.shell:Creating environment descriptor '/home/ros2_ws/src/install/vectornav/share/vectornav/hook/cmake_prefix_path.dsv'
[3.841s] INFO:colcon.colcon_core.shell:Creating environment hook '/home/ros2_ws/src/install/vectornav/share/vectornav/hook/cmake_prefix_path.sh'
[3.842s] Level 1:colcon.colcon_core.environment:checking '/home/ros2_ws/src/install/vectornav/lib'
[3.842s] Level 1:colcon.colcon_core.shell:create_environment_hook('vectornav', 'ld_library_path_lib')
[3.848s] INFO:colcon.colcon_core.shell:Creating environment hook '/home/ros2_ws/src/install/vectornav/share/vectornav/hook/ld_library_path_lib.ps1'
[3.849s] INFO:colcon.colcon_core.shell:Creating environment descriptor '/home/ros2_ws/src/install/vectornav/share/vectornav/hook/ld_library_path_lib.dsv'
[3.850s] INFO:colcon.colcon_core.shell:Creating environment hook '/home/ros2_ws/src/install/vectornav/share/vectornav/hook/ld_library_path_lib.sh'
[3.851s] Level 1:colcon.colcon_core.environment:checking '/home/ros2_ws/src/install/vectornav/bin'
[3.851s] Level 1:colcon.colcon_core.environment:checking '/home/ros2_ws/src/install/vectornav/lib/pkgconfig/vectornav.pc'
[3.851s] Level 1:colcon.colcon_core.environment:checking '/home/ros2_ws/src/install/vectornav/lib/python3.8/site-packages'
[3.852s] Level 1:colcon.colcon_core.environment:checking '/home/ros2_ws/src/install/vectornav/bin'
[3.857s] INFO:colcon.colcon_core.shell:Creating package script '/home/ros2_ws/src/install/vectornav/share/vectornav/package.ps1'
[3.858s] INFO:colcon.colcon_core.shell:Creating package descriptor '/home/ros2_ws/src/install/vectornav/share/vectornav/package.dsv'
[3.859s] INFO:colcon.colcon_core.shell:Creating package script '/home/ros2_ws/src/install/vectornav/share/vectornav/package.sh'
[3.860s] INFO:colcon.colcon_core.shell:Creating package script '/home/ros2_ws/src/install/vectornav/share/vectornav/package.bash'
[3.861s] INFO:colcon.colcon_core.shell:Creating package script '/home/ros2_ws/src/install/vectornav/share/vectornav/package.zsh'
[3.862s] Level 1:colcon.colcon_core.environment:create_file_with_runtime_dependencies(/home/ros2_ws/src/install/vectornav/share/colcon-core/packages/vectornav)
[4.264s] Level 1:colcon.colcon_core.environment:checking '/home/ros2_ws/src/install/pradobot_ultrasonic' for CMake module files
[4.265s] DEBUG:colcon.colcon_core.event_handler.log_command:Invoked command in '/home/ros2_ws/src/pradobot_ultrasonic' returned '0': PYTHONPATH=/home/ros2_ws/src/build/pradobot_ultrasonic/prefix_override:/home/ros2_ws/src/install/pradobot_ultrasonic/lib/python3.8/site-packages:${PYTHONPATH} /usr/bin/python3 setup.py egg_info --egg-base ../build/pradobot_ultrasonic build --build-base /home/ros2_ws/src/build/pradobot_ultrasonic/build install --record /home/ros2_ws/src/build/pradobot_ultrasonic/install.log --single-version-externally-managed
[4.267s] Level 1:colcon.colcon_core.environment:checking '/home/ros2_ws/src/install/pradobot_ultrasonic' for CMake config files
[4.269s] Level 1:colcon.colcon_core.environment:checking '/home/ros2_ws/src/install/pradobot_ultrasonic/lib'
[4.270s] Level 1:colcon.colcon_core.environment:checking '/home/ros2_ws/src/install/pradobot_ultrasonic/bin'
[4.270s] Level 1:colcon.colcon_core.environment:checking '/home/ros2_ws/src/install/pradobot_ultrasonic/lib/pkgconfig/pradobot_ultrasonic.pc'
[4.271s] Level 1:colcon.colcon_core.environment:checking '/home/ros2_ws/src/install/pradobot_ultrasonic/lib/python3.8/site-packages'
[4.271s] Level 1:colcon.colcon_core.shell:create_environment_hook('pradobot_ultrasonic', 'pythonpath')
[4.281s] INFO:colcon.colcon_core.shell:Creating environment hook '/home/ros2_ws/src/install/pradobot_ultrasonic/share/pradobot_ultrasonic/hook/pythonpath.ps1'
[4.283s] INFO:colcon.colcon_core.shell:Creating environment descriptor '/home/ros2_ws/src/install/pradobot_ultrasonic/share/pradobot_ultrasonic/hook/pythonpath.dsv'
[4.284s] INFO:colcon.colcon_core.shell:Creating environment hook '/home/ros2_ws/src/install/pradobot_ultrasonic/share/pradobot_ultrasonic/hook/pythonpath.sh'
[4.285s] Level 1:colcon.colcon_core.environment:checking '/home/ros2_ws/src/install/pradobot_ultrasonic/bin'
[4.286s] Level 1:colcon.colcon_core.environment:create_environment_scripts_only(pradobot_ultrasonic)
[4.294s] INFO:colcon.colcon_core.shell:Creating package script '/home/ros2_ws/src/install/pradobot_ultrasonic/share/pradobot_ultrasonic/package.ps1'
[4.295s] INFO:colcon.colcon_core.shell:Creating package descriptor '/home/ros2_ws/src/install/pradobot_ultrasonic/share/pradobot_ultrasonic/package.dsv'
[4.296s] INFO:colcon.colcon_core.shell:Creating package script '/home/ros2_ws/src/install/pradobot_ultrasonic/share/pradobot_ultrasonic/package.sh'
[4.297s] INFO:colcon.colcon_core.shell:Creating package script '/home/ros2_ws/src/install/pradobot_ultrasonic/share/pradobot_ultrasonic/package.bash'
[4.298s] INFO:colcon.colcon_core.shell:Creating package script '/home/ros2_ws/src/install/pradobot_ultrasonic/share/pradobot_ultrasonic/package.zsh'
[4.299s] Level 1:colcon.colcon_core.environment:create_file_with_runtime_dependencies(/home/ros2_ws/src/install/pradobot_ultrasonic/share/colcon-core/packages/pradobot_ultrasonic)
[4.299s] DEBUG:colcon.colcon_parallel_executor.executor.parallel:closing loop
[4.300s] DEBUG:colcon.colcon_parallel_executor.executor.parallel:loop closed
[4.301s] DEBUG:colcon.colcon_parallel_executor.executor.parallel:run_until_complete finished with '0'
[4.301s] DEBUG:colcon.colcon_core.event_reactor:joining thread
[4.322s] INFO:colcon.colcon_core.plugin_system:Skipping extension 'colcon_notification.desktop_notification.notify_send': Could not find 'notify-send'
[4.322s] INFO:colcon.colcon_core.plugin_system:Skipping extension 'colcon_notification.desktop_notification.terminal_notifier': Not used on non-Darwin systems
[4.322s] INFO:colcon.colcon_core.plugin_system:Skipping extension 'colcon_notification.desktop_notification.win32': Not used on non-Windows systems
[4.322s] INFO:colcon.colcon_notification.desktop_notification:Sending desktop notification using 'notify2'
[4.323s] DEBUG:colcon.colcon_notification.desktop_notification.notify2:Failed to initialize notify2: org.freedesktop.DBus.Error.NotSupported: Unable to autolaunch a dbus-daemon without a $DISPLAY for X11
[4.323s] DEBUG:colcon.colcon_core.event_reactor:joined thread
[4.330s] INFO:colcon.colcon_core.shell:Creating prefix script '/home/ros2_ws/src/install/local_setup.ps1'
[4.332s] INFO:colcon.colcon_core.shell:Creating prefix util module '/home/ros2_ws/src/install/_local_setup_util_ps1.py'
[4.336s] INFO:colcon.colcon_core.shell:Creating prefix chain script '/home/ros2_ws/src/install/setup.ps1'
[4.340s] INFO:colcon.colcon_core.shell:Creating prefix script '/home/ros2_ws/src/install/local_setup.sh'
[4.342s] INFO:colcon.colcon_core.shell:Creating prefix util module '/home/ros2_ws/src/install/_local_setup_util_sh.py'
[4.343s] INFO:colcon.colcon_core.shell:Creating prefix chain script '/home/ros2_ws/src/install/setup.sh'
[4.379s] INFO:colcon.colcon_core.shell:Creating prefix script '/home/ros2_ws/src/install/local_setup.bash'
[4.380s] INFO:colcon.colcon_core.shell:Creating prefix chain script '/home/ros2_ws/src/install/setup.bash'
[4.384s] INFO:colcon.colcon_core.shell:Creating prefix script '/home/ros2_ws/src/install/local_setup.zsh'
[4.385s] INFO:colcon.colcon_core.shell:Creating prefix chain script '/home/ros2_ws/src/install/setup.zsh'
