[  0%] Built target vectornav_msgs__cpp
[ 12%] Built target vectornav_msgs__rosidl_generator_c
[ 12%] Built target ament_cmake_python_copy_vectornav_msgs
[ 24%] Built target vectornav_msgs__rosidl_typesupport_cpp
[ 35%] Built target vectornav_msgs__rosidl_typesupport_fastrtps_cpp
[ 53%] Built target vectornav_msgs__rosidl_typesupport_introspection_cpp
[ 59%] Built target vectornav_msgs__rosidl_typesupport_c
[ 71%] Built target vectornav_msgs__rosidl_typesupport_introspection_c
[ 83%] Built target vectornav_msgs__rosidl_typesupport_fastrtps_c
[ 83%] Built target vectornav_msgs
[ 84%] Built target vectornav_msgs__py
[ 95%] Built target vectornav_msgs__rosidl_generator_py
[ 99%] Built target vectornav_msgs__rosidl_typesupport_c__pyext
[100%] Built target vectornav_msgs__rosidl_typesupport_introspection_c__pyext
[100%] Built target vectornav_msgs__rosidl_typesupport_fastrtps_c__pyext
running egg_info
writing vectornav_msgs.egg-info/PKG-INFO
writing dependency_links to vectornav_msgs.egg-info/dependency_links.txt
writing top-level names to vectornav_msgs.egg-info/top_level.txt
reading manifest file 'vectornav_msgs.egg-info/SOURCES.txt'
writing manifest file 'vectornav_msgs.egg-info/SOURCES.txt'
[100%] Built target ament_cmake_python_build_vectornav_msgs_egg
