[1.598s] Invoking command in '/home/ros2_ws/src/pradobot_ultrasonic': PYTHONPATH=/home/ros2_ws/build/pradobot_ultrasonic/prefix_override:/home/ros2_ws/install/pradobot_ultrasonic/lib/python3.8/site-packages:${PYTHONPATH} /usr/bin/python3 setup.py egg_info --egg-base ../../build/pradobot_ultrasonic build --build-base /home/ros2_ws/build/pradobot_ultrasonic/build install --record /home/ros2_ws/build/pradobot_ultrasonic/install.log --single-version-externally-managed
[2.133s] running egg_info
[2.133s] writing ../../build/pradobot_ultrasonic/pradobot_ultrasonic.egg-info/PKG-INFO
[2.134s] writing dependency_links to ../../build/pradobot_ultrasonic/pradobot_ultrasonic.egg-info/dependency_links.txt
[2.134s] writing entry points to ../../build/pradobot_ultrasonic/pradobot_ultrasonic.egg-info/entry_points.txt
[2.134s] writing requirements to ../../build/pradobot_ultrasonic/pradobot_ultrasonic.egg-info/requires.txt
[2.135s] writing top-level names to ../../build/pradobot_ultrasonic/pradobot_ultrasonic.egg-info/top_level.txt
[2.138s] reading manifest file '../../build/pradobot_ultrasonic/pradobot_ultrasonic.egg-info/SOURCES.txt'
[2.140s] writing manifest file '../../build/pradobot_ultrasonic/pradobot_ultrasonic.egg-info/SOURCES.txt'
[2.140s] running build
[2.140s] running build_py
[2.141s] running install
[2.142s] running install_lib
[2.145s] running install_data
[2.146s] running install_egg_info
[2.149s] removing '/home/ros2_ws/install/pradobot_ultrasonic/lib/python3.8/site-packages/pradobot_ultrasonic-0.0.0-py3.8.egg-info' (and everything under it)
[2.149s] Copying ../../build/pradobot_ultrasonic/pradobot_ultrasonic.egg-info to /home/ros2_ws/install/pradobot_ultrasonic/lib/python3.8/site-packages/pradobot_ultrasonic-0.0.0-py3.8.egg-info
[2.151s] running install_scripts
[2.188s] writing list of installed files to '/home/ros2_ws/build/pradobot_ultrasonic/install.log'
[2.241s] Invoked command in '/home/ros2_ws/src/pradobot_ultrasonic' returned '0': PYTHONPATH=/home/ros2_ws/build/pradobot_ultrasonic/prefix_override:/home/ros2_ws/install/pradobot_ultrasonic/lib/python3.8/site-packages:${PYTHONPATH} /usr/bin/python3 setup.py egg_info --egg-base ../../build/pradobot_ultrasonic build --build-base /home/ros2_ws/build/pradobot_ultrasonic/build install --record /home/ros2_ws/build/pradobot_ultrasonic/install.log --single-version-externally-managed
