[0.642s] DEBUG:colcon:Command line arguments: ['/usr/bin/colcon', 'build']
[0.643s] DEBUG:colcon:Parsed command line arguments: Namespace(ament_cmake_args=None, base_paths=['.'], build_base='build', catkin_cmake_args=None, catkin_skip_building_tests=False, cmake_args=None, cmake_clean_cache=False, cmake_clean_first=False, cmake_force_configure=False, cmake_target=None, cmake_target_skip_unavailable=False, continue_on_error=False, event_handlers=None, executor='parallel', ignore_user_meta=False, install_base='install', log_base=None, log_level=None, main=<bound method BuildVerb.main of <colcon_core.verb.build.BuildVerb object at 0xffffbc436b20>>, merge_install=False, metas=['./colcon.meta'], packages_above=None, packages_above_and_dependencies=None, packages_above_depth=None, packages_end=None, packages_ignore=None, packages_ignore_regex=None, packages_select=None, packages_select_build_failed=False, packages_select_by_dep=None, packages_select_regex=None, packages_select_test_failures=False, packages_skip=None, packages_skip_build_finished=False, packages_skip_by_dep=None, packages_skip_regex=None, packages_skip_test_passed=False, packages_skip_up_to=None, packages_start=None, packages_up_to=None, packages_up_to_regex=None, parallel_workers=6, paths=None, symlink_install=False, test_result_base=None, verb_extension=<colcon_core.verb.build.BuildVerb object at 0xffffbc436b20>, verb_name='build', verb_parser=<colcon_defaults.argument_parser.defaults.DefaultArgumentsDecorator object at 0xffffbc3bba60>)
[0.738s] Level 1:colcon.colcon_core.package_discovery:discover_packages(colcon_meta) check parameters
[0.739s] Level 1:colcon.colcon_core.package_discovery:discover_packages(recursive) check parameters
[0.739s] Level 1:colcon.colcon_core.package_discovery:discover_packages(ignore) check parameters
[0.739s] Level 1:colcon.colcon_core.package_discovery:discover_packages(path) check parameters
[0.739s] Level 1:colcon.colcon_core.package_discovery:discover_packages(colcon_meta) discover
[0.739s] Level 1:colcon.colcon_core.package_discovery:discover_packages(recursive) discover
[0.739s] INFO:colcon.colcon_core.package_discovery:Crawling recursively for packages in '/home/ros2_ws'
[0.739s] Level 1:colcon.colcon_core.package_identification:_identify(.) by extensions ['ignore', 'ignore_ament_install']
[0.740s] Level 1:colcon.colcon_core.package_identification:_identify(.) by extension 'ignore'
[0.740s] Level 1:colcon.colcon_core.package_identification:_identify(.) by extension 'ignore_ament_install'
[0.740s] Level 1:colcon.colcon_core.package_identification:_identify(.) by extensions ['colcon_pkg']
[0.740s] Level 1:colcon.colcon_core.package_identification:_identify(.) by extension 'colcon_pkg'
[0.740s] Level 1:colcon.colcon_core.package_identification:_identify(.) by extensions ['colcon_meta']
[0.740s] Level 1:colcon.colcon_core.package_identification:_identify(.) by extension 'colcon_meta'
[0.740s] Level 1:colcon.colcon_core.package_identification:_identify(.) by extensions ['ros']
[0.740s] Level 1:colcon.colcon_core.package_identification:_identify(.) by extension 'ros'
[0.770s] Level 1:colcon.colcon_core.package_identification:_identify(.) by extensions ['cmake', 'python']
[0.770s] Level 1:colcon.colcon_core.package_identification:_identify(.) by extension 'cmake'
[0.770s] Level 1:colcon.colcon_core.package_identification:_identify(.) by extension 'python'
[0.770s] Level 1:colcon.colcon_core.package_identification:_identify(.) by extensions ['python_setup_py']
[0.770s] Level 1:colcon.colcon_core.package_identification:_identify(.) by extension 'python_setup_py'
[0.771s] Level 1:colcon.colcon_core.package_identification:_identify(build) by extensions ['ignore', 'ignore_ament_install']
[0.771s] Level 1:colcon.colcon_core.package_identification:_identify(build) by extension 'ignore'
[0.771s] Level 1:colcon.colcon_core.package_identification:_identify(build) ignored
[0.771s] Level 1:colcon.colcon_core.package_identification:_identify(install) by extensions ['ignore', 'ignore_ament_install']
[0.771s] Level 1:colcon.colcon_core.package_identification:_identify(install) by extension 'ignore'
[0.772s] Level 1:colcon.colcon_core.package_identification:_identify(install) ignored
[0.772s] Level 1:colcon.colcon_core.package_identification:_identify(log) by extensions ['ignore', 'ignore_ament_install']
[0.772s] Level 1:colcon.colcon_core.package_identification:_identify(log) by extension 'ignore'
[0.772s] Level 1:colcon.colcon_core.package_identification:_identify(log) ignored
[0.772s] Level 1:colcon.colcon_core.package_identification:_identify(src) by extensions ['ignore', 'ignore_ament_install']
[0.773s] Level 1:colcon.colcon_core.package_identification:_identify(src) by extension 'ignore'
[0.773s] Level 1:colcon.colcon_core.package_identification:_identify(src) by extension 'ignore_ament_install'
[0.773s] Level 1:colcon.colcon_core.package_identification:_identify(src) by extensions ['colcon_pkg']
[0.773s] Level 1:colcon.colcon_core.package_identification:_identify(src) by extension 'colcon_pkg'
[0.773s] Level 1:colcon.colcon_core.package_identification:_identify(src) by extensions ['colcon_meta']
[0.773s] Level 1:colcon.colcon_core.package_identification:_identify(src) by extension 'colcon_meta'
[0.773s] Level 1:colcon.colcon_core.package_identification:_identify(src) by extensions ['ros']
[0.773s] Level 1:colcon.colcon_core.package_identification:_identify(src) by extension 'ros'
[0.773s] Level 1:colcon.colcon_core.package_identification:_identify(src) by extensions ['cmake', 'python']
[0.774s] Level 1:colcon.colcon_core.package_identification:_identify(src) by extension 'cmake'
[0.774s] Level 1:colcon.colcon_core.package_identification:_identify(src) by extension 'python'
[0.774s] Level 1:colcon.colcon_core.package_identification:_identify(src) by extensions ['python_setup_py']
[0.774s] Level 1:colcon.colcon_core.package_identification:_identify(src) by extension 'python_setup_py'
[0.774s] Level 1:colcon.colcon_core.package_identification:_identify(src/build) by extensions ['ignore', 'ignore_ament_install']
[0.774s] Level 1:colcon.colcon_core.package_identification:_identify(src/build) by extension 'ignore'
[0.774s] Level 1:colcon.colcon_core.package_identification:_identify(src/build) ignored
[0.775s] Level 1:colcon.colcon_core.package_identification:_identify(src/install) by extensions ['ignore', 'ignore_ament_install']
[0.775s] Level 1:colcon.colcon_core.package_identification:_identify(src/install) by extension 'ignore'
[0.775s] Level 1:colcon.colcon_core.package_identification:_identify(src/install) ignored
[0.775s] Level 1:colcon.colcon_core.package_identification:_identify(src/log) by extensions ['ignore', 'ignore_ament_install']
[0.775s] Level 1:colcon.colcon_core.package_identification:_identify(src/log) by extension 'ignore'
[0.775s] Level 1:colcon.colcon_core.package_identification:_identify(src/log) ignored
[0.776s] Level 1:colcon.colcon_core.package_identification:_identify(src/pradobot_controller) by extensions ['ignore', 'ignore_ament_install']
[0.776s] Level 1:colcon.colcon_core.package_identification:_identify(src/pradobot_controller) by extension 'ignore'
[0.776s] Level 1:colcon.colcon_core.package_identification:_identify(src/pradobot_controller) by extension 'ignore_ament_install'
[0.776s] Level 1:colcon.colcon_core.package_identification:_identify(src/pradobot_controller) by extensions ['colcon_pkg']
[0.776s] Level 1:colcon.colcon_core.package_identification:_identify(src/pradobot_controller) by extension 'colcon_pkg'
[0.776s] Level 1:colcon.colcon_core.package_identification:_identify(src/pradobot_controller) by extensions ['colcon_meta']
[0.776s] Level 1:colcon.colcon_core.package_identification:_identify(src/pradobot_controller) by extension 'colcon_meta'
[0.776s] Level 1:colcon.colcon_core.package_identification:_identify(src/pradobot_controller) by extensions ['ros']
[0.776s] Level 1:colcon.colcon_core.package_identification:_identify(src/pradobot_controller) by extension 'ros'
[0.777s] Level 1:colcon.colcon_core.package_identification:_identify(src/pradobot_controller) by extensions ['cmake', 'python']
[0.777s] Level 1:colcon.colcon_core.package_identification:_identify(src/pradobot_controller) by extension 'cmake'
[0.777s] Level 1:colcon.colcon_core.package_identification:_identify(src/pradobot_controller) by extension 'python'
[0.777s] Level 1:colcon.colcon_core.package_identification:_identify(src/pradobot_controller) by extensions ['python_setup_py']
[0.777s] Level 1:colcon.colcon_core.package_identification:_identify(src/pradobot_controller) by extension 'python_setup_py'
[0.777s] Level 1:colcon.colcon_core.package_identification:_identify(src/pradobot_ultrasonic) by extensions ['ignore', 'ignore_ament_install']
[0.777s] Level 1:colcon.colcon_core.package_identification:_identify(src/pradobot_ultrasonic) by extension 'ignore'
[0.777s] Level 1:colcon.colcon_core.package_identification:_identify(src/pradobot_ultrasonic) by extension 'ignore_ament_install'
[0.778s] Level 1:colcon.colcon_core.package_identification:_identify(src/pradobot_ultrasonic) by extensions ['colcon_pkg']
[0.778s] Level 1:colcon.colcon_core.package_identification:_identify(src/pradobot_ultrasonic) by extension 'colcon_pkg'
[0.778s] Level 1:colcon.colcon_core.package_identification:_identify(src/pradobot_ultrasonic) by extensions ['colcon_meta']
[0.778s] Level 1:colcon.colcon_core.package_identification:_identify(src/pradobot_ultrasonic) by extension 'colcon_meta'
[0.778s] Level 1:colcon.colcon_core.package_identification:_identify(src/pradobot_ultrasonic) by extensions ['ros']
[0.778s] Level 1:colcon.colcon_core.package_identification:_identify(src/pradobot_ultrasonic) by extension 'ros'
[0.783s] DEBUG:colcon.colcon_core.package_identification:Package 'src/pradobot_ultrasonic' with type 'ros.ament_python' and name 'pradobot_ultrasonic'
[0.784s] Level 1:colcon.colcon_core.package_identification:_identify(src/vectornav) by extensions ['ignore', 'ignore_ament_install']
[0.784s] Level 1:colcon.colcon_core.package_identification:_identify(src/vectornav) by extension 'ignore'
[0.784s] Level 1:colcon.colcon_core.package_identification:_identify(src/vectornav) by extension 'ignore_ament_install'
[0.784s] Level 1:colcon.colcon_core.package_identification:_identify(src/vectornav) by extensions ['colcon_pkg']
[0.784s] Level 1:colcon.colcon_core.package_identification:_identify(src/vectornav) by extension 'colcon_pkg'
[0.785s] Level 1:colcon.colcon_core.package_identification:_identify(src/vectornav) by extensions ['colcon_meta']
[0.785s] Level 1:colcon.colcon_core.package_identification:_identify(src/vectornav) by extension 'colcon_meta'
[0.785s] Level 1:colcon.colcon_core.package_identification:_identify(src/vectornav) by extensions ['ros']
[0.785s] Level 1:colcon.colcon_core.package_identification:_identify(src/vectornav) by extension 'ros'
[0.785s] Level 1:colcon.colcon_core.package_identification:_identify(src/vectornav) by extensions ['cmake', 'python']
[0.785s] Level 1:colcon.colcon_core.package_identification:_identify(src/vectornav) by extension 'cmake'
[0.785s] Level 1:colcon.colcon_core.package_identification:_identify(src/vectornav) by extension 'python'
[0.785s] Level 1:colcon.colcon_core.package_identification:_identify(src/vectornav) by extensions ['python_setup_py']
[0.785s] Level 1:colcon.colcon_core.package_identification:_identify(src/vectornav) by extension 'python_setup_py'
[0.786s] Level 1:colcon.colcon_core.package_identification:_identify(src/vectornav/build) by extensions ['ignore', 'ignore_ament_install']
[0.786s] Level 1:colcon.colcon_core.package_identification:_identify(src/vectornav/build) by extension 'ignore'
[0.786s] Level 1:colcon.colcon_core.package_identification:_identify(src/vectornav/build) ignored
[0.786s] Level 1:colcon.colcon_core.package_identification:_identify(src/vectornav/install) by extensions ['ignore', 'ignore_ament_install']
[0.786s] Level 1:colcon.colcon_core.package_identification:_identify(src/vectornav/install) by extension 'ignore'
[0.786s] Level 1:colcon.colcon_core.package_identification:_identify(src/vectornav/install) ignored
[0.787s] Level 1:colcon.colcon_core.package_identification:_identify(src/vectornav/log) by extensions ['ignore', 'ignore_ament_install']
[0.787s] Level 1:colcon.colcon_core.package_identification:_identify(src/vectornav/log) by extension 'ignore'
[0.787s] Level 1:colcon.colcon_core.package_identification:_identify(src/vectornav/log) ignored
[0.787s] Level 1:colcon.colcon_core.package_identification:_identify(src/vectornav/vectornav) by extensions ['ignore', 'ignore_ament_install']
[0.787s] Level 1:colcon.colcon_core.package_identification:_identify(src/vectornav/vectornav) by extension 'ignore'
[0.788s] Level 1:colcon.colcon_core.package_identification:_identify(src/vectornav/vectornav) by extension 'ignore_ament_install'
[0.788s] Level 1:colcon.colcon_core.package_identification:_identify(src/vectornav/vectornav) by extensions ['colcon_pkg']
[0.788s] Level 1:colcon.colcon_core.package_identification:_identify(src/vectornav/vectornav) by extension 'colcon_pkg'
[0.788s] Level 1:colcon.colcon_core.package_identification:_identify(src/vectornav/vectornav) by extensions ['colcon_meta']
[0.788s] Level 1:colcon.colcon_core.package_identification:_identify(src/vectornav/vectornav) by extension 'colcon_meta'
[0.788s] Level 1:colcon.colcon_core.package_identification:_identify(src/vectornav/vectornav) by extensions ['ros']
[0.788s] Level 1:colcon.colcon_core.package_identification:_identify(src/vectornav/vectornav) by extension 'ros'
[0.790s] DEBUG:colcon.colcon_core.package_identification:Package 'src/vectornav/vectornav' with type 'ros.ament_cmake' and name 'vectornav'
[0.790s] Level 1:colcon.colcon_core.package_identification:_identify(src/vectornav/vectornav_msgs) by extensions ['ignore', 'ignore_ament_install']
[0.791s] Level 1:colcon.colcon_core.package_identification:_identify(src/vectornav/vectornav_msgs) by extension 'ignore'
[0.791s] Level 1:colcon.colcon_core.package_identification:_identify(src/vectornav/vectornav_msgs) by extension 'ignore_ament_install'
[0.791s] Level 1:colcon.colcon_core.package_identification:_identify(src/vectornav/vectornav_msgs) by extensions ['colcon_pkg']
[0.791s] Level 1:colcon.colcon_core.package_identification:_identify(src/vectornav/vectornav_msgs) by extension 'colcon_pkg'
[0.791s] Level 1:colcon.colcon_core.package_identification:_identify(src/vectornav/vectornav_msgs) by extensions ['colcon_meta']
[0.791s] Level 1:colcon.colcon_core.package_identification:_identify(src/vectornav/vectornav_msgs) by extension 'colcon_meta'
[0.791s] Level 1:colcon.colcon_core.package_identification:_identify(src/vectornav/vectornav_msgs) by extensions ['ros']
[0.791s] Level 1:colcon.colcon_core.package_identification:_identify(src/vectornav/vectornav_msgs) by extension 'ros'
[0.793s] DEBUG:colcon.colcon_core.package_identification:Package 'src/vectornav/vectornav_msgs' with type 'ros.ament_cmake' and name 'vectornav_msgs'
[0.793s] Level 1:colcon.colcon_core.package_discovery:discover_packages(recursive) using defaults
[0.793s] Level 1:colcon.colcon_core.package_discovery:discover_packages(ignore) discover
[0.793s] Level 1:colcon.colcon_core.package_discovery:discover_packages(ignore) using defaults
[0.793s] Level 1:colcon.colcon_core.package_discovery:discover_packages(path) discover
[0.793s] Level 1:colcon.colcon_core.package_discovery:discover_packages(path) using defaults
[0.852s] Level 5:colcon.colcon_core.verb:set package 'pradobot_ultrasonic' build argument 'cmake_args' from command line to 'None'
[0.852s] Level 5:colcon.colcon_core.verb:set package 'pradobot_ultrasonic' build argument 'cmake_target' from command line to 'None'
[0.852s] Level 5:colcon.colcon_core.verb:set package 'pradobot_ultrasonic' build argument 'cmake_target_skip_unavailable' from command line to 'False'
[0.852s] Level 5:colcon.colcon_core.verb:set package 'pradobot_ultrasonic' build argument 'cmake_clean_cache' from command line to 'False'
[0.852s] Level 5:colcon.colcon_core.verb:set package 'pradobot_ultrasonic' build argument 'cmake_clean_first' from command line to 'False'
[0.852s] Level 5:colcon.colcon_core.verb:set package 'pradobot_ultrasonic' build argument 'cmake_force_configure' from command line to 'False'
[0.852s] Level 5:colcon.colcon_core.verb:set package 'pradobot_ultrasonic' build argument 'ament_cmake_args' from command line to 'None'
[0.852s] Level 5:colcon.colcon_core.verb:set package 'pradobot_ultrasonic' build argument 'catkin_cmake_args' from command line to 'None'
[0.853s] Level 5:colcon.colcon_core.verb:set package 'pradobot_ultrasonic' build argument 'catkin_skip_building_tests' from command line to 'False'
[0.853s] DEBUG:colcon.colcon_core.verb:Building package 'pradobot_ultrasonic' with the following arguments: {'ament_cmake_args': None, 'build_base': '/home/ros2_ws/build/pradobot_ultrasonic', 'catkin_cmake_args': None, 'catkin_skip_building_tests': False, 'cmake_args': None, 'cmake_clean_cache': False, 'cmake_clean_first': False, 'cmake_force_configure': False, 'cmake_target': None, 'cmake_target_skip_unavailable': False, 'install_base': '/home/ros2_ws/install/pradobot_ultrasonic', 'merge_install': False, 'path': '/home/ros2_ws/src/pradobot_ultrasonic', 'symlink_install': False, 'test_result_base': None}
[0.856s] Level 5:colcon.colcon_core.verb:set package 'vectornav_msgs' build argument 'cmake_args' from command line to 'None'
[0.856s] Level 5:colcon.colcon_core.verb:set package 'vectornav_msgs' build argument 'cmake_target' from command line to 'None'
[0.856s] Level 5:colcon.colcon_core.verb:set package 'vectornav_msgs' build argument 'cmake_target_skip_unavailable' from command line to 'False'
[0.856s] Level 5:colcon.colcon_core.verb:set package 'vectornav_msgs' build argument 'cmake_clean_cache' from command line to 'False'
[0.856s] Level 5:colcon.colcon_core.verb:set package 'vectornav_msgs' build argument 'cmake_clean_first' from command line to 'False'
[0.856s] Level 5:colcon.colcon_core.verb:set package 'vectornav_msgs' build argument 'cmake_force_configure' from command line to 'False'
[0.856s] Level 5:colcon.colcon_core.verb:set package 'vectornav_msgs' build argument 'ament_cmake_args' from command line to 'None'
[0.856s] Level 5:colcon.colcon_core.verb:set package 'vectornav_msgs' build argument 'catkin_cmake_args' from command line to 'None'
[0.856s] Level 5:colcon.colcon_core.verb:set package 'vectornav_msgs' build argument 'catkin_skip_building_tests' from command line to 'False'
[0.856s] DEBUG:colcon.colcon_core.verb:Building package 'vectornav_msgs' with the following arguments: {'ament_cmake_args': None, 'build_base': '/home/ros2_ws/build/vectornav_msgs', 'catkin_cmake_args': None, 'catkin_skip_building_tests': False, 'cmake_args': None, 'cmake_clean_cache': False, 'cmake_clean_first': False, 'cmake_force_configure': False, 'cmake_target': None, 'cmake_target_skip_unavailable': False, 'install_base': '/home/ros2_ws/install/vectornav_msgs', 'merge_install': False, 'path': '/home/ros2_ws/src/vectornav/vectornav_msgs', 'symlink_install': False, 'test_result_base': None}
[0.859s] Level 5:colcon.colcon_core.verb:set package 'vectornav' build argument 'cmake_args' from command line to 'None'
[0.859s] Level 5:colcon.colcon_core.verb:set package 'vectornav' build argument 'cmake_target' from command line to 'None'
[0.860s] Level 5:colcon.colcon_core.verb:set package 'vectornav' build argument 'cmake_target_skip_unavailable' from command line to 'False'
[0.860s] Level 5:colcon.colcon_core.verb:set package 'vectornav' build argument 'cmake_clean_cache' from command line to 'False'
[0.860s] Level 5:colcon.colcon_core.verb:set package 'vectornav' build argument 'cmake_clean_first' from command line to 'False'
[0.860s] Level 5:colcon.colcon_core.verb:set package 'vectornav' build argument 'cmake_force_configure' from command line to 'False'
[0.860s] Level 5:colcon.colcon_core.verb:set package 'vectornav' build argument 'ament_cmake_args' from command line to 'None'
[0.860s] Level 5:colcon.colcon_core.verb:set package 'vectornav' build argument 'catkin_cmake_args' from command line to 'None'
[0.860s] Level 5:colcon.colcon_core.verb:set package 'vectornav' build argument 'catkin_skip_building_tests' from command line to 'False'
[0.860s] DEBUG:colcon.colcon_core.verb:Building package 'vectornav' with the following arguments: {'ament_cmake_args': None, 'build_base': '/home/ros2_ws/build/vectornav', 'catkin_cmake_args': None, 'catkin_skip_building_tests': False, 'cmake_args': None, 'cmake_clean_cache': False, 'cmake_clean_first': False, 'cmake_force_configure': False, 'cmake_target': None, 'cmake_target_skip_unavailable': False, 'install_base': '/home/ros2_ws/install/vectornav', 'merge_install': False, 'path': '/home/ros2_ws/src/vectornav/vectornav', 'symlink_install': False, 'test_result_base': None}
[0.863s] INFO:colcon.colcon_core.executor:Executing jobs using 'parallel' executor
[0.876s] DEBUG:colcon.colcon_parallel_executor.executor.parallel:run_until_complete
[0.877s] INFO:colcon.colcon_ros.task.ament_cmake.build:Building ROS package in '/home/ros2_ws/src/vectornav/vectornav_msgs' with build type 'ament_cmake'
[0.877s] INFO:colcon.colcon_cmake.task.cmake.build:Building CMake package in '/home/ros2_ws/src/vectornav/vectornav_msgs'
[0.888s] INFO:colcon.colcon_core.plugin_system:Skipping extension 'colcon_core.shell.bat': Not used on non-Windows systems
[0.889s] INFO:colcon.colcon_core.shell:Skip shell extension 'powershell' for command environment: Not usable outside of PowerShell
[0.889s] DEBUG:colcon.colcon_core.shell:Skip shell extension 'dsv' for command environment
[0.919s] INFO:colcon.colcon_ros.task.ament_python.build:Building ROS package in '/home/ros2_ws/src/pradobot_ultrasonic' with build type 'ament_python'
[0.920s] Level 1:colcon.colcon_core.shell:create_environment_hook('pradobot_ultrasonic', 'ament_prefix_path')
[0.927s] INFO:colcon.colcon_core.shell:Creating environment hook '/home/ros2_ws/install/pradobot_ultrasonic/share/pradobot_ultrasonic/hook/ament_prefix_path.ps1'
[0.928s] INFO:colcon.colcon_core.shell:Creating environment descriptor '/home/ros2_ws/install/pradobot_ultrasonic/share/pradobot_ultrasonic/hook/ament_prefix_path.dsv'
[0.929s] INFO:colcon.colcon_core.shell:Creating environment hook '/home/ros2_ws/install/pradobot_ultrasonic/share/pradobot_ultrasonic/hook/ament_prefix_path.sh'
[0.936s] INFO:colcon.colcon_core.shell:Skip shell extension 'powershell' for command environment: Not usable outside of PowerShell
[0.936s] DEBUG:colcon.colcon_core.shell:Skip shell extension 'dsv' for command environment
[0.970s] DEBUG:colcon.colcon_core.event_handler.log_command:Invoking command in '/home/ros2_ws/build/vectornav_msgs': CMAKE_PREFIX_PATH=${CMAKE_PREFIX_PATH}:/home/ros2_ws/install/pradobot_ultrasonic /usr/local/bin/cmake --build /home/ros2_ws/build/vectornav_msgs -- -j6 -l6
[1.428s] INFO:colcon.colcon_core.task.python.build:Building Python package in '/home/ros2_ws/src/pradobot_ultrasonic'
[1.434s] INFO:colcon.colcon_core.shell:Skip shell extension 'powershell' for command environment: Not usable outside of PowerShell
[1.434s] DEBUG:colcon.colcon_core.shell:Skip shell extension 'dsv' for command environment
[1.784s] DEBUG:colcon.colcon_core.event_handler.log_command:Invoked command in '/home/ros2_ws/build/vectornav_msgs' returned '0': CMAKE_PREFIX_PATH=${CMAKE_PREFIX_PATH}:/home/ros2_ws/install/pradobot_ultrasonic /usr/local/bin/cmake --build /home/ros2_ws/build/vectornav_msgs -- -j6 -l6
[2.356s] DEBUG:colcon.colcon_core.event_handler.log_command:Invoking command in '/home/ros2_ws/build/vectornav_msgs': CMAKE_PREFIX_PATH=${CMAKE_PREFIX_PATH}:/home/ros2_ws/install/pradobot_ultrasonic /usr/local/bin/cmake --install /home/ros2_ws/build/vectornav_msgs
[2.534s] Level 1:colcon.colcon_core.environment:create_environment_scripts_only(vectornav_msgs)
[2.537s] DEBUG:colcon.colcon_core.event_handler.log_command:Invoked command in '/home/ros2_ws/build/vectornav_msgs' returned '0': CMAKE_PREFIX_PATH=${CMAKE_PREFIX_PATH}:/home/ros2_ws/install/pradobot_ultrasonic /usr/local/bin/cmake --install /home/ros2_ws/build/vectornav_msgs
[2.550s] Level 1:colcon.colcon_core.environment:checking '/home/ros2_ws/install/vectornav_msgs' for CMake module files
[2.551s] Level 1:colcon.colcon_core.environment:checking '/home/ros2_ws/install/vectornav_msgs' for CMake config files
[2.552s] Level 1:colcon.colcon_core.shell:create_environment_hook('vectornav_msgs', 'cmake_prefix_path')
[2.558s] INFO:colcon.colcon_core.shell:Creating environment hook '/home/ros2_ws/install/vectornav_msgs/share/vectornav_msgs/hook/cmake_prefix_path.ps1'
[2.560s] INFO:colcon.colcon_core.shell:Creating environment descriptor '/home/ros2_ws/install/vectornav_msgs/share/vectornav_msgs/hook/cmake_prefix_path.dsv'
[2.561s] INFO:colcon.colcon_core.shell:Creating environment hook '/home/ros2_ws/install/vectornav_msgs/share/vectornav_msgs/hook/cmake_prefix_path.sh'
[2.562s] Level 1:colcon.colcon_core.environment:checking '/home/ros2_ws/install/vectornav_msgs/lib'
[2.563s] Level 1:colcon.colcon_core.shell:create_environment_hook('vectornav_msgs', 'ld_library_path_lib')
[2.568s] INFO:colcon.colcon_core.shell:Creating environment hook '/home/ros2_ws/install/vectornav_msgs/share/vectornav_msgs/hook/ld_library_path_lib.ps1'
[2.569s] INFO:colcon.colcon_core.shell:Creating environment descriptor '/home/ros2_ws/install/vectornav_msgs/share/vectornav_msgs/hook/ld_library_path_lib.dsv'
[2.570s] INFO:colcon.colcon_core.shell:Creating environment hook '/home/ros2_ws/install/vectornav_msgs/share/vectornav_msgs/hook/ld_library_path_lib.sh'
[2.571s] Level 1:colcon.colcon_core.environment:checking '/home/ros2_ws/install/vectornav_msgs/bin'
[2.571s] Level 1:colcon.colcon_core.environment:checking '/home/ros2_ws/install/vectornav_msgs/lib/pkgconfig/vectornav_msgs.pc'
[2.571s] Level 1:colcon.colcon_core.environment:checking '/home/ros2_ws/install/vectornav_msgs/lib/python3.8/site-packages'
[2.571s] Level 1:colcon.colcon_core.shell:create_environment_hook('vectornav_msgs', 'pythonpath')
[2.577s] INFO:colcon.colcon_core.shell:Creating environment hook '/home/ros2_ws/install/vectornav_msgs/share/vectornav_msgs/hook/pythonpath.ps1'
[2.578s] INFO:colcon.colcon_core.shell:Creating environment descriptor '/home/ros2_ws/install/vectornav_msgs/share/vectornav_msgs/hook/pythonpath.dsv'
[2.579s] INFO:colcon.colcon_core.shell:Creating environment hook '/home/ros2_ws/install/vectornav_msgs/share/vectornav_msgs/hook/pythonpath.sh'
[2.580s] Level 1:colcon.colcon_core.environment:checking '/home/ros2_ws/install/vectornav_msgs/bin'
[2.585s] INFO:colcon.colcon_core.shell:Creating package script '/home/ros2_ws/install/vectornav_msgs/share/vectornav_msgs/package.ps1'
[2.588s] INFO:colcon.colcon_core.shell:Creating package descriptor '/home/ros2_ws/install/vectornav_msgs/share/vectornav_msgs/package.dsv'
[2.589s] INFO:colcon.colcon_core.shell:Creating package script '/home/ros2_ws/install/vectornav_msgs/share/vectornav_msgs/package.sh'
[2.590s] INFO:colcon.colcon_core.shell:Creating package script '/home/ros2_ws/install/vectornav_msgs/share/vectornav_msgs/package.bash'
[2.592s] INFO:colcon.colcon_core.shell:Creating package script '/home/ros2_ws/install/vectornav_msgs/share/vectornav_msgs/package.zsh'
[2.593s] Level 1:colcon.colcon_core.environment:create_file_with_runtime_dependencies(/home/ros2_ws/install/vectornav_msgs/share/colcon-core/packages/vectornav_msgs)
[2.930s] DEBUG:colcon.colcon_core.event_handler.log_command:Invoking command in '/home/ros2_ws/src/pradobot_ultrasonic': PYTHONPATH=/home/ros2_ws/build/pradobot_ultrasonic/prefix_override:/home/ros2_ws/install/pradobot_ultrasonic/lib/python3.8/site-packages:${PYTHONPATH} /usr/bin/python3 setup.py egg_info --egg-base ../../build/pradobot_ultrasonic build --build-base /home/ros2_ws/build/pradobot_ultrasonic/build install --record /home/ros2_ws/build/pradobot_ultrasonic/install.log --single-version-externally-managed
[3.094s] Level 1:colcon.colcon_core.environment:create_environment_scripts_only(vectornav_msgs)
[3.104s] Level 1:colcon.colcon_core.environment:checking '/home/ros2_ws/install/vectornav_msgs' for CMake module files
[3.105s] Level 1:colcon.colcon_core.environment:checking '/home/ros2_ws/install/vectornav_msgs' for CMake config files
[3.107s] Level 1:colcon.colcon_core.shell:create_environment_hook('vectornav_msgs', 'cmake_prefix_path')
[3.113s] INFO:colcon.colcon_core.shell:Creating environment hook '/home/ros2_ws/install/vectornav_msgs/share/vectornav_msgs/hook/cmake_prefix_path.ps1'
[3.114s] INFO:colcon.colcon_core.shell:Creating environment descriptor '/home/ros2_ws/install/vectornav_msgs/share/vectornav_msgs/hook/cmake_prefix_path.dsv'
[3.115s] INFO:colcon.colcon_core.shell:Creating environment hook '/home/ros2_ws/install/vectornav_msgs/share/vectornav_msgs/hook/cmake_prefix_path.sh'
[3.116s] Level 1:colcon.colcon_core.environment:checking '/home/ros2_ws/install/vectornav_msgs/lib'
[3.116s] Level 1:colcon.colcon_core.shell:create_environment_hook('vectornav_msgs', 'ld_library_path_lib')
[3.122s] INFO:colcon.colcon_core.shell:Creating environment hook '/home/ros2_ws/install/vectornav_msgs/share/vectornav_msgs/hook/ld_library_path_lib.ps1'
[3.123s] INFO:colcon.colcon_core.shell:Creating environment descriptor '/home/ros2_ws/install/vectornav_msgs/share/vectornav_msgs/hook/ld_library_path_lib.dsv'
[3.123s] INFO:colcon.colcon_core.shell:Creating environment hook '/home/ros2_ws/install/vectornav_msgs/share/vectornav_msgs/hook/ld_library_path_lib.sh'
[3.124s] Level 1:colcon.colcon_core.environment:checking '/home/ros2_ws/install/vectornav_msgs/bin'
[3.124s] Level 1:colcon.colcon_core.environment:checking '/home/ros2_ws/install/vectornav_msgs/lib/pkgconfig/vectornav_msgs.pc'
[3.125s] Level 1:colcon.colcon_core.environment:checking '/home/ros2_ws/install/vectornav_msgs/lib/python3.8/site-packages'
[3.125s] Level 1:colcon.colcon_core.shell:create_environment_hook('vectornav_msgs', 'pythonpath')
[3.130s] INFO:colcon.colcon_core.shell:Creating environment hook '/home/ros2_ws/install/vectornav_msgs/share/vectornav_msgs/hook/pythonpath.ps1'
[3.131s] INFO:colcon.colcon_core.shell:Creating environment descriptor '/home/ros2_ws/install/vectornav_msgs/share/vectornav_msgs/hook/pythonpath.dsv'
[3.132s] INFO:colcon.colcon_core.shell:Creating environment hook '/home/ros2_ws/install/vectornav_msgs/share/vectornav_msgs/hook/pythonpath.sh'
[3.133s] Level 1:colcon.colcon_core.environment:checking '/home/ros2_ws/install/vectornav_msgs/bin'
[3.139s] INFO:colcon.colcon_core.shell:Creating package script '/home/ros2_ws/install/vectornav_msgs/share/vectornav_msgs/package.ps1'
[3.141s] INFO:colcon.colcon_core.shell:Creating package descriptor '/home/ros2_ws/install/vectornav_msgs/share/vectornav_msgs/package.dsv'
[3.142s] INFO:colcon.colcon_core.shell:Creating package script '/home/ros2_ws/install/vectornav_msgs/share/vectornav_msgs/package.sh'
[3.143s] INFO:colcon.colcon_core.shell:Creating package script '/home/ros2_ws/install/vectornav_msgs/share/vectornav_msgs/package.bash'
[3.144s] INFO:colcon.colcon_core.shell:Creating package script '/home/ros2_ws/install/vectornav_msgs/share/vectornav_msgs/package.zsh'
[3.145s] Level 1:colcon.colcon_core.environment:create_file_with_runtime_dependencies(/home/ros2_ws/install/vectornav_msgs/share/colcon-core/packages/vectornav_msgs)
[3.146s] INFO:colcon.colcon_ros.task.ament_cmake.build:Building ROS package in '/home/ros2_ws/src/vectornav/vectornav' with build type 'ament_cmake'
[3.146s] INFO:colcon.colcon_cmake.task.cmake.build:Building CMake package in '/home/ros2_ws/src/vectornav/vectornav'
[3.152s] INFO:colcon.colcon_core.shell:Skip shell extension 'powershell' for command environment: Not usable outside of PowerShell
[3.152s] DEBUG:colcon.colcon_core.shell:Skip shell extension 'dsv' for command environment
[3.194s] DEBUG:colcon.colcon_core.event_handler.log_command:Invoking command in '/home/ros2_ws/build/vectornav': CMAKE_PREFIX_PATH=/home/ros2_ws/install/vectornav_msgs:/home/ros2_ws/install/vectornav:/opt/ros/humble/install:/home/ros2_ws/install/pradobot_ultrasonic LD_LIBRARY_PATH=/home/ros2_ws/install/vectornav_msgs/lib:/home/ros2_ws/install/vectornav/lib:/opt/ros/humble/install/opt/rviz_ogre_vendor/lib:/opt/ros/humble/install/lib:/usr/local/cuda/lib64 /usr/local/bin/cmake --build /home/ros2_ws/build/vectornav -- -j6 -l6
[3.357s] DEBUG:colcon.colcon_core.event_handler.log_command:Invoked command in '/home/ros2_ws/build/vectornav' returned '0': CMAKE_PREFIX_PATH=/home/ros2_ws/install/vectornav_msgs:/home/ros2_ws/install/vectornav:/opt/ros/humble/install:/home/ros2_ws/install/pradobot_ultrasonic LD_LIBRARY_PATH=/home/ros2_ws/install/vectornav_msgs/lib:/home/ros2_ws/install/vectornav/lib:/opt/ros/humble/install/opt/rviz_ogre_vendor/lib:/opt/ros/humble/install/lib:/usr/local/cuda/lib64 /usr/local/bin/cmake --build /home/ros2_ws/build/vectornav -- -j6 -l6
[3.461s] DEBUG:colcon.colcon_core.event_handler.log_command:Invoking command in '/home/ros2_ws/build/vectornav': CMAKE_PREFIX_PATH=/home/ros2_ws/install/vectornav_msgs:/home/ros2_ws/install/vectornav:/opt/ros/humble/install:/home/ros2_ws/install/pradobot_ultrasonic LD_LIBRARY_PATH=/home/ros2_ws/install/vectornav_msgs/lib:/home/ros2_ws/install/vectornav/lib:/opt/ros/humble/install/opt/rviz_ogre_vendor/lib:/opt/ros/humble/install/lib:/usr/local/cuda/lib64 /usr/local/bin/cmake --install /home/ros2_ws/build/vectornav
[3.535s] Level 1:colcon.colcon_core.environment:create_environment_scripts_only(vectornav)
[3.544s] Level 1:colcon.colcon_core.environment:checking '/home/ros2_ws/install/vectornav' for CMake module files
[3.545s] DEBUG:colcon.colcon_core.event_handler.log_command:Invoked command in '/home/ros2_ws/build/vectornav' returned '0': CMAKE_PREFIX_PATH=/home/ros2_ws/install/vectornav_msgs:/home/ros2_ws/install/vectornav:/opt/ros/humble/install:/home/ros2_ws/install/pradobot_ultrasonic LD_LIBRARY_PATH=/home/ros2_ws/install/vectornav_msgs/lib:/home/ros2_ws/install/vectornav/lib:/opt/ros/humble/install/opt/rviz_ogre_vendor/lib:/opt/ros/humble/install/lib:/usr/local/cuda/lib64 /usr/local/bin/cmake --install /home/ros2_ws/build/vectornav
[3.546s] Level 1:colcon.colcon_core.environment:checking '/home/ros2_ws/install/vectornav' for CMake config files
[3.546s] Level 1:colcon.colcon_core.shell:create_environment_hook('vectornav', 'cmake_prefix_path')
[3.552s] INFO:colcon.colcon_core.shell:Creating environment hook '/home/ros2_ws/install/vectornav/share/vectornav/hook/cmake_prefix_path.ps1'
[3.555s] INFO:colcon.colcon_core.shell:Creating environment descriptor '/home/ros2_ws/install/vectornav/share/vectornav/hook/cmake_prefix_path.dsv'
[3.557s] INFO:colcon.colcon_core.shell:Creating environment hook '/home/ros2_ws/install/vectornav/share/vectornav/hook/cmake_prefix_path.sh'
[3.559s] Level 1:colcon.colcon_core.environment:checking '/home/ros2_ws/install/vectornav/lib'
[3.559s] Level 1:colcon.colcon_core.shell:create_environment_hook('vectornav', 'ld_library_path_lib')
[3.565s] INFO:colcon.colcon_core.shell:Creating environment hook '/home/ros2_ws/install/vectornav/share/vectornav/hook/ld_library_path_lib.ps1'
[3.567s] INFO:colcon.colcon_core.shell:Creating environment descriptor '/home/ros2_ws/install/vectornav/share/vectornav/hook/ld_library_path_lib.dsv'
[3.567s] INFO:colcon.colcon_core.shell:Creating environment hook '/home/ros2_ws/install/vectornav/share/vectornav/hook/ld_library_path_lib.sh'
[3.568s] Level 1:colcon.colcon_core.environment:checking '/home/ros2_ws/install/vectornav/bin'
[3.568s] Level 1:colcon.colcon_core.environment:checking '/home/ros2_ws/install/vectornav/lib/pkgconfig/vectornav.pc'
[3.569s] Level 1:colcon.colcon_core.environment:checking '/home/ros2_ws/install/vectornav/lib/python3.8/site-packages'
[3.569s] Level 1:colcon.colcon_core.environment:checking '/home/ros2_ws/install/vectornav/bin'
[3.575s] INFO:colcon.colcon_core.shell:Creating package script '/home/ros2_ws/install/vectornav/share/vectornav/package.ps1'
[3.576s] INFO:colcon.colcon_core.shell:Creating package descriptor '/home/ros2_ws/install/vectornav/share/vectornav/package.dsv'
[3.577s] INFO:colcon.colcon_core.shell:Creating package script '/home/ros2_ws/install/vectornav/share/vectornav/package.sh'
[3.578s] INFO:colcon.colcon_core.shell:Creating package script '/home/ros2_ws/install/vectornav/share/vectornav/package.bash'
[3.578s] INFO:colcon.colcon_core.shell:Creating package script '/home/ros2_ws/install/vectornav/share/vectornav/package.zsh'
[3.579s] Level 1:colcon.colcon_core.environment:create_file_with_runtime_dependencies(/home/ros2_ws/install/vectornav/share/colcon-core/packages/vectornav)
[3.690s] Level 1:colcon.colcon_core.environment:create_environment_scripts_only(vectornav)
[3.704s] Level 1:colcon.colcon_core.environment:checking '/home/ros2_ws/install/vectornav' for CMake module files
[3.706s] Level 1:colcon.colcon_core.environment:checking '/home/ros2_ws/install/vectornav' for CMake config files
[3.707s] Level 1:colcon.colcon_core.shell:create_environment_hook('vectornav', 'cmake_prefix_path')
[3.714s] INFO:colcon.colcon_core.shell:Creating environment hook '/home/ros2_ws/install/vectornav/share/vectornav/hook/cmake_prefix_path.ps1'
[3.715s] INFO:colcon.colcon_core.shell:Creating environment descriptor '/home/ros2_ws/install/vectornav/share/vectornav/hook/cmake_prefix_path.dsv'
[3.716s] INFO:colcon.colcon_core.shell:Creating environment hook '/home/ros2_ws/install/vectornav/share/vectornav/hook/cmake_prefix_path.sh'
[3.717s] Level 1:colcon.colcon_core.environment:checking '/home/ros2_ws/install/vectornav/lib'
[3.717s] Level 1:colcon.colcon_core.shell:create_environment_hook('vectornav', 'ld_library_path_lib')
[3.723s] INFO:colcon.colcon_core.shell:Creating environment hook '/home/ros2_ws/install/vectornav/share/vectornav/hook/ld_library_path_lib.ps1'
[3.724s] INFO:colcon.colcon_core.shell:Creating environment descriptor '/home/ros2_ws/install/vectornav/share/vectornav/hook/ld_library_path_lib.dsv'
[3.725s] INFO:colcon.colcon_core.shell:Creating environment hook '/home/ros2_ws/install/vectornav/share/vectornav/hook/ld_library_path_lib.sh'
[3.726s] Level 1:colcon.colcon_core.environment:checking '/home/ros2_ws/install/vectornav/bin'
[3.726s] Level 1:colcon.colcon_core.environment:checking '/home/ros2_ws/install/vectornav/lib/pkgconfig/vectornav.pc'
[3.726s] Level 1:colcon.colcon_core.environment:checking '/home/ros2_ws/install/vectornav/lib/python3.8/site-packages'
[3.727s] Level 1:colcon.colcon_core.environment:checking '/home/ros2_ws/install/vectornav/bin'
[3.732s] INFO:colcon.colcon_core.shell:Creating package script '/home/ros2_ws/install/vectornav/share/vectornav/package.ps1'
[3.734s] INFO:colcon.colcon_core.shell:Creating package descriptor '/home/ros2_ws/install/vectornav/share/vectornav/package.dsv'
[3.735s] INFO:colcon.colcon_core.shell:Creating package script '/home/ros2_ws/install/vectornav/share/vectornav/package.sh'
[3.736s] INFO:colcon.colcon_core.shell:Creating package script '/home/ros2_ws/install/vectornav/share/vectornav/package.bash'
[3.736s] INFO:colcon.colcon_core.shell:Creating package script '/home/ros2_ws/install/vectornav/share/vectornav/package.zsh'
[3.737s] Level 1:colcon.colcon_core.environment:create_file_with_runtime_dependencies(/home/ros2_ws/install/vectornav/share/colcon-core/packages/vectornav)
[4.121s] Level 1:colcon.colcon_core.environment:checking '/home/ros2_ws/install/pradobot_ultrasonic' for CMake module files
[4.123s] DEBUG:colcon.colcon_core.event_handler.log_command:Invoked command in '/home/ros2_ws/src/pradobot_ultrasonic' returned '0': PYTHONPATH=/home/ros2_ws/build/pradobot_ultrasonic/prefix_override:/home/ros2_ws/install/pradobot_ultrasonic/lib/python3.8/site-packages:${PYTHONPATH} /usr/bin/python3 setup.py egg_info --egg-base ../../build/pradobot_ultrasonic build --build-base /home/ros2_ws/build/pradobot_ultrasonic/build install --record /home/ros2_ws/build/pradobot_ultrasonic/install.log --single-version-externally-managed
[4.124s] Level 1:colcon.colcon_core.environment:checking '/home/ros2_ws/install/pradobot_ultrasonic' for CMake config files
[4.126s] Level 1:colcon.colcon_core.environment:checking '/home/ros2_ws/install/pradobot_ultrasonic/lib'
[4.126s] Level 1:colcon.colcon_core.environment:checking '/home/ros2_ws/install/pradobot_ultrasonic/bin'
[4.127s] Level 1:colcon.colcon_core.environment:checking '/home/ros2_ws/install/pradobot_ultrasonic/lib/pkgconfig/pradobot_ultrasonic.pc'
[4.127s] Level 1:colcon.colcon_core.environment:checking '/home/ros2_ws/install/pradobot_ultrasonic/lib/python3.8/site-packages'
[4.127s] Level 1:colcon.colcon_core.shell:create_environment_hook('pradobot_ultrasonic', 'pythonpath')
[4.138s] INFO:colcon.colcon_core.shell:Creating environment hook '/home/ros2_ws/install/pradobot_ultrasonic/share/pradobot_ultrasonic/hook/pythonpath.ps1'
[4.139s] INFO:colcon.colcon_core.shell:Creating environment descriptor '/home/ros2_ws/install/pradobot_ultrasonic/share/pradobot_ultrasonic/hook/pythonpath.dsv'
[4.140s] INFO:colcon.colcon_core.shell:Creating environment hook '/home/ros2_ws/install/pradobot_ultrasonic/share/pradobot_ultrasonic/hook/pythonpath.sh'
[4.142s] Level 1:colcon.colcon_core.environment:checking '/home/ros2_ws/install/pradobot_ultrasonic/bin'
[4.142s] Level 1:colcon.colcon_core.environment:create_environment_scripts_only(pradobot_ultrasonic)
[4.150s] INFO:colcon.colcon_core.shell:Creating package script '/home/ros2_ws/install/pradobot_ultrasonic/share/pradobot_ultrasonic/package.ps1'
[4.151s] INFO:colcon.colcon_core.shell:Creating package descriptor '/home/ros2_ws/install/pradobot_ultrasonic/share/pradobot_ultrasonic/package.dsv'
[4.152s] INFO:colcon.colcon_core.shell:Creating package script '/home/ros2_ws/install/pradobot_ultrasonic/share/pradobot_ultrasonic/package.sh'
[4.153s] INFO:colcon.colcon_core.shell:Creating package script '/home/ros2_ws/install/pradobot_ultrasonic/share/pradobot_ultrasonic/package.bash'
[4.154s] INFO:colcon.colcon_core.shell:Creating package script '/home/ros2_ws/install/pradobot_ultrasonic/share/pradobot_ultrasonic/package.zsh'
[4.155s] Level 1:colcon.colcon_core.environment:create_file_with_runtime_dependencies(/home/ros2_ws/install/pradobot_ultrasonic/share/colcon-core/packages/pradobot_ultrasonic)
[4.156s] DEBUG:colcon.colcon_parallel_executor.executor.parallel:closing loop
[4.156s] DEBUG:colcon.colcon_parallel_executor.executor.parallel:loop closed
[4.157s] DEBUG:colcon.colcon_parallel_executor.executor.parallel:run_until_complete finished with '0'
[4.157s] DEBUG:colcon.colcon_core.event_reactor:joining thread
[4.176s] INFO:colcon.colcon_core.plugin_system:Skipping extension 'colcon_notification.desktop_notification.notify_send': Could not find 'notify-send'
[4.176s] INFO:colcon.colcon_core.plugin_system:Skipping extension 'colcon_notification.desktop_notification.terminal_notifier': Not used on non-Darwin systems
[4.176s] INFO:colcon.colcon_core.plugin_system:Skipping extension 'colcon_notification.desktop_notification.win32': Not used on non-Windows systems
[4.176s] INFO:colcon.colcon_notification.desktop_notification:Sending desktop notification using 'notify2'
[4.177s] DEBUG:colcon.colcon_notification.desktop_notification.notify2:Failed to initialize notify2: org.freedesktop.DBus.Error.NotSupported: Unable to autolaunch a dbus-daemon without a $DISPLAY for X11
[4.177s] DEBUG:colcon.colcon_core.event_reactor:joined thread
[4.184s] INFO:colcon.colcon_core.shell:Creating prefix script '/home/ros2_ws/install/local_setup.ps1'
[4.186s] INFO:colcon.colcon_core.shell:Creating prefix util module '/home/ros2_ws/install/_local_setup_util_ps1.py'
[4.224s] INFO:colcon.colcon_core.shell:Creating prefix chain script '/home/ros2_ws/install/setup.ps1'
[4.228s] INFO:colcon.colcon_core.shell:Creating prefix script '/home/ros2_ws/install/local_setup.sh'
[4.229s] INFO:colcon.colcon_core.shell:Creating prefix util module '/home/ros2_ws/install/_local_setup_util_sh.py'
[4.230s] INFO:colcon.colcon_core.shell:Creating prefix chain script '/home/ros2_ws/install/setup.sh'
[4.234s] INFO:colcon.colcon_core.shell:Creating prefix script '/home/ros2_ws/install/local_setup.bash'
[4.235s] INFO:colcon.colcon_core.shell:Creating prefix chain script '/home/ros2_ws/install/setup.bash'
[4.238s] INFO:colcon.colcon_core.shell:Creating prefix script '/home/ros2_ws/install/local_setup.zsh'
[4.239s] INFO:colcon.colcon_core.shell:Creating prefix chain script '/home/ros2_ws/install/setup.zsh'
