[0.091s] Invoking command in '/home/ros2_ws/build/vectornav_msgs': /usr/local/bin/cmake --build /home/ros2_ws/build/vectornav_msgs -- -j6 -l6
[0.252s] [  0%] Built target vectornav_msgs__cpp
[0.271s] [  0%] Built target ament_cmake_python_copy_vectornav_msgs
[0.274s] [ 12%] Built target vectornav_msgs__rosidl_generator_c
[0.298s] [ 38%] Built target vectornav_msgs__rosidl_typesupport_fastrtps_cpp
[0.299s] [ 40%] Built target vectornav_msgs__rosidl_typesupport_cpp
[0.300s] [ 47%] Built target vectornav_msgs__rosidl_typesupport_introspection_cpp
[0.313s] [ 59%] Built target vectornav_msgs__rosidl_typesupport_introspection_c
[0.329s] [ 71%] Built target vectornav_msgs__rosidl_typesupport_c
[0.334s] [ 83%] Built target vectornav_msgs__rosidl_typesupport_fastrtps_c
[0.353s] [ 83%] Built target vectornav_msgs
[0.374s] [ 84%] Built target vectornav_msgs__py
[0.411s] [ 95%] Built target vectornav_msgs__rosidl_generator_py
[0.437s] [ 98%] Built target vectornav_msgs__rosidl_typesupport_c__pyext
[0.438s] [ 98%] Built target vectornav_msgs__rosidl_typesupport_introspection_c__pyext
[0.438s] [100%] Built target vectornav_msgs__rosidl_typesupport_fastrtps_c__pyext
[0.700s] running egg_info
[0.738s] writing vectornav_msgs.egg-info/PKG-INFO
[0.739s] writing dependency_links to vectornav_msgs.egg-info/dependency_links.txt
[0.739s] writing top-level names to vectornav_msgs.egg-info/top_level.txt
[0.849s] reading manifest file 'vectornav_msgs.egg-info/SOURCES.txt'
[0.851s] writing manifest file 'vectornav_msgs.egg-info/SOURCES.txt'
[0.903s] [100%] Built target ament_cmake_python_build_vectornav_msgs_egg
[0.923s] Invoked command in '/home/ros2_ws/build/vectornav_msgs' returned '0': /usr/local/bin/cmake --build /home/ros2_ws/build/vectornav_msgs -- -j6 -l6
[1.437s] Invoking command in '/home/ros2_ws/build/vectornav_msgs': /usr/local/bin/cmake --install /home/ros2_ws/build/vectornav_msgs
[1.495s] -- Install configuration: ""
[1.496s] -- Up-to-date: /home/ros2_ws/install/vectornav_msgs/share/ament_index/resource_index/rosidl_interfaces/vectornav_msgs
[1.496s] -- Up-to-date: /home/ros2_ws/install/vectornav_msgs/include/vectornav_msgs/vectornav_msgs
[1.496s] -- Up-to-date: /home/ros2_ws/install/vectornav_msgs/include/vectornav_msgs/vectornav_msgs/msg
[1.497s] -- Up-to-date: /home/ros2_ws/install/vectornav_msgs/include/vectornav_msgs/vectornav_msgs/msg/detail
[1.497s] -- Up-to-date: /home/ros2_ws/install/vectornav_msgs/include/vectornav_msgs/vectornav_msgs/msg/detail/attitude_group__functions.h
[1.497s] -- Up-to-date: /home/ros2_ws/install/vectornav_msgs/include/vectornav_msgs/vectornav_msgs/msg/detail/attitude_group__functions.c
[1.498s] -- Up-to-date: /home/ros2_ws/install/vectornav_msgs/include/vectornav_msgs/vectornav_msgs/msg/detail/time_utc__type_support.h
[1.498s] -- Up-to-date: /home/ros2_ws/install/vectornav_msgs/include/vectornav_msgs/vectornav_msgs/msg/detail/vpe_status__struct.h
[1.498s] -- Up-to-date: /home/ros2_ws/install/vectornav_msgs/include/vectornav_msgs/vectornav_msgs/msg/detail/dop__functions.c
[1.498s] -- Up-to-date: /home/ros2_ws/install/vectornav_msgs/include/vectornav_msgs/vectornav_msgs/msg/detail/ins_status__struct.h
[1.498s] -- Up-to-date: /home/ros2_ws/install/vectornav_msgs/include/vectornav_msgs/vectornav_msgs/msg/detail/time_utc__functions.h
[1.499s] -- Up-to-date: /home/ros2_ws/install/vectornav_msgs/include/vectornav_msgs/vectornav_msgs/msg/detail/dop__type_support.h
[1.499s] -- Up-to-date: /home/ros2_ws/install/vectornav_msgs/include/vectornav_msgs/vectornav_msgs/msg/detail/time_status__type_support.h
[1.499s] -- Up-to-date: /home/ros2_ws/install/vectornav_msgs/include/vectornav_msgs/vectornav_msgs/msg/detail/time_utc__functions.c
[1.499s] -- Up-to-date: /home/ros2_ws/install/vectornav_msgs/include/vectornav_msgs/vectornav_msgs/msg/detail/time_status__functions.c
[1.500s] -- Up-to-date: /home/ros2_ws/install/vectornav_msgs/include/vectornav_msgs/vectornav_msgs/msg/detail/time_group__functions.h
[1.500s] -- Up-to-date: /home/ros2_ws/install/vectornav_msgs/include/vectornav_msgs/vectornav_msgs/msg/detail/ins_group__struct.h
[1.500s] -- Up-to-date: /home/ros2_ws/install/vectornav_msgs/include/vectornav_msgs/vectornav_msgs/msg/detail/time_group__functions.c
[1.500s] -- Up-to-date: /home/ros2_ws/install/vectornav_msgs/include/vectornav_msgs/vectornav_msgs/msg/detail/attitude_group__type_support.h
[1.500s] -- Up-to-date: /home/ros2_ws/install/vectornav_msgs/include/vectornav_msgs/vectornav_msgs/msg/detail/ins_group__type_support.h
[1.501s] -- Up-to-date: /home/ros2_ws/install/vectornav_msgs/include/vectornav_msgs/vectornav_msgs/msg/detail/common_group__type_support.h
[1.501s] -- Up-to-date: /home/ros2_ws/install/vectornav_msgs/include/vectornav_msgs/vectornav_msgs/msg/detail/attitude_group__struct.h
[1.501s] -- Up-to-date: /home/ros2_ws/install/vectornav_msgs/include/vectornav_msgs/vectornav_msgs/msg/detail/time_utc__struct.h
[1.501s] -- Up-to-date: /home/ros2_ws/install/vectornav_msgs/include/vectornav_msgs/vectornav_msgs/msg/detail/ins_group__functions.h
[1.501s] -- Up-to-date: /home/ros2_ws/install/vectornav_msgs/include/vectornav_msgs/vectornav_msgs/msg/detail/gps_group__functions.h
[1.501s] -- Up-to-date: /home/ros2_ws/install/vectornav_msgs/include/vectornav_msgs/vectornav_msgs/msg/detail/imu_group__type_support.h
[1.501s] -- Up-to-date: /home/ros2_ws/install/vectornav_msgs/include/vectornav_msgs/vectornav_msgs/msg/detail/ins_status__type_support.h
[1.502s] -- Up-to-date: /home/ros2_ws/install/vectornav_msgs/include/vectornav_msgs/vectornav_msgs/msg/detail/ins_status__functions.h
[1.502s] -- Up-to-date: /home/ros2_ws/install/vectornav_msgs/include/vectornav_msgs/vectornav_msgs/msg/detail/gps_group__type_support.h
[1.502s] -- Up-to-date: /home/ros2_ws/install/vectornav_msgs/include/vectornav_msgs/vectornav_msgs/msg/detail/time_status__functions.h
[1.502s] -- Up-to-date: /home/ros2_ws/install/vectornav_msgs/include/vectornav_msgs/vectornav_msgs/msg/detail/gps_group__struct.h
[1.502s] -- Up-to-date: /home/ros2_ws/install/vectornav_msgs/include/vectornav_msgs/vectornav_msgs/msg/detail/gps_group__functions.c
[1.502s] -- Up-to-date: /home/ros2_ws/install/vectornav_msgs/include/vectornav_msgs/vectornav_msgs/msg/detail/ins_group__functions.c
[1.502s] -- Up-to-date: /home/ros2_ws/install/vectornav_msgs/include/vectornav_msgs/vectornav_msgs/msg/detail/imu_group__struct.h
[1.502s] -- Up-to-date: /home/ros2_ws/install/vectornav_msgs/include/vectornav_msgs/vectornav_msgs/msg/detail/common_group__functions.c
[1.503s] -- Up-to-date: /home/ros2_ws/install/vectornav_msgs/include/vectornav_msgs/vectornav_msgs/msg/detail/vpe_status__functions.h
[1.503s] -- Up-to-date: /home/ros2_ws/install/vectornav_msgs/include/vectornav_msgs/vectornav_msgs/msg/detail/vpe_status__functions.c
[1.503s] -- Up-to-date: /home/ros2_ws/install/vectornav_msgs/include/vectornav_msgs/vectornav_msgs/msg/detail/imu_group__functions.h
[1.503s] -- Up-to-date: /home/ros2_ws/install/vectornav_msgs/include/vectornav_msgs/vectornav_msgs/msg/detail/time_group__type_support.h
[1.503s] -- Up-to-date: /home/ros2_ws/install/vectornav_msgs/include/vectornav_msgs/vectornav_msgs/msg/detail/time_group__struct.h
[1.503s] -- Up-to-date: /home/ros2_ws/install/vectornav_msgs/include/vectornav_msgs/vectornav_msgs/msg/detail/dop__struct.h
[1.503s] -- Up-to-date: /home/ros2_ws/install/vectornav_msgs/include/vectornav_msgs/vectornav_msgs/msg/detail/common_group__struct.h
[1.504s] -- Up-to-date: /home/ros2_ws/install/vectornav_msgs/include/vectornav_msgs/vectornav_msgs/msg/detail/dop__functions.h
[1.504s] -- Up-to-date: /home/ros2_ws/install/vectornav_msgs/include/vectornav_msgs/vectornav_msgs/msg/detail/ins_status__functions.c
[1.505s] -- Up-to-date: /home/ros2_ws/install/vectornav_msgs/include/vectornav_msgs/vectornav_msgs/msg/detail/vpe_status__type_support.h
[1.505s] -- Up-to-date: /home/ros2_ws/install/vectornav_msgs/include/vectornav_msgs/vectornav_msgs/msg/detail/imu_group__functions.c
[1.505s] -- Up-to-date: /home/ros2_ws/install/vectornav_msgs/include/vectornav_msgs/vectornav_msgs/msg/detail/time_status__struct.h
[1.505s] -- Up-to-date: /home/ros2_ws/install/vectornav_msgs/include/vectornav_msgs/vectornav_msgs/msg/detail/common_group__functions.h
[1.505s] -- Up-to-date: /home/ros2_ws/install/vectornav_msgs/include/vectornav_msgs/vectornav_msgs/msg/gps_group.h
[1.505s] -- Up-to-date: /home/ros2_ws/install/vectornav_msgs/include/vectornav_msgs/vectornav_msgs/msg/rosidl_generator_c__visibility_control.h
[1.505s] -- Up-to-date: /home/ros2_ws/install/vectornav_msgs/include/vectornav_msgs/vectornav_msgs/msg/time_status.h
[1.506s] -- Up-to-date: /home/ros2_ws/install/vectornav_msgs/include/vectornav_msgs/vectornav_msgs/msg/ins_status.h
[1.506s] -- Up-to-date: /home/ros2_ws/install/vectornav_msgs/include/vectornav_msgs/vectornav_msgs/msg/ins_group.h
[1.506s] -- Up-to-date: /home/ros2_ws/install/vectornav_msgs/include/vectornav_msgs/vectornav_msgs/msg/imu_group.h
[1.506s] -- Up-to-date: /home/ros2_ws/install/vectornav_msgs/include/vectornav_msgs/vectornav_msgs/msg/common_group.h
[1.506s] -- Up-to-date: /home/ros2_ws/install/vectornav_msgs/include/vectornav_msgs/vectornav_msgs/msg/attitude_group.h
[1.507s] -- Up-to-date: /home/ros2_ws/install/vectornav_msgs/include/vectornav_msgs/vectornav_msgs/msg/time_group.h
[1.507s] -- Up-to-date: /home/ros2_ws/install/vectornav_msgs/include/vectornav_msgs/vectornav_msgs/msg/time_utc.h
[1.507s] -- Up-to-date: /home/ros2_ws/install/vectornav_msgs/include/vectornav_msgs/vectornav_msgs/msg/vpe_status.h
[1.507s] -- Up-to-date: /home/ros2_ws/install/vectornav_msgs/include/vectornav_msgs/vectornav_msgs/msg/dop.h
[1.507s] -- Up-to-date: /home/ros2_ws/install/vectornav_msgs/include/vectornav_msgs/vectornav_msgs/action
[1.508s] -- Up-to-date: /home/ros2_ws/install/vectornav_msgs/include/vectornav_msgs/vectornav_msgs/action/detail
[1.508s] -- Up-to-date: /home/ros2_ws/install/vectornav_msgs/include/vectornav_msgs/vectornav_msgs/action/detail/mag_cal__functions.h
[1.508s] -- Up-to-date: /home/ros2_ws/install/vectornav_msgs/include/vectornav_msgs/vectornav_msgs/action/detail/mag_cal__type_support.h
[1.508s] -- Up-to-date: /home/ros2_ws/install/vectornav_msgs/include/vectornav_msgs/vectornav_msgs/action/detail/mag_cal__functions.c
[1.509s] -- Up-to-date: /home/ros2_ws/install/vectornav_msgs/include/vectornav_msgs/vectornav_msgs/action/detail/mag_cal__struct.h
[1.509s] -- Up-to-date: /home/ros2_ws/install/vectornav_msgs/include/vectornav_msgs/vectornav_msgs/action/mag_cal.h
[1.509s] -- Up-to-date: /home/ros2_ws/install/vectornav_msgs/share/vectornav_msgs/environment/library_path.sh
[1.509s] -- Up-to-date: /home/ros2_ws/install/vectornav_msgs/share/vectornav_msgs/environment/library_path.dsv
[1.509s] -- Up-to-date: /home/ros2_ws/install/vectornav_msgs/lib/libvectornav_msgs__rosidl_generator_c.so
[1.509s] -- Up-to-date: /home/ros2_ws/install/vectornav_msgs/include/vectornav_msgs/vectornav_msgs
[1.510s] -- Up-to-date: /home/ros2_ws/install/vectornav_msgs/include/vectornav_msgs/vectornav_msgs/msg
[1.510s] -- Up-to-date: /home/ros2_ws/install/vectornav_msgs/include/vectornav_msgs/vectornav_msgs/msg/detail
[1.510s] -- Up-to-date: /home/ros2_ws/install/vectornav_msgs/include/vectornav_msgs/vectornav_msgs/msg/detail/imu_group__rosidl_typesupport_fastrtps_c.h
[1.510s] -- Up-to-date: /home/ros2_ws/install/vectornav_msgs/include/vectornav_msgs/vectornav_msgs/msg/detail/time_utc__rosidl_typesupport_fastrtps_c.h
[1.510s] -- Up-to-date: /home/ros2_ws/install/vectornav_msgs/include/vectornav_msgs/vectornav_msgs/msg/detail/attitude_group__rosidl_typesupport_fastrtps_c.h
[1.511s] -- Up-to-date: /home/ros2_ws/install/vectornav_msgs/include/vectornav_msgs/vectornav_msgs/msg/detail/common_group__rosidl_typesupport_fastrtps_c.h
[1.511s] -- Up-to-date: /home/ros2_ws/install/vectornav_msgs/include/vectornav_msgs/vectornav_msgs/msg/detail/vpe_status__rosidl_typesupport_fastrtps_c.h
[1.511s] -- Up-to-date: /home/ros2_ws/install/vectornav_msgs/include/vectornav_msgs/vectornav_msgs/msg/detail/ins_status__rosidl_typesupport_fastrtps_c.h
[1.511s] -- Up-to-date: /home/ros2_ws/install/vectornav_msgs/include/vectornav_msgs/vectornav_msgs/msg/detail/time_status__rosidl_typesupport_fastrtps_c.h
[1.511s] -- Up-to-date: /home/ros2_ws/install/vectornav_msgs/include/vectornav_msgs/vectornav_msgs/msg/detail/ins_group__rosidl_typesupport_fastrtps_c.h
[1.511s] -- Up-to-date: /home/ros2_ws/install/vectornav_msgs/include/vectornav_msgs/vectornav_msgs/msg/detail/gps_group__rosidl_typesupport_fastrtps_c.h
[1.511s] -- Up-to-date: /home/ros2_ws/install/vectornav_msgs/include/vectornav_msgs/vectornav_msgs/msg/detail/time_group__rosidl_typesupport_fastrtps_c.h
[1.511s] -- Up-to-date: /home/ros2_ws/install/vectornav_msgs/include/vectornav_msgs/vectornav_msgs/msg/detail/dop__rosidl_typesupport_fastrtps_c.h
[1.512s] -- Up-to-date: /home/ros2_ws/install/vectornav_msgs/include/vectornav_msgs/vectornav_msgs/msg/rosidl_typesupport_fastrtps_c__visibility_control.h
[1.512s] -- Up-to-date: /home/ros2_ws/install/vectornav_msgs/include/vectornav_msgs/vectornav_msgs/action
[1.512s] -- Up-to-date: /home/ros2_ws/install/vectornav_msgs/include/vectornav_msgs/vectornav_msgs/action/detail
[1.512s] -- Up-to-date: /home/ros2_ws/install/vectornav_msgs/include/vectornav_msgs/vectornav_msgs/action/detail/mag_cal__rosidl_typesupport_fastrtps_c.h
[1.513s] -- Up-to-date: /home/ros2_ws/install/vectornav_msgs/lib/libvectornav_msgs__rosidl_typesupport_fastrtps_c.so
[1.513s] -- Up-to-date: /home/ros2_ws/install/vectornav_msgs/include/vectornav_msgs/vectornav_msgs
[1.513s] -- Up-to-date: /home/ros2_ws/install/vectornav_msgs/include/vectornav_msgs/vectornav_msgs/msg
[1.513s] -- Up-to-date: /home/ros2_ws/install/vectornav_msgs/include/vectornav_msgs/vectornav_msgs/msg/detail
[1.513s] -- Up-to-date: /home/ros2_ws/install/vectornav_msgs/include/vectornav_msgs/vectornav_msgs/msg/detail/common_group__struct.hpp
[1.514s] -- Up-to-date: /home/ros2_ws/install/vectornav_msgs/include/vectornav_msgs/vectornav_msgs/msg/detail/ins_group__traits.hpp
[1.514s] -- Up-to-date: /home/ros2_ws/install/vectornav_msgs/include/vectornav_msgs/vectornav_msgs/msg/detail/ins_status__builder.hpp
[1.514s] -- Up-to-date: /home/ros2_ws/install/vectornav_msgs/include/vectornav_msgs/vectornav_msgs/msg/detail/imu_group__traits.hpp
[1.514s] -- Up-to-date: /home/ros2_ws/install/vectornav_msgs/include/vectornav_msgs/vectornav_msgs/msg/detail/time_status__builder.hpp
[1.514s] -- Up-to-date: /home/ros2_ws/install/vectornav_msgs/include/vectornav_msgs/vectornav_msgs/msg/detail/dop__traits.hpp
[1.514s] -- Up-to-date: /home/ros2_ws/install/vectornav_msgs/include/vectornav_msgs/vectornav_msgs/msg/detail/time_status__traits.hpp
[1.514s] -- Up-to-date: /home/ros2_ws/install/vectornav_msgs/include/vectornav_msgs/vectornav_msgs/msg/detail/attitude_group__struct.hpp
[1.514s] -- Up-to-date: /home/ros2_ws/install/vectornav_msgs/include/vectornav_msgs/vectornav_msgs/msg/detail/gps_group__struct.hpp
[1.515s] -- Up-to-date: /home/ros2_ws/install/vectornav_msgs/include/vectornav_msgs/vectornav_msgs/msg/detail/time_utc__traits.hpp
[1.515s] -- Up-to-date: /home/ros2_ws/install/vectornav_msgs/include/vectornav_msgs/vectornav_msgs/msg/detail/time_group__struct.hpp
[1.515s] -- Up-to-date: /home/ros2_ws/install/vectornav_msgs/include/vectornav_msgs/vectornav_msgs/msg/detail/dop__builder.hpp
[1.515s] -- Up-to-date: /home/ros2_ws/install/vectornav_msgs/include/vectornav_msgs/vectornav_msgs/msg/detail/gps_group__traits.hpp
[1.515s] -- Up-to-date: /home/ros2_ws/install/vectornav_msgs/include/vectornav_msgs/vectornav_msgs/msg/detail/vpe_status__traits.hpp
[1.515s] -- Up-to-date: /home/ros2_ws/install/vectornav_msgs/include/vectornav_msgs/vectornav_msgs/msg/detail/time_utc__struct.hpp
[1.515s] -- Up-to-date: /home/ros2_ws/install/vectornav_msgs/include/vectornav_msgs/vectornav_msgs/msg/detail/attitude_group__builder.hpp
[1.515s] -- Up-to-date: /home/ros2_ws/install/vectornav_msgs/include/vectornav_msgs/vectornav_msgs/msg/detail/imu_group__struct.hpp
[1.516s] -- Up-to-date: /home/ros2_ws/install/vectornav_msgs/include/vectornav_msgs/vectornav_msgs/msg/detail/dop__struct.hpp
[1.516s] -- Up-to-date: /home/ros2_ws/install/vectornav_msgs/include/vectornav_msgs/vectornav_msgs/msg/detail/time_utc__builder.hpp
[1.516s] -- Up-to-date: /home/ros2_ws/install/vectornav_msgs/include/vectornav_msgs/vectornav_msgs/msg/detail/ins_status__traits.hpp
[1.516s] -- Up-to-date: /home/ros2_ws/install/vectornav_msgs/include/vectornav_msgs/vectornav_msgs/msg/detail/vpe_status__builder.hpp
[1.516s] -- Up-to-date: /home/ros2_ws/install/vectornav_msgs/include/vectornav_msgs/vectornav_msgs/msg/detail/common_group__builder.hpp
[1.516s] -- Up-to-date: /home/ros2_ws/install/vectornav_msgs/include/vectornav_msgs/vectornav_msgs/msg/detail/ins_group__struct.hpp
[1.517s] -- Up-to-date: /home/ros2_ws/install/vectornav_msgs/include/vectornav_msgs/vectornav_msgs/msg/detail/vpe_status__struct.hpp
[1.517s] -- Up-to-date: /home/ros2_ws/install/vectornav_msgs/include/vectornav_msgs/vectornav_msgs/msg/detail/time_status__struct.hpp
[1.517s] -- Up-to-date: /home/ros2_ws/install/vectornav_msgs/include/vectornav_msgs/vectornav_msgs/msg/detail/ins_group__builder.hpp
[1.517s] -- Up-to-date: /home/ros2_ws/install/vectornav_msgs/include/vectornav_msgs/vectornav_msgs/msg/detail/attitude_group__traits.hpp
[1.518s] -- Up-to-date: /home/ros2_ws/install/vectornav_msgs/include/vectornav_msgs/vectornav_msgs/msg/detail/common_group__traits.hpp
[1.518s] -- Up-to-date: /home/ros2_ws/install/vectornav_msgs/include/vectornav_msgs/vectornav_msgs/msg/detail/gps_group__builder.hpp
[1.518s] -- Up-to-date: /home/ros2_ws/install/vectornav_msgs/include/vectornav_msgs/vectornav_msgs/msg/detail/time_group__builder.hpp
[1.518s] -- Up-to-date: /home/ros2_ws/install/vectornav_msgs/include/vectornav_msgs/vectornav_msgs/msg/detail/ins_status__struct.hpp
[1.518s] -- Up-to-date: /home/ros2_ws/install/vectornav_msgs/include/vectornav_msgs/vectornav_msgs/msg/detail/imu_group__builder.hpp
[1.518s] -- Up-to-date: /home/ros2_ws/install/vectornav_msgs/include/vectornav_msgs/vectornav_msgs/msg/detail/time_group__traits.hpp
[1.518s] -- Up-to-date: /home/ros2_ws/install/vectornav_msgs/include/vectornav_msgs/vectornav_msgs/msg/ins_status.hpp
[1.519s] -- Up-to-date: /home/ros2_ws/install/vectornav_msgs/include/vectornav_msgs/vectornav_msgs/msg/time_group.hpp
[1.519s] -- Up-to-date: /home/ros2_ws/install/vectornav_msgs/include/vectornav_msgs/vectornav_msgs/msg/imu_group.hpp
[1.519s] -- Up-to-date: /home/ros2_ws/install/vectornav_msgs/include/vectornav_msgs/vectornav_msgs/msg/dop.hpp
[1.519s] -- Up-to-date: /home/ros2_ws/install/vectornav_msgs/include/vectornav_msgs/vectornav_msgs/msg/common_group.hpp
[1.519s] -- Up-to-date: /home/ros2_ws/install/vectornav_msgs/include/vectornav_msgs/vectornav_msgs/msg/ins_group.hpp
[1.519s] -- Up-to-date: /home/ros2_ws/install/vectornav_msgs/include/vectornav_msgs/vectornav_msgs/msg/time_status.hpp
[1.519s] -- Up-to-date: /home/ros2_ws/install/vectornav_msgs/include/vectornav_msgs/vectornav_msgs/msg/gps_group.hpp
[1.519s] -- Up-to-date: /home/ros2_ws/install/vectornav_msgs/include/vectornav_msgs/vectornav_msgs/msg/vpe_status.hpp
[1.520s] -- Up-to-date: /home/ros2_ws/install/vectornav_msgs/include/vectornav_msgs/vectornav_msgs/msg/attitude_group.hpp
[1.520s] -- Up-to-date: /home/ros2_ws/install/vectornav_msgs/include/vectornav_msgs/vectornav_msgs/msg/time_utc.hpp
[1.520s] -- Up-to-date: /home/ros2_ws/install/vectornav_msgs/include/vectornav_msgs/vectornav_msgs/action
[1.520s] -- Up-to-date: /home/ros2_ws/install/vectornav_msgs/include/vectornav_msgs/vectornav_msgs/action/detail
[1.520s] -- Up-to-date: /home/ros2_ws/install/vectornav_msgs/include/vectornav_msgs/vectornav_msgs/action/detail/mag_cal__builder.hpp
[1.520s] -- Up-to-date: /home/ros2_ws/install/vectornav_msgs/include/vectornav_msgs/vectornav_msgs/action/detail/mag_cal__traits.hpp
[1.520s] -- Up-to-date: /home/ros2_ws/install/vectornav_msgs/include/vectornav_msgs/vectornav_msgs/action/detail/mag_cal__struct.hpp
[1.521s] -- Up-to-date: /home/ros2_ws/install/vectornav_msgs/include/vectornav_msgs/vectornav_msgs/action/mag_cal.hpp
[1.521s] -- Up-to-date: /home/ros2_ws/install/vectornav_msgs/include/vectornav_msgs/vectornav_msgs
[1.521s] -- Up-to-date: /home/ros2_ws/install/vectornav_msgs/include/vectornav_msgs/vectornav_msgs/msg
[1.521s] -- Up-to-date: /home/ros2_ws/install/vectornav_msgs/include/vectornav_msgs/vectornav_msgs/msg/detail
[1.521s] -- Up-to-date: /home/ros2_ws/install/vectornav_msgs/include/vectornav_msgs/vectornav_msgs/msg/detail/ins_status__rosidl_typesupport_fastrtps_cpp.hpp
[1.521s] -- Up-to-date: /home/ros2_ws/install/vectornav_msgs/include/vectornav_msgs/vectornav_msgs/msg/detail/time_utc__rosidl_typesupport_fastrtps_cpp.hpp
[1.521s] -- Up-to-date: /home/ros2_ws/install/vectornav_msgs/include/vectornav_msgs/vectornav_msgs/msg/detail/time_status__rosidl_typesupport_fastrtps_cpp.hpp
[1.522s] -- Up-to-date: /home/ros2_ws/install/vectornav_msgs/include/vectornav_msgs/vectornav_msgs/msg/detail/common_group__rosidl_typesupport_fastrtps_cpp.hpp
[1.522s] -- Up-to-date: /home/ros2_ws/install/vectornav_msgs/include/vectornav_msgs/vectornav_msgs/msg/detail/gps_group__rosidl_typesupport_fastrtps_cpp.hpp
[1.522s] -- Up-to-date: /home/ros2_ws/install/vectornav_msgs/include/vectornav_msgs/vectornav_msgs/msg/detail/ins_group__rosidl_typesupport_fastrtps_cpp.hpp
[1.522s] -- Up-to-date: /home/ros2_ws/install/vectornav_msgs/include/vectornav_msgs/vectornav_msgs/msg/detail/attitude_group__rosidl_typesupport_fastrtps_cpp.hpp
[1.522s] -- Up-to-date: /home/ros2_ws/install/vectornav_msgs/include/vectornav_msgs/vectornav_msgs/msg/detail/dop__rosidl_typesupport_fastrtps_cpp.hpp
[1.522s] -- Up-to-date: /home/ros2_ws/install/vectornav_msgs/include/vectornav_msgs/vectornav_msgs/msg/detail/dds_fastrtps
[1.522s] -- Up-to-date: /home/ros2_ws/install/vectornav_msgs/include/vectornav_msgs/vectornav_msgs/msg/detail/time_group__rosidl_typesupport_fastrtps_cpp.hpp
[1.523s] -- Up-to-date: /home/ros2_ws/install/vectornav_msgs/include/vectornav_msgs/vectornav_msgs/msg/detail/imu_group__rosidl_typesupport_fastrtps_cpp.hpp
[1.523s] -- Up-to-date: /home/ros2_ws/install/vectornav_msgs/include/vectornav_msgs/vectornav_msgs/msg/detail/vpe_status__rosidl_typesupport_fastrtps_cpp.hpp
[1.523s] -- Up-to-date: /home/ros2_ws/install/vectornav_msgs/include/vectornav_msgs/vectornav_msgs/msg/rosidl_typesupport_fastrtps_cpp__visibility_control.h
[1.523s] -- Up-to-date: /home/ros2_ws/install/vectornav_msgs/include/vectornav_msgs/vectornav_msgs/action
[1.524s] -- Up-to-date: /home/ros2_ws/install/vectornav_msgs/include/vectornav_msgs/vectornav_msgs/action/detail
[1.524s] -- Up-to-date: /home/ros2_ws/install/vectornav_msgs/include/vectornav_msgs/vectornav_msgs/action/detail/mag_cal__rosidl_typesupport_fastrtps_cpp.hpp
[1.524s] -- Up-to-date: /home/ros2_ws/install/vectornav_msgs/include/vectornav_msgs/vectornav_msgs/action/detail/dds_fastrtps
[1.524s] -- Up-to-date: /home/ros2_ws/install/vectornav_msgs/lib/libvectornav_msgs__rosidl_typesupport_fastrtps_cpp.so
[1.524s] -- Up-to-date: /home/ros2_ws/install/vectornav_msgs/include/vectornav_msgs/vectornav_msgs
[1.524s] -- Up-to-date: /home/ros2_ws/install/vectornav_msgs/include/vectornav_msgs/vectornav_msgs/msg
[1.525s] -- Up-to-date: /home/ros2_ws/install/vectornav_msgs/include/vectornav_msgs/vectornav_msgs/msg/detail
[1.525s] -- Up-to-date: /home/ros2_ws/install/vectornav_msgs/include/vectornav_msgs/vectornav_msgs/msg/detail/time_group__type_support.c
[1.525s] -- Up-to-date: /home/ros2_ws/install/vectornav_msgs/include/vectornav_msgs/vectornav_msgs/msg/detail/time_status__type_support.c
[1.525s] -- Up-to-date: /home/ros2_ws/install/vectornav_msgs/include/vectornav_msgs/vectornav_msgs/msg/detail/dop__type_support.c
[1.525s] -- Up-to-date: /home/ros2_ws/install/vectornav_msgs/include/vectornav_msgs/vectornav_msgs/msg/detail/gps_group__rosidl_typesupport_introspection_c.h
[1.525s] -- Up-to-date: /home/ros2_ws/install/vectornav_msgs/include/vectornav_msgs/vectornav_msgs/msg/detail/gps_group__type_support.c
[1.525s] -- Up-to-date: /home/ros2_ws/install/vectornav_msgs/include/vectornav_msgs/vectornav_msgs/msg/detail/vpe_status__type_support.c
[1.525s] -- Up-to-date: /home/ros2_ws/install/vectornav_msgs/include/vectornav_msgs/vectornav_msgs/msg/detail/common_group__rosidl_typesupport_introspection_c.h
[1.526s] -- Up-to-date: /home/ros2_ws/install/vectornav_msgs/include/vectornav_msgs/vectornav_msgs/msg/detail/dop__rosidl_typesupport_introspection_c.h
[1.526s] -- Up-to-date: /home/ros2_ws/install/vectornav_msgs/include/vectornav_msgs/vectornav_msgs/msg/detail/imu_group__rosidl_typesupport_introspection_c.h
[1.526s] -- Up-to-date: /home/ros2_ws/install/vectornav_msgs/include/vectornav_msgs/vectornav_msgs/msg/detail/attitude_group__rosidl_typesupport_introspection_c.h
[1.526s] -- Up-to-date: /home/ros2_ws/install/vectornav_msgs/include/vectornav_msgs/vectornav_msgs/msg/detail/ins_status__type_support.c
[1.526s] -- Up-to-date: /home/ros2_ws/install/vectornav_msgs/include/vectornav_msgs/vectornav_msgs/msg/detail/attitude_group__type_support.c
[1.526s] -- Up-to-date: /home/ros2_ws/install/vectornav_msgs/include/vectornav_msgs/vectornav_msgs/msg/detail/ins_group__type_support.c
[1.526s] -- Up-to-date: /home/ros2_ws/install/vectornav_msgs/include/vectornav_msgs/vectornav_msgs/msg/detail/common_group__type_support.c
[1.526s] -- Up-to-date: /home/ros2_ws/install/vectornav_msgs/include/vectornav_msgs/vectornav_msgs/msg/detail/imu_group__type_support.c
[1.527s] -- Up-to-date: /home/ros2_ws/install/vectornav_msgs/include/vectornav_msgs/vectornav_msgs/msg/detail/ins_status__rosidl_typesupport_introspection_c.h
[1.527s] -- Up-to-date: /home/ros2_ws/install/vectornav_msgs/include/vectornav_msgs/vectornav_msgs/msg/detail/time_group__rosidl_typesupport_introspection_c.h
[1.527s] -- Up-to-date: /home/ros2_ws/install/vectornav_msgs/include/vectornav_msgs/vectornav_msgs/msg/detail/vpe_status__rosidl_typesupport_introspection_c.h
[1.527s] -- Up-to-date: /home/ros2_ws/install/vectornav_msgs/include/vectornav_msgs/vectornav_msgs/msg/detail/ins_group__rosidl_typesupport_introspection_c.h
[1.527s] -- Up-to-date: /home/ros2_ws/install/vectornav_msgs/include/vectornav_msgs/vectornav_msgs/msg/detail/time_utc__type_support.c
[1.527s] -- Up-to-date: /home/ros2_ws/install/vectornav_msgs/include/vectornav_msgs/vectornav_msgs/msg/detail/time_utc__rosidl_typesupport_introspection_c.h
[1.527s] -- Up-to-date: /home/ros2_ws/install/vectornav_msgs/include/vectornav_msgs/vectornav_msgs/msg/detail/time_status__rosidl_typesupport_introspection_c.h
[1.527s] -- Up-to-date: /home/ros2_ws/install/vectornav_msgs/include/vectornav_msgs/vectornav_msgs/msg/rosidl_typesupport_introspection_c__visibility_control.h
[1.527s] -- Up-to-date: /home/ros2_ws/install/vectornav_msgs/include/vectornav_msgs/vectornav_msgs/action
[1.528s] -- Up-to-date: /home/ros2_ws/install/vectornav_msgs/include/vectornav_msgs/vectornav_msgs/action/detail
[1.528s] -- Up-to-date: /home/ros2_ws/install/vectornav_msgs/include/vectornav_msgs/vectornav_msgs/action/detail/mag_cal__type_support.c
[1.528s] -- Up-to-date: /home/ros2_ws/install/vectornav_msgs/include/vectornav_msgs/vectornav_msgs/action/detail/mag_cal__rosidl_typesupport_introspection_c.h
[1.528s] -- Up-to-date: /home/ros2_ws/install/vectornav_msgs/lib/libvectornav_msgs__rosidl_typesupport_introspection_c.so
[1.528s] -- Up-to-date: /home/ros2_ws/install/vectornav_msgs/lib/libvectornav_msgs__rosidl_typesupport_c.so
[1.528s] -- Up-to-date: /home/ros2_ws/install/vectornav_msgs/include/vectornav_msgs/vectornav_msgs
[1.528s] -- Up-to-date: /home/ros2_ws/install/vectornav_msgs/include/vectornav_msgs/vectornav_msgs/msg
[1.528s] -- Up-to-date: /home/ros2_ws/install/vectornav_msgs/include/vectornav_msgs/vectornav_msgs/msg/detail
[1.529s] -- Up-to-date: /home/ros2_ws/install/vectornav_msgs/include/vectornav_msgs/vectornav_msgs/msg/detail/time_status__rosidl_typesupport_introspection_cpp.hpp
[1.529s] -- Up-to-date: /home/ros2_ws/install/vectornav_msgs/include/vectornav_msgs/vectornav_msgs/msg/detail/ins_status__type_support.cpp
[1.529s] -- Up-to-date: /home/ros2_ws/install/vectornav_msgs/include/vectornav_msgs/vectornav_msgs/msg/detail/common_group__type_support.cpp
[1.529s] -- Up-to-date: /home/ros2_ws/install/vectornav_msgs/include/vectornav_msgs/vectornav_msgs/msg/detail/attitude_group__type_support.cpp
[1.529s] -- Up-to-date: /home/ros2_ws/install/vectornav_msgs/include/vectornav_msgs/vectornav_msgs/msg/detail/time_utc__rosidl_typesupport_introspection_cpp.hpp
[1.529s] -- Up-to-date: /home/ros2_ws/install/vectornav_msgs/include/vectornav_msgs/vectornav_msgs/msg/detail/ins_status__rosidl_typesupport_introspection_cpp.hpp
[1.529s] -- Up-to-date: /home/ros2_ws/install/vectornav_msgs/include/vectornav_msgs/vectornav_msgs/msg/detail/ins_group__rosidl_typesupport_introspection_cpp.hpp
[1.529s] -- Up-to-date: /home/ros2_ws/install/vectornav_msgs/include/vectornav_msgs/vectornav_msgs/msg/detail/dop__rosidl_typesupport_introspection_cpp.hpp
[1.530s] -- Up-to-date: /home/ros2_ws/install/vectornav_msgs/include/vectornav_msgs/vectornav_msgs/msg/detail/vpe_status__rosidl_typesupport_introspection_cpp.hpp
[1.530s] -- Up-to-date: /home/ros2_ws/install/vectornav_msgs/include/vectornav_msgs/vectornav_msgs/msg/detail/gps_group__type_support.cpp
[1.530s] -- Up-to-date: /home/ros2_ws/install/vectornav_msgs/include/vectornav_msgs/vectornav_msgs/msg/detail/time_group__type_support.cpp
[1.530s] -- Up-to-date: /home/ros2_ws/install/vectornav_msgs/include/vectornav_msgs/vectornav_msgs/msg/detail/time_utc__type_support.cpp
[1.530s] -- Up-to-date: /home/ros2_ws/install/vectornav_msgs/include/vectornav_msgs/vectornav_msgs/msg/detail/time_group__rosidl_typesupport_introspection_cpp.hpp
[1.530s] -- Up-to-date: /home/ros2_ws/install/vectornav_msgs/include/vectornav_msgs/vectornav_msgs/msg/detail/imu_group__rosidl_typesupport_introspection_cpp.hpp
[1.530s] -- Up-to-date: /home/ros2_ws/install/vectornav_msgs/include/vectornav_msgs/vectornav_msgs/msg/detail/attitude_group__rosidl_typesupport_introspection_cpp.hpp
[1.530s] -- Up-to-date: /home/ros2_ws/install/vectornav_msgs/include/vectornav_msgs/vectornav_msgs/msg/detail/gps_group__rosidl_typesupport_introspection_cpp.hpp
[1.530s] -- Up-to-date: /home/ros2_ws/install/vectornav_msgs/include/vectornav_msgs/vectornav_msgs/msg/detail/vpe_status__type_support.cpp
[1.531s] -- Up-to-date: /home/ros2_ws/install/vectornav_msgs/include/vectornav_msgs/vectornav_msgs/msg/detail/imu_group__type_support.cpp
[1.531s] -- Up-to-date: /home/ros2_ws/install/vectornav_msgs/include/vectornav_msgs/vectornav_msgs/msg/detail/ins_group__type_support.cpp
[1.531s] -- Up-to-date: /home/ros2_ws/install/vectornav_msgs/include/vectornav_msgs/vectornav_msgs/msg/detail/common_group__rosidl_typesupport_introspection_cpp.hpp
[1.531s] -- Up-to-date: /home/ros2_ws/install/vectornav_msgs/include/vectornav_msgs/vectornav_msgs/msg/detail/dop__type_support.cpp
[1.531s] -- Up-to-date: /home/ros2_ws/install/vectornav_msgs/include/vectornav_msgs/vectornav_msgs/msg/detail/time_status__type_support.cpp
[1.531s] -- Up-to-date: /home/ros2_ws/install/vectornav_msgs/include/vectornav_msgs/vectornav_msgs/action
[1.531s] -- Up-to-date: /home/ros2_ws/install/vectornav_msgs/include/vectornav_msgs/vectornav_msgs/action/detail
[1.531s] -- Up-to-date: /home/ros2_ws/install/vectornav_msgs/include/vectornav_msgs/vectornav_msgs/action/detail/mag_cal__rosidl_typesupport_introspection_cpp.hpp
[1.532s] -- Up-to-date: /home/ros2_ws/install/vectornav_msgs/include/vectornav_msgs/vectornav_msgs/action/detail/mag_cal__type_support.cpp
[1.532s] -- Up-to-date: /home/ros2_ws/install/vectornav_msgs/lib/libvectornav_msgs__rosidl_typesupport_introspection_cpp.so
[1.532s] -- Up-to-date: /home/ros2_ws/install/vectornav_msgs/lib/libvectornav_msgs__rosidl_typesupport_cpp.so
[1.532s] -- Up-to-date: /home/ros2_ws/install/vectornav_msgs/share/vectornav_msgs/environment/pythonpath.sh
[1.532s] -- Up-to-date: /home/ros2_ws/install/vectornav_msgs/share/vectornav_msgs/environment/pythonpath.dsv
[1.532s] -- Up-to-date: /home/ros2_ws/install/vectornav_msgs/lib/python3.8/site-packages/vectornav_msgs-3.0.0-py3.8.egg-info
[1.532s] -- Installing: /home/ros2_ws/install/vectornav_msgs/lib/python3.8/site-packages/vectornav_msgs-3.0.0-py3.8.egg-info/PKG-INFO
[1.532s] -- Installing: /home/ros2_ws/install/vectornav_msgs/lib/python3.8/site-packages/vectornav_msgs-3.0.0-py3.8.egg-info/top_level.txt
[1.533s] -- Installing: /home/ros2_ws/install/vectornav_msgs/lib/python3.8/site-packages/vectornav_msgs-3.0.0-py3.8.egg-info/dependency_links.txt
[1.533s] -- Installing: /home/ros2_ws/install/vectornav_msgs/lib/python3.8/site-packages/vectornav_msgs-3.0.0-py3.8.egg-info/SOURCES.txt
[1.533s] -- Up-to-date: /home/ros2_ws/install/vectornav_msgs/lib/python3.8/site-packages/vectornav_msgs
[1.533s] -- Up-to-date: /home/ros2_ws/install/vectornav_msgs/lib/python3.8/site-packages/vectornav_msgs/_vectornav_msgs_s.ep.rosidl_typesupport_introspection_c.c
[1.533s] -- Up-to-date: /home/ros2_ws/install/vectornav_msgs/lib/python3.8/site-packages/vectornav_msgs/vectornav_msgs_s__rosidl_typesupport_fastrtps_c.cpython-38-aarch64-linux-gnu.so
[1.533s] -- Up-to-date: /home/ros2_ws/install/vectornav_msgs/lib/python3.8/site-packages/vectornav_msgs/msg
[1.533s] -- Up-to-date: /home/ros2_ws/install/vectornav_msgs/lib/python3.8/site-packages/vectornav_msgs/msg/_common_group.py
[1.533s] -- Up-to-date: /home/ros2_ws/install/vectornav_msgs/lib/python3.8/site-packages/vectornav_msgs/msg/_time_utc_s.c
[1.534s] -- Up-to-date: /home/ros2_ws/install/vectornav_msgs/lib/python3.8/site-packages/vectornav_msgs/msg/_dop.py
[1.534s] -- Up-to-date: /home/ros2_ws/install/vectornav_msgs/lib/python3.8/site-packages/vectornav_msgs/msg/_ins_status.py
[1.534s] -- Up-to-date: /home/ros2_ws/install/vectornav_msgs/lib/python3.8/site-packages/vectornav_msgs/msg/_time_status.py
[1.534s] -- Up-to-date: /home/ros2_ws/install/vectornav_msgs/lib/python3.8/site-packages/vectornav_msgs/msg/_gps_group_s.c
[1.534s] -- Up-to-date: /home/ros2_ws/install/vectornav_msgs/lib/python3.8/site-packages/vectornav_msgs/msg/_imu_group.py
[1.534s] -- Up-to-date: /home/ros2_ws/install/vectornav_msgs/lib/python3.8/site-packages/vectornav_msgs/msg/_dop_s.c
[1.534s] -- Up-to-date: /home/ros2_ws/install/vectornav_msgs/lib/python3.8/site-packages/vectornav_msgs/msg/_ins_group.py
[1.534s] -- Up-to-date: /home/ros2_ws/install/vectornav_msgs/lib/python3.8/site-packages/vectornav_msgs/msg/_attitude_group_s.c
[1.534s] -- Up-to-date: /home/ros2_ws/install/vectornav_msgs/lib/python3.8/site-packages/vectornav_msgs/msg/_gps_group.py
[1.535s] -- Up-to-date: /home/ros2_ws/install/vectornav_msgs/lib/python3.8/site-packages/vectornav_msgs/msg/_ins_group_s.c
[1.535s] -- Up-to-date: /home/ros2_ws/install/vectornav_msgs/lib/python3.8/site-packages/vectornav_msgs/msg/_vpe_status_s.c
[1.535s] -- Up-to-date: /home/ros2_ws/install/vectornav_msgs/lib/python3.8/site-packages/vectornav_msgs/msg/_imu_group_s.c
[1.535s] -- Up-to-date: /home/ros2_ws/install/vectornav_msgs/lib/python3.8/site-packages/vectornav_msgs/msg/__init__.py
[1.535s] -- Up-to-date: /home/ros2_ws/install/vectornav_msgs/lib/python3.8/site-packages/vectornav_msgs/msg/_time_status_s.c
[1.535s] -- Up-to-date: /home/ros2_ws/install/vectornav_msgs/lib/python3.8/site-packages/vectornav_msgs/msg/_attitude_group.py
[1.535s] -- Up-to-date: /home/ros2_ws/install/vectornav_msgs/lib/python3.8/site-packages/vectornav_msgs/msg/_ins_status_s.c
[1.535s] -- Up-to-date: /home/ros2_ws/install/vectornav_msgs/lib/python3.8/site-packages/vectornav_msgs/msg/_common_group_s.c
[1.536s] -- Up-to-date: /home/ros2_ws/install/vectornav_msgs/lib/python3.8/site-packages/vectornav_msgs/msg/_time_group.py
[1.536s] -- Up-to-date: /home/ros2_ws/install/vectornav_msgs/lib/python3.8/site-packages/vectornav_msgs/msg/_vpe_status.py
[1.536s] -- Up-to-date: /home/ros2_ws/install/vectornav_msgs/lib/python3.8/site-packages/vectornav_msgs/msg/_time_group_s.c
[1.536s] -- Up-to-date: /home/ros2_ws/install/vectornav_msgs/lib/python3.8/site-packages/vectornav_msgs/msg/_time_utc.py
[1.536s] -- Up-to-date: /home/ros2_ws/install/vectornav_msgs/lib/python3.8/site-packages/vectornav_msgs/vectornav_msgs_s__rosidl_typesupport_introspection_c.cpython-38-aarch64-linux-gnu.so
[1.536s] -- Up-to-date: /home/ros2_ws/install/vectornav_msgs/lib/python3.8/site-packages/vectornav_msgs/libvectornav_msgs__rosidl_generator_py.so
[1.536s] -- Up-to-date: /home/ros2_ws/install/vectornav_msgs/lib/python3.8/site-packages/vectornav_msgs/__init__.py
[1.536s] -- Up-to-date: /home/ros2_ws/install/vectornav_msgs/lib/python3.8/site-packages/vectornav_msgs/action
[1.537s] -- Up-to-date: /home/ros2_ws/install/vectornav_msgs/lib/python3.8/site-packages/vectornav_msgs/action/_mag_cal.py
[1.537s] -- Up-to-date: /home/ros2_ws/install/vectornav_msgs/lib/python3.8/site-packages/vectornav_msgs/action/_mag_cal_s.c
[1.537s] -- Up-to-date: /home/ros2_ws/install/vectornav_msgs/lib/python3.8/site-packages/vectornav_msgs/action/__init__.py
[1.537s] -- Up-to-date: /home/ros2_ws/install/vectornav_msgs/lib/python3.8/site-packages/vectornav_msgs/vectornav_msgs_s__rosidl_typesupport_c.cpython-38-aarch64-linux-gnu.so
[1.537s] -- Up-to-date: /home/ros2_ws/install/vectornav_msgs/lib/python3.8/site-packages/vectornav_msgs/_vectornav_msgs_s.ep.rosidl_typesupport_fastrtps_c.c
[1.537s] -- Up-to-date: /home/ros2_ws/install/vectornav_msgs/lib/python3.8/site-packages/vectornav_msgs/_vectornav_msgs_s.ep.rosidl_typesupport_c.c
[1.591s] Listing '/home/ros2_ws/install/vectornav_msgs/lib/python3.8/site-packages/vectornav_msgs'...
[1.591s] Listing '/home/ros2_ws/install/vectornav_msgs/lib/python3.8/site-packages/vectornav_msgs/action'...
[1.591s] Listing '/home/ros2_ws/install/vectornav_msgs/lib/python3.8/site-packages/vectornav_msgs/msg'...
[1.602s] -- Up-to-date: /home/ros2_ws/install/vectornav_msgs/lib/python3.8/site-packages/vectornav_msgs/vectornav_msgs_s__rosidl_typesupport_fastrtps_c.cpython-38-aarch64-linux-gnu.so
[1.603s] -- Up-to-date: /home/ros2_ws/install/vectornav_msgs/lib/python3.8/site-packages/vectornav_msgs/vectornav_msgs_s__rosidl_typesupport_introspection_c.cpython-38-aarch64-linux-gnu.so
[1.605s] -- Up-to-date: /home/ros2_ws/install/vectornav_msgs/lib/python3.8/site-packages/vectornav_msgs/vectornav_msgs_s__rosidl_typesupport_c.cpython-38-aarch64-linux-gnu.so
[1.606s] -- Up-to-date: /home/ros2_ws/install/vectornav_msgs/lib/libvectornav_msgs__rosidl_generator_py.so
[1.607s] -- Up-to-date: /home/ros2_ws/install/vectornav_msgs/share/vectornav_msgs/msg/AttitudeGroup.idl
[1.607s] -- Up-to-date: /home/ros2_ws/install/vectornav_msgs/share/vectornav_msgs/msg/CommonGroup.idl
[1.607s] -- Up-to-date: /home/ros2_ws/install/vectornav_msgs/share/vectornav_msgs/msg/DOP.idl
[1.607s] -- Up-to-date: /home/ros2_ws/install/vectornav_msgs/share/vectornav_msgs/msg/GpsGroup.idl
[1.608s] -- Up-to-date: /home/ros2_ws/install/vectornav_msgs/share/vectornav_msgs/msg/ImuGroup.idl
[1.608s] -- Up-to-date: /home/ros2_ws/install/vectornav_msgs/share/vectornav_msgs/msg/InsGroup.idl
[1.608s] -- Up-to-date: /home/ros2_ws/install/vectornav_msgs/share/vectornav_msgs/msg/InsStatus.idl
[1.608s] -- Up-to-date: /home/ros2_ws/install/vectornav_msgs/share/vectornav_msgs/msg/TimeGroup.idl
[1.608s] -- Up-to-date: /home/ros2_ws/install/vectornav_msgs/share/vectornav_msgs/msg/TimeStatus.idl
[1.608s] -- Up-to-date: /home/ros2_ws/install/vectornav_msgs/share/vectornav_msgs/msg/TimeUTC.idl
[1.609s] -- Up-to-date: /home/ros2_ws/install/vectornav_msgs/share/vectornav_msgs/msg/VpeStatus.idl
[1.609s] -- Up-to-date: /home/ros2_ws/install/vectornav_msgs/share/vectornav_msgs/action/MagCal.idl
[1.609s] -- Up-to-date: /home/ros2_ws/install/vectornav_msgs/share/vectornav_msgs/msg/AttitudeGroup.msg
[1.609s] -- Up-to-date: /home/ros2_ws/install/vectornav_msgs/share/vectornav_msgs/msg/CommonGroup.msg
[1.610s] -- Up-to-date: /home/ros2_ws/install/vectornav_msgs/share/vectornav_msgs/msg/DOP.msg
[1.610s] -- Up-to-date: /home/ros2_ws/install/vectornav_msgs/share/vectornav_msgs/msg/GpsGroup.msg
[1.610s] -- Up-to-date: /home/ros2_ws/install/vectornav_msgs/share/vectornav_msgs/msg/ImuGroup.msg
[1.610s] -- Up-to-date: /home/ros2_ws/install/vectornav_msgs/share/vectornav_msgs/msg/InsGroup.msg
[1.610s] -- Up-to-date: /home/ros2_ws/install/vectornav_msgs/share/vectornav_msgs/msg/InsStatus.msg
[1.610s] -- Up-to-date: /home/ros2_ws/install/vectornav_msgs/share/vectornav_msgs/msg/TimeGroup.msg
[1.611s] -- Up-to-date: /home/ros2_ws/install/vectornav_msgs/share/vectornav_msgs/msg/TimeStatus.msg
[1.611s] -- Up-to-date: /home/ros2_ws/install/vectornav_msgs/share/vectornav_msgs/msg/TimeUTC.msg
[1.611s] -- Up-to-date: /home/ros2_ws/install/vectornav_msgs/share/vectornav_msgs/msg/VpeStatus.msg
[1.611s] -- Up-to-date: /home/ros2_ws/install/vectornav_msgs/share/vectornav_msgs/action/MagCal.action
[1.611s] -- Up-to-date: /home/ros2_ws/install/vectornav_msgs/share/ament_index/resource_index/package_run_dependencies/vectornav_msgs
[1.611s] -- Up-to-date: /home/ros2_ws/install/vectornav_msgs/share/ament_index/resource_index/parent_prefix_path/vectornav_msgs
[1.612s] -- Up-to-date: /home/ros2_ws/install/vectornav_msgs/share/vectornav_msgs/environment/ament_prefix_path.sh
[1.612s] -- Up-to-date: /home/ros2_ws/install/vectornav_msgs/share/vectornav_msgs/environment/ament_prefix_path.dsv
[1.612s] -- Up-to-date: /home/ros2_ws/install/vectornav_msgs/share/vectornav_msgs/environment/path.sh
[1.612s] -- Up-to-date: /home/ros2_ws/install/vectornav_msgs/share/vectornav_msgs/environment/path.dsv
[1.612s] -- Up-to-date: /home/ros2_ws/install/vectornav_msgs/share/vectornav_msgs/local_setup.bash
[1.612s] -- Up-to-date: /home/ros2_ws/install/vectornav_msgs/share/vectornav_msgs/local_setup.sh
[1.612s] -- Up-to-date: /home/ros2_ws/install/vectornav_msgs/share/vectornav_msgs/local_setup.zsh
[1.612s] -- Up-to-date: /home/ros2_ws/install/vectornav_msgs/share/vectornav_msgs/local_setup.dsv
[1.613s] -- Installing: /home/ros2_ws/install/vectornav_msgs/share/vectornav_msgs/package.dsv
[1.613s] -- Up-to-date: /home/ros2_ws/install/vectornav_msgs/share/ament_index/resource_index/packages/vectornav_msgs
[1.614s] -- Up-to-date: /home/ros2_ws/install/vectornav_msgs/share/vectornav_msgs/cmake/export_vectornav_msgs__rosidl_generator_cExport.cmake
[1.614s] -- Up-to-date: /home/ros2_ws/install/vectornav_msgs/share/vectornav_msgs/cmake/export_vectornav_msgs__rosidl_generator_cExport-noconfig.cmake
[1.615s] -- Up-to-date: /home/ros2_ws/install/vectornav_msgs/share/vectornav_msgs/cmake/export_vectornav_msgs__rosidl_typesupport_fastrtps_cExport.cmake
[1.615s] -- Up-to-date: /home/ros2_ws/install/vectornav_msgs/share/vectornav_msgs/cmake/export_vectornav_msgs__rosidl_typesupport_fastrtps_cExport-noconfig.cmake
[1.616s] -- Up-to-date: /home/ros2_ws/install/vectornav_msgs/share/vectornav_msgs/cmake/export_vectornav_msgs__rosidl_generator_cppExport.cmake
[1.616s] -- Up-to-date: /home/ros2_ws/install/vectornav_msgs/share/vectornav_msgs/cmake/export_vectornav_msgs__rosidl_typesupport_fastrtps_cppExport.cmake
[1.617s] -- Up-to-date: /home/ros2_ws/install/vectornav_msgs/share/vectornav_msgs/cmake/export_vectornav_msgs__rosidl_typesupport_fastrtps_cppExport-noconfig.cmake
[1.617s] -- Up-to-date: /home/ros2_ws/install/vectornav_msgs/share/vectornav_msgs/cmake/vectornav_msgs__rosidl_typesupport_introspection_cExport.cmake
[1.617s] -- Up-to-date: /home/ros2_ws/install/vectornav_msgs/share/vectornav_msgs/cmake/vectornav_msgs__rosidl_typesupport_introspection_cExport-noconfig.cmake
[1.618s] -- Up-to-date: /home/ros2_ws/install/vectornav_msgs/share/vectornav_msgs/cmake/vectornav_msgs__rosidl_typesupport_cExport.cmake
[1.618s] -- Up-to-date: /home/ros2_ws/install/vectornav_msgs/share/vectornav_msgs/cmake/vectornav_msgs__rosidl_typesupport_cExport-noconfig.cmake
[1.619s] -- Up-to-date: /home/ros2_ws/install/vectornav_msgs/share/vectornav_msgs/cmake/vectornav_msgs__rosidl_typesupport_introspection_cppExport.cmake
[1.619s] -- Up-to-date: /home/ros2_ws/install/vectornav_msgs/share/vectornav_msgs/cmake/vectornav_msgs__rosidl_typesupport_introspection_cppExport-noconfig.cmake
[1.620s] -- Up-to-date: /home/ros2_ws/install/vectornav_msgs/share/vectornav_msgs/cmake/vectornav_msgs__rosidl_typesupport_cppExport.cmake
[1.620s] -- Up-to-date: /home/ros2_ws/install/vectornav_msgs/share/vectornav_msgs/cmake/vectornav_msgs__rosidl_typesupport_cppExport-noconfig.cmake
[1.621s] -- Up-to-date: /home/ros2_ws/install/vectornav_msgs/share/vectornav_msgs/cmake/export_vectornav_msgs__rosidl_generator_pyExport.cmake
[1.621s] -- Up-to-date: /home/ros2_ws/install/vectornav_msgs/share/vectornav_msgs/cmake/export_vectornav_msgs__rosidl_generator_pyExport-noconfig.cmake
[1.621s] -- Up-to-date: /home/ros2_ws/install/vectornav_msgs/share/vectornav_msgs/cmake/rosidl_cmake-extras.cmake
[1.621s] -- Up-to-date: /home/ros2_ws/install/vectornav_msgs/share/vectornav_msgs/cmake/ament_cmake_export_dependencies-extras.cmake
[1.622s] -- Up-to-date: /home/ros2_ws/install/vectornav_msgs/share/vectornav_msgs/cmake/ament_cmake_export_include_directories-extras.cmake
[1.622s] -- Up-to-date: /home/ros2_ws/install/vectornav_msgs/share/vectornav_msgs/cmake/ament_cmake_export_libraries-extras.cmake
[1.622s] -- Up-to-date: /home/ros2_ws/install/vectornav_msgs/share/vectornav_msgs/cmake/ament_cmake_export_targets-extras.cmake
[1.622s] -- Up-to-date: /home/ros2_ws/install/vectornav_msgs/share/vectornav_msgs/cmake/rosidl_cmake_export_typesupport_targets-extras.cmake
[1.622s] -- Up-to-date: /home/ros2_ws/install/vectornav_msgs/share/vectornav_msgs/cmake/rosidl_cmake_export_typesupport_libraries-extras.cmake
[1.622s] -- Up-to-date: /home/ros2_ws/install/vectornav_msgs/share/vectornav_msgs/cmake/vectornav_msgsConfig.cmake
[1.623s] -- Up-to-date: /home/ros2_ws/install/vectornav_msgs/share/vectornav_msgs/cmake/vectornav_msgsConfig-version.cmake
[1.623s] -- Up-to-date: /home/ros2_ws/install/vectornav_msgs/share/vectornav_msgs/package.xml
[1.638s] Invoked command in '/home/ros2_ws/build/vectornav_msgs' returned '0': /usr/local/bin/cmake --install /home/ros2_ws/build/vectornav_msgs
