[2.028s] Invoking command in '/home/ros2_ws/src/pradobot_ultrasonic': PYTHONPATH=/home/ros2_ws/build/pradobot_ultrasonic/prefix_override:/home/ros2_ws/install/pradobot_ultrasonic/lib/python3.8/site-packages:${PYTHONPATH} /usr/bin/python3 setup.py egg_info --egg-base ../../build/pradobot_ultrasonic build --build-base /home/ros2_ws/build/pradobot_ultrasonic/build install --record /home/ros2_ws/build/pradobot_ultrasonic/install.log --single-version-externally-managed
[2.536s] running egg_info
[2.567s] writing ../../build/pradobot_ultrasonic/pradobot_ultrasonic.egg-info/PKG-INFO
[2.567s] writing dependency_links to ../../build/pradobot_ultrasonic/pradobot_ultrasonic.egg-info/dependency_links.txt
[2.568s] writing entry points to ../../build/pradobot_ultrasonic/pradobot_ultrasonic.egg-info/entry_points.txt
[2.568s] writing requirements to ../../build/pradobot_ultrasonic/pradobot_ultrasonic.egg-info/requires.txt
[2.569s] writing top-level names to ../../build/pradobot_ultrasonic/pradobot_ultrasonic.egg-info/top_level.txt
[2.644s] reading manifest file '../../build/pradobot_ultrasonic/pradobot_ultrasonic.egg-info/SOURCES.txt'
[2.645s] writing manifest file '../../build/pradobot_ultrasonic/pradobot_ultrasonic.egg-info/SOURCES.txt'
[2.646s] running build
[2.646s] running build_py
[2.647s] running install
[2.663s] /usr/local/lib/python3.8/dist-packages/setuptools/_distutils/cmd.py:66: SetuptoolsDeprecationWarning: setup.py install is deprecated.
[2.664s] !!
[2.665s] 
[2.665s]         ********************************************************************************
[2.666s]         Please avoid running ``setup.py`` directly.
[2.666s]         Instead, use pypa/build, pypa/installer or other
[2.667s]         standards-based tools.
[2.667s] 
[2.668s]         See https://blog.ganssle.io/articles/2021/10/setup-py-deprecated.html for details.
[2.668s]         ********************************************************************************
[2.668s] 
[2.669s] !!
[2.669s]   self.initialize_options()
[2.669s] running install_lib
[2.698s] running install_data
[2.733s] running install_egg_info
[2.769s] removing '/home/ros2_ws/install/pradobot_ultrasonic/lib/python3.8/site-packages/pradobot_ultrasonic-0.0.0-py3.8.egg-info' (and everything under it)
[2.770s] Copying ../../build/pradobot_ultrasonic/pradobot_ultrasonic.egg-info to /home/ros2_ws/install/pradobot_ultrasonic/lib/python3.8/site-packages/pradobot_ultrasonic-0.0.0-py3.8.egg-info
[2.772s] running install_scripts
[3.128s] Installing control_node script to /home/ros2_ws/install/pradobot_ultrasonic/lib/pradobot_ultrasonic
[3.128s] Installing joystick_node script to /home/ros2_ws/install/pradobot_ultrasonic/lib/pradobot_ultrasonic
[3.129s] Installing ultrasonic_node script to /home/ros2_ws/install/pradobot_ultrasonic/lib/pradobot_ultrasonic
[3.130s] writing list of installed files to '/home/ros2_ws/build/pradobot_ultrasonic/install.log'
[3.212s] Invoked command in '/home/ros2_ws/src/pradobot_ultrasonic' returned '0': PYTHONPATH=/home/ros2_ws/build/pradobot_ultrasonic/prefix_override:/home/ros2_ws/install/pradobot_ultrasonic/lib/python3.8/site-packages:${PYTHONPATH} /usr/bin/python3 setup.py egg_info --egg-base ../../build/pradobot_ultrasonic build --build-base /home/ros2_ws/build/pradobot_ultrasonic/build install --record /home/ros2_ws/build/pradobot_ultrasonic/install.log --single-version-externally-managed
