[2.078s] Invoking command in '/home/ros2_ws/src/pradobot_ultrasonic': PYTHONPATH=/home/ros2_ws/build/pradobot_ultrasonic/prefix_override:/home/ros2_ws/install/pradobot_ultrasonic/lib/python3.8/site-packages:${PYTHONPATH} /usr/bin/python3 setup.py egg_info --egg-base ../../build/pradobot_ultrasonic build --build-base /home/ros2_ws/build/pradobot_ultrasonic/build install --record /home/ros2_ws/build/pradobot_ultrasonic/install.log --single-version-externally-managed
[2.583s] running egg_info
[2.620s] writing ../../build/pradobot_ultrasonic/pradobot_ultrasonic.egg-info/PKG-INFO
[2.621s] writing dependency_links to ../../build/pradobot_ultrasonic/pradobot_ultrasonic.egg-info/dependency_links.txt
[2.622s] writing entry points to ../../build/pradobot_ultrasonic/pradobot_ultrasonic.egg-info/entry_points.txt
[2.622s] writing requirements to ../../build/pradobot_ultrasonic/pradobot_ultrasonic.egg-info/requires.txt
[2.622s] writing top-level names to ../../build/pradobot_ultrasonic/pradobot_ultrasonic.egg-info/top_level.txt
[2.705s] reading manifest file '../../build/pradobot_ultrasonic/pradobot_ultrasonic.egg-info/SOURCES.txt'
[2.706s] writing manifest file '../../build/pradobot_ultrasonic/pradobot_ultrasonic.egg-info/SOURCES.txt'
[2.707s] running build
[2.707s] running build_py
[2.708s] copying pradobot_ultrasonic/controller_core.py -> /home/ros2_ws/build/pradobot_ultrasonic/build/lib/pradobot_ultrasonic
[2.708s] copying pradobot_ultrasonic/controller_core_backup.py -> /home/ros2_ws/build/pradobot_ultrasonic/build/lib/pradobot_ultrasonic
[2.709s] running install
[2.710s] /usr/local/lib/python3.8/dist-packages/setuptools/_distutils/cmd.py:66: SetuptoolsDeprecationWarning: setup.py install is deprecated.
[2.710s] !!
[2.711s] 
[2.717s]         ********************************************************************************
[2.718s]         Please avoid running ``setup.py`` directly.
[2.718s]         Instead, use pypa/build, pypa/installer or other
[2.719s]         standards-based tools.
[2.720s] 
[2.720s]         See https://blog.ganssle.io/articles/2021/10/setup-py-deprecated.html for details.
[2.720s]         ********************************************************************************
[2.721s] 
[2.722s] !!
[2.722s]   self.initialize_options()
[2.723s] running install_lib
[2.756s] copying /home/ros2_ws/build/pradobot_ultrasonic/build/lib/pradobot_ultrasonic/controller_core.py -> /home/ros2_ws/install/pradobot_ultrasonic/lib/python3.8/site-packages/pradobot_ultrasonic
[2.756s] copying /home/ros2_ws/build/pradobot_ultrasonic/build/lib/pradobot_ultrasonic/controller_core_backup.py -> /home/ros2_ws/install/pradobot_ultrasonic/lib/python3.8/site-packages/pradobot_ultrasonic
[2.757s] byte-compiling /home/ros2_ws/install/pradobot_ultrasonic/lib/python3.8/site-packages/pradobot_ultrasonic/controller_core.py to controller_core.cpython-38.pyc
[2.759s] byte-compiling /home/ros2_ws/install/pradobot_ultrasonic/lib/python3.8/site-packages/pradobot_ultrasonic/controller_core_backup.py to controller_core_backup.cpython-38.pyc
[2.760s] running install_data
[2.798s] running install_egg_info
[2.858s] removing '/home/ros2_ws/install/pradobot_ultrasonic/lib/python3.8/site-packages/pradobot_ultrasonic-0.0.0-py3.8.egg-info' (and everything under it)
[2.863s] Copying ../../build/pradobot_ultrasonic/pradobot_ultrasonic.egg-info to /home/ros2_ws/install/pradobot_ultrasonic/lib/python3.8/site-packages/pradobot_ultrasonic-0.0.0-py3.8.egg-info
[2.864s] running install_scripts
[3.203s] Installing control_node script to /home/ros2_ws/install/pradobot_ultrasonic/lib/pradobot_ultrasonic
[3.204s] Installing joystick_node script to /home/ros2_ws/install/pradobot_ultrasonic/lib/pradobot_ultrasonic
[3.204s] Installing ultrasonic_node script to /home/ros2_ws/install/pradobot_ultrasonic/lib/pradobot_ultrasonic
[3.205s] writing list of installed files to '/home/ros2_ws/build/pradobot_ultrasonic/install.log'
[3.288s] Invoked command in '/home/ros2_ws/src/pradobot_ultrasonic' returned '0': PYTHONPATH=/home/ros2_ws/build/pradobot_ultrasonic/prefix_override:/home/ros2_ws/install/pradobot_ultrasonic/lib/python3.8/site-packages:${PYTHONPATH} /usr/bin/python3 setup.py egg_info --egg-base ../../build/pradobot_ultrasonic build --build-base /home/ros2_ws/build/pradobot_ultrasonic/build install --record /home/ros2_ws/build/pradobot_ultrasonic/install.log --single-version-externally-managed
