[0.858s] DEBUG:colcon:Command line arguments: ['/usr/bin/colcon', 'build']
[0.858s] DEBUG:colcon:Parsed command line arguments: Namespace(ament_cmake_args=None, base_paths=['.'], build_base='build', catkin_cmake_args=None, catkin_skip_building_tests=False, cmake_args=None, cmake_clean_cache=False, cmake_clean_first=False, cmake_force_configure=False, cmake_target=None, cmake_target_skip_unavailable=False, continue_on_error=False, event_handlers=None, executor='parallel', ignore_user_meta=False, install_base='install', log_base=None, log_level=None, main=<bound method BuildVerb.main of <colcon_core.verb.build.BuildVerb object at 0xffff9ae2be20>>, merge_install=False, metas=['./colcon.meta'], packages_above=None, packages_above_and_dependencies=None, packages_above_depth=None, packages_end=None, packages_ignore=None, packages_ignore_regex=None, packages_select=None, packages_select_build_failed=False, packages_select_by_dep=None, packages_select_regex=None, packages_select_test_failures=False, packages_skip=None, packages_skip_build_finished=False, packages_skip_by_dep=None, packages_skip_regex=None, packages_skip_test_passed=False, packages_skip_up_to=None, packages_start=None, packages_up_to=None, packages_up_to_regex=None, parallel_workers=6, paths=None, symlink_install=False, test_result_base=None, verb_extension=<colcon_core.verb.build.BuildVerb object at 0xffff9ae2be20>, verb_name='build', verb_parser=<colcon_defaults.argument_parser.defaults.DefaultArgumentsDecorator object at 0xffff9ad7f8b0>)
[0.985s] Level 1:colcon.colcon_core.package_discovery:discover_packages(colcon_meta) check parameters
[0.985s] Level 1:colcon.colcon_core.package_discovery:discover_packages(recursive) check parameters
[0.985s] Level 1:colcon.colcon_core.package_discovery:discover_packages(ignore) check parameters
[0.985s] Level 1:colcon.colcon_core.package_discovery:discover_packages(path) check parameters
[0.985s] Level 1:colcon.colcon_core.package_discovery:discover_packages(colcon_meta) discover
[0.986s] Level 1:colcon.colcon_core.package_discovery:discover_packages(recursive) discover
[0.986s] INFO:colcon.colcon_core.package_discovery:Crawling recursively for packages in '/home/ros2_ws'
[0.986s] Level 1:colcon.colcon_core.package_identification:_identify(.) by extensions ['ignore', 'ignore_ament_install']
[0.986s] Level 1:colcon.colcon_core.package_identification:_identify(.) by extension 'ignore'
[0.986s] Level 1:colcon.colcon_core.package_identification:_identify(.) by extension 'ignore_ament_install'
[0.986s] Level 1:colcon.colcon_core.package_identification:_identify(.) by extensions ['colcon_pkg']
[0.986s] Level 1:colcon.colcon_core.package_identification:_identify(.) by extension 'colcon_pkg'
[0.987s] Level 1:colcon.colcon_core.package_identification:_identify(.) by extensions ['colcon_meta']
[0.987s] Level 1:colcon.colcon_core.package_identification:_identify(.) by extension 'colcon_meta'
[0.987s] Level 1:colcon.colcon_core.package_identification:_identify(.) by extensions ['ros']
[0.987s] Level 1:colcon.colcon_core.package_identification:_identify(.) by extension 'ros'
[1.020s] Level 1:colcon.colcon_core.package_identification:_identify(.) by extensions ['cmake', 'python']
[1.020s] Level 1:colcon.colcon_core.package_identification:_identify(.) by extension 'cmake'
[1.020s] Level 1:colcon.colcon_core.package_identification:_identify(.) by extension 'python'
[1.020s] Level 1:colcon.colcon_core.package_identification:_identify(.) by extensions ['python_setup_py']
[1.021s] Level 1:colcon.colcon_core.package_identification:_identify(.) by extension 'python_setup_py'
[1.021s] Level 1:colcon.colcon_core.package_identification:_identify(build) by extensions ['ignore', 'ignore_ament_install']
[1.021s] Level 1:colcon.colcon_core.package_identification:_identify(build) by extension 'ignore'
[1.021s] Level 1:colcon.colcon_core.package_identification:_identify(build) ignored
[1.021s] Level 1:colcon.colcon_core.package_identification:_identify(install) by extensions ['ignore', 'ignore_ament_install']
[1.022s] Level 1:colcon.colcon_core.package_identification:_identify(install) by extension 'ignore'
[1.022s] Level 1:colcon.colcon_core.package_identification:_identify(install) ignored
[1.022s] Level 1:colcon.colcon_core.package_identification:_identify(launch) by extensions ['ignore', 'ignore_ament_install']
[1.022s] Level 1:colcon.colcon_core.package_identification:_identify(launch) by extension 'ignore'
[1.022s] Level 1:colcon.colcon_core.package_identification:_identify(launch) by extension 'ignore_ament_install'
[1.022s] Level 1:colcon.colcon_core.package_identification:_identify(launch) by extensions ['colcon_pkg']
[1.022s] Level 1:colcon.colcon_core.package_identification:_identify(launch) by extension 'colcon_pkg'
[1.023s] Level 1:colcon.colcon_core.package_identification:_identify(launch) by extensions ['colcon_meta']
[1.023s] Level 1:colcon.colcon_core.package_identification:_identify(launch) by extension 'colcon_meta'
[1.023s] Level 1:colcon.colcon_core.package_identification:_identify(launch) by extensions ['ros']
[1.023s] Level 1:colcon.colcon_core.package_identification:_identify(launch) by extension 'ros'
[1.023s] Level 1:colcon.colcon_core.package_identification:_identify(launch) by extensions ['cmake', 'python']
[1.023s] Level 1:colcon.colcon_core.package_identification:_identify(launch) by extension 'cmake'
[1.023s] Level 1:colcon.colcon_core.package_identification:_identify(launch) by extension 'python'
[1.023s] Level 1:colcon.colcon_core.package_identification:_identify(launch) by extensions ['python_setup_py']
[1.023s] Level 1:colcon.colcon_core.package_identification:_identify(launch) by extension 'python_setup_py'
[1.024s] Level 1:colcon.colcon_core.package_identification:_identify(log) by extensions ['ignore', 'ignore_ament_install']
[1.024s] Level 1:colcon.colcon_core.package_identification:_identify(log) by extension 'ignore'
[1.024s] Level 1:colcon.colcon_core.package_identification:_identify(log) ignored
[1.024s] Level 1:colcon.colcon_core.package_identification:_identify(src) by extensions ['ignore', 'ignore_ament_install']
[1.025s] Level 1:colcon.colcon_core.package_identification:_identify(src) by extension 'ignore'
[1.025s] Level 1:colcon.colcon_core.package_identification:_identify(src) by extension 'ignore_ament_install'
[1.025s] Level 1:colcon.colcon_core.package_identification:_identify(src) by extensions ['colcon_pkg']
[1.025s] Level 1:colcon.colcon_core.package_identification:_identify(src) by extension 'colcon_pkg'
[1.025s] Level 1:colcon.colcon_core.package_identification:_identify(src) by extensions ['colcon_meta']
[1.025s] Level 1:colcon.colcon_core.package_identification:_identify(src) by extension 'colcon_meta'
[1.025s] Level 1:colcon.colcon_core.package_identification:_identify(src) by extensions ['ros']
[1.025s] Level 1:colcon.colcon_core.package_identification:_identify(src) by extension 'ros'
[1.025s] Level 1:colcon.colcon_core.package_identification:_identify(src) by extensions ['cmake', 'python']
[1.025s] Level 1:colcon.colcon_core.package_identification:_identify(src) by extension 'cmake'
[1.026s] Level 1:colcon.colcon_core.package_identification:_identify(src) by extension 'python'
[1.026s] Level 1:colcon.colcon_core.package_identification:_identify(src) by extensions ['python_setup_py']
[1.026s] Level 1:colcon.colcon_core.package_identification:_identify(src) by extension 'python_setup_py'
[1.026s] Level 1:colcon.colcon_core.package_identification:_identify(src/build) by extensions ['ignore', 'ignore_ament_install']
[1.026s] Level 1:colcon.colcon_core.package_identification:_identify(src/build) by extension 'ignore'
[1.027s] Level 1:colcon.colcon_core.package_identification:_identify(src/build) ignored
[1.027s] Level 1:colcon.colcon_core.package_identification:_identify(src/install) by extensions ['ignore', 'ignore_ament_install']
[1.027s] Level 1:colcon.colcon_core.package_identification:_identify(src/install) by extension 'ignore'
[1.027s] Level 1:colcon.colcon_core.package_identification:_identify(src/install) ignored
[1.028s] Level 1:colcon.colcon_core.package_identification:_identify(src/log) by extensions ['ignore', 'ignore_ament_install']
[1.028s] Level 1:colcon.colcon_core.package_identification:_identify(src/log) by extension 'ignore'
[1.028s] Level 1:colcon.colcon_core.package_identification:_identify(src/log) ignored
[1.028s] Level 1:colcon.colcon_core.package_identification:_identify(src/pradobot_controller) by extensions ['ignore', 'ignore_ament_install']
[1.029s] Level 1:colcon.colcon_core.package_identification:_identify(src/pradobot_controller) by extension 'ignore'
[1.029s] Level 1:colcon.colcon_core.package_identification:_identify(src/pradobot_controller) by extension 'ignore_ament_install'
[1.029s] Level 1:colcon.colcon_core.package_identification:_identify(src/pradobot_controller) by extensions ['colcon_pkg']
[1.029s] Level 1:colcon.colcon_core.package_identification:_identify(src/pradobot_controller) by extension 'colcon_pkg'
[1.029s] Level 1:colcon.colcon_core.package_identification:_identify(src/pradobot_controller) by extensions ['colcon_meta']
[1.029s] Level 1:colcon.colcon_core.package_identification:_identify(src/pradobot_controller) by extension 'colcon_meta'
[1.029s] Level 1:colcon.colcon_core.package_identification:_identify(src/pradobot_controller) by extensions ['ros']
[1.029s] Level 1:colcon.colcon_core.package_identification:_identify(src/pradobot_controller) by extension 'ros'
[1.029s] Level 1:colcon.colcon_core.package_identification:_identify(src/pradobot_controller) by extensions ['cmake', 'python']
[1.030s] Level 1:colcon.colcon_core.package_identification:_identify(src/pradobot_controller) by extension 'cmake'
[1.030s] Level 1:colcon.colcon_core.package_identification:_identify(src/pradobot_controller) by extension 'python'
[1.030s] Level 1:colcon.colcon_core.package_identification:_identify(src/pradobot_controller) by extensions ['python_setup_py']
[1.030s] Level 1:colcon.colcon_core.package_identification:_identify(src/pradobot_controller) by extension 'python_setup_py'
[1.030s] Level 1:colcon.colcon_core.package_identification:_identify(src/pradobot_ultrasonic) by extensions ['ignore', 'ignore_ament_install']
[1.030s] Level 1:colcon.colcon_core.package_identification:_identify(src/pradobot_ultrasonic) by extension 'ignore'
[1.030s] Level 1:colcon.colcon_core.package_identification:_identify(src/pradobot_ultrasonic) by extension 'ignore_ament_install'
[1.031s] Level 1:colcon.colcon_core.package_identification:_identify(src/pradobot_ultrasonic) by extensions ['colcon_pkg']
[1.031s] Level 1:colcon.colcon_core.package_identification:_identify(src/pradobot_ultrasonic) by extension 'colcon_pkg'
[1.031s] Level 1:colcon.colcon_core.package_identification:_identify(src/pradobot_ultrasonic) by extensions ['colcon_meta']
[1.031s] Level 1:colcon.colcon_core.package_identification:_identify(src/pradobot_ultrasonic) by extension 'colcon_meta'
[1.031s] Level 1:colcon.colcon_core.package_identification:_identify(src/pradobot_ultrasonic) by extensions ['ros']
[1.031s] Level 1:colcon.colcon_core.package_identification:_identify(src/pradobot_ultrasonic) by extension 'ros'
[1.037s] DEBUG:colcon.colcon_core.package_identification:Package 'src/pradobot_ultrasonic' with type 'ros.ament_python' and name 'pradobot_ultrasonic'
[1.037s] Level 1:colcon.colcon_core.package_identification:_identify(src/vectornav) by extensions ['ignore', 'ignore_ament_install']
[1.038s] Level 1:colcon.colcon_core.package_identification:_identify(src/vectornav) by extension 'ignore'
[1.038s] Level 1:colcon.colcon_core.package_identification:_identify(src/vectornav) by extension 'ignore_ament_install'
[1.038s] Level 1:colcon.colcon_core.package_identification:_identify(src/vectornav) by extensions ['colcon_pkg']
[1.038s] Level 1:colcon.colcon_core.package_identification:_identify(src/vectornav) by extension 'colcon_pkg'
[1.038s] Level 1:colcon.colcon_core.package_identification:_identify(src/vectornav) by extensions ['colcon_meta']
[1.038s] Level 1:colcon.colcon_core.package_identification:_identify(src/vectornav) by extension 'colcon_meta'
[1.038s] Level 1:colcon.colcon_core.package_identification:_identify(src/vectornav) by extensions ['ros']
[1.038s] Level 1:colcon.colcon_core.package_identification:_identify(src/vectornav) by extension 'ros'
[1.039s] Level 1:colcon.colcon_core.package_identification:_identify(src/vectornav) by extensions ['cmake', 'python']
[1.039s] Level 1:colcon.colcon_core.package_identification:_identify(src/vectornav) by extension 'cmake'
[1.039s] Level 1:colcon.colcon_core.package_identification:_identify(src/vectornav) by extension 'python'
[1.039s] Level 1:colcon.colcon_core.package_identification:_identify(src/vectornav) by extensions ['python_setup_py']
[1.039s] Level 1:colcon.colcon_core.package_identification:_identify(src/vectornav) by extension 'python_setup_py'
[1.039s] Level 1:colcon.colcon_core.package_identification:_identify(src/vectornav/build) by extensions ['ignore', 'ignore_ament_install']
[1.039s] Level 1:colcon.colcon_core.package_identification:_identify(src/vectornav/build) by extension 'ignore'
[1.040s] Level 1:colcon.colcon_core.package_identification:_identify(src/vectornav/build) ignored
[1.040s] Level 1:colcon.colcon_core.package_identification:_identify(src/vectornav/install) by extensions ['ignore', 'ignore_ament_install']
[1.040s] Level 1:colcon.colcon_core.package_identification:_identify(src/vectornav/install) by extension 'ignore'
[1.040s] Level 1:colcon.colcon_core.package_identification:_identify(src/vectornav/install) ignored
[1.041s] Level 1:colcon.colcon_core.package_identification:_identify(src/vectornav/log) by extensions ['ignore', 'ignore_ament_install']
[1.041s] Level 1:colcon.colcon_core.package_identification:_identify(src/vectornav/log) by extension 'ignore'
[1.041s] Level 1:colcon.colcon_core.package_identification:_identify(src/vectornav/log) ignored
[1.042s] Level 1:colcon.colcon_core.package_identification:_identify(src/vectornav/vectornav) by extensions ['ignore', 'ignore_ament_install']
[1.042s] Level 1:colcon.colcon_core.package_identification:_identify(src/vectornav/vectornav) by extension 'ignore'
[1.042s] Level 1:colcon.colcon_core.package_identification:_identify(src/vectornav/vectornav) by extension 'ignore_ament_install'
[1.042s] Level 1:colcon.colcon_core.package_identification:_identify(src/vectornav/vectornav) by extensions ['colcon_pkg']
[1.042s] Level 1:colcon.colcon_core.package_identification:_identify(src/vectornav/vectornav) by extension 'colcon_pkg'
[1.042s] Level 1:colcon.colcon_core.package_identification:_identify(src/vectornav/vectornav) by extensions ['colcon_meta']
[1.042s] Level 1:colcon.colcon_core.package_identification:_identify(src/vectornav/vectornav) by extension 'colcon_meta'
[1.042s] Level 1:colcon.colcon_core.package_identification:_identify(src/vectornav/vectornav) by extensions ['ros']
[1.042s] Level 1:colcon.colcon_core.package_identification:_identify(src/vectornav/vectornav) by extension 'ros'
[1.044s] DEBUG:colcon.colcon_core.package_identification:Package 'src/vectornav/vectornav' with type 'ros.ament_cmake' and name 'vectornav'
[1.045s] Level 1:colcon.colcon_core.package_identification:_identify(src/vectornav/vectornav_msgs) by extensions ['ignore', 'ignore_ament_install']
[1.045s] Level 1:colcon.colcon_core.package_identification:_identify(src/vectornav/vectornav_msgs) by extension 'ignore'
[1.045s] Level 1:colcon.colcon_core.package_identification:_identify(src/vectornav/vectornav_msgs) by extension 'ignore_ament_install'
[1.045s] Level 1:colcon.colcon_core.package_identification:_identify(src/vectornav/vectornav_msgs) by extensions ['colcon_pkg']
[1.045s] Level 1:colcon.colcon_core.package_identification:_identify(src/vectornav/vectornav_msgs) by extension 'colcon_pkg'
[1.046s] Level 1:colcon.colcon_core.package_identification:_identify(src/vectornav/vectornav_msgs) by extensions ['colcon_meta']
[1.046s] Level 1:colcon.colcon_core.package_identification:_identify(src/vectornav/vectornav_msgs) by extension 'colcon_meta'
[1.046s] Level 1:colcon.colcon_core.package_identification:_identify(src/vectornav/vectornav_msgs) by extensions ['ros']
[1.046s] Level 1:colcon.colcon_core.package_identification:_identify(src/vectornav/vectornav_msgs) by extension 'ros'
[1.047s] DEBUG:colcon.colcon_core.package_identification:Package 'src/vectornav/vectornav_msgs' with type 'ros.ament_cmake' and name 'vectornav_msgs'
[1.047s] Level 1:colcon.colcon_core.package_discovery:discover_packages(recursive) using defaults
[1.047s] Level 1:colcon.colcon_core.package_discovery:discover_packages(ignore) discover
[1.047s] Level 1:colcon.colcon_core.package_discovery:discover_packages(ignore) using defaults
[1.047s] Level 1:colcon.colcon_core.package_discovery:discover_packages(path) discover
[1.047s] Level 1:colcon.colcon_core.package_discovery:discover_packages(path) using defaults
[1.116s] Level 5:colcon.colcon_core.verb:set package 'pradobot_ultrasonic' build argument 'cmake_args' from command line to 'None'
[1.116s] Level 5:colcon.colcon_core.verb:set package 'pradobot_ultrasonic' build argument 'cmake_target' from command line to 'None'
[1.116s] Level 5:colcon.colcon_core.verb:set package 'pradobot_ultrasonic' build argument 'cmake_target_skip_unavailable' from command line to 'False'
[1.116s] Level 5:colcon.colcon_core.verb:set package 'pradobot_ultrasonic' build argument 'cmake_clean_cache' from command line to 'False'
[1.116s] Level 5:colcon.colcon_core.verb:set package 'pradobot_ultrasonic' build argument 'cmake_clean_first' from command line to 'False'
[1.116s] Level 5:colcon.colcon_core.verb:set package 'pradobot_ultrasonic' build argument 'cmake_force_configure' from command line to 'False'
[1.116s] Level 5:colcon.colcon_core.verb:set package 'pradobot_ultrasonic' build argument 'ament_cmake_args' from command line to 'None'
[1.116s] Level 5:colcon.colcon_core.verb:set package 'pradobot_ultrasonic' build argument 'catkin_cmake_args' from command line to 'None'
[1.116s] Level 5:colcon.colcon_core.verb:set package 'pradobot_ultrasonic' build argument 'catkin_skip_building_tests' from command line to 'False'
[1.116s] DEBUG:colcon.colcon_core.verb:Building package 'pradobot_ultrasonic' with the following arguments: {'ament_cmake_args': None, 'build_base': '/home/ros2_ws/build/pradobot_ultrasonic', 'catkin_cmake_args': None, 'catkin_skip_building_tests': False, 'cmake_args': None, 'cmake_clean_cache': False, 'cmake_clean_first': False, 'cmake_force_configure': False, 'cmake_target': None, 'cmake_target_skip_unavailable': False, 'install_base': '/home/ros2_ws/install/pradobot_ultrasonic', 'merge_install': False, 'path': '/home/ros2_ws/src/pradobot_ultrasonic', 'symlink_install': False, 'test_result_base': None}
[1.119s] Level 5:colcon.colcon_core.verb:set package 'vectornav_msgs' build argument 'cmake_args' from command line to 'None'
[1.120s] Level 5:colcon.colcon_core.verb:set package 'vectornav_msgs' build argument 'cmake_target' from command line to 'None'
[1.120s] Level 5:colcon.colcon_core.verb:set package 'vectornav_msgs' build argument 'cmake_target_skip_unavailable' from command line to 'False'
[1.120s] Level 5:colcon.colcon_core.verb:set package 'vectornav_msgs' build argument 'cmake_clean_cache' from command line to 'False'
[1.120s] Level 5:colcon.colcon_core.verb:set package 'vectornav_msgs' build argument 'cmake_clean_first' from command line to 'False'
[1.120s] Level 5:colcon.colcon_core.verb:set package 'vectornav_msgs' build argument 'cmake_force_configure' from command line to 'False'
[1.120s] Level 5:colcon.colcon_core.verb:set package 'vectornav_msgs' build argument 'ament_cmake_args' from command line to 'None'
[1.120s] Level 5:colcon.colcon_core.verb:set package 'vectornav_msgs' build argument 'catkin_cmake_args' from command line to 'None'
[1.120s] Level 5:colcon.colcon_core.verb:set package 'vectornav_msgs' build argument 'catkin_skip_building_tests' from command line to 'False'
[1.120s] DEBUG:colcon.colcon_core.verb:Building package 'vectornav_msgs' with the following arguments: {'ament_cmake_args': None, 'build_base': '/home/ros2_ws/build/vectornav_msgs', 'catkin_cmake_args': None, 'catkin_skip_building_tests': False, 'cmake_args': None, 'cmake_clean_cache': False, 'cmake_clean_first': False, 'cmake_force_configure': False, 'cmake_target': None, 'cmake_target_skip_unavailable': False, 'install_base': '/home/ros2_ws/install/vectornav_msgs', 'merge_install': False, 'path': '/home/ros2_ws/src/vectornav/vectornav_msgs', 'symlink_install': False, 'test_result_base': None}
[1.123s] Level 5:colcon.colcon_core.verb:set package 'vectornav' build argument 'cmake_args' from command line to 'None'
[1.123s] Level 5:colcon.colcon_core.verb:set package 'vectornav' build argument 'cmake_target' from command line to 'None'
[1.123s] Level 5:colcon.colcon_core.verb:set package 'vectornav' build argument 'cmake_target_skip_unavailable' from command line to 'False'
[1.123s] Level 5:colcon.colcon_core.verb:set package 'vectornav' build argument 'cmake_clean_cache' from command line to 'False'
[1.123s] Level 5:colcon.colcon_core.verb:set package 'vectornav' build argument 'cmake_clean_first' from command line to 'False'
[1.123s] Level 5:colcon.colcon_core.verb:set package 'vectornav' build argument 'cmake_force_configure' from command line to 'False'
[1.123s] Level 5:colcon.colcon_core.verb:set package 'vectornav' build argument 'ament_cmake_args' from command line to 'None'
[1.124s] Level 5:colcon.colcon_core.verb:set package 'vectornav' build argument 'catkin_cmake_args' from command line to 'None'
[1.124s] Level 5:colcon.colcon_core.verb:set package 'vectornav' build argument 'catkin_skip_building_tests' from command line to 'False'
[1.124s] DEBUG:colcon.colcon_core.verb:Building package 'vectornav' with the following arguments: {'ament_cmake_args': None, 'build_base': '/home/ros2_ws/build/vectornav', 'catkin_cmake_args': None, 'catkin_skip_building_tests': False, 'cmake_args': None, 'cmake_clean_cache': False, 'cmake_clean_first': False, 'cmake_force_configure': False, 'cmake_target': None, 'cmake_target_skip_unavailable': False, 'install_base': '/home/ros2_ws/install/vectornav', 'merge_install': False, 'path': '/home/ros2_ws/src/vectornav/vectornav', 'symlink_install': False, 'test_result_base': None}
[1.126s] INFO:colcon.colcon_core.executor:Executing jobs using 'parallel' executor
[1.139s] DEBUG:colcon.colcon_parallel_executor.executor.parallel:run_until_complete
[1.140s] INFO:colcon.colcon_ros.task.ament_cmake.build:Building ROS package in '/home/ros2_ws/src/vectornav/vectornav_msgs' with build type 'ament_cmake'
[1.140s] INFO:colcon.colcon_cmake.task.cmake.build:Building CMake package in '/home/ros2_ws/src/vectornav/vectornav_msgs'
[1.154s] INFO:colcon.colcon_core.plugin_system:Skipping extension 'colcon_core.shell.bat': Not used on non-Windows systems
[1.155s] INFO:colcon.colcon_core.shell:Skip shell extension 'powershell' for command environment: Not usable outside of PowerShell
[1.155s] DEBUG:colcon.colcon_core.shell:Skip shell extension 'dsv' for command environment
[1.182s] INFO:colcon.colcon_ros.task.ament_python.build:Building ROS package in '/home/ros2_ws/src/pradobot_ultrasonic' with build type 'ament_python'
[1.183s] Level 1:colcon.colcon_core.shell:create_environment_hook('pradobot_ultrasonic', 'ament_prefix_path')
[1.189s] INFO:colcon.colcon_core.shell:Creating environment hook '/home/ros2_ws/install/pradobot_ultrasonic/share/pradobot_ultrasonic/hook/ament_prefix_path.ps1'
[1.192s] INFO:colcon.colcon_core.shell:Creating environment descriptor '/home/ros2_ws/install/pradobot_ultrasonic/share/pradobot_ultrasonic/hook/ament_prefix_path.dsv'
[1.193s] INFO:colcon.colcon_core.shell:Creating environment hook '/home/ros2_ws/install/pradobot_ultrasonic/share/pradobot_ultrasonic/hook/ament_prefix_path.sh'
[1.200s] INFO:colcon.colcon_core.shell:Skip shell extension 'powershell' for command environment: Not usable outside of PowerShell
[1.200s] DEBUG:colcon.colcon_core.shell:Skip shell extension 'dsv' for command environment
[1.229s] DEBUG:colcon.colcon_core.event_handler.log_command:Invoking command in '/home/ros2_ws/build/vectornav_msgs': /usr/local/bin/cmake --build /home/ros2_ws/build/vectornav_msgs -- -j6 -l6
[1.682s] INFO:colcon.colcon_core.task.python.build:Building Python package in '/home/ros2_ws/src/pradobot_ultrasonic'
[1.689s] INFO:colcon.colcon_core.shell:Skip shell extension 'powershell' for command environment: Not usable outside of PowerShell
[1.689s] DEBUG:colcon.colcon_core.shell:Skip shell extension 'dsv' for command environment
[2.061s] DEBUG:colcon.colcon_core.event_handler.log_command:Invoked command in '/home/ros2_ws/build/vectornav_msgs' returned '0': /usr/local/bin/cmake --build /home/ros2_ws/build/vectornav_msgs -- -j6 -l6
[2.557s] DEBUG:colcon.colcon_core.event_handler.log_command:Invoking command in '/home/ros2_ws/build/vectornav_msgs': /usr/local/bin/cmake --install /home/ros2_ws/build/vectornav_msgs
[2.755s] Level 1:colcon.colcon_core.environment:create_environment_scripts_only(vectornav_msgs)
[2.760s] DEBUG:colcon.colcon_core.event_handler.log_command:Invoked command in '/home/ros2_ws/build/vectornav_msgs' returned '0': /usr/local/bin/cmake --install /home/ros2_ws/build/vectornav_msgs
[2.782s] Level 1:colcon.colcon_core.environment:checking '/home/ros2_ws/install/vectornav_msgs' for CMake module files
[2.784s] Level 1:colcon.colcon_core.environment:checking '/home/ros2_ws/install/vectornav_msgs' for CMake config files
[2.787s] Level 1:colcon.colcon_core.shell:create_environment_hook('vectornav_msgs', 'cmake_prefix_path')
[2.795s] INFO:colcon.colcon_core.shell:Creating environment hook '/home/ros2_ws/install/vectornav_msgs/share/vectornav_msgs/hook/cmake_prefix_path.ps1'
[2.797s] INFO:colcon.colcon_core.shell:Creating environment descriptor '/home/ros2_ws/install/vectornav_msgs/share/vectornav_msgs/hook/cmake_prefix_path.dsv'
[2.798s] INFO:colcon.colcon_core.shell:Creating environment hook '/home/ros2_ws/install/vectornav_msgs/share/vectornav_msgs/hook/cmake_prefix_path.sh'
[2.800s] Level 1:colcon.colcon_core.environment:checking '/home/ros2_ws/install/vectornav_msgs/lib'
[2.800s] Level 1:colcon.colcon_core.shell:create_environment_hook('vectornav_msgs', 'ld_library_path_lib')
[2.807s] INFO:colcon.colcon_core.shell:Creating environment hook '/home/ros2_ws/install/vectornav_msgs/share/vectornav_msgs/hook/ld_library_path_lib.ps1'
[2.808s] INFO:colcon.colcon_core.shell:Creating environment descriptor '/home/ros2_ws/install/vectornav_msgs/share/vectornav_msgs/hook/ld_library_path_lib.dsv'
[2.808s] INFO:colcon.colcon_core.shell:Creating environment hook '/home/ros2_ws/install/vectornav_msgs/share/vectornav_msgs/hook/ld_library_path_lib.sh'
[2.809s] Level 1:colcon.colcon_core.environment:checking '/home/ros2_ws/install/vectornav_msgs/bin'
[2.809s] Level 1:colcon.colcon_core.environment:checking '/home/ros2_ws/install/vectornav_msgs/lib/pkgconfig/vectornav_msgs.pc'
[2.810s] Level 1:colcon.colcon_core.environment:checking '/home/ros2_ws/install/vectornav_msgs/lib/python3.8/site-packages'
[2.810s] Level 1:colcon.colcon_core.shell:create_environment_hook('vectornav_msgs', 'pythonpath')
[2.816s] INFO:colcon.colcon_core.shell:Creating environment hook '/home/ros2_ws/install/vectornav_msgs/share/vectornav_msgs/hook/pythonpath.ps1'
[2.817s] INFO:colcon.colcon_core.shell:Creating environment descriptor '/home/ros2_ws/install/vectornav_msgs/share/vectornav_msgs/hook/pythonpath.dsv'
[2.817s] INFO:colcon.colcon_core.shell:Creating environment hook '/home/ros2_ws/install/vectornav_msgs/share/vectornav_msgs/hook/pythonpath.sh'
[2.818s] Level 1:colcon.colcon_core.environment:checking '/home/ros2_ws/install/vectornav_msgs/bin'
[2.824s] INFO:colcon.colcon_core.shell:Creating package script '/home/ros2_ws/install/vectornav_msgs/share/vectornav_msgs/package.ps1'
[2.826s] INFO:colcon.colcon_core.shell:Creating package descriptor '/home/ros2_ws/install/vectornav_msgs/share/vectornav_msgs/package.dsv'
[2.827s] INFO:colcon.colcon_core.shell:Creating package script '/home/ros2_ws/install/vectornav_msgs/share/vectornav_msgs/package.sh'
[2.829s] INFO:colcon.colcon_core.shell:Creating package script '/home/ros2_ws/install/vectornav_msgs/share/vectornav_msgs/package.bash'
[2.830s] INFO:colcon.colcon_core.shell:Creating package script '/home/ros2_ws/install/vectornav_msgs/share/vectornav_msgs/package.zsh'
[2.832s] Level 1:colcon.colcon_core.environment:create_file_with_runtime_dependencies(/home/ros2_ws/install/vectornav_msgs/share/colcon-core/packages/vectornav_msgs)
[3.235s] DEBUG:colcon.colcon_core.event_handler.log_command:Invoking command in '/home/ros2_ws/src/pradobot_ultrasonic': PYTHONPATH=/home/ros2_ws/build/pradobot_ultrasonic/prefix_override:/home/ros2_ws/install/pradobot_ultrasonic/lib/python3.8/site-packages:${PYTHONPATH} /usr/bin/python3 setup.py egg_info --egg-base ../../build/pradobot_ultrasonic build --build-base /home/ros2_ws/build/pradobot_ultrasonic/build install --record /home/ros2_ws/build/pradobot_ultrasonic/install.log --single-version-externally-managed
[3.272s] Level 1:colcon.colcon_core.environment:create_environment_scripts_only(vectornav_msgs)
[3.281s] Level 1:colcon.colcon_core.environment:checking '/home/ros2_ws/install/vectornav_msgs' for CMake module files
[3.283s] Level 1:colcon.colcon_core.environment:checking '/home/ros2_ws/install/vectornav_msgs' for CMake config files
[3.284s] Level 1:colcon.colcon_core.shell:create_environment_hook('vectornav_msgs', 'cmake_prefix_path')
[3.290s] INFO:colcon.colcon_core.shell:Creating environment hook '/home/ros2_ws/install/vectornav_msgs/share/vectornav_msgs/hook/cmake_prefix_path.ps1'
[3.291s] INFO:colcon.colcon_core.shell:Creating environment descriptor '/home/ros2_ws/install/vectornav_msgs/share/vectornav_msgs/hook/cmake_prefix_path.dsv'
[3.292s] INFO:colcon.colcon_core.shell:Creating environment hook '/home/ros2_ws/install/vectornav_msgs/share/vectornav_msgs/hook/cmake_prefix_path.sh'
[3.293s] Level 1:colcon.colcon_core.environment:checking '/home/ros2_ws/install/vectornav_msgs/lib'
[3.293s] Level 1:colcon.colcon_core.shell:create_environment_hook('vectornav_msgs', 'ld_library_path_lib')
[3.299s] INFO:colcon.colcon_core.shell:Creating environment hook '/home/ros2_ws/install/vectornav_msgs/share/vectornav_msgs/hook/ld_library_path_lib.ps1'
[3.299s] INFO:colcon.colcon_core.shell:Creating environment descriptor '/home/ros2_ws/install/vectornav_msgs/share/vectornav_msgs/hook/ld_library_path_lib.dsv'
[3.300s] INFO:colcon.colcon_core.shell:Creating environment hook '/home/ros2_ws/install/vectornav_msgs/share/vectornav_msgs/hook/ld_library_path_lib.sh'
[3.301s] Level 1:colcon.colcon_core.environment:checking '/home/ros2_ws/install/vectornav_msgs/bin'
[3.301s] Level 1:colcon.colcon_core.environment:checking '/home/ros2_ws/install/vectornav_msgs/lib/pkgconfig/vectornav_msgs.pc'
[3.301s] Level 1:colcon.colcon_core.environment:checking '/home/ros2_ws/install/vectornav_msgs/lib/python3.8/site-packages'
[3.302s] Level 1:colcon.colcon_core.shell:create_environment_hook('vectornav_msgs', 'pythonpath')
[3.307s] INFO:colcon.colcon_core.shell:Creating environment hook '/home/ros2_ws/install/vectornav_msgs/share/vectornav_msgs/hook/pythonpath.ps1'
[3.308s] INFO:colcon.colcon_core.shell:Creating environment descriptor '/home/ros2_ws/install/vectornav_msgs/share/vectornav_msgs/hook/pythonpath.dsv'
[3.308s] INFO:colcon.colcon_core.shell:Creating environment hook '/home/ros2_ws/install/vectornav_msgs/share/vectornav_msgs/hook/pythonpath.sh'
[3.309s] Level 1:colcon.colcon_core.environment:checking '/home/ros2_ws/install/vectornav_msgs/bin'
[3.315s] INFO:colcon.colcon_core.shell:Creating package script '/home/ros2_ws/install/vectornav_msgs/share/vectornav_msgs/package.ps1'
[3.316s] INFO:colcon.colcon_core.shell:Creating package descriptor '/home/ros2_ws/install/vectornav_msgs/share/vectornav_msgs/package.dsv'
[3.317s] INFO:colcon.colcon_core.shell:Creating package script '/home/ros2_ws/install/vectornav_msgs/share/vectornav_msgs/package.sh'
[3.318s] INFO:colcon.colcon_core.shell:Creating package script '/home/ros2_ws/install/vectornav_msgs/share/vectornav_msgs/package.bash'
[3.319s] INFO:colcon.colcon_core.shell:Creating package script '/home/ros2_ws/install/vectornav_msgs/share/vectornav_msgs/package.zsh'
[3.320s] Level 1:colcon.colcon_core.environment:create_file_with_runtime_dependencies(/home/ros2_ws/install/vectornav_msgs/share/colcon-core/packages/vectornav_msgs)
[3.321s] INFO:colcon.colcon_ros.task.ament_cmake.build:Building ROS package in '/home/ros2_ws/src/vectornav/vectornav' with build type 'ament_cmake'
[3.321s] INFO:colcon.colcon_cmake.task.cmake.build:Building CMake package in '/home/ros2_ws/src/vectornav/vectornav'
[3.327s] INFO:colcon.colcon_core.shell:Skip shell extension 'powershell' for command environment: Not usable outside of PowerShell
[3.327s] DEBUG:colcon.colcon_core.shell:Skip shell extension 'dsv' for command environment
[3.366s] DEBUG:colcon.colcon_core.event_handler.log_command:Invoking command in '/home/ros2_ws/build/vectornav': AMENT_PREFIX_PATH=/home/ros2_ws/install/vectornav_msgs:${AMENT_PREFIX_PATH} CMAKE_PREFIX_PATH=/home/ros2_ws/install/vectornav_msgs:${CMAKE_PREFIX_PATH} LD_LIBRARY_PATH=/home/ros2_ws/install/vectornav_msgs/lib:/opt/ros/humble/install/opt/rviz_ogre_vendor/lib:/opt/ros/humble/install/lib:/usr/local/cuda/lib64 PYTHONPATH=/home/ros2_ws/install/vectornav_msgs/lib/python3.8/site-packages:${PYTHONPATH} /usr/local/bin/cmake --build /home/ros2_ws/build/vectornav -- -j6 -l6
[3.554s] DEBUG:colcon.colcon_core.event_handler.log_command:Invoked command in '/home/ros2_ws/build/vectornav' returned '0': AMENT_PREFIX_PATH=/home/ros2_ws/install/vectornav_msgs:${AMENT_PREFIX_PATH} CMAKE_PREFIX_PATH=/home/ros2_ws/install/vectornav_msgs:${CMAKE_PREFIX_PATH} LD_LIBRARY_PATH=/home/ros2_ws/install/vectornav_msgs/lib:/opt/ros/humble/install/opt/rviz_ogre_vendor/lib:/opt/ros/humble/install/lib:/usr/local/cuda/lib64 PYTHONPATH=/home/ros2_ws/install/vectornav_msgs/lib/python3.8/site-packages:${PYTHONPATH} /usr/local/bin/cmake --build /home/ros2_ws/build/vectornav -- -j6 -l6
[3.656s] DEBUG:colcon.colcon_core.event_handler.log_command:Invoking command in '/home/ros2_ws/build/vectornav': AMENT_PREFIX_PATH=/home/ros2_ws/install/vectornav_msgs:${AMENT_PREFIX_PATH} CMAKE_PREFIX_PATH=/home/ros2_ws/install/vectornav_msgs:${CMAKE_PREFIX_PATH} LD_LIBRARY_PATH=/home/ros2_ws/install/vectornav_msgs/lib:/opt/ros/humble/install/opt/rviz_ogre_vendor/lib:/opt/ros/humble/install/lib:/usr/local/cuda/lib64 PYTHONPATH=/home/ros2_ws/install/vectornav_msgs/lib/python3.8/site-packages:${PYTHONPATH} /usr/local/bin/cmake --install /home/ros2_ws/build/vectornav
[3.733s] Level 1:colcon.colcon_core.environment:create_environment_scripts_only(vectornav)
[3.742s] Level 1:colcon.colcon_core.environment:checking '/home/ros2_ws/install/vectornav' for CMake module files
[3.743s] DEBUG:colcon.colcon_core.event_handler.log_command:Invoked command in '/home/ros2_ws/build/vectornav' returned '0': AMENT_PREFIX_PATH=/home/ros2_ws/install/vectornav_msgs:${AMENT_PREFIX_PATH} CMAKE_PREFIX_PATH=/home/ros2_ws/install/vectornav_msgs:${CMAKE_PREFIX_PATH} LD_LIBRARY_PATH=/home/ros2_ws/install/vectornav_msgs/lib:/opt/ros/humble/install/opt/rviz_ogre_vendor/lib:/opt/ros/humble/install/lib:/usr/local/cuda/lib64 PYTHONPATH=/home/ros2_ws/install/vectornav_msgs/lib/python3.8/site-packages:${PYTHONPATH} /usr/local/bin/cmake --install /home/ros2_ws/build/vectornav
[3.744s] Level 1:colcon.colcon_core.environment:checking '/home/ros2_ws/install/vectornav' for CMake config files
[3.745s] Level 1:colcon.colcon_core.shell:create_environment_hook('vectornav', 'cmake_prefix_path')
[3.751s] INFO:colcon.colcon_core.shell:Creating environment hook '/home/ros2_ws/install/vectornav/share/vectornav/hook/cmake_prefix_path.ps1'
[3.753s] INFO:colcon.colcon_core.shell:Creating environment descriptor '/home/ros2_ws/install/vectornav/share/vectornav/hook/cmake_prefix_path.dsv'
[3.754s] INFO:colcon.colcon_core.shell:Creating environment hook '/home/ros2_ws/install/vectornav/share/vectornav/hook/cmake_prefix_path.sh'
[3.755s] Level 1:colcon.colcon_core.environment:checking '/home/ros2_ws/install/vectornav/lib'
[3.755s] Level 1:colcon.colcon_core.shell:create_environment_hook('vectornav', 'ld_library_path_lib')
[3.760s] INFO:colcon.colcon_core.shell:Creating environment hook '/home/ros2_ws/install/vectornav/share/vectornav/hook/ld_library_path_lib.ps1'
[3.761s] INFO:colcon.colcon_core.shell:Creating environment descriptor '/home/ros2_ws/install/vectornav/share/vectornav/hook/ld_library_path_lib.dsv'
[3.762s] INFO:colcon.colcon_core.shell:Creating environment hook '/home/ros2_ws/install/vectornav/share/vectornav/hook/ld_library_path_lib.sh'
[3.763s] Level 1:colcon.colcon_core.environment:checking '/home/ros2_ws/install/vectornav/bin'
[3.763s] Level 1:colcon.colcon_core.environment:checking '/home/ros2_ws/install/vectornav/lib/pkgconfig/vectornav.pc'
[3.763s] Level 1:colcon.colcon_core.environment:checking '/home/ros2_ws/install/vectornav/lib/python3.8/site-packages'
[3.764s] Level 1:colcon.colcon_core.environment:checking '/home/ros2_ws/install/vectornav/bin'
[3.769s] INFO:colcon.colcon_core.shell:Creating package script '/home/ros2_ws/install/vectornav/share/vectornav/package.ps1'
[3.770s] INFO:colcon.colcon_core.shell:Creating package descriptor '/home/ros2_ws/install/vectornav/share/vectornav/package.dsv'
[3.771s] INFO:colcon.colcon_core.shell:Creating package script '/home/ros2_ws/install/vectornav/share/vectornav/package.sh'
[3.772s] INFO:colcon.colcon_core.shell:Creating package script '/home/ros2_ws/install/vectornav/share/vectornav/package.bash'
[3.773s] INFO:colcon.colcon_core.shell:Creating package script '/home/ros2_ws/install/vectornav/share/vectornav/package.zsh'
[3.774s] Level 1:colcon.colcon_core.environment:create_file_with_runtime_dependencies(/home/ros2_ws/install/vectornav/share/colcon-core/packages/vectornav)
[3.875s] Level 1:colcon.colcon_core.environment:create_environment_scripts_only(vectornav)
[3.888s] Level 1:colcon.colcon_core.environment:checking '/home/ros2_ws/install/vectornav' for CMake module files
[3.889s] Level 1:colcon.colcon_core.environment:checking '/home/ros2_ws/install/vectornav' for CMake config files
[3.890s] Level 1:colcon.colcon_core.shell:create_environment_hook('vectornav', 'cmake_prefix_path')
[3.897s] INFO:colcon.colcon_core.shell:Creating environment hook '/home/ros2_ws/install/vectornav/share/vectornav/hook/cmake_prefix_path.ps1'
[3.898s] INFO:colcon.colcon_core.shell:Creating environment descriptor '/home/ros2_ws/install/vectornav/share/vectornav/hook/cmake_prefix_path.dsv'
[3.899s] INFO:colcon.colcon_core.shell:Creating environment hook '/home/ros2_ws/install/vectornav/share/vectornav/hook/cmake_prefix_path.sh'
[3.900s] Level 1:colcon.colcon_core.environment:checking '/home/ros2_ws/install/vectornav/lib'
[3.900s] Level 1:colcon.colcon_core.shell:create_environment_hook('vectornav', 'ld_library_path_lib')
[3.906s] INFO:colcon.colcon_core.shell:Creating environment hook '/home/ros2_ws/install/vectornav/share/vectornav/hook/ld_library_path_lib.ps1'
[3.907s] INFO:colcon.colcon_core.shell:Creating environment descriptor '/home/ros2_ws/install/vectornav/share/vectornav/hook/ld_library_path_lib.dsv'
[3.907s] INFO:colcon.colcon_core.shell:Creating environment hook '/home/ros2_ws/install/vectornav/share/vectornav/hook/ld_library_path_lib.sh'
[3.908s] Level 1:colcon.colcon_core.environment:checking '/home/ros2_ws/install/vectornav/bin'
[3.908s] Level 1:colcon.colcon_core.environment:checking '/home/ros2_ws/install/vectornav/lib/pkgconfig/vectornav.pc'
[3.909s] Level 1:colcon.colcon_core.environment:checking '/home/ros2_ws/install/vectornav/lib/python3.8/site-packages'
[3.909s] Level 1:colcon.colcon_core.environment:checking '/home/ros2_ws/install/vectornav/bin'
[3.915s] INFO:colcon.colcon_core.shell:Creating package script '/home/ros2_ws/install/vectornav/share/vectornav/package.ps1'
[3.916s] INFO:colcon.colcon_core.shell:Creating package descriptor '/home/ros2_ws/install/vectornav/share/vectornav/package.dsv'
[3.917s] INFO:colcon.colcon_core.shell:Creating package script '/home/ros2_ws/install/vectornav/share/vectornav/package.sh'
[3.918s] INFO:colcon.colcon_core.shell:Creating package script '/home/ros2_ws/install/vectornav/share/vectornav/package.bash'
[3.919s] INFO:colcon.colcon_core.shell:Creating package script '/home/ros2_ws/install/vectornav/share/vectornav/package.zsh'
[3.920s] Level 1:colcon.colcon_core.environment:create_file_with_runtime_dependencies(/home/ros2_ws/install/vectornav/share/colcon-core/packages/vectornav)
[4.431s] Level 1:colcon.colcon_core.environment:checking '/home/ros2_ws/install/pradobot_ultrasonic' for CMake module files
[4.432s] DEBUG:colcon.colcon_core.event_handler.log_command:Invoked command in '/home/ros2_ws/src/pradobot_ultrasonic' returned '0': PYTHONPATH=/home/ros2_ws/build/pradobot_ultrasonic/prefix_override:/home/ros2_ws/install/pradobot_ultrasonic/lib/python3.8/site-packages:${PYTHONPATH} /usr/bin/python3 setup.py egg_info --egg-base ../../build/pradobot_ultrasonic build --build-base /home/ros2_ws/build/pradobot_ultrasonic/build install --record /home/ros2_ws/build/pradobot_ultrasonic/install.log --single-version-externally-managed
[4.433s] Level 1:colcon.colcon_core.environment:checking '/home/ros2_ws/install/pradobot_ultrasonic' for CMake config files
[4.436s] Level 1:colcon.colcon_core.environment:checking '/home/ros2_ws/install/pradobot_ultrasonic/lib'
[4.436s] Level 1:colcon.colcon_core.environment:checking '/home/ros2_ws/install/pradobot_ultrasonic/bin'
[4.436s] Level 1:colcon.colcon_core.environment:checking '/home/ros2_ws/install/pradobot_ultrasonic/lib/pkgconfig/pradobot_ultrasonic.pc'
[4.437s] Level 1:colcon.colcon_core.environment:checking '/home/ros2_ws/install/pradobot_ultrasonic/lib/python3.8/site-packages'
[4.437s] Level 1:colcon.colcon_core.shell:create_environment_hook('pradobot_ultrasonic', 'pythonpath')
[4.448s] INFO:colcon.colcon_core.shell:Creating environment hook '/home/ros2_ws/install/pradobot_ultrasonic/share/pradobot_ultrasonic/hook/pythonpath.ps1'
[4.449s] INFO:colcon.colcon_core.shell:Creating environment descriptor '/home/ros2_ws/install/pradobot_ultrasonic/share/pradobot_ultrasonic/hook/pythonpath.dsv'
[4.450s] INFO:colcon.colcon_core.shell:Creating environment hook '/home/ros2_ws/install/pradobot_ultrasonic/share/pradobot_ultrasonic/hook/pythonpath.sh'
[4.452s] Level 1:colcon.colcon_core.environment:checking '/home/ros2_ws/install/pradobot_ultrasonic/bin'
[4.452s] Level 1:colcon.colcon_core.environment:create_environment_scripts_only(pradobot_ultrasonic)
[4.460s] INFO:colcon.colcon_core.shell:Creating package script '/home/ros2_ws/install/pradobot_ultrasonic/share/pradobot_ultrasonic/package.ps1'
[4.462s] INFO:colcon.colcon_core.shell:Creating package descriptor '/home/ros2_ws/install/pradobot_ultrasonic/share/pradobot_ultrasonic/package.dsv'
[4.463s] INFO:colcon.colcon_core.shell:Creating package script '/home/ros2_ws/install/pradobot_ultrasonic/share/pradobot_ultrasonic/package.sh'
[4.464s] INFO:colcon.colcon_core.shell:Creating package script '/home/ros2_ws/install/pradobot_ultrasonic/share/pradobot_ultrasonic/package.bash'
[4.465s] INFO:colcon.colcon_core.shell:Creating package script '/home/ros2_ws/install/pradobot_ultrasonic/share/pradobot_ultrasonic/package.zsh'
[4.466s] Level 1:colcon.colcon_core.environment:create_file_with_runtime_dependencies(/home/ros2_ws/install/pradobot_ultrasonic/share/colcon-core/packages/pradobot_ultrasonic)
[4.467s] DEBUG:colcon.colcon_parallel_executor.executor.parallel:closing loop
[4.468s] DEBUG:colcon.colcon_parallel_executor.executor.parallel:loop closed
[4.468s] DEBUG:colcon.colcon_parallel_executor.executor.parallel:run_until_complete finished with '0'
[4.468s] DEBUG:colcon.colcon_core.event_reactor:joining thread
[4.489s] INFO:colcon.colcon_core.plugin_system:Skipping extension 'colcon_notification.desktop_notification.notify_send': Could not find 'notify-send'
[4.489s] INFO:colcon.colcon_core.plugin_system:Skipping extension 'colcon_notification.desktop_notification.terminal_notifier': Not used on non-Darwin systems
[4.489s] INFO:colcon.colcon_core.plugin_system:Skipping extension 'colcon_notification.desktop_notification.win32': Not used on non-Windows systems
[4.490s] INFO:colcon.colcon_notification.desktop_notification:Sending desktop notification using 'notify2'
[4.490s] DEBUG:colcon.colcon_notification.desktop_notification.notify2:Failed to initialize notify2: org.freedesktop.DBus.Error.NotSupported: Unable to autolaunch a dbus-daemon without a $DISPLAY for X11
[4.490s] DEBUG:colcon.colcon_core.event_reactor:joined thread
[4.496s] INFO:colcon.colcon_core.shell:Creating prefix script '/home/ros2_ws/install/local_setup.ps1'
[4.499s] INFO:colcon.colcon_core.shell:Creating prefix util module '/home/ros2_ws/install/_local_setup_util_ps1.py'
[4.502s] INFO:colcon.colcon_core.shell:Creating prefix chain script '/home/ros2_ws/install/setup.ps1'
[4.506s] INFO:colcon.colcon_core.shell:Creating prefix script '/home/ros2_ws/install/local_setup.sh'
[4.508s] INFO:colcon.colcon_core.shell:Creating prefix util module '/home/ros2_ws/install/_local_setup_util_sh.py'
[4.509s] INFO:colcon.colcon_core.shell:Creating prefix chain script '/home/ros2_ws/install/setup.sh'
[4.544s] INFO:colcon.colcon_core.shell:Creating prefix script '/home/ros2_ws/install/local_setup.bash'
[4.546s] INFO:colcon.colcon_core.shell:Creating prefix chain script '/home/ros2_ws/install/setup.bash'
[4.549s] INFO:colcon.colcon_core.shell:Creating prefix script '/home/ros2_ws/install/local_setup.zsh'
[4.550s] INFO:colcon.colcon_core.shell:Creating prefix chain script '/home/ros2_ws/install/setup.zsh'
