[2.070s] Invoking command in '/home/ros2_ws/src/pradobot_ultrasonic': PYTHONPATH=/home/ros2_ws/build/pradobot_ultrasonic/prefix_override:/home/ros2_ws/install/pradobot_ultrasonic/lib/python3.8/site-packages:${PYTHONPATH} /usr/bin/python3 setup.py egg_info --egg-base ../../build/pradobot_ultrasonic build --build-base /home/ros2_ws/build/pradobot_ultrasonic/build install --record /home/ros2_ws/build/pradobot_ultrasonic/install.log --single-version-externally-managed
[2.564s] running egg_info
[2.602s] writing ../../build/pradobot_ultrasonic/pradobot_ultrasonic.egg-info/PKG-INFO
[2.602s] writing dependency_links to ../../build/pradobot_ultrasonic/pradobot_ultrasonic.egg-info/dependency_links.txt
[2.608s] writing entry points to ../../build/pradobot_ultrasonic/pradobot_ultrasonic.egg-info/entry_points.txt
[2.609s] writing requirements to ../../build/pradobot_ultrasonic/pradobot_ultrasonic.egg-info/requires.txt
[2.609s] writing top-level names to ../../build/pradobot_ultrasonic/pradobot_ultrasonic.egg-info/top_level.txt
[2.678s] reading manifest file '../../build/pradobot_ultrasonic/pradobot_ultrasonic.egg-info/SOURCES.txt'
[2.680s] writing manifest file '../../build/pradobot_ultrasonic/pradobot_ultrasonic.egg-info/SOURCES.txt'
[2.681s] running build
[2.681s] running build_py
[2.683s] running install
[2.684s] /usr/local/lib/python3.8/dist-packages/setuptools/_distutils/cmd.py:66: SetuptoolsDeprecationWarning: setup.py install is deprecated.
[2.684s] !!
[2.684s] 
[2.684s]         ********************************************************************************
[2.685s]         Please avoid running ``setup.py`` directly.
[2.685s]         Instead, use pypa/build, pypa/installer or other
[2.685s]         standards-based tools.
[2.685s] 
[2.685s]         See https://blog.ganssle.io/articles/2021/10/setup-py-deprecated.html for details.
[2.685s]         ********************************************************************************
[2.686s] 
[2.686s] !!
[2.686s]   self.initialize_options()
[2.695s] running install_lib
[2.740s] running install_data
[2.771s] running install_egg_info
[2.809s] removing '/home/ros2_ws/install/pradobot_ultrasonic/lib/python3.8/site-packages/pradobot_ultrasonic-0.0.0-py3.8.egg-info' (and everything under it)
[2.809s] Copying ../../build/pradobot_ultrasonic/pradobot_ultrasonic.egg-info to /home/ros2_ws/install/pradobot_ultrasonic/lib/python3.8/site-packages/pradobot_ultrasonic-0.0.0-py3.8.egg-info
[2.812s] running install_scripts
[3.169s] Installing control_node script to /home/ros2_ws/install/pradobot_ultrasonic/lib/pradobot_ultrasonic
[3.170s] Installing joystick_node script to /home/ros2_ws/install/pradobot_ultrasonic/lib/pradobot_ultrasonic
[3.170s] Installing ultrasonic_node script to /home/ros2_ws/install/pradobot_ultrasonic/lib/pradobot_ultrasonic
[3.171s] writing list of installed files to '/home/ros2_ws/build/pradobot_ultrasonic/install.log'
[3.250s] Invoked command in '/home/ros2_ws/src/pradobot_ultrasonic' returned '0': PYTHONPATH=/home/ros2_ws/build/pradobot_ultrasonic/prefix_override:/home/ros2_ws/install/pradobot_ultrasonic/lib/python3.8/site-packages:${PYTHONPATH} /usr/bin/python3 setup.py egg_info --egg-base ../../build/pradobot_ultrasonic build --build-base /home/ros2_ws/build/pradobot_ultrasonic/build install --record /home/ros2_ws/build/pradobot_ultrasonic/install.log --single-version-externally-managed
