[0.093s] Invoking command in '/home/ros2_ws/build/vectornav_msgs': CMAKE_PREFIX_PATH=${CMAKE_PREFIX_PATH}:/home/ros2_ws/install/pradobot_ultrasonic /usr/local/bin/cmake --build /home/ros2_ws/build/vectornav_msgs -- -j6 -l6
[0.213s] [  0%] Built target vectornav_msgs__cpp
[0.237s] [ 12%] Built target vectornav_msgs__rosidl_generator_c
[0.237s] [ 12%] Built target ament_cmake_python_copy_vectornav_msgs
[0.263s] [ 36%] Built target vectornav_msgs__rosidl_typesupport_cpp
[0.264s] [ 35%] Built target vectornav_msgs__rosidl_typesupport_introspection_cpp
[0.272s] [ 74%] Built target vectornav_msgs__rosidl_typesupport_fastrtps_c
[0.273s] [ 62%] Built target vectornav_msgs__rosidl_typesupport_introspection_c
[0.273s] [ 75%] Built target vectornav_msgs__rosidl_typesupport_c
[0.274s] [ 83%] Built target vectornav_msgs__rosidl_typesupport_fastrtps_cpp
[0.293s] [ 83%] Built target vectornav_msgs
[0.314s] [ 84%] Built target vectornav_msgs__py
[0.345s] [ 95%] Built target vectornav_msgs__rosidl_generator_py
[0.371s] [ 99%] Built target vectornav_msgs__rosidl_typesupport_introspection_c__pyext
[0.371s] [ 99%] Built target vectornav_msgs__rosidl_typesupport_c__pyext
[0.372s] [100%] Built target vectornav_msgs__rosidl_typesupport_fastrtps_c__pyext
[0.700s] running egg_info
[0.740s] writing vectornav_msgs.egg-info/PKG-INFO
[0.740s] writing dependency_links to vectornav_msgs.egg-info/dependency_links.txt
[0.741s] writing top-level names to vectornav_msgs.egg-info/top_level.txt
[0.854s] reading manifest file 'vectornav_msgs.egg-info/SOURCES.txt'
[0.855s] writing manifest file 'vectornav_msgs.egg-info/SOURCES.txt'
[0.911s] [100%] Built target ament_cmake_python_build_vectornav_msgs_egg
[0.935s] Invoked command in '/home/ros2_ws/build/vectornav_msgs' returned '0': CMAKE_PREFIX_PATH=${CMAKE_PREFIX_PATH}:/home/ros2_ws/install/pradobot_ultrasonic /usr/local/bin/cmake --build /home/ros2_ws/build/vectornav_msgs -- -j6 -l6
[1.504s] Invoking command in '/home/ros2_ws/build/vectornav_msgs': CMAKE_PREFIX_PATH=${CMAKE_PREFIX_PATH}:/home/ros2_ws/install/pradobot_ultrasonic /usr/local/bin/cmake --install /home/ros2_ws/build/vectornav_msgs
[1.564s] -- Install configuration: ""
[1.565s] -- Up-to-date: /home/ros2_ws/install/vectornav_msgs/share/ament_index/resource_index/rosidl_interfaces/vectornav_msgs
[1.565s] -- Up-to-date: /home/ros2_ws/install/vectornav_msgs/include/vectornav_msgs/vectornav_msgs
[1.565s] -- Up-to-date: /home/ros2_ws/install/vectornav_msgs/include/vectornav_msgs/vectornav_msgs/msg
[1.566s] -- Up-to-date: /home/ros2_ws/install/vectornav_msgs/include/vectornav_msgs/vectornav_msgs/msg/detail
[1.566s] -- Up-to-date: /home/ros2_ws/install/vectornav_msgs/include/vectornav_msgs/vectornav_msgs/msg/detail/attitude_group__functions.h
[1.566s] -- Up-to-date: /home/ros2_ws/install/vectornav_msgs/include/vectornav_msgs/vectornav_msgs/msg/detail/attitude_group__functions.c
[1.566s] -- Up-to-date: /home/ros2_ws/install/vectornav_msgs/include/vectornav_msgs/vectornav_msgs/msg/detail/time_utc__type_support.h
[1.567s] -- Up-to-date: /home/ros2_ws/install/vectornav_msgs/include/vectornav_msgs/vectornav_msgs/msg/detail/vpe_status__struct.h
[1.567s] -- Up-to-date: /home/ros2_ws/install/vectornav_msgs/include/vectornav_msgs/vectornav_msgs/msg/detail/dop__functions.c
[1.567s] -- Up-to-date: /home/ros2_ws/install/vectornav_msgs/include/vectornav_msgs/vectornav_msgs/msg/detail/ins_status__struct.h
[1.567s] -- Up-to-date: /home/ros2_ws/install/vectornav_msgs/include/vectornav_msgs/vectornav_msgs/msg/detail/time_utc__functions.h
[1.568s] -- Up-to-date: /home/ros2_ws/install/vectornav_msgs/include/vectornav_msgs/vectornav_msgs/msg/detail/dop__type_support.h
[1.568s] -- Up-to-date: /home/ros2_ws/install/vectornav_msgs/include/vectornav_msgs/vectornav_msgs/msg/detail/time_status__type_support.h
[1.568s] -- Up-to-date: /home/ros2_ws/install/vectornav_msgs/include/vectornav_msgs/vectornav_msgs/msg/detail/time_utc__functions.c
[1.568s] -- Up-to-date: /home/ros2_ws/install/vectornav_msgs/include/vectornav_msgs/vectornav_msgs/msg/detail/time_status__functions.c
[1.568s] -- Up-to-date: /home/ros2_ws/install/vectornav_msgs/include/vectornav_msgs/vectornav_msgs/msg/detail/time_group__functions.h
[1.568s] -- Up-to-date: /home/ros2_ws/install/vectornav_msgs/include/vectornav_msgs/vectornav_msgs/msg/detail/ins_group__struct.h
[1.569s] -- Up-to-date: /home/ros2_ws/install/vectornav_msgs/include/vectornav_msgs/vectornav_msgs/msg/detail/time_group__functions.c
[1.569s] -- Up-to-date: /home/ros2_ws/install/vectornav_msgs/include/vectornav_msgs/vectornav_msgs/msg/detail/attitude_group__type_support.h
[1.569s] -- Up-to-date: /home/ros2_ws/install/vectornav_msgs/include/vectornav_msgs/vectornav_msgs/msg/detail/ins_group__type_support.h
[1.569s] -- Up-to-date: /home/ros2_ws/install/vectornav_msgs/include/vectornav_msgs/vectornav_msgs/msg/detail/common_group__type_support.h
[1.570s] -- Up-to-date: /home/ros2_ws/install/vectornav_msgs/include/vectornav_msgs/vectornav_msgs/msg/detail/attitude_group__struct.h
[1.570s] -- Up-to-date: /home/ros2_ws/install/vectornav_msgs/include/vectornav_msgs/vectornav_msgs/msg/detail/time_utc__struct.h
[1.570s] -- Up-to-date: /home/ros2_ws/install/vectornav_msgs/include/vectornav_msgs/vectornav_msgs/msg/detail/ins_group__functions.h
[1.570s] -- Up-to-date: /home/ros2_ws/install/vectornav_msgs/include/vectornav_msgs/vectornav_msgs/msg/detail/gps_group__functions.h
[1.570s] -- Up-to-date: /home/ros2_ws/install/vectornav_msgs/include/vectornav_msgs/vectornav_msgs/msg/detail/imu_group__type_support.h
[1.570s] -- Up-to-date: /home/ros2_ws/install/vectornav_msgs/include/vectornav_msgs/vectornav_msgs/msg/detail/ins_status__type_support.h
[1.571s] -- Up-to-date: /home/ros2_ws/install/vectornav_msgs/include/vectornav_msgs/vectornav_msgs/msg/detail/ins_status__functions.h
[1.571s] -- Up-to-date: /home/ros2_ws/install/vectornav_msgs/include/vectornav_msgs/vectornav_msgs/msg/detail/gps_group__type_support.h
[1.571s] -- Up-to-date: /home/ros2_ws/install/vectornav_msgs/include/vectornav_msgs/vectornav_msgs/msg/detail/time_status__functions.h
[1.571s] -- Up-to-date: /home/ros2_ws/install/vectornav_msgs/include/vectornav_msgs/vectornav_msgs/msg/detail/gps_group__struct.h
[1.572s] -- Up-to-date: /home/ros2_ws/install/vectornav_msgs/include/vectornav_msgs/vectornav_msgs/msg/detail/gps_group__functions.c
[1.572s] -- Up-to-date: /home/ros2_ws/install/vectornav_msgs/include/vectornav_msgs/vectornav_msgs/msg/detail/ins_group__functions.c
[1.572s] -- Up-to-date: /home/ros2_ws/install/vectornav_msgs/include/vectornav_msgs/vectornav_msgs/msg/detail/imu_group__struct.h
[1.572s] -- Up-to-date: /home/ros2_ws/install/vectornav_msgs/include/vectornav_msgs/vectornav_msgs/msg/detail/common_group__functions.c
[1.573s] -- Up-to-date: /home/ros2_ws/install/vectornav_msgs/include/vectornav_msgs/vectornav_msgs/msg/detail/vpe_status__functions.h
[1.573s] -- Up-to-date: /home/ros2_ws/install/vectornav_msgs/include/vectornav_msgs/vectornav_msgs/msg/detail/vpe_status__functions.c
[1.573s] -- Up-to-date: /home/ros2_ws/install/vectornav_msgs/include/vectornav_msgs/vectornav_msgs/msg/detail/imu_group__functions.h
[1.573s] -- Up-to-date: /home/ros2_ws/install/vectornav_msgs/include/vectornav_msgs/vectornav_msgs/msg/detail/time_group__type_support.h
[1.574s] -- Up-to-date: /home/ros2_ws/install/vectornav_msgs/include/vectornav_msgs/vectornav_msgs/msg/detail/time_group__struct.h
[1.574s] -- Up-to-date: /home/ros2_ws/install/vectornav_msgs/include/vectornav_msgs/vectornav_msgs/msg/detail/dop__struct.h
[1.574s] -- Up-to-date: /home/ros2_ws/install/vectornav_msgs/include/vectornav_msgs/vectornav_msgs/msg/detail/common_group__struct.h
[1.574s] -- Up-to-date: /home/ros2_ws/install/vectornav_msgs/include/vectornav_msgs/vectornav_msgs/msg/detail/dop__functions.h
[1.574s] -- Up-to-date: /home/ros2_ws/install/vectornav_msgs/include/vectornav_msgs/vectornav_msgs/msg/detail/ins_status__functions.c
[1.575s] -- Up-to-date: /home/ros2_ws/install/vectornav_msgs/include/vectornav_msgs/vectornav_msgs/msg/detail/vpe_status__type_support.h
[1.575s] -- Up-to-date: /home/ros2_ws/install/vectornav_msgs/include/vectornav_msgs/vectornav_msgs/msg/detail/imu_group__functions.c
[1.575s] -- Up-to-date: /home/ros2_ws/install/vectornav_msgs/include/vectornav_msgs/vectornav_msgs/msg/detail/time_status__struct.h
[1.575s] -- Up-to-date: /home/ros2_ws/install/vectornav_msgs/include/vectornav_msgs/vectornav_msgs/msg/detail/common_group__functions.h
[1.575s] -- Up-to-date: /home/ros2_ws/install/vectornav_msgs/include/vectornav_msgs/vectornav_msgs/msg/gps_group.h
[1.575s] -- Up-to-date: /home/ros2_ws/install/vectornav_msgs/include/vectornav_msgs/vectornav_msgs/msg/rosidl_generator_c__visibility_control.h
[1.576s] -- Up-to-date: /home/ros2_ws/install/vectornav_msgs/include/vectornav_msgs/vectornav_msgs/msg/time_status.h
[1.576s] -- Up-to-date: /home/ros2_ws/install/vectornav_msgs/include/vectornav_msgs/vectornav_msgs/msg/ins_status.h
[1.577s] -- Up-to-date: /home/ros2_ws/install/vectornav_msgs/include/vectornav_msgs/vectornav_msgs/msg/ins_group.h
[1.577s] -- Up-to-date: /home/ros2_ws/install/vectornav_msgs/include/vectornav_msgs/vectornav_msgs/msg/imu_group.h
[1.578s] -- Up-to-date: /home/ros2_ws/install/vectornav_msgs/include/vectornav_msgs/vectornav_msgs/msg/common_group.h
[1.578s] -- Up-to-date: /home/ros2_ws/install/vectornav_msgs/include/vectornav_msgs/vectornav_msgs/msg/attitude_group.h
[1.578s] -- Up-to-date: /home/ros2_ws/install/vectornav_msgs/include/vectornav_msgs/vectornav_msgs/msg/time_group.h
[1.578s] -- Up-to-date: /home/ros2_ws/install/vectornav_msgs/include/vectornav_msgs/vectornav_msgs/msg/time_utc.h
[1.578s] -- Up-to-date: /home/ros2_ws/install/vectornav_msgs/include/vectornav_msgs/vectornav_msgs/msg/vpe_status.h
[1.579s] -- Up-to-date: /home/ros2_ws/install/vectornav_msgs/include/vectornav_msgs/vectornav_msgs/msg/dop.h
[1.579s] -- Up-to-date: /home/ros2_ws/install/vectornav_msgs/include/vectornav_msgs/vectornav_msgs/action
[1.579s] -- Up-to-date: /home/ros2_ws/install/vectornav_msgs/include/vectornav_msgs/vectornav_msgs/action/detail
[1.580s] -- Up-to-date: /home/ros2_ws/install/vectornav_msgs/include/vectornav_msgs/vectornav_msgs/action/detail/mag_cal__functions.h
[1.580s] -- Up-to-date: /home/ros2_ws/install/vectornav_msgs/include/vectornav_msgs/vectornav_msgs/action/detail/mag_cal__type_support.h
[1.580s] -- Up-to-date: /home/ros2_ws/install/vectornav_msgs/include/vectornav_msgs/vectornav_msgs/action/detail/mag_cal__functions.c
[1.580s] -- Up-to-date: /home/ros2_ws/install/vectornav_msgs/include/vectornav_msgs/vectornav_msgs/action/detail/mag_cal__struct.h
[1.580s] -- Up-to-date: /home/ros2_ws/install/vectornav_msgs/include/vectornav_msgs/vectornav_msgs/action/mag_cal.h
[1.580s] -- Up-to-date: /home/ros2_ws/install/vectornav_msgs/share/vectornav_msgs/environment/library_path.sh
[1.581s] -- Up-to-date: /home/ros2_ws/install/vectornav_msgs/share/vectornav_msgs/environment/library_path.dsv
[1.581s] -- Up-to-date: /home/ros2_ws/install/vectornav_msgs/lib/libvectornav_msgs__rosidl_generator_c.so
[1.581s] -- Up-to-date: /home/ros2_ws/install/vectornav_msgs/include/vectornav_msgs/vectornav_msgs
[1.581s] -- Up-to-date: /home/ros2_ws/install/vectornav_msgs/include/vectornav_msgs/vectornav_msgs/msg
[1.581s] -- Up-to-date: /home/ros2_ws/install/vectornav_msgs/include/vectornav_msgs/vectornav_msgs/msg/detail
[1.581s] -- Up-to-date: /home/ros2_ws/install/vectornav_msgs/include/vectornav_msgs/vectornav_msgs/msg/detail/imu_group__rosidl_typesupport_fastrtps_c.h
[1.582s] -- Up-to-date: /home/ros2_ws/install/vectornav_msgs/include/vectornav_msgs/vectornav_msgs/msg/detail/time_utc__rosidl_typesupport_fastrtps_c.h
[1.582s] -- Up-to-date: /home/ros2_ws/install/vectornav_msgs/include/vectornav_msgs/vectornav_msgs/msg/detail/attitude_group__rosidl_typesupport_fastrtps_c.h
[1.582s] -- Up-to-date: /home/ros2_ws/install/vectornav_msgs/include/vectornav_msgs/vectornav_msgs/msg/detail/common_group__rosidl_typesupport_fastrtps_c.h
[1.582s] -- Up-to-date: /home/ros2_ws/install/vectornav_msgs/include/vectornav_msgs/vectornav_msgs/msg/detail/vpe_status__rosidl_typesupport_fastrtps_c.h
[1.582s] -- Up-to-date: /home/ros2_ws/install/vectornav_msgs/include/vectornav_msgs/vectornav_msgs/msg/detail/ins_status__rosidl_typesupport_fastrtps_c.h
[1.582s] -- Up-to-date: /home/ros2_ws/install/vectornav_msgs/include/vectornav_msgs/vectornav_msgs/msg/detail/time_status__rosidl_typesupport_fastrtps_c.h
[1.583s] -- Up-to-date: /home/ros2_ws/install/vectornav_msgs/include/vectornav_msgs/vectornav_msgs/msg/detail/ins_group__rosidl_typesupport_fastrtps_c.h
[1.583s] -- Up-to-date: /home/ros2_ws/install/vectornav_msgs/include/vectornav_msgs/vectornav_msgs/msg/detail/gps_group__rosidl_typesupport_fastrtps_c.h
[1.583s] -- Up-to-date: /home/ros2_ws/install/vectornav_msgs/include/vectornav_msgs/vectornav_msgs/msg/detail/time_group__rosidl_typesupport_fastrtps_c.h
[1.583s] -- Up-to-date: /home/ros2_ws/install/vectornav_msgs/include/vectornav_msgs/vectornav_msgs/msg/detail/dop__rosidl_typesupport_fastrtps_c.h
[1.583s] -- Up-to-date: /home/ros2_ws/install/vectornav_msgs/include/vectornav_msgs/vectornav_msgs/msg/rosidl_typesupport_fastrtps_c__visibility_control.h
[1.584s] -- Up-to-date: /home/ros2_ws/install/vectornav_msgs/include/vectornav_msgs/vectornav_msgs/action
[1.584s] -- Up-to-date: /home/ros2_ws/install/vectornav_msgs/include/vectornav_msgs/vectornav_msgs/action/detail
[1.584s] -- Up-to-date: /home/ros2_ws/install/vectornav_msgs/include/vectornav_msgs/vectornav_msgs/action/detail/mag_cal__rosidl_typesupport_fastrtps_c.h
[1.584s] -- Up-to-date: /home/ros2_ws/install/vectornav_msgs/lib/libvectornav_msgs__rosidl_typesupport_fastrtps_c.so
[1.585s] -- Up-to-date: /home/ros2_ws/install/vectornav_msgs/include/vectornav_msgs/vectornav_msgs
[1.585s] -- Up-to-date: /home/ros2_ws/install/vectornav_msgs/include/vectornav_msgs/vectornav_msgs/msg
[1.585s] -- Up-to-date: /home/ros2_ws/install/vectornav_msgs/include/vectornav_msgs/vectornav_msgs/msg/detail
[1.585s] -- Up-to-date: /home/ros2_ws/install/vectornav_msgs/include/vectornav_msgs/vectornav_msgs/msg/detail/common_group__struct.hpp
[1.585s] -- Up-to-date: /home/ros2_ws/install/vectornav_msgs/include/vectornav_msgs/vectornav_msgs/msg/detail/ins_group__traits.hpp
[1.585s] -- Up-to-date: /home/ros2_ws/install/vectornav_msgs/include/vectornav_msgs/vectornav_msgs/msg/detail/ins_status__builder.hpp
[1.586s] -- Up-to-date: /home/ros2_ws/install/vectornav_msgs/include/vectornav_msgs/vectornav_msgs/msg/detail/imu_group__traits.hpp
[1.586s] -- Up-to-date: /home/ros2_ws/install/vectornav_msgs/include/vectornav_msgs/vectornav_msgs/msg/detail/time_status__builder.hpp
[1.586s] -- Up-to-date: /home/ros2_ws/install/vectornav_msgs/include/vectornav_msgs/vectornav_msgs/msg/detail/dop__traits.hpp
[1.586s] -- Up-to-date: /home/ros2_ws/install/vectornav_msgs/include/vectornav_msgs/vectornav_msgs/msg/detail/time_status__traits.hpp
[1.586s] -- Up-to-date: /home/ros2_ws/install/vectornav_msgs/include/vectornav_msgs/vectornav_msgs/msg/detail/attitude_group__struct.hpp
[1.586s] -- Up-to-date: /home/ros2_ws/install/vectornav_msgs/include/vectornav_msgs/vectornav_msgs/msg/detail/gps_group__struct.hpp
[1.586s] -- Up-to-date: /home/ros2_ws/install/vectornav_msgs/include/vectornav_msgs/vectornav_msgs/msg/detail/time_utc__traits.hpp
[1.587s] -- Up-to-date: /home/ros2_ws/install/vectornav_msgs/include/vectornav_msgs/vectornav_msgs/msg/detail/time_group__struct.hpp
[1.587s] -- Up-to-date: /home/ros2_ws/install/vectornav_msgs/include/vectornav_msgs/vectornav_msgs/msg/detail/dop__builder.hpp
[1.587s] -- Up-to-date: /home/ros2_ws/install/vectornav_msgs/include/vectornav_msgs/vectornav_msgs/msg/detail/gps_group__traits.hpp
[1.587s] -- Up-to-date: /home/ros2_ws/install/vectornav_msgs/include/vectornav_msgs/vectornav_msgs/msg/detail/vpe_status__traits.hpp
[1.587s] -- Up-to-date: /home/ros2_ws/install/vectornav_msgs/include/vectornav_msgs/vectornav_msgs/msg/detail/time_utc__struct.hpp
[1.587s] -- Up-to-date: /home/ros2_ws/install/vectornav_msgs/include/vectornav_msgs/vectornav_msgs/msg/detail/attitude_group__builder.hpp
[1.587s] -- Up-to-date: /home/ros2_ws/install/vectornav_msgs/include/vectornav_msgs/vectornav_msgs/msg/detail/imu_group__struct.hpp
[1.588s] -- Up-to-date: /home/ros2_ws/install/vectornav_msgs/include/vectornav_msgs/vectornav_msgs/msg/detail/dop__struct.hpp
[1.588s] -- Up-to-date: /home/ros2_ws/install/vectornav_msgs/include/vectornav_msgs/vectornav_msgs/msg/detail/time_utc__builder.hpp
[1.588s] -- Up-to-date: /home/ros2_ws/install/vectornav_msgs/include/vectornav_msgs/vectornav_msgs/msg/detail/ins_status__traits.hpp
[1.588s] -- Up-to-date: /home/ros2_ws/install/vectornav_msgs/include/vectornav_msgs/vectornav_msgs/msg/detail/vpe_status__builder.hpp
[1.588s] -- Up-to-date: /home/ros2_ws/install/vectornav_msgs/include/vectornav_msgs/vectornav_msgs/msg/detail/common_group__builder.hpp
[1.588s] -- Up-to-date: /home/ros2_ws/install/vectornav_msgs/include/vectornav_msgs/vectornav_msgs/msg/detail/ins_group__struct.hpp
[1.588s] -- Up-to-date: /home/ros2_ws/install/vectornav_msgs/include/vectornav_msgs/vectornav_msgs/msg/detail/vpe_status__struct.hpp
[1.589s] -- Up-to-date: /home/ros2_ws/install/vectornav_msgs/include/vectornav_msgs/vectornav_msgs/msg/detail/time_status__struct.hpp
[1.589s] -- Up-to-date: /home/ros2_ws/install/vectornav_msgs/include/vectornav_msgs/vectornav_msgs/msg/detail/ins_group__builder.hpp
[1.589s] -- Up-to-date: /home/ros2_ws/install/vectornav_msgs/include/vectornav_msgs/vectornav_msgs/msg/detail/attitude_group__traits.hpp
[1.589s] -- Up-to-date: /home/ros2_ws/install/vectornav_msgs/include/vectornav_msgs/vectornav_msgs/msg/detail/common_group__traits.hpp
[1.589s] -- Up-to-date: /home/ros2_ws/install/vectornav_msgs/include/vectornav_msgs/vectornav_msgs/msg/detail/gps_group__builder.hpp
[1.589s] -- Up-to-date: /home/ros2_ws/install/vectornav_msgs/include/vectornav_msgs/vectornav_msgs/msg/detail/time_group__builder.hpp
[1.589s] -- Up-to-date: /home/ros2_ws/install/vectornav_msgs/include/vectornav_msgs/vectornav_msgs/msg/detail/ins_status__struct.hpp
[1.590s] -- Up-to-date: /home/ros2_ws/install/vectornav_msgs/include/vectornav_msgs/vectornav_msgs/msg/detail/imu_group__builder.hpp
[1.590s] -- Up-to-date: /home/ros2_ws/install/vectornav_msgs/include/vectornav_msgs/vectornav_msgs/msg/detail/time_group__traits.hpp
[1.590s] -- Up-to-date: /home/ros2_ws/install/vectornav_msgs/include/vectornav_msgs/vectornav_msgs/msg/ins_status.hpp
[1.590s] -- Up-to-date: /home/ros2_ws/install/vectornav_msgs/include/vectornav_msgs/vectornav_msgs/msg/time_group.hpp
[1.590s] -- Up-to-date: /home/ros2_ws/install/vectornav_msgs/include/vectornav_msgs/vectornav_msgs/msg/imu_group.hpp
[1.590s] -- Up-to-date: /home/ros2_ws/install/vectornav_msgs/include/vectornav_msgs/vectornav_msgs/msg/dop.hpp
[1.590s] -- Up-to-date: /home/ros2_ws/install/vectornav_msgs/include/vectornav_msgs/vectornav_msgs/msg/common_group.hpp
[1.591s] -- Up-to-date: /home/ros2_ws/install/vectornav_msgs/include/vectornav_msgs/vectornav_msgs/msg/ins_group.hpp
[1.591s] -- Up-to-date: /home/ros2_ws/install/vectornav_msgs/include/vectornav_msgs/vectornav_msgs/msg/time_status.hpp
[1.591s] -- Up-to-date: /home/ros2_ws/install/vectornav_msgs/include/vectornav_msgs/vectornav_msgs/msg/gps_group.hpp
[1.591s] -- Up-to-date: /home/ros2_ws/install/vectornav_msgs/include/vectornav_msgs/vectornav_msgs/msg/vpe_status.hpp
[1.591s] -- Up-to-date: /home/ros2_ws/install/vectornav_msgs/include/vectornav_msgs/vectornav_msgs/msg/attitude_group.hpp
[1.591s] -- Up-to-date: /home/ros2_ws/install/vectornav_msgs/include/vectornav_msgs/vectornav_msgs/msg/time_utc.hpp
[1.591s] -- Up-to-date: /home/ros2_ws/install/vectornav_msgs/include/vectornav_msgs/vectornav_msgs/action
[1.591s] -- Up-to-date: /home/ros2_ws/install/vectornav_msgs/include/vectornav_msgs/vectornav_msgs/action/detail
[1.592s] -- Up-to-date: /home/ros2_ws/install/vectornav_msgs/include/vectornav_msgs/vectornav_msgs/action/detail/mag_cal__builder.hpp
[1.592s] -- Up-to-date: /home/ros2_ws/install/vectornav_msgs/include/vectornav_msgs/vectornav_msgs/action/detail/mag_cal__traits.hpp
[1.592s] -- Up-to-date: /home/ros2_ws/install/vectornav_msgs/include/vectornav_msgs/vectornav_msgs/action/detail/mag_cal__struct.hpp
[1.592s] -- Up-to-date: /home/ros2_ws/install/vectornav_msgs/include/vectornav_msgs/vectornav_msgs/action/mag_cal.hpp
[1.592s] -- Up-to-date: /home/ros2_ws/install/vectornav_msgs/include/vectornav_msgs/vectornav_msgs
[1.592s] -- Up-to-date: /home/ros2_ws/install/vectornav_msgs/include/vectornav_msgs/vectornav_msgs/msg
[1.592s] -- Up-to-date: /home/ros2_ws/install/vectornav_msgs/include/vectornav_msgs/vectornav_msgs/msg/detail
[1.593s] -- Up-to-date: /home/ros2_ws/install/vectornav_msgs/include/vectornav_msgs/vectornav_msgs/msg/detail/ins_status__rosidl_typesupport_fastrtps_cpp.hpp
[1.593s] -- Up-to-date: /home/ros2_ws/install/vectornav_msgs/include/vectornav_msgs/vectornav_msgs/msg/detail/time_utc__rosidl_typesupport_fastrtps_cpp.hpp
[1.593s] -- Up-to-date: /home/ros2_ws/install/vectornav_msgs/include/vectornav_msgs/vectornav_msgs/msg/detail/time_status__rosidl_typesupport_fastrtps_cpp.hpp
[1.593s] -- Up-to-date: /home/ros2_ws/install/vectornav_msgs/include/vectornav_msgs/vectornav_msgs/msg/detail/common_group__rosidl_typesupport_fastrtps_cpp.hpp
[1.593s] -- Up-to-date: /home/ros2_ws/install/vectornav_msgs/include/vectornav_msgs/vectornav_msgs/msg/detail/gps_group__rosidl_typesupport_fastrtps_cpp.hpp
[1.593s] -- Up-to-date: /home/ros2_ws/install/vectornav_msgs/include/vectornav_msgs/vectornav_msgs/msg/detail/ins_group__rosidl_typesupport_fastrtps_cpp.hpp
[1.593s] -- Up-to-date: /home/ros2_ws/install/vectornav_msgs/include/vectornav_msgs/vectornav_msgs/msg/detail/attitude_group__rosidl_typesupport_fastrtps_cpp.hpp
[1.594s] -- Up-to-date: /home/ros2_ws/install/vectornav_msgs/include/vectornav_msgs/vectornav_msgs/msg/detail/dop__rosidl_typesupport_fastrtps_cpp.hpp
[1.594s] -- Up-to-date: /home/ros2_ws/install/vectornav_msgs/include/vectornav_msgs/vectornav_msgs/msg/detail/dds_fastrtps
[1.594s] -- Up-to-date: /home/ros2_ws/install/vectornav_msgs/include/vectornav_msgs/vectornav_msgs/msg/detail/time_group__rosidl_typesupport_fastrtps_cpp.hpp
[1.594s] -- Up-to-date: /home/ros2_ws/install/vectornav_msgs/include/vectornav_msgs/vectornav_msgs/msg/detail/imu_group__rosidl_typesupport_fastrtps_cpp.hpp
[1.594s] -- Up-to-date: /home/ros2_ws/install/vectornav_msgs/include/vectornav_msgs/vectornav_msgs/msg/detail/vpe_status__rosidl_typesupport_fastrtps_cpp.hpp
[1.594s] -- Up-to-date: /home/ros2_ws/install/vectornav_msgs/include/vectornav_msgs/vectornav_msgs/msg/rosidl_typesupport_fastrtps_cpp__visibility_control.h
[1.594s] -- Up-to-date: /home/ros2_ws/install/vectornav_msgs/include/vectornav_msgs/vectornav_msgs/action
[1.595s] -- Up-to-date: /home/ros2_ws/install/vectornav_msgs/include/vectornav_msgs/vectornav_msgs/action/detail
[1.595s] -- Up-to-date: /home/ros2_ws/install/vectornav_msgs/include/vectornav_msgs/vectornav_msgs/action/detail/mag_cal__rosidl_typesupport_fastrtps_cpp.hpp
[1.595s] -- Up-to-date: /home/ros2_ws/install/vectornav_msgs/include/vectornav_msgs/vectornav_msgs/action/detail/dds_fastrtps
[1.595s] -- Up-to-date: /home/ros2_ws/install/vectornav_msgs/lib/libvectornav_msgs__rosidl_typesupport_fastrtps_cpp.so
[1.595s] -- Up-to-date: /home/ros2_ws/install/vectornav_msgs/include/vectornav_msgs/vectornav_msgs
[1.595s] -- Up-to-date: /home/ros2_ws/install/vectornav_msgs/include/vectornav_msgs/vectornav_msgs/msg
[1.595s] -- Up-to-date: /home/ros2_ws/install/vectornav_msgs/include/vectornav_msgs/vectornav_msgs/msg/detail
[1.596s] -- Up-to-date: /home/ros2_ws/install/vectornav_msgs/include/vectornav_msgs/vectornav_msgs/msg/detail/time_group__type_support.c
[1.596s] -- Up-to-date: /home/ros2_ws/install/vectornav_msgs/include/vectornav_msgs/vectornav_msgs/msg/detail/time_status__type_support.c
[1.596s] -- Up-to-date: /home/ros2_ws/install/vectornav_msgs/include/vectornav_msgs/vectornav_msgs/msg/detail/dop__type_support.c
[1.596s] -- Up-to-date: /home/ros2_ws/install/vectornav_msgs/include/vectornav_msgs/vectornav_msgs/msg/detail/gps_group__rosidl_typesupport_introspection_c.h
[1.596s] -- Up-to-date: /home/ros2_ws/install/vectornav_msgs/include/vectornav_msgs/vectornav_msgs/msg/detail/gps_group__type_support.c
[1.596s] -- Up-to-date: /home/ros2_ws/install/vectornav_msgs/include/vectornav_msgs/vectornav_msgs/msg/detail/vpe_status__type_support.c
[1.596s] -- Up-to-date: /home/ros2_ws/install/vectornav_msgs/include/vectornav_msgs/vectornav_msgs/msg/detail/common_group__rosidl_typesupport_introspection_c.h
[1.597s] -- Up-to-date: /home/ros2_ws/install/vectornav_msgs/include/vectornav_msgs/vectornav_msgs/msg/detail/dop__rosidl_typesupport_introspection_c.h
[1.597s] -- Up-to-date: /home/ros2_ws/install/vectornav_msgs/include/vectornav_msgs/vectornav_msgs/msg/detail/imu_group__rosidl_typesupport_introspection_c.h
[1.597s] -- Up-to-date: /home/ros2_ws/install/vectornav_msgs/include/vectornav_msgs/vectornav_msgs/msg/detail/attitude_group__rosidl_typesupport_introspection_c.h
[1.597s] -- Up-to-date: /home/ros2_ws/install/vectornav_msgs/include/vectornav_msgs/vectornav_msgs/msg/detail/ins_status__type_support.c
[1.597s] -- Up-to-date: /home/ros2_ws/install/vectornav_msgs/include/vectornav_msgs/vectornav_msgs/msg/detail/attitude_group__type_support.c
[1.597s] -- Up-to-date: /home/ros2_ws/install/vectornav_msgs/include/vectornav_msgs/vectornav_msgs/msg/detail/ins_group__type_support.c
[1.597s] -- Up-to-date: /home/ros2_ws/install/vectornav_msgs/include/vectornav_msgs/vectornav_msgs/msg/detail/common_group__type_support.c
[1.598s] -- Up-to-date: /home/ros2_ws/install/vectornav_msgs/include/vectornav_msgs/vectornav_msgs/msg/detail/imu_group__type_support.c
[1.598s] -- Up-to-date: /home/ros2_ws/install/vectornav_msgs/include/vectornav_msgs/vectornav_msgs/msg/detail/ins_status__rosidl_typesupport_introspection_c.h
[1.598s] -- Up-to-date: /home/ros2_ws/install/vectornav_msgs/include/vectornav_msgs/vectornav_msgs/msg/detail/time_group__rosidl_typesupport_introspection_c.h
[1.598s] -- Up-to-date: /home/ros2_ws/install/vectornav_msgs/include/vectornav_msgs/vectornav_msgs/msg/detail/vpe_status__rosidl_typesupport_introspection_c.h
[1.598s] -- Up-to-date: /home/ros2_ws/install/vectornav_msgs/include/vectornav_msgs/vectornav_msgs/msg/detail/ins_group__rosidl_typesupport_introspection_c.h
[1.598s] -- Up-to-date: /home/ros2_ws/install/vectornav_msgs/include/vectornav_msgs/vectornav_msgs/msg/detail/time_utc__type_support.c
[1.598s] -- Up-to-date: /home/ros2_ws/install/vectornav_msgs/include/vectornav_msgs/vectornav_msgs/msg/detail/time_utc__rosidl_typesupport_introspection_c.h
[1.598s] -- Up-to-date: /home/ros2_ws/install/vectornav_msgs/include/vectornav_msgs/vectornav_msgs/msg/detail/time_status__rosidl_typesupport_introspection_c.h
[1.599s] -- Up-to-date: /home/ros2_ws/install/vectornav_msgs/include/vectornav_msgs/vectornav_msgs/msg/rosidl_typesupport_introspection_c__visibility_control.h
[1.599s] -- Up-to-date: /home/ros2_ws/install/vectornav_msgs/include/vectornav_msgs/vectornav_msgs/action
[1.599s] -- Up-to-date: /home/ros2_ws/install/vectornav_msgs/include/vectornav_msgs/vectornav_msgs/action/detail
[1.599s] -- Up-to-date: /home/ros2_ws/install/vectornav_msgs/include/vectornav_msgs/vectornav_msgs/action/detail/mag_cal__type_support.c
[1.599s] -- Up-to-date: /home/ros2_ws/install/vectornav_msgs/include/vectornav_msgs/vectornav_msgs/action/detail/mag_cal__rosidl_typesupport_introspection_c.h
[1.599s] -- Up-to-date: /home/ros2_ws/install/vectornav_msgs/lib/libvectornav_msgs__rosidl_typesupport_introspection_c.so
[1.599s] -- Up-to-date: /home/ros2_ws/install/vectornav_msgs/lib/libvectornav_msgs__rosidl_typesupport_c.so
[1.600s] -- Up-to-date: /home/ros2_ws/install/vectornav_msgs/include/vectornav_msgs/vectornav_msgs
[1.600s] -- Up-to-date: /home/ros2_ws/install/vectornav_msgs/include/vectornav_msgs/vectornav_msgs/msg
[1.600s] -- Up-to-date: /home/ros2_ws/install/vectornav_msgs/include/vectornav_msgs/vectornav_msgs/msg/detail
[1.600s] -- Up-to-date: /home/ros2_ws/install/vectornav_msgs/include/vectornav_msgs/vectornav_msgs/msg/detail/time_status__rosidl_typesupport_introspection_cpp.hpp
[1.600s] -- Up-to-date: /home/ros2_ws/install/vectornav_msgs/include/vectornav_msgs/vectornav_msgs/msg/detail/ins_status__type_support.cpp
[1.600s] -- Up-to-date: /home/ros2_ws/install/vectornav_msgs/include/vectornav_msgs/vectornav_msgs/msg/detail/common_group__type_support.cpp
[1.600s] -- Up-to-date: /home/ros2_ws/install/vectornav_msgs/include/vectornav_msgs/vectornav_msgs/msg/detail/attitude_group__type_support.cpp
[1.601s] -- Up-to-date: /home/ros2_ws/install/vectornav_msgs/include/vectornav_msgs/vectornav_msgs/msg/detail/time_utc__rosidl_typesupport_introspection_cpp.hpp
[1.601s] -- Up-to-date: /home/ros2_ws/install/vectornav_msgs/include/vectornav_msgs/vectornav_msgs/msg/detail/ins_status__rosidl_typesupport_introspection_cpp.hpp
[1.601s] -- Up-to-date: /home/ros2_ws/install/vectornav_msgs/include/vectornav_msgs/vectornav_msgs/msg/detail/ins_group__rosidl_typesupport_introspection_cpp.hpp
[1.601s] -- Up-to-date: /home/ros2_ws/install/vectornav_msgs/include/vectornav_msgs/vectornav_msgs/msg/detail/dop__rosidl_typesupport_introspection_cpp.hpp
[1.601s] -- Up-to-date: /home/ros2_ws/install/vectornav_msgs/include/vectornav_msgs/vectornav_msgs/msg/detail/vpe_status__rosidl_typesupport_introspection_cpp.hpp
[1.601s] -- Up-to-date: /home/ros2_ws/install/vectornav_msgs/include/vectornav_msgs/vectornav_msgs/msg/detail/gps_group__type_support.cpp
[1.601s] -- Up-to-date: /home/ros2_ws/install/vectornav_msgs/include/vectornav_msgs/vectornav_msgs/msg/detail/time_group__type_support.cpp
[1.602s] -- Up-to-date: /home/ros2_ws/install/vectornav_msgs/include/vectornav_msgs/vectornav_msgs/msg/detail/time_utc__type_support.cpp
[1.602s] -- Up-to-date: /home/ros2_ws/install/vectornav_msgs/include/vectornav_msgs/vectornav_msgs/msg/detail/time_group__rosidl_typesupport_introspection_cpp.hpp
[1.602s] -- Up-to-date: /home/ros2_ws/install/vectornav_msgs/include/vectornav_msgs/vectornav_msgs/msg/detail/imu_group__rosidl_typesupport_introspection_cpp.hpp
[1.602s] -- Up-to-date: /home/ros2_ws/install/vectornav_msgs/include/vectornav_msgs/vectornav_msgs/msg/detail/attitude_group__rosidl_typesupport_introspection_cpp.hpp
[1.602s] -- Up-to-date: /home/ros2_ws/install/vectornav_msgs/include/vectornav_msgs/vectornav_msgs/msg/detail/gps_group__rosidl_typesupport_introspection_cpp.hpp
[1.602s] -- Up-to-date: /home/ros2_ws/install/vectornav_msgs/include/vectornav_msgs/vectornav_msgs/msg/detail/vpe_status__type_support.cpp
[1.602s] -- Up-to-date: /home/ros2_ws/install/vectornav_msgs/include/vectornav_msgs/vectornav_msgs/msg/detail/imu_group__type_support.cpp
[1.603s] -- Up-to-date: /home/ros2_ws/install/vectornav_msgs/include/vectornav_msgs/vectornav_msgs/msg/detail/ins_group__type_support.cpp
[1.603s] -- Up-to-date: /home/ros2_ws/install/vectornav_msgs/include/vectornav_msgs/vectornav_msgs/msg/detail/common_group__rosidl_typesupport_introspection_cpp.hpp
[1.603s] -- Up-to-date: /home/ros2_ws/install/vectornav_msgs/include/vectornav_msgs/vectornav_msgs/msg/detail/dop__type_support.cpp
[1.603s] -- Up-to-date: /home/ros2_ws/install/vectornav_msgs/include/vectornav_msgs/vectornav_msgs/msg/detail/time_status__type_support.cpp
[1.603s] -- Up-to-date: /home/ros2_ws/install/vectornav_msgs/include/vectornav_msgs/vectornav_msgs/action
[1.603s] -- Up-to-date: /home/ros2_ws/install/vectornav_msgs/include/vectornav_msgs/vectornav_msgs/action/detail
[1.603s] -- Up-to-date: /home/ros2_ws/install/vectornav_msgs/include/vectornav_msgs/vectornav_msgs/action/detail/mag_cal__rosidl_typesupport_introspection_cpp.hpp
[1.604s] -- Up-to-date: /home/ros2_ws/install/vectornav_msgs/include/vectornav_msgs/vectornav_msgs/action/detail/mag_cal__type_support.cpp
[1.604s] -- Up-to-date: /home/ros2_ws/install/vectornav_msgs/lib/libvectornav_msgs__rosidl_typesupport_introspection_cpp.so
[1.604s] -- Up-to-date: /home/ros2_ws/install/vectornav_msgs/lib/libvectornav_msgs__rosidl_typesupport_cpp.so
[1.604s] -- Up-to-date: /home/ros2_ws/install/vectornav_msgs/share/vectornav_msgs/environment/pythonpath.sh
[1.604s] -- Up-to-date: /home/ros2_ws/install/vectornav_msgs/share/vectornav_msgs/environment/pythonpath.dsv
[1.604s] -- Up-to-date: /home/ros2_ws/install/vectornav_msgs/lib/python3.8/site-packages/vectornav_msgs-3.0.0-py3.8.egg-info
[1.604s] -- Installing: /home/ros2_ws/install/vectornav_msgs/lib/python3.8/site-packages/vectornav_msgs-3.0.0-py3.8.egg-info/PKG-INFO
[1.605s] -- Installing: /home/ros2_ws/install/vectornav_msgs/lib/python3.8/site-packages/vectornav_msgs-3.0.0-py3.8.egg-info/top_level.txt
[1.605s] -- Installing: /home/ros2_ws/install/vectornav_msgs/lib/python3.8/site-packages/vectornav_msgs-3.0.0-py3.8.egg-info/dependency_links.txt
[1.605s] -- Installing: /home/ros2_ws/install/vectornav_msgs/lib/python3.8/site-packages/vectornav_msgs-3.0.0-py3.8.egg-info/SOURCES.txt
[1.605s] -- Up-to-date: /home/ros2_ws/install/vectornav_msgs/lib/python3.8/site-packages/vectornav_msgs
[1.605s] -- Up-to-date: /home/ros2_ws/install/vectornav_msgs/lib/python3.8/site-packages/vectornav_msgs/_vectornav_msgs_s.ep.rosidl_typesupport_introspection_c.c
[1.605s] -- Up-to-date: /home/ros2_ws/install/vectornav_msgs/lib/python3.8/site-packages/vectornav_msgs/vectornav_msgs_s__rosidl_typesupport_fastrtps_c.cpython-38-aarch64-linux-gnu.so
[1.605s] -- Up-to-date: /home/ros2_ws/install/vectornav_msgs/lib/python3.8/site-packages/vectornav_msgs/msg
[1.606s] -- Up-to-date: /home/ros2_ws/install/vectornav_msgs/lib/python3.8/site-packages/vectornav_msgs/msg/_common_group.py
[1.606s] -- Up-to-date: /home/ros2_ws/install/vectornav_msgs/lib/python3.8/site-packages/vectornav_msgs/msg/_time_utc_s.c
[1.606s] -- Up-to-date: /home/ros2_ws/install/vectornav_msgs/lib/python3.8/site-packages/vectornav_msgs/msg/_dop.py
[1.606s] -- Up-to-date: /home/ros2_ws/install/vectornav_msgs/lib/python3.8/site-packages/vectornav_msgs/msg/_ins_status.py
[1.607s] -- Up-to-date: /home/ros2_ws/install/vectornav_msgs/lib/python3.8/site-packages/vectornav_msgs/msg/_time_status.py
[1.607s] -- Up-to-date: /home/ros2_ws/install/vectornav_msgs/lib/python3.8/site-packages/vectornav_msgs/msg/_gps_group_s.c
[1.607s] -- Up-to-date: /home/ros2_ws/install/vectornav_msgs/lib/python3.8/site-packages/vectornav_msgs/msg/_imu_group.py
[1.607s] -- Up-to-date: /home/ros2_ws/install/vectornav_msgs/lib/python3.8/site-packages/vectornav_msgs/msg/_dop_s.c
[1.607s] -- Up-to-date: /home/ros2_ws/install/vectornav_msgs/lib/python3.8/site-packages/vectornav_msgs/msg/_ins_group.py
[1.607s] -- Up-to-date: /home/ros2_ws/install/vectornav_msgs/lib/python3.8/site-packages/vectornav_msgs/msg/_attitude_group_s.c
[1.607s] -- Up-to-date: /home/ros2_ws/install/vectornav_msgs/lib/python3.8/site-packages/vectornav_msgs/msg/_gps_group.py
[1.607s] -- Up-to-date: /home/ros2_ws/install/vectornav_msgs/lib/python3.8/site-packages/vectornav_msgs/msg/_ins_group_s.c
[1.608s] -- Up-to-date: /home/ros2_ws/install/vectornav_msgs/lib/python3.8/site-packages/vectornav_msgs/msg/_vpe_status_s.c
[1.608s] -- Up-to-date: /home/ros2_ws/install/vectornav_msgs/lib/python3.8/site-packages/vectornav_msgs/msg/_imu_group_s.c
[1.608s] -- Up-to-date: /home/ros2_ws/install/vectornav_msgs/lib/python3.8/site-packages/vectornav_msgs/msg/__init__.py
[1.608s] -- Up-to-date: /home/ros2_ws/install/vectornav_msgs/lib/python3.8/site-packages/vectornav_msgs/msg/_time_status_s.c
[1.608s] -- Up-to-date: /home/ros2_ws/install/vectornav_msgs/lib/python3.8/site-packages/vectornav_msgs/msg/_attitude_group.py
[1.608s] -- Up-to-date: /home/ros2_ws/install/vectornav_msgs/lib/python3.8/site-packages/vectornav_msgs/msg/_ins_status_s.c
[1.608s] -- Up-to-date: /home/ros2_ws/install/vectornav_msgs/lib/python3.8/site-packages/vectornav_msgs/msg/_common_group_s.c
[1.609s] -- Up-to-date: /home/ros2_ws/install/vectornav_msgs/lib/python3.8/site-packages/vectornav_msgs/msg/_time_group.py
[1.609s] -- Up-to-date: /home/ros2_ws/install/vectornav_msgs/lib/python3.8/site-packages/vectornav_msgs/msg/_vpe_status.py
[1.609s] -- Up-to-date: /home/ros2_ws/install/vectornav_msgs/lib/python3.8/site-packages/vectornav_msgs/msg/_time_group_s.c
[1.609s] -- Up-to-date: /home/ros2_ws/install/vectornav_msgs/lib/python3.8/site-packages/vectornav_msgs/msg/_time_utc.py
[1.609s] -- Up-to-date: /home/ros2_ws/install/vectornav_msgs/lib/python3.8/site-packages/vectornav_msgs/vectornav_msgs_s__rosidl_typesupport_introspection_c.cpython-38-aarch64-linux-gnu.so
[1.609s] -- Up-to-date: /home/ros2_ws/install/vectornav_msgs/lib/python3.8/site-packages/vectornav_msgs/libvectornav_msgs__rosidl_generator_py.so
[1.610s] -- Up-to-date: /home/ros2_ws/install/vectornav_msgs/lib/python3.8/site-packages/vectornav_msgs/__init__.py
[1.610s] -- Up-to-date: /home/ros2_ws/install/vectornav_msgs/lib/python3.8/site-packages/vectornav_msgs/action
[1.610s] -- Up-to-date: /home/ros2_ws/install/vectornav_msgs/lib/python3.8/site-packages/vectornav_msgs/action/_mag_cal.py
[1.610s] -- Up-to-date: /home/ros2_ws/install/vectornav_msgs/lib/python3.8/site-packages/vectornav_msgs/action/_mag_cal_s.c
[1.610s] -- Up-to-date: /home/ros2_ws/install/vectornav_msgs/lib/python3.8/site-packages/vectornav_msgs/action/__init__.py
[1.610s] -- Up-to-date: /home/ros2_ws/install/vectornav_msgs/lib/python3.8/site-packages/vectornav_msgs/vectornav_msgs_s__rosidl_typesupport_c.cpython-38-aarch64-linux-gnu.so
[1.610s] -- Up-to-date: /home/ros2_ws/install/vectornav_msgs/lib/python3.8/site-packages/vectornav_msgs/_vectornav_msgs_s.ep.rosidl_typesupport_fastrtps_c.c
[1.611s] -- Up-to-date: /home/ros2_ws/install/vectornav_msgs/lib/python3.8/site-packages/vectornav_msgs/_vectornav_msgs_s.ep.rosidl_typesupport_c.c
[1.650s] Listing '/home/ros2_ws/install/vectornav_msgs/lib/python3.8/site-packages/vectornav_msgs'...
[1.650s] Listing '/home/ros2_ws/install/vectornav_msgs/lib/python3.8/site-packages/vectornav_msgs/action'...
[1.650s] Listing '/home/ros2_ws/install/vectornav_msgs/lib/python3.8/site-packages/vectornav_msgs/msg'...
[1.660s] -- Up-to-date: /home/ros2_ws/install/vectornav_msgs/lib/python3.8/site-packages/vectornav_msgs/vectornav_msgs_s__rosidl_typesupport_fastrtps_c.cpython-38-aarch64-linux-gnu.so
[1.660s] -- Up-to-date: /home/ros2_ws/install/vectornav_msgs/lib/python3.8/site-packages/vectornav_msgs/vectornav_msgs_s__rosidl_typesupport_introspection_c.cpython-38-aarch64-linux-gnu.so
[1.661s] -- Up-to-date: /home/ros2_ws/install/vectornav_msgs/lib/python3.8/site-packages/vectornav_msgs/vectornav_msgs_s__rosidl_typesupport_c.cpython-38-aarch64-linux-gnu.so
[1.661s] -- Up-to-date: /home/ros2_ws/install/vectornav_msgs/lib/libvectornav_msgs__rosidl_generator_py.so
[1.662s] -- Up-to-date: /home/ros2_ws/install/vectornav_msgs/share/vectornav_msgs/msg/AttitudeGroup.idl
[1.662s] -- Up-to-date: /home/ros2_ws/install/vectornav_msgs/share/vectornav_msgs/msg/CommonGroup.idl
[1.662s] -- Up-to-date: /home/ros2_ws/install/vectornav_msgs/share/vectornav_msgs/msg/DOP.idl
[1.662s] -- Up-to-date: /home/ros2_ws/install/vectornav_msgs/share/vectornav_msgs/msg/GpsGroup.idl
[1.662s] -- Up-to-date: /home/ros2_ws/install/vectornav_msgs/share/vectornav_msgs/msg/ImuGroup.idl
[1.662s] -- Up-to-date: /home/ros2_ws/install/vectornav_msgs/share/vectornav_msgs/msg/InsGroup.idl
[1.663s] -- Up-to-date: /home/ros2_ws/install/vectornav_msgs/share/vectornav_msgs/msg/InsStatus.idl
[1.663s] -- Up-to-date: /home/ros2_ws/install/vectornav_msgs/share/vectornav_msgs/msg/TimeGroup.idl
[1.663s] -- Up-to-date: /home/ros2_ws/install/vectornav_msgs/share/vectornav_msgs/msg/TimeStatus.idl
[1.663s] -- Up-to-date: /home/ros2_ws/install/vectornav_msgs/share/vectornav_msgs/msg/TimeUTC.idl
[1.663s] -- Up-to-date: /home/ros2_ws/install/vectornav_msgs/share/vectornav_msgs/msg/VpeStatus.idl
[1.664s] -- Up-to-date: /home/ros2_ws/install/vectornav_msgs/share/vectornav_msgs/action/MagCal.idl
[1.664s] -- Up-to-date: /home/ros2_ws/install/vectornav_msgs/share/vectornav_msgs/msg/AttitudeGroup.msg
[1.664s] -- Up-to-date: /home/ros2_ws/install/vectornav_msgs/share/vectornav_msgs/msg/CommonGroup.msg
[1.664s] -- Up-to-date: /home/ros2_ws/install/vectornav_msgs/share/vectornav_msgs/msg/DOP.msg
[1.664s] -- Up-to-date: /home/ros2_ws/install/vectornav_msgs/share/vectornav_msgs/msg/GpsGroup.msg
[1.665s] -- Up-to-date: /home/ros2_ws/install/vectornav_msgs/share/vectornav_msgs/msg/ImuGroup.msg
[1.665s] -- Up-to-date: /home/ros2_ws/install/vectornav_msgs/share/vectornav_msgs/msg/InsGroup.msg
[1.665s] -- Up-to-date: /home/ros2_ws/install/vectornav_msgs/share/vectornav_msgs/msg/InsStatus.msg
[1.665s] -- Up-to-date: /home/ros2_ws/install/vectornav_msgs/share/vectornav_msgs/msg/TimeGroup.msg
[1.665s] -- Up-to-date: /home/ros2_ws/install/vectornav_msgs/share/vectornav_msgs/msg/TimeStatus.msg
[1.666s] -- Up-to-date: /home/ros2_ws/install/vectornav_msgs/share/vectornav_msgs/msg/TimeUTC.msg
[1.666s] -- Up-to-date: /home/ros2_ws/install/vectornav_msgs/share/vectornav_msgs/msg/VpeStatus.msg
[1.666s] -- Up-to-date: /home/ros2_ws/install/vectornav_msgs/share/vectornav_msgs/action/MagCal.action
[1.666s] -- Up-to-date: /home/ros2_ws/install/vectornav_msgs/share/ament_index/resource_index/package_run_dependencies/vectornav_msgs
[1.666s] -- Up-to-date: /home/ros2_ws/install/vectornav_msgs/share/ament_index/resource_index/parent_prefix_path/vectornav_msgs
[1.666s] -- Up-to-date: /home/ros2_ws/install/vectornav_msgs/share/vectornav_msgs/environment/ament_prefix_path.sh
[1.667s] -- Up-to-date: /home/ros2_ws/install/vectornav_msgs/share/vectornav_msgs/environment/ament_prefix_path.dsv
[1.667s] -- Up-to-date: /home/ros2_ws/install/vectornav_msgs/share/vectornav_msgs/environment/path.sh
[1.667s] -- Up-to-date: /home/ros2_ws/install/vectornav_msgs/share/vectornav_msgs/environment/path.dsv
[1.667s] -- Up-to-date: /home/ros2_ws/install/vectornav_msgs/share/vectornav_msgs/local_setup.bash
[1.667s] -- Up-to-date: /home/ros2_ws/install/vectornav_msgs/share/vectornav_msgs/local_setup.sh
[1.667s] -- Up-to-date: /home/ros2_ws/install/vectornav_msgs/share/vectornav_msgs/local_setup.zsh
[1.667s] -- Up-to-date: /home/ros2_ws/install/vectornav_msgs/share/vectornav_msgs/local_setup.dsv
[1.668s] -- Installing: /home/ros2_ws/install/vectornav_msgs/share/vectornav_msgs/package.dsv
[1.668s] -- Up-to-date: /home/ros2_ws/install/vectornav_msgs/share/ament_index/resource_index/packages/vectornav_msgs
[1.668s] -- Up-to-date: /home/ros2_ws/install/vectornav_msgs/share/vectornav_msgs/cmake/export_vectornav_msgs__rosidl_generator_cExport.cmake
[1.668s] -- Up-to-date: /home/ros2_ws/install/vectornav_msgs/share/vectornav_msgs/cmake/export_vectornav_msgs__rosidl_generator_cExport-noconfig.cmake
[1.668s] -- Up-to-date: /home/ros2_ws/install/vectornav_msgs/share/vectornav_msgs/cmake/export_vectornav_msgs__rosidl_typesupport_fastrtps_cExport.cmake
[1.668s] -- Up-to-date: /home/ros2_ws/install/vectornav_msgs/share/vectornav_msgs/cmake/export_vectornav_msgs__rosidl_typesupport_fastrtps_cExport-noconfig.cmake
[1.669s] -- Up-to-date: /home/ros2_ws/install/vectornav_msgs/share/vectornav_msgs/cmake/export_vectornav_msgs__rosidl_generator_cppExport.cmake
[1.669s] -- Up-to-date: /home/ros2_ws/install/vectornav_msgs/share/vectornav_msgs/cmake/export_vectornav_msgs__rosidl_typesupport_fastrtps_cppExport.cmake
[1.669s] -- Up-to-date: /home/ros2_ws/install/vectornav_msgs/share/vectornav_msgs/cmake/export_vectornav_msgs__rosidl_typesupport_fastrtps_cppExport-noconfig.cmake
[1.669s] -- Up-to-date: /home/ros2_ws/install/vectornav_msgs/share/vectornav_msgs/cmake/vectornav_msgs__rosidl_typesupport_introspection_cExport.cmake
[1.669s] -- Up-to-date: /home/ros2_ws/install/vectornav_msgs/share/vectornav_msgs/cmake/vectornav_msgs__rosidl_typesupport_introspection_cExport-noconfig.cmake
[1.670s] -- Up-to-date: /home/ros2_ws/install/vectornav_msgs/share/vectornav_msgs/cmake/vectornav_msgs__rosidl_typesupport_cExport.cmake
[1.670s] -- Up-to-date: /home/ros2_ws/install/vectornav_msgs/share/vectornav_msgs/cmake/vectornav_msgs__rosidl_typesupport_cExport-noconfig.cmake
[1.670s] -- Up-to-date: /home/ros2_ws/install/vectornav_msgs/share/vectornav_msgs/cmake/vectornav_msgs__rosidl_typesupport_introspection_cppExport.cmake
[1.670s] -- Up-to-date: /home/ros2_ws/install/vectornav_msgs/share/vectornav_msgs/cmake/vectornav_msgs__rosidl_typesupport_introspection_cppExport-noconfig.cmake
[1.670s] -- Up-to-date: /home/ros2_ws/install/vectornav_msgs/share/vectornav_msgs/cmake/vectornav_msgs__rosidl_typesupport_cppExport.cmake
[1.671s] -- Up-to-date: /home/ros2_ws/install/vectornav_msgs/share/vectornav_msgs/cmake/vectornav_msgs__rosidl_typesupport_cppExport-noconfig.cmake
[1.671s] -- Up-to-date: /home/ros2_ws/install/vectornav_msgs/share/vectornav_msgs/cmake/export_vectornav_msgs__rosidl_generator_pyExport.cmake
[1.671s] -- Up-to-date: /home/ros2_ws/install/vectornav_msgs/share/vectornav_msgs/cmake/export_vectornav_msgs__rosidl_generator_pyExport-noconfig.cmake
[1.671s] -- Up-to-date: /home/ros2_ws/install/vectornav_msgs/share/vectornav_msgs/cmake/rosidl_cmake-extras.cmake
[1.671s] -- Up-to-date: /home/ros2_ws/install/vectornav_msgs/share/vectornav_msgs/cmake/ament_cmake_export_dependencies-extras.cmake
[1.671s] -- Up-to-date: /home/ros2_ws/install/vectornav_msgs/share/vectornav_msgs/cmake/ament_cmake_export_include_directories-extras.cmake
[1.672s] -- Up-to-date: /home/ros2_ws/install/vectornav_msgs/share/vectornav_msgs/cmake/ament_cmake_export_libraries-extras.cmake
[1.672s] -- Up-to-date: /home/ros2_ws/install/vectornav_msgs/share/vectornav_msgs/cmake/ament_cmake_export_targets-extras.cmake
[1.672s] -- Up-to-date: /home/ros2_ws/install/vectornav_msgs/share/vectornav_msgs/cmake/rosidl_cmake_export_typesupport_targets-extras.cmake
[1.672s] -- Up-to-date: /home/ros2_ws/install/vectornav_msgs/share/vectornav_msgs/cmake/rosidl_cmake_export_typesupport_libraries-extras.cmake
[1.672s] -- Up-to-date: /home/ros2_ws/install/vectornav_msgs/share/vectornav_msgs/cmake/vectornav_msgsConfig.cmake
[1.672s] -- Up-to-date: /home/ros2_ws/install/vectornav_msgs/share/vectornav_msgs/cmake/vectornav_msgsConfig-version.cmake
[1.672s] -- Up-to-date: /home/ros2_ws/install/vectornav_msgs/share/vectornav_msgs/package.xml
[1.687s] Invoked command in '/home/ros2_ws/build/vectornav_msgs' returned '0': CMAKE_PREFIX_PATH=${CMAKE_PREFIX_PATH}:/home/ros2_ws/install/pradobot_ultrasonic /usr/local/bin/cmake --install /home/ros2_ws/build/vectornav_msgs
