/home/ros2_ws/install/pradobot_ultrasonic/lib/python3.8/site-packages/pradobot_ultrasonic/lidar_core.py
/home/ros2_ws/install/pradobot_ultrasonic/lib/python3.8/site-packages/pradobot_ultrasonic/controller_core.py
/home/ros2_ws/install/pradobot_ultrasonic/lib/python3.8/site-packages/pradobot_ultrasonic/controller_core_backup.py
/home/ros2_ws/install/pradobot_ultrasonic/lib/python3.8/site-packages/pradobot_ultrasonic/joystick_core.py
/home/ros2_ws/install/pradobot_ultrasonic/lib/python3.8/site-packages/pradobot_ultrasonic/ultrasonic_core.py
/home/ros2_ws/install/pradobot_ultrasonic/lib/python3.8/site-packages/pradobot_ultrasonic/lidar_interface.py
/home/ros2_ws/install/pradobot_ultrasonic/lib/python3.8/site-packages/pradobot_ultrasonic/__init__.py
/home/ros2_ws/install/pradobot_ultrasonic/lib/python3.8/site-packages/pradobot_ultrasonic/ultrasonic_interface.py
/home/ros2_ws/install/pradobot_ultrasonic/lib/python3.8/site-packages/pradobot_ultrasonic/joystick_interface.py
/home/ros2_ws/install/pradobot_ultrasonic/lib/python3.8/site-packages/pradobot_ultrasonic/__pycache__/lidar_core.cpython-38.pyc
/home/ros2_ws/install/pradobot_ultrasonic/lib/python3.8/site-packages/pradobot_ultrasonic/__pycache__/controller_core.cpython-38.pyc
/home/ros2_ws/install/pradobot_ultrasonic/lib/python3.8/site-packages/pradobot_ultrasonic/__pycache__/controller_core_backup.cpython-38.pyc
/home/ros2_ws/install/pradobot_ultrasonic/lib/python3.8/site-packages/pradobot_ultrasonic/__pycache__/joystick_core.cpython-38.pyc
/home/ros2_ws/install/pradobot_ultrasonic/lib/python3.8/site-packages/pradobot_ultrasonic/__pycache__/ultrasonic_core.cpython-38.pyc
/home/ros2_ws/install/pradobot_ultrasonic/lib/python3.8/site-packages/pradobot_ultrasonic/__pycache__/lidar_interface.cpython-38.pyc
/home/ros2_ws/install/pradobot_ultrasonic/lib/python3.8/site-packages/pradobot_ultrasonic/__pycache__/__init__.cpython-38.pyc
/home/ros2_ws/install/pradobot_ultrasonic/lib/python3.8/site-packages/pradobot_ultrasonic/__pycache__/ultrasonic_interface.cpython-38.pyc
/home/ros2_ws/install/pradobot_ultrasonic/lib/python3.8/site-packages/pradobot_ultrasonic/__pycache__/joystick_interface.cpython-38.pyc
/home/ros2_ws/install/pradobot_ultrasonic/share/ament_index/resource_index/packages/pradobot_ultrasonic
/home/ros2_ws/install/pradobot_ultrasonic/share/pradobot_ultrasonic/package.xml
/home/ros2_ws/install/pradobot_ultrasonic/lib/python3.8/site-packages/pradobot_ultrasonic-0.0.0-py3.8.egg-info/PKG-INFO
/home/ros2_ws/install/pradobot_ultrasonic/lib/python3.8/site-packages/pradobot_ultrasonic-0.0.0-py3.8.egg-info/entry_points.txt
/home/ros2_ws/install/pradobot_ultrasonic/lib/python3.8/site-packages/pradobot_ultrasonic-0.0.0-py3.8.egg-info/zip-safe
/home/ros2_ws/install/pradobot_ultrasonic/lib/python3.8/site-packages/pradobot_ultrasonic-0.0.0-py3.8.egg-info/requires.txt
/home/ros2_ws/install/pradobot_ultrasonic/lib/python3.8/site-packages/pradobot_ultrasonic-0.0.0-py3.8.egg-info/top_level.txt
/home/ros2_ws/install/pradobot_ultrasonic/lib/python3.8/site-packages/pradobot_ultrasonic-0.0.0-py3.8.egg-info/dependency_links.txt
/home/ros2_ws/install/pradobot_ultrasonic/lib/python3.8/site-packages/pradobot_ultrasonic-0.0.0-py3.8.egg-info/SOURCES.txt
/home/ros2_ws/install/pradobot_ultrasonic/lib/pradobot_ultrasonic/control_node
/home/ros2_ws/install/pradobot_ultrasonic/lib/pradobot_ultrasonic/joystick_node
/home/ros2_ws/install/pradobot_ultrasonic/lib/pradobot_ultrasonic/ultrasonic_node
