[ 39%] Built target vn_sensor_msgs
[ 92%] Built target vncxx
[100%] Built target vectornav
-- Install configuration: ""
-- Up-to-date: /home/ros2_ws/install/vectornav/lib/vectornav/vectornav
-- Up-to-date: /home/ros2_ws/install/vectornav/lib/vectornav/vn_sensor_msgs
-- Up-to-date: /home/ros2_ws/install/vectornav/share/vectornav//config
-- Up-to-date: /home/ros2_ws/install/vectornav/share/vectornav//config/vn_100_800hz.yaml
-- Up-to-date: /home/ros2_ws/install/vectornav/share/vectornav//config/vectornav.yaml
-- Up-to-date: /home/ros2_ws/install/vectornav/share/vectornav//launch
-- Up-to-date: /home/ros2_ws/install/vectornav/share/vectornav//launch/vectornav.launch.py
-- Up-to-date: /home/ros2_ws/install/vectornav/share/ament_index/resource_index/package_run_dependencies/vectornav
-- Up-to-date: /home/ros2_ws/install/vectornav/share/ament_index/resource_index/parent_prefix_path/vectornav
-- Up-to-date: /home/ros2_ws/install/vectornav/share/vectornav/environment/ament_prefix_path.sh
-- Up-to-date: /home/ros2_ws/install/vectornav/share/vectornav/environment/ament_prefix_path.dsv
-- Up-to-date: /home/ros2_ws/install/vectornav/share/vectornav/environment/path.sh
-- Up-to-date: /home/ros2_ws/install/vectornav/share/vectornav/environment/path.dsv
-- Up-to-date: /home/ros2_ws/install/vectornav/share/vectornav/local_setup.bash
-- Up-to-date: /home/ros2_ws/install/vectornav/share/vectornav/local_setup.sh
-- Up-to-date: /home/ros2_ws/install/vectornav/share/vectornav/local_setup.zsh
-- Up-to-date: /home/ros2_ws/install/vectornav/share/vectornav/local_setup.dsv
-- Installing: /home/ros2_ws/install/vectornav/share/vectornav/package.dsv
-- Up-to-date: /home/ros2_ws/install/vectornav/share/ament_index/resource_index/packages/vectornav
-- Up-to-date: /home/ros2_ws/install/vectornav/share/vectornav/cmake/ament_cmake_export_dependencies-extras.cmake
-- Up-to-date: /home/ros2_ws/install/vectornav/share/vectornav/cmake/vectornavConfig.cmake
-- Up-to-date: /home/ros2_ws/install/vectornav/share/vectornav/cmake/vectornavConfig-version.cmake
-- Up-to-date: /home/ros2_ws/install/vectornav/share/vectornav/package.xml
-- Up-to-date: /home/ros2_ws/install/vectornav/lib/libvncxx.so
-- Up-to-date: /home/ros2_ws/install/vectornav/include/vn
-- Up-to-date: /home/ros2_ws/install/vectornav/include/vn/compositedata.h
-- Up-to-date: /home/ros2_ws/install/vectornav/include/vn/types.h
-- Up-to-date: /home/ros2_ws/install/vectornav/include/vn/conversions.h
-- Up-to-date: /home/ros2_ws/install/vectornav/include/vn/serialport.h
-- Up-to-date: /home/ros2_ws/install/vectornav/include/vn/vntime.h
-- Up-to-date: /home/ros2_ws/install/vectornav/include/vn/dllvalidator.h
-- Up-to-date: /home/ros2_ws/install/vectornav/include/vn/export.h
-- Up-to-date: /home/ros2_ws/install/vectornav/include/vn/packet.h
-- Up-to-date: /home/ros2_ws/install/vectornav/include/vn/sensors.h
-- Up-to-date: /home/ros2_ws/install/vectornav/include/vn/memoryport.h
-- Up-to-date: /home/ros2_ws/install/vectornav/include/vn/position.h
-- Up-to-date: /home/ros2_ws/install/vectornav/include/vn/int.h
-- Up-to-date: /home/ros2_ws/install/vectornav/include/vn/signal.h
-- Up-to-date: /home/ros2_ws/install/vectornav/include/vn/thread.h
-- Up-to-date: /home/ros2_ws/install/vectornav/include/vn/utilities.h
-- Up-to-date: /home/ros2_ws/install/vectornav/include/vn/util.h
-- Up-to-date: /home/ros2_ws/install/vectornav/include/vn/mock.h
-- Up-to-date: /home/ros2_ws/install/vectornav/include/vn/registers.h
-- Up-to-date: /home/ros2_ws/install/vectornav/include/vn/boostpython.h
-- Up-to-date: /home/ros2_ws/install/vectornav/include/vn/compiler.h
-- Up-to-date: /home/ros2_ws/install/vectornav/include/vn/vector.h
-- Up-to-date: /home/ros2_ws/install/vectornav/include/vn/criticalsection.h
-- Up-to-date: /home/ros2_ws/install/vectornav/include/vn/nocopy.h
-- Up-to-date: /home/ros2_ws/install/vectornav/include/vn/error_detection.h
-- Up-to-date: /home/ros2_ws/install/vectornav/include/vn/packetfinder.h
-- Up-to-date: /home/ros2_ws/install/vectornav/include/vn/consts.h
-- Up-to-date: /home/ros2_ws/install/vectornav/include/vn/rtcmmessage.h
-- Up-to-date: /home/ros2_ws/install/vectornav/include/vn/ezasyncdata.h
-- Up-to-date: /home/ros2_ws/install/vectornav/include/vn/rtcmlistener.h
-- Up-to-date: /home/ros2_ws/install/vectornav/include/vn/searcher.h
-- Up-to-date: /home/ros2_ws/install/vectornav/include/vn/attitude.h
-- Up-to-date: /home/ros2_ws/install/vectornav/include/vn/event.h
-- Up-to-date: /home/ros2_ws/install/vectornav/include/vn/exceptions.h
-- Up-to-date: /home/ros2_ws/install/vectornav/include/vn/port.h
-- Up-to-date: /home/ros2_ws/install/vectornav/include/vn/matrix.h
