[2.007s] Invoking command in '/home/ros2_ws/src/pradobot_ultrasonic': PYTHONPATH=/home/ros2_ws/src/build/pradobot_ultrasonic/prefix_override:/home/ros2_ws/src/install/pradobot_ultrasonic/lib/python3.8/site-packages:${PYTHONPATH} /usr/bin/python3 setup.py egg_info --egg-base ../build/pradobot_ultrasonic build --build-base /home/ros2_ws/src/build/pradobot_ultrasonic/build install --record /home/ros2_ws/src/build/pradobot_ultrasonic/install.log --single-version-externally-managed
[2.513s] running egg_info
[2.550s] writing ../build/pradobot_ultrasonic/pradobot_ultrasonic.egg-info/PKG-INFO
[2.550s] writing dependency_links to ../build/pradobot_ultrasonic/pradobot_ultrasonic.egg-info/dependency_links.txt
[2.551s] writing entry points to ../build/pradobot_ultrasonic/pradobot_ultrasonic.egg-info/entry_points.txt
[2.551s] writing requirements to ../build/pradobot_ultrasonic/pradobot_ultrasonic.egg-info/requires.txt
[2.552s] writing top-level names to ../build/pradobot_ultrasonic/pradobot_ultrasonic.egg-info/top_level.txt
[2.627s] reading manifest file '../build/pradobot_ultrasonic/pradobot_ultrasonic.egg-info/SOURCES.txt'
[2.635s] writing manifest file '../build/pradobot_ultrasonic/pradobot_ultrasonic.egg-info/SOURCES.txt'
[2.636s] running build
[2.636s] /usr/local/lib/python3.8/dist-packages/setuptools/_distutils/cmd.py:66: SetuptoolsDeprecationWarning: setup.py install is deprecated.
[2.637s] !!
[2.637s] 
[2.638s]         ********************************************************************************
[2.638s]         Please avoid running ``setup.py`` directly.
[2.638s]         Instead, use pypa/build, pypa/installer or other
[2.639s]         standards-based tools.
[2.639s] 
[2.639s]         See https://blog.ganssle.io/articles/2021/10/setup-py-deprecated.html for details.
[2.639s]         ********************************************************************************
[2.640s] 
[2.640s] !!
[2.641s]   self.initialize_options()
[2.641s] running build_py
[2.641s] copying pradobot_ultrasonic/joystick_core.py -> /home/ros2_ws/src/build/pradobot_ultrasonic/build/lib/pradobot_ultrasonic
[2.641s] copying pradobot_ultrasonic/ultrasonic_core.py -> /home/ros2_ws/src/build/pradobot_ultrasonic/build/lib/pradobot_ultrasonic
[2.642s] copying pradobot_ultrasonic/ultrasonic_interface.py -> /home/ros2_ws/src/build/pradobot_ultrasonic/build/lib/pradobot_ultrasonic
[2.642s] copying pradobot_ultrasonic/joystick_interface.py -> /home/ros2_ws/src/build/pradobot_ultrasonic/build/lib/pradobot_ultrasonic
[2.643s] running install
[2.643s] running install_lib
[2.681s] copying /home/ros2_ws/src/build/pradobot_ultrasonic/build/lib/pradobot_ultrasonic/joystick_core.py -> /home/ros2_ws/src/install/pradobot_ultrasonic/lib/python3.8/site-packages/pradobot_ultrasonic
[2.681s] copying /home/ros2_ws/src/build/pradobot_ultrasonic/build/lib/pradobot_ultrasonic/ultrasonic_core.py -> /home/ros2_ws/src/install/pradobot_ultrasonic/lib/python3.8/site-packages/pradobot_ultrasonic
[2.681s] copying /home/ros2_ws/src/build/pradobot_ultrasonic/build/lib/pradobot_ultrasonic/ultrasonic_interface.py -> /home/ros2_ws/src/install/pradobot_ultrasonic/lib/python3.8/site-packages/pradobot_ultrasonic
[2.681s] copying /home/ros2_ws/src/build/pradobot_ultrasonic/build/lib/pradobot_ultrasonic/joystick_interface.py -> /home/ros2_ws/src/install/pradobot_ultrasonic/lib/python3.8/site-packages/pradobot_ultrasonic
[2.682s] byte-compiling /home/ros2_ws/src/install/pradobot_ultrasonic/lib/python3.8/site-packages/pradobot_ultrasonic/joystick_core.py to joystick_core.cpython-38.pyc
[2.683s] byte-compiling /home/ros2_ws/src/install/pradobot_ultrasonic/lib/python3.8/site-packages/pradobot_ultrasonic/ultrasonic_core.py to ultrasonic_core.cpython-38.pyc
[2.684s] byte-compiling /home/ros2_ws/src/install/pradobot_ultrasonic/lib/python3.8/site-packages/pradobot_ultrasonic/ultrasonic_interface.py to ultrasonic_interface.cpython-38.pyc
[2.685s] byte-compiling /home/ros2_ws/src/install/pradobot_ultrasonic/lib/python3.8/site-packages/pradobot_ultrasonic/joystick_interface.py to joystick_interface.cpython-38.pyc
[2.686s] running install_data
[2.723s] running install_egg_info
[2.767s] removing '/home/ros2_ws/src/install/pradobot_ultrasonic/lib/python3.8/site-packages/pradobot_ultrasonic-0.0.0-py3.8.egg-info' (and everything under it)
[2.769s] Copying ../build/pradobot_ultrasonic/pradobot_ultrasonic.egg-info to /home/ros2_ws/src/install/pradobot_ultrasonic/lib/python3.8/site-packages/pradobot_ultrasonic-0.0.0-py3.8.egg-info
[2.770s] running install_scripts
[3.125s] Installing ultrasonic_node script to /home/ros2_ws/src/install/pradobot_ultrasonic/lib/pradobot_ultrasonic
[3.126s] writing list of installed files to '/home/ros2_ws/src/build/pradobot_ultrasonic/install.log'
[3.207s] Invoked command in '/home/ros2_ws/src/pradobot_ultrasonic' returned '0': PYTHONPATH=/home/ros2_ws/src/build/pradobot_ultrasonic/prefix_override:/home/ros2_ws/src/install/pradobot_ultrasonic/lib/python3.8/site-packages:${PYTHONPATH} /usr/bin/python3 setup.py egg_info --egg-base ../build/pradobot_ultrasonic build --build-base /home/ros2_ws/src/build/pradobot_ultrasonic/build install --record /home/ros2_ws/src/build/pradobot_ultrasonic/install.log --single-version-externally-managed
