running egg_info
creating ../build/pradobot_ultrasonic/pradobot_ultrasonic.egg-info
writing ../build/pradobot_ultrasonic/pradobot_ultrasonic.egg-info/PKG-INFO
writing dependency_links to ../build/pradobot_ultrasonic/pradobot_ultrasonic.egg-info/dependency_links.txt
writing entry points to ../build/pradobot_ultrasonic/pradobot_ultrasonic.egg-info/entry_points.txt
writing requirements to ../build/pradobot_ultrasonic/pradobot_ultrasonic.egg-info/requires.txt
writing top-level names to ../build/pradobot_ultrasonic/pradobot_ultrasonic.egg-info/top_level.txt
writing manifest file '../build/pradobot_ultrasonic/pradobot_ultrasonic.egg-info/SOURCES.txt'
reading manifest file '../build/pradobot_ultrasonic/pradobot_ultrasonic.egg-info/SOURCES.txt'
writing manifest file '../build/pradobot_ultrasonic/pradobot_ultrasonic.egg-info/SOURCES.txt'
running build
running build_py
creating /home/ros2_ws/src/build/pradobot_ultrasonic/build
creating /home/ros2_ws/src/build/pradobot_ultrasonic/build/lib
creating /home/ros2_ws/src/build/pradobot_ultrasonic/build/lib/pradobot_ultrasonic
copying pradobot_ultrasonic/ultrasonic_core.py -> /home/ros2_ws/src/build/pradobot_ultrasonic/build/lib/pradobot_ultrasonic
copying pradobot_ultrasonic/__init__.py -> /home/ros2_ws/src/build/pradobot_ultrasonic/build/lib/pradobot_ultrasonic
running install
running install_lib
creating /home/ros2_ws/src/install/pradobot_ultrasonic/lib/python3.8/site-packages/pradobot_ultrasonic
copying /home/ros2_ws/src/build/pradobot_ultrasonic/build/lib/pradobot_ultrasonic/ultrasonic_core.py -> /home/ros2_ws/src/install/pradobot_ultrasonic/lib/python3.8/site-packages/pradobot_ultrasonic
copying /home/ros2_ws/src/build/pradobot_ultrasonic/build/lib/pradobot_ultrasonic/__init__.py -> /home/ros2_ws/src/install/pradobot_ultrasonic/lib/python3.8/site-packages/pradobot_ultrasonic
byte-compiling /home/ros2_ws/src/install/pradobot_ultrasonic/lib/python3.8/site-packages/pradobot_ultrasonic/ultrasonic_core.py to ultrasonic_core.cpython-38.pyc
byte-compiling /home/ros2_ws/src/install/pradobot_ultrasonic/lib/python3.8/site-packages/pradobot_ultrasonic/__init__.py to __init__.cpython-38.pyc
running install_data
creating /home/ros2_ws/src/install/pradobot_ultrasonic/share/ament_index
creating /home/ros2_ws/src/install/pradobot_ultrasonic/share/ament_index/resource_index
creating /home/ros2_ws/src/install/pradobot_ultrasonic/share/ament_index/resource_index/packages
copying resource/pradobot_ultrasonic -> /home/ros2_ws/src/install/pradobot_ultrasonic/share/ament_index/resource_index/packages
copying package.xml -> /home/ros2_ws/src/install/pradobot_ultrasonic/share/pradobot_ultrasonic
running install_egg_info
Copying ../build/pradobot_ultrasonic/pradobot_ultrasonic.egg-info to /home/ros2_ws/src/install/pradobot_ultrasonic/lib/python3.8/site-packages/pradobot_ultrasonic-0.0.0-py3.8.egg-info
running install_scripts
Installing ultrasonic_node script to /home/ros2_ws/src/install/pradobot_ultrasonic/lib/pradobot_ultrasonic
writing list of installed files to '/home/ros2_ws/src/build/pradobot_ultrasonic/install.log'
