[2.041s] Invoking command in '/home/ros2_ws/src/pradobot_ultrasonic': PYTHONPATH=/home/ros2_ws/build/pradobot_ultrasonic/prefix_override:/home/ros2_ws/install/pradobot_ultrasonic/lib/python3.8/site-packages:${PYTHONPATH} /usr/bin/python3 setup.py egg_info --egg-base ../../build/pradobot_ultrasonic build --build-base /home/ros2_ws/build/pradobot_ultrasonic/build install --record /home/ros2_ws/build/pradobot_ultrasonic/install.log --single-version-externally-managed
[2.552s] running egg_info
[2.588s] writing ../../build/pradobot_ultrasonic/pradobot_ultrasonic.egg-info/PKG-INFO
[2.589s] writing dependency_links to ../../build/pradobot_ultrasonic/pradobot_ultrasonic.egg-info/dependency_links.txt
[2.589s] writing entry points to ../../build/pradobot_ultrasonic/pradobot_ultrasonic.egg-info/entry_points.txt
[2.590s] writing requirements to ../../build/pradobot_ultrasonic/pradobot_ultrasonic.egg-info/requires.txt
[2.590s] writing top-level names to ../../build/pradobot_ultrasonic/pradobot_ultrasonic.egg-info/top_level.txt
[2.667s] reading manifest file '../../build/pradobot_ultrasonic/pradobot_ultrasonic.egg-info/SOURCES.txt'
[2.668s] writing manifest file '../../build/pradobot_ultrasonic/pradobot_ultrasonic.egg-info/SOURCES.txt'
[2.669s] running build
[2.669s] running build_py
[2.670s] copying pradobot_ultrasonic/controller_core.py -> /home/ros2_ws/build/pradobot_ultrasonic/build/lib/pradobot_ultrasonic
[2.671s] running install
[2.672s] /usr/local/lib/python3.8/dist-packages/setuptools/_distutils/cmd.py:66: SetuptoolsDeprecationWarning: setup.py install is deprecated.
[2.672s] !!
[2.672s] 
[2.673s]         ********************************************************************************
[2.680s]         Please avoid running ``setup.py`` directly.
[2.681s]         Instead, use pypa/build, pypa/installer or other
[2.681s]         standards-based tools.
[2.682s] 
[2.683s]         See https://blog.ganssle.io/articles/2021/10/setup-py-deprecated.html for details.
[2.683s]         ********************************************************************************
[2.683s] 
[2.684s] !!
[2.684s]   self.initialize_options()
[2.685s] running install_lib
[2.720s] copying /home/ros2_ws/build/pradobot_ultrasonic/build/lib/pradobot_ultrasonic/controller_core.py -> /home/ros2_ws/install/pradobot_ultrasonic/lib/python3.8/site-packages/pradobot_ultrasonic
[2.721s] byte-compiling /home/ros2_ws/install/pradobot_ultrasonic/lib/python3.8/site-packages/pradobot_ultrasonic/controller_core.py to controller_core.cpython-38.pyc
[2.723s] running install_data
[2.760s] running install_egg_info
[2.805s] removing '/home/ros2_ws/install/pradobot_ultrasonic/lib/python3.8/site-packages/pradobot_ultrasonic-0.0.0-py3.8.egg-info' (and everything under it)
[2.805s] Copying ../../build/pradobot_ultrasonic/pradobot_ultrasonic.egg-info to /home/ros2_ws/install/pradobot_ultrasonic/lib/python3.8/site-packages/pradobot_ultrasonic-0.0.0-py3.8.egg-info
[2.806s] running install_scripts
[3.168s] Installing control_node script to /home/ros2_ws/install/pradobot_ultrasonic/lib/pradobot_ultrasonic
[3.169s] Installing joystick_node script to /home/ros2_ws/install/pradobot_ultrasonic/lib/pradobot_ultrasonic
[3.169s] Installing ultrasonic_node script to /home/ros2_ws/install/pradobot_ultrasonic/lib/pradobot_ultrasonic
[3.170s] writing list of installed files to '/home/ros2_ws/build/pradobot_ultrasonic/install.log'
[3.252s] Invoked command in '/home/ros2_ws/src/pradobot_ultrasonic' returned '0': PYTHONPATH=/home/ros2_ws/build/pradobot_ultrasonic/prefix_override:/home/ros2_ws/install/pradobot_ultrasonic/lib/python3.8/site-packages:${PYTHONPATH} /usr/bin/python3 setup.py egg_info --egg-base ../../build/pradobot_ultrasonic build --build-base /home/ros2_ws/build/pradobot_ultrasonic/build install --record /home/ros2_ws/build/pradobot_ultrasonic/install.log --single-version-externally-managed
