-- The C compiler identification is GNU 9.4.0
-- The CXX compiler identification is GNU 9.4.0
-- Detecting C compiler ABI info
-- Detecting C compiler ABI info - done
-- Check for working C compiler: /usr/bin/cc - skipped
-- Detecting C compile features
-- Detecting C compile features - done
-- Detecting CXX compiler ABI info
-- Detecting CXX compiler ABI info - done
-- Check for working CXX compiler: /usr/bin/c++ - skipped
-- Detecting CXX compile features
-- Detecting CXX compile features - done
-- Found ament_cmake: 1.3.5 (/opt/ros/humble/install/share/ament_cmake/cmake)
-- Found Python3: /usr/bin/python3.8 (found version "3.8.10") found components: Interpreter 
-- Found rclcpp: 16.0.5 (/opt/ros/humble/install/share/rclcpp/cmake)
-- Found rosidl_generator_c: 3.1.5 (/opt/ros/humble/install/share/rosidl_generator_c/cmake)
-- Found rosidl_adapter: 3.1.5 (/opt/ros/humble/install/share/rosidl_adapter/cmake)
-- Found rosidl_generator_cpp: 3.1.5 (/opt/ros/humble/install/share/rosidl_generator_cpp/cmake)
-- Using all available rosidl_typesupport_c: rosidl_typesupport_fastrtps_c;rosidl_typesupport_introspection_c
-- Using all available rosidl_typesupport_cpp: rosidl_typesupport_fastrtps_cpp;rosidl_typesupport_introspection_cpp
-- Found rmw_implementation_cmake: 6.1.1 (/opt/ros/humble/install/share/rmw_implementation_cmake/cmake)
-- Found rmw_cyclonedds_cpp: 1.3.4 (/opt/ros/humble/install/share/rmw_cyclonedds_cpp/cmake)
-- Using RMW implementation 'rmw_cyclonedds_cpp' as default
-- Performing Test CMAKE_HAVE_LIBC_PTHREAD
-- Performing Test CMAKE_HAVE_LIBC_PTHREAD - Failed
-- Looking for pthread_create in pthreads
-- Looking for pthread_create in pthreads - not found
-- Looking for pthread_create in pthread
-- Looking for pthread_create in pthread - found
-- Found Threads: TRUE  
-- Found rclcpp_action: 16.0.5 (/opt/ros/humble/install/share/rclcpp_action/cmake)
-- Found sensor_msgs: 4.2.3 (/opt/ros/humble/install/share/sensor_msgs/cmake)
-- Found vectornav_msgs: 3.0.0 (/home/ros2_ws/src/install/vectornav_msgs/share/vectornav_msgs/cmake)
-- Found tf2_geometry_msgs: 0.25.3 (/opt/ros/humble/install/share/tf2_geometry_msgs/cmake)
-- Found eigen3_cmake_module: 0.1.1 (/opt/ros/humble/install/share/eigen3_cmake_module/cmake)
-- Found Eigen3: TRUE (found version "3.3.7") 
-- Ensuring Eigen3 include directory is part of orocos-kdl CMake target
-- Found ament_lint_auto: 0.12.7 (/opt/ros/humble/install/share/ament_lint_auto/cmake)
-- Added test 'cppcheck' to perform static code analysis on C / C++ code
-- Configured cppcheck include dirs: 
-- Configured cppcheck exclude dirs and/or files: 
-- Added test 'cpplint' to check C / C++ code against the Google style
-- Configured cpplint exclude dirs and/or files: 
-- Added test 'flake8' to check Python code syntax and style conventions
-- Added test 'lint_cmake' to check CMake code style
-- Added test 'pep257' to check Python code against some of the docstring style conventions in PEP 257
-- Added test 'uncrustify' to check C / C++ code style
-- Configured uncrustify additional arguments: 
-- Added test 'xmllint' to check XML markup files
-- Configuring done (5.7s)
-- Generating done (0.0s)
-- Build files have been written to: /home/ros2_ws/src/build/vectornav
[ 14%] [32mBuilding CXX object vnproglib-1.2.0.0/cpp/CMakeFiles/vncxx.dir/src/attitude.cpp.o[0m
[ 14%] [32mBuilding CXX object vnproglib-1.2.0.0/cpp/CMakeFiles/vncxx.dir/src/compositedata.cpp.o[0m
[ 14%] [32mBuilding CXX object vnproglib-1.2.0.0/cpp/CMakeFiles/vncxx.dir/src/conversions.cpp.o[0m
[ 14%] [32mBuilding CXX object CMakeFiles/vn_sensor_msgs.dir/src/vn_sensor_msgs.cc.o[0m
[ 17%] [32mBuilding CXX object vnproglib-1.2.0.0/cpp/CMakeFiles/vncxx.dir/src/dllvalidator.cpp.o[0m
[ 21%] [32mBuilding CXX object vnproglib-1.2.0.0/cpp/CMakeFiles/vncxx.dir/src/criticalsection.cpp.o[0m
[ 25%] [32mBuilding CXX object vnproglib-1.2.0.0/cpp/CMakeFiles/vncxx.dir/src/error_detection.cpp.o[0m
[ 28%] [32mBuilding CXX object vnproglib-1.2.0.0/cpp/CMakeFiles/vncxx.dir/src/event.cpp.o[0m
[ 32%] [32mBuilding CXX object vnproglib-1.2.0.0/cpp/CMakeFiles/vncxx.dir/src/ezasyncdata.cpp.o[0m
[ 35%] [32mBuilding CXX object vnproglib-1.2.0.0/cpp/CMakeFiles/vncxx.dir/src/memoryport.cpp.o[0m
[ 39%] [32mBuilding CXX object vnproglib-1.2.0.0/cpp/CMakeFiles/vncxx.dir/src/packet.cpp.o[0m
[ 42%] [32mBuilding CXX object vnproglib-1.2.0.0/cpp/CMakeFiles/vncxx.dir/src/packetfinder.cpp.o[0m
[ 46%] [32mBuilding CXX object vnproglib-1.2.0.0/cpp/CMakeFiles/vncxx.dir/src/port.cpp.o[0m
[ 50%] [32mBuilding CXX object vnproglib-1.2.0.0/cpp/CMakeFiles/vncxx.dir/src/position.cpp.o[0m
[ 53%] [32mBuilding CXX object vnproglib-1.2.0.0/cpp/CMakeFiles/vncxx.dir/src/rtcmlistener.cpp.o[0m
[ 57%] [32mBuilding CXX object vnproglib-1.2.0.0/cpp/CMakeFiles/vncxx.dir/src/rtcmmessage.cpp.o[0m
[ 60%] [32mBuilding CXX object vnproglib-1.2.0.0/cpp/CMakeFiles/vncxx.dir/src/searcher.cpp.o[0m
[ 67%] [32mBuilding CXX object vnproglib-1.2.0.0/cpp/CMakeFiles/vncxx.dir/src/sensors.cpp.o[0m
[ 67%] [32mBuilding CXX object vnproglib-1.2.0.0/cpp/CMakeFiles/vncxx.dir/src/serialport.cpp.o[0m
[ 71%] [32mBuilding CXX object vnproglib-1.2.0.0/cpp/CMakeFiles/vncxx.dir/src/thread.cpp.o[0m
[ 75%] [32mBuilding CXX object vnproglib-1.2.0.0/cpp/CMakeFiles/vncxx.dir/src/types.cpp.o[0m
[ 78%] [32mBuilding CXX object vnproglib-1.2.0.0/cpp/CMakeFiles/vncxx.dir/src/util.cpp.o[0m
[ 82%] [32mBuilding CXX object vnproglib-1.2.0.0/cpp/CMakeFiles/vncxx.dir/src/utilities.cpp.o[0m
[ 85%] [32mBuilding CXX object vnproglib-1.2.0.0/cpp/CMakeFiles/vncxx.dir/src/vntime.cpp.o[0m
[ 89%] [32m[1mLinking CXX shared library libvncxx.so[0m
[ 89%] Built target vncxx
[ 92%] [32mBuilding CXX object CMakeFiles/vectornav.dir/src/vectornav.cc.o[0m
[ 96%] [32m[1mLinking CXX executable vectornav[0m
[ 96%] Built target vectornav
[100%] [32m[1mLinking CXX executable vn_sensor_msgs[0m
[100%] Built target vn_sensor_msgs
-- Install configuration: ""
-- Installing: /home/ros2_ws/src/install/vectornav/lib/vectornav/vectornav
-- Set runtime path of "/home/ros2_ws/src/install/vectornav/lib/vectornav/vectornav" to ""
-- Installing: /home/ros2_ws/src/install/vectornav/lib/vectornav/vn_sensor_msgs
-- Set runtime path of "/home/ros2_ws/src/install/vectornav/lib/vectornav/vn_sensor_msgs" to ""
-- Installing: /home/ros2_ws/src/install/vectornav/share/vectornav//config
-- Installing: /home/ros2_ws/src/install/vectornav/share/vectornav//config/vn_100_800hz.yaml
-- Installing: /home/ros2_ws/src/install/vectornav/share/vectornav//config/vectornav.yaml
-- Installing: /home/ros2_ws/src/install/vectornav/share/vectornav//launch
-- Installing: /home/ros2_ws/src/install/vectornav/share/vectornav//launch/vectornav.launch.py
-- Installing: /home/ros2_ws/src/install/vectornav/share/ament_index/resource_index/package_run_dependencies/vectornav
-- Installing: /home/ros2_ws/src/install/vectornav/share/ament_index/resource_index/parent_prefix_path/vectornav
-- Installing: /home/ros2_ws/src/install/vectornav/share/vectornav/environment/ament_prefix_path.sh
-- Installing: /home/ros2_ws/src/install/vectornav/share/vectornav/environment/ament_prefix_path.dsv
-- Installing: /home/ros2_ws/src/install/vectornav/share/vectornav/environment/path.sh
-- Installing: /home/ros2_ws/src/install/vectornav/share/vectornav/environment/path.dsv
-- Installing: /home/ros2_ws/src/install/vectornav/share/vectornav/local_setup.bash
-- Installing: /home/ros2_ws/src/install/vectornav/share/vectornav/local_setup.sh
-- Installing: /home/ros2_ws/src/install/vectornav/share/vectornav/local_setup.zsh
-- Installing: /home/ros2_ws/src/install/vectornav/share/vectornav/local_setup.dsv
-- Installing: /home/ros2_ws/src/install/vectornav/share/vectornav/package.dsv
-- Installing: /home/ros2_ws/src/install/vectornav/share/ament_index/resource_index/packages/vectornav
-- Installing: /home/ros2_ws/src/install/vectornav/share/vectornav/cmake/ament_cmake_export_dependencies-extras.cmake
-- Installing: /home/ros2_ws/src/install/vectornav/share/vectornav/cmake/vectornavConfig.cmake
-- Installing: /home/ros2_ws/src/install/vectornav/share/vectornav/cmake/vectornavConfig-version.cmake
-- Installing: /home/ros2_ws/src/install/vectornav/share/vectornav/package.xml
-- Installing: /home/ros2_ws/src/install/vectornav/lib/libvncxx.so
-- Installing: /home/ros2_ws/src/install/vectornav/include/vn
-- Installing: /home/ros2_ws/src/install/vectornav/include/vn/compositedata.h
-- Installing: /home/ros2_ws/src/install/vectornav/include/vn/types.h
-- Installing: /home/ros2_ws/src/install/vectornav/include/vn/conversions.h
-- Installing: /home/ros2_ws/src/install/vectornav/include/vn/serialport.h
-- Installing: /home/ros2_ws/src/install/vectornav/include/vn/vntime.h
-- Installing: /home/ros2_ws/src/install/vectornav/include/vn/dllvalidator.h
-- Installing: /home/ros2_ws/src/install/vectornav/include/vn/export.h
-- Installing: /home/ros2_ws/src/install/vectornav/include/vn/packet.h
-- Installing: /home/ros2_ws/src/install/vectornav/include/vn/sensors.h
-- Installing: /home/ros2_ws/src/install/vectornav/include/vn/memoryport.h
-- Installing: /home/ros2_ws/src/install/vectornav/include/vn/position.h
-- Installing: /home/ros2_ws/src/install/vectornav/include/vn/int.h
-- Installing: /home/ros2_ws/src/install/vectornav/include/vn/signal.h
-- Installing: /home/ros2_ws/src/install/vectornav/include/vn/thread.h
-- Installing: /home/ros2_ws/src/install/vectornav/include/vn/utilities.h
-- Installing: /home/ros2_ws/src/install/vectornav/include/vn/util.h
-- Installing: /home/ros2_ws/src/install/vectornav/include/vn/mock.h
-- Installing: /home/ros2_ws/src/install/vectornav/include/vn/registers.h
-- Installing: /home/ros2_ws/src/install/vectornav/include/vn/boostpython.h
-- Installing: /home/ros2_ws/src/install/vectornav/include/vn/compiler.h
-- Installing: /home/ros2_ws/src/install/vectornav/include/vn/vector.h
-- Installing: /home/ros2_ws/src/install/vectornav/include/vn/criticalsection.h
-- Installing: /home/ros2_ws/src/install/vectornav/include/vn/nocopy.h
-- Installing: /home/ros2_ws/src/install/vectornav/include/vn/error_detection.h
-- Installing: /home/ros2_ws/src/install/vectornav/include/vn/packetfinder.h
-- Installing: /home/ros2_ws/src/install/vectornav/include/vn/consts.h
-- Installing: /home/ros2_ws/src/install/vectornav/include/vn/rtcmmessage.h
-- Installing: /home/ros2_ws/src/install/vectornav/include/vn/ezasyncdata.h
-- Installing: /home/ros2_ws/src/install/vectornav/include/vn/rtcmlistener.h
-- Installing: /home/ros2_ws/src/install/vectornav/include/vn/searcher.h
-- Installing: /home/ros2_ws/src/install/vectornav/include/vn/attitude.h
-- Installing: /home/ros2_ws/src/install/vectornav/include/vn/event.h
-- Installing: /home/ros2_ws/src/install/vectornav/include/vn/exceptions.h
-- Installing: /home/ros2_ws/src/install/vectornav/include/vn/port.h
-- Installing: /home/ros2_ws/src/install/vectornav/include/vn/matrix.h
