[0.034s] Invoking command in '/home/ros2_ws/build/vectornav': AMENT_PREFIX_PATH=/home/ros2_ws/install/vectornav_msgs:${AMENT_PREFIX_PATH} CMAKE_PREFIX_PATH=/home/ros2_ws/install/vectornav_msgs:${CMAKE_PREFIX_PATH} LD_LIBRARY_PATH=/home/ros2_ws/install/vectornav_msgs/lib:/opt/ros/humble/install/opt/rviz_ogre_vendor/lib:/opt/ros/humble/install/lib:/usr/local/cuda/lib64 PYTHONPATH=/home/ros2_ws/install/vectornav_msgs/lib/python3.8/site-packages:${PYTHONPATH} /usr/local/bin/cmake --build /home/ros2_ws/build/vectornav -- -j6 -l6
[0.153s] [ 85%] Built target vncxx
[0.154s] [ 92%] Built target vn_sensor_msgs
[0.183s] [100%] Built target vectornav
[0.202s] Invoked command in '/home/ros2_ws/build/vectornav' returned '0': AMENT_PREFIX_PATH=/home/ros2_ws/install/vectornav_msgs:${AMENT_PREFIX_PATH} CMAKE_PREFIX_PATH=/home/ros2_ws/install/vectornav_msgs:${CMAKE_PREFIX_PATH} LD_LIBRARY_PATH=/home/ros2_ws/install/vectornav_msgs/lib:/opt/ros/humble/install/opt/rviz_ogre_vendor/lib:/opt/ros/humble/install/lib:/usr/local/cuda/lib64 PYTHONPATH=/home/ros2_ws/install/vectornav_msgs/lib/python3.8/site-packages:${PYTHONPATH} /usr/local/bin/cmake --build /home/ros2_ws/build/vectornav -- -j6 -l6
[0.308s] Invoking command in '/home/ros2_ws/build/vectornav': AMENT_PREFIX_PATH=/home/ros2_ws/install/vectornav_msgs:${AMENT_PREFIX_PATH} CMAKE_PREFIX_PATH=/home/ros2_ws/install/vectornav_msgs:${CMAKE_PREFIX_PATH} LD_LIBRARY_PATH=/home/ros2_ws/install/vectornav_msgs/lib:/opt/ros/humble/install/opt/rviz_ogre_vendor/lib:/opt/ros/humble/install/lib:/usr/local/cuda/lib64 PYTHONPATH=/home/ros2_ws/install/vectornav_msgs/lib/python3.8/site-packages:${PYTHONPATH} /usr/local/bin/cmake --install /home/ros2_ws/build/vectornav
[0.367s] -- Install configuration: ""
[0.367s] -- Up-to-date: /home/ros2_ws/install/vectornav/lib/vectornav/vectornav
[0.368s] -- Up-to-date: /home/ros2_ws/install/vectornav/lib/vectornav/vn_sensor_msgs
[0.368s] -- Up-to-date: /home/ros2_ws/install/vectornav/share/vectornav//config
[0.368s] -- Up-to-date: /home/ros2_ws/install/vectornav/share/vectornav//config/vn_100_800hz.yaml
[0.369s] -- Up-to-date: /home/ros2_ws/install/vectornav/share/vectornav//config/vectornav.yaml
[0.369s] -- Up-to-date: /home/ros2_ws/install/vectornav/share/vectornav//launch
[0.369s] -- Up-to-date: /home/ros2_ws/install/vectornav/share/vectornav//launch/vectornav.launch.py
[0.369s] -- Up-to-date: /home/ros2_ws/install/vectornav/share/ament_index/resource_index/package_run_dependencies/vectornav
[0.369s] -- Up-to-date: /home/ros2_ws/install/vectornav/share/ament_index/resource_index/parent_prefix_path/vectornav
[0.370s] -- Up-to-date: /home/ros2_ws/install/vectornav/share/vectornav/environment/ament_prefix_path.sh
[0.370s] -- Up-to-date: /home/ros2_ws/install/vectornav/share/vectornav/environment/ament_prefix_path.dsv
[0.370s] -- Up-to-date: /home/ros2_ws/install/vectornav/share/vectornav/environment/path.sh
[0.370s] -- Up-to-date: /home/ros2_ws/install/vectornav/share/vectornav/environment/path.dsv
[0.370s] -- Up-to-date: /home/ros2_ws/install/vectornav/share/vectornav/local_setup.bash
[0.370s] -- Up-to-date: /home/ros2_ws/install/vectornav/share/vectornav/local_setup.sh
[0.371s] -- Up-to-date: /home/ros2_ws/install/vectornav/share/vectornav/local_setup.zsh
[0.371s] -- Up-to-date: /home/ros2_ws/install/vectornav/share/vectornav/local_setup.dsv
[0.371s] -- Installing: /home/ros2_ws/install/vectornav/share/vectornav/package.dsv
[0.371s] -- Up-to-date: /home/ros2_ws/install/vectornav/share/ament_index/resource_index/packages/vectornav
[0.371s] -- Up-to-date: /home/ros2_ws/install/vectornav/share/vectornav/cmake/ament_cmake_export_dependencies-extras.cmake
[0.371s] -- Up-to-date: /home/ros2_ws/install/vectornav/share/vectornav/cmake/vectornavConfig.cmake
[0.372s] -- Up-to-date: /home/ros2_ws/install/vectornav/share/vectornav/cmake/vectornavConfig-version.cmake
[0.372s] -- Up-to-date: /home/ros2_ws/install/vectornav/share/vectornav/package.xml
[0.372s] -- Up-to-date: /home/ros2_ws/install/vectornav/lib/libvncxx.so
[0.372s] -- Up-to-date: /home/ros2_ws/install/vectornav/include/vn
[0.373s] -- Up-to-date: /home/ros2_ws/install/vectornav/include/vn/compositedata.h
[0.373s] -- Up-to-date: /home/ros2_ws/install/vectornav/include/vn/types.h
[0.373s] -- Up-to-date: /home/ros2_ws/install/vectornav/include/vn/conversions.h
[0.373s] -- Up-to-date: /home/ros2_ws/install/vectornav/include/vn/serialport.h
[0.373s] -- Up-to-date: /home/ros2_ws/install/vectornav/include/vn/vntime.h
[0.373s] -- Up-to-date: /home/ros2_ws/install/vectornav/include/vn/dllvalidator.h
[0.373s] -- Up-to-date: /home/ros2_ws/install/vectornav/include/vn/export.h
[0.373s] -- Up-to-date: /home/ros2_ws/install/vectornav/include/vn/packet.h
[0.374s] -- Up-to-date: /home/ros2_ws/install/vectornav/include/vn/sensors.h
[0.374s] -- Up-to-date: /home/ros2_ws/install/vectornav/include/vn/memoryport.h
[0.374s] -- Up-to-date: /home/ros2_ws/install/vectornav/include/vn/position.h
[0.374s] -- Up-to-date: /home/ros2_ws/install/vectornav/include/vn/int.h
[0.374s] -- Up-to-date: /home/ros2_ws/install/vectornav/include/vn/signal.h
[0.374s] -- Up-to-date: /home/ros2_ws/install/vectornav/include/vn/thread.h
[0.374s] -- Up-to-date: /home/ros2_ws/install/vectornav/include/vn/utilities.h
[0.374s] -- Up-to-date: /home/ros2_ws/install/vectornav/include/vn/util.h
[0.375s] -- Up-to-date: /home/ros2_ws/install/vectornav/include/vn/mock.h
[0.375s] -- Up-to-date: /home/ros2_ws/install/vectornav/include/vn/registers.h
[0.375s] -- Up-to-date: /home/ros2_ws/install/vectornav/include/vn/boostpython.h
[0.375s] -- Up-to-date: /home/ros2_ws/install/vectornav/include/vn/compiler.h
[0.375s] -- Up-to-date: /home/ros2_ws/install/vectornav/include/vn/vector.h
[0.375s] -- Up-to-date: /home/ros2_ws/install/vectornav/include/vn/criticalsection.h
[0.375s] -- Up-to-date: /home/ros2_ws/install/vectornav/include/vn/nocopy.h
[0.375s] -- Up-to-date: /home/ros2_ws/install/vectornav/include/vn/error_detection.h
[0.376s] -- Up-to-date: /home/ros2_ws/install/vectornav/include/vn/packetfinder.h
[0.376s] -- Up-to-date: /home/ros2_ws/install/vectornav/include/vn/consts.h
[0.376s] -- Up-to-date: /home/ros2_ws/install/vectornav/include/vn/rtcmmessage.h
[0.376s] -- Up-to-date: /home/ros2_ws/install/vectornav/include/vn/ezasyncdata.h
[0.376s] -- Up-to-date: /home/ros2_ws/install/vectornav/include/vn/rtcmlistener.h
[0.376s] -- Up-to-date: /home/ros2_ws/install/vectornav/include/vn/searcher.h
[0.376s] -- Up-to-date: /home/ros2_ws/install/vectornav/include/vn/attitude.h
[0.376s] -- Up-to-date: /home/ros2_ws/install/vectornav/include/vn/event.h
[0.377s] -- Up-to-date: /home/ros2_ws/install/vectornav/include/vn/exceptions.h
[0.377s] -- Up-to-date: /home/ros2_ws/install/vectornav/include/vn/port.h
[0.377s] -- Up-to-date: /home/ros2_ws/install/vectornav/include/vn/matrix.h
[0.395s] Invoked command in '/home/ros2_ws/build/vectornav' returned '0': AMENT_PREFIX_PATH=/home/ros2_ws/install/vectornav_msgs:${AMENT_PREFIX_PATH} CMAKE_PREFIX_PATH=/home/ros2_ws/install/vectornav_msgs:${CMAKE_PREFIX_PATH} LD_LIBRARY_PATH=/home/ros2_ws/install/vectornav_msgs/lib:/opt/ros/humble/install/opt/rviz_ogre_vendor/lib:/opt/ros/humble/install/lib:/usr/local/cuda/lib64 PYTHONPATH=/home/ros2_ws/install/vectornav_msgs/lib/python3.8/site-packages:${PYTHONPATH} /usr/local/bin/cmake --install /home/ros2_ws/build/vectornav
