[0.082s] Invoking command in '/home/ros2_ws/build/vectornav_msgs': /usr/local/bin/cmake --build /home/ros2_ws/build/vectornav_msgs -- -j6 -l6
[0.193s] [  0%] Built target vectornav_msgs__cpp
[0.204s] [ 12%] Built target vectornav_msgs__rosidl_generator_c
[0.205s] [ 12%] Built target ament_cmake_python_copy_vectornav_msgs
[0.228s] [ 36%] Built target vectornav_msgs__rosidl_typesupport_introspection_cpp
[0.228s] [ 36%] Built target vectornav_msgs__rosidl_typesupport_cpp
[0.234s] [ 47%] Built target vectornav_msgs__rosidl_typesupport_fastrtps_cpp
[0.237s] [ 59%] Built target vectornav_msgs__rosidl_typesupport_introspection_c
[0.242s] [ 71%] Built target vectornav_msgs__rosidl_typesupport_c
[0.243s] [ 83%] Built target vectornav_msgs__rosidl_typesupport_fastrtps_c
[0.261s] [ 83%] Built target vectornav_msgs
[0.281s] [ 84%] Built target vectornav_msgs__py
[0.312s] [ 95%] Built target vectornav_msgs__rosidl_generator_py
[0.337s] [ 98%] Built target vectornav_msgs__rosidl_typesupport_c__pyext
[0.337s] [ 98%] Built target vectornav_msgs__rosidl_typesupport_fastrtps_c__pyext
[0.337s] [100%] Built target vectornav_msgs__rosidl_typesupport_introspection_c__pyext
[0.652s] running egg_info
[0.690s] writing vectornav_msgs.egg-info/PKG-INFO
[0.690s] writing dependency_links to vectornav_msgs.egg-info/dependency_links.txt
[0.691s] writing top-level names to vectornav_msgs.egg-info/top_level.txt
[0.801s] reading manifest file 'vectornav_msgs.egg-info/SOURCES.txt'
[0.802s] writing manifest file 'vectornav_msgs.egg-info/SOURCES.txt'
[0.853s] [100%] Built target ament_cmake_python_build_vectornav_msgs_egg
[0.872s] Invoked command in '/home/ros2_ws/build/vectornav_msgs' returned '0': /usr/local/bin/cmake --build /home/ros2_ws/build/vectornav_msgs -- -j6 -l6
[1.375s] Invoking command in '/home/ros2_ws/build/vectornav_msgs': /usr/local/bin/cmake --install /home/ros2_ws/build/vectornav_msgs
[1.434s] -- Install configuration: ""
[1.434s] -- Up-to-date: /home/ros2_ws/install/vectornav_msgs/share/ament_index/resource_index/rosidl_interfaces/vectornav_msgs
[1.435s] -- Up-to-date: /home/ros2_ws/install/vectornav_msgs/include/vectornav_msgs/vectornav_msgs
[1.435s] -- Up-to-date: /home/ros2_ws/install/vectornav_msgs/include/vectornav_msgs/vectornav_msgs/msg
[1.435s] -- Up-to-date: /home/ros2_ws/install/vectornav_msgs/include/vectornav_msgs/vectornav_msgs/msg/detail
[1.436s] -- Up-to-date: /home/ros2_ws/install/vectornav_msgs/include/vectornav_msgs/vectornav_msgs/msg/detail/attitude_group__functions.h
[1.436s] -- Up-to-date: /home/ros2_ws/install/vectornav_msgs/include/vectornav_msgs/vectornav_msgs/msg/detail/attitude_group__functions.c
[1.436s] -- Up-to-date: /home/ros2_ws/install/vectornav_msgs/include/vectornav_msgs/vectornav_msgs/msg/detail/time_utc__type_support.h
[1.436s] -- Up-to-date: /home/ros2_ws/install/vectornav_msgs/include/vectornav_msgs/vectornav_msgs/msg/detail/vpe_status__struct.h
[1.437s] -- Up-to-date: /home/ros2_ws/install/vectornav_msgs/include/vectornav_msgs/vectornav_msgs/msg/detail/dop__functions.c
[1.437s] -- Up-to-date: /home/ros2_ws/install/vectornav_msgs/include/vectornav_msgs/vectornav_msgs/msg/detail/ins_status__struct.h
[1.437s] -- Up-to-date: /home/ros2_ws/install/vectornav_msgs/include/vectornav_msgs/vectornav_msgs/msg/detail/time_utc__functions.h
[1.437s] -- Up-to-date: /home/ros2_ws/install/vectornav_msgs/include/vectornav_msgs/vectornav_msgs/msg/detail/dop__type_support.h
[1.437s] -- Up-to-date: /home/ros2_ws/install/vectornav_msgs/include/vectornav_msgs/vectornav_msgs/msg/detail/time_status__type_support.h
[1.437s] -- Up-to-date: /home/ros2_ws/install/vectornav_msgs/include/vectornav_msgs/vectornav_msgs/msg/detail/time_utc__functions.c
[1.438s] -- Up-to-date: /home/ros2_ws/install/vectornav_msgs/include/vectornav_msgs/vectornav_msgs/msg/detail/time_status__functions.c
[1.438s] -- Up-to-date: /home/ros2_ws/install/vectornav_msgs/include/vectornav_msgs/vectornav_msgs/msg/detail/time_group__functions.h
[1.438s] -- Up-to-date: /home/ros2_ws/install/vectornav_msgs/include/vectornav_msgs/vectornav_msgs/msg/detail/ins_group__struct.h
[1.438s] -- Up-to-date: /home/ros2_ws/install/vectornav_msgs/include/vectornav_msgs/vectornav_msgs/msg/detail/time_group__functions.c
[1.438s] -- Up-to-date: /home/ros2_ws/install/vectornav_msgs/include/vectornav_msgs/vectornav_msgs/msg/detail/attitude_group__type_support.h
[1.439s] -- Up-to-date: /home/ros2_ws/install/vectornav_msgs/include/vectornav_msgs/vectornav_msgs/msg/detail/ins_group__type_support.h
[1.439s] -- Up-to-date: /home/ros2_ws/install/vectornav_msgs/include/vectornav_msgs/vectornav_msgs/msg/detail/common_group__type_support.h
[1.439s] -- Up-to-date: /home/ros2_ws/install/vectornav_msgs/include/vectornav_msgs/vectornav_msgs/msg/detail/attitude_group__struct.h
[1.439s] -- Up-to-date: /home/ros2_ws/install/vectornav_msgs/include/vectornav_msgs/vectornav_msgs/msg/detail/time_utc__struct.h
[1.439s] -- Up-to-date: /home/ros2_ws/install/vectornav_msgs/include/vectornav_msgs/vectornav_msgs/msg/detail/ins_group__functions.h
[1.439s] -- Up-to-date: /home/ros2_ws/install/vectornav_msgs/include/vectornav_msgs/vectornav_msgs/msg/detail/gps_group__functions.h
[1.440s] -- Up-to-date: /home/ros2_ws/install/vectornav_msgs/include/vectornav_msgs/vectornav_msgs/msg/detail/imu_group__type_support.h
[1.440s] -- Up-to-date: /home/ros2_ws/install/vectornav_msgs/include/vectornav_msgs/vectornav_msgs/msg/detail/ins_status__type_support.h
[1.440s] -- Up-to-date: /home/ros2_ws/install/vectornav_msgs/include/vectornav_msgs/vectornav_msgs/msg/detail/ins_status__functions.h
[1.440s] -- Up-to-date: /home/ros2_ws/install/vectornav_msgs/include/vectornav_msgs/vectornav_msgs/msg/detail/gps_group__type_support.h
[1.441s] -- Up-to-date: /home/ros2_ws/install/vectornav_msgs/include/vectornav_msgs/vectornav_msgs/msg/detail/time_status__functions.h
[1.441s] -- Up-to-date: /home/ros2_ws/install/vectornav_msgs/include/vectornav_msgs/vectornav_msgs/msg/detail/gps_group__struct.h
[1.441s] -- Up-to-date: /home/ros2_ws/install/vectornav_msgs/include/vectornav_msgs/vectornav_msgs/msg/detail/gps_group__functions.c
[1.441s] -- Up-to-date: /home/ros2_ws/install/vectornav_msgs/include/vectornav_msgs/vectornav_msgs/msg/detail/ins_group__functions.c
[1.442s] -- Up-to-date: /home/ros2_ws/install/vectornav_msgs/include/vectornav_msgs/vectornav_msgs/msg/detail/imu_group__struct.h
[1.442s] -- Up-to-date: /home/ros2_ws/install/vectornav_msgs/include/vectornav_msgs/vectornav_msgs/msg/detail/common_group__functions.c
[1.442s] -- Up-to-date: /home/ros2_ws/install/vectornav_msgs/include/vectornav_msgs/vectornav_msgs/msg/detail/vpe_status__functions.h
[1.442s] -- Up-to-date: /home/ros2_ws/install/vectornav_msgs/include/vectornav_msgs/vectornav_msgs/msg/detail/vpe_status__functions.c
[1.442s] -- Up-to-date: /home/ros2_ws/install/vectornav_msgs/include/vectornav_msgs/vectornav_msgs/msg/detail/imu_group__functions.h
[1.443s] -- Up-to-date: /home/ros2_ws/install/vectornav_msgs/include/vectornav_msgs/vectornav_msgs/msg/detail/time_group__type_support.h
[1.443s] -- Up-to-date: /home/ros2_ws/install/vectornav_msgs/include/vectornav_msgs/vectornav_msgs/msg/detail/time_group__struct.h
[1.443s] -- Up-to-date: /home/ros2_ws/install/vectornav_msgs/include/vectornav_msgs/vectornav_msgs/msg/detail/dop__struct.h
[1.443s] -- Up-to-date: /home/ros2_ws/install/vectornav_msgs/include/vectornav_msgs/vectornav_msgs/msg/detail/common_group__struct.h
[1.443s] -- Up-to-date: /home/ros2_ws/install/vectornav_msgs/include/vectornav_msgs/vectornav_msgs/msg/detail/dop__functions.h
[1.443s] -- Up-to-date: /home/ros2_ws/install/vectornav_msgs/include/vectornav_msgs/vectornav_msgs/msg/detail/ins_status__functions.c
[1.444s] -- Up-to-date: /home/ros2_ws/install/vectornav_msgs/include/vectornav_msgs/vectornav_msgs/msg/detail/vpe_status__type_support.h
[1.444s] -- Up-to-date: /home/ros2_ws/install/vectornav_msgs/include/vectornav_msgs/vectornav_msgs/msg/detail/imu_group__functions.c
[1.444s] -- Up-to-date: /home/ros2_ws/install/vectornav_msgs/include/vectornav_msgs/vectornav_msgs/msg/detail/time_status__struct.h
[1.444s] -- Up-to-date: /home/ros2_ws/install/vectornav_msgs/include/vectornav_msgs/vectornav_msgs/msg/detail/common_group__functions.h
[1.445s] -- Up-to-date: /home/ros2_ws/install/vectornav_msgs/include/vectornav_msgs/vectornav_msgs/msg/gps_group.h
[1.445s] -- Up-to-date: /home/ros2_ws/install/vectornav_msgs/include/vectornav_msgs/vectornav_msgs/msg/rosidl_generator_c__visibility_control.h
[1.445s] -- Up-to-date: /home/ros2_ws/install/vectornav_msgs/include/vectornav_msgs/vectornav_msgs/msg/time_status.h
[1.445s] -- Up-to-date: /home/ros2_ws/install/vectornav_msgs/include/vectornav_msgs/vectornav_msgs/msg/ins_status.h
[1.445s] -- Up-to-date: /home/ros2_ws/install/vectornav_msgs/include/vectornav_msgs/vectornav_msgs/msg/ins_group.h
[1.446s] -- Up-to-date: /home/ros2_ws/install/vectornav_msgs/include/vectornav_msgs/vectornav_msgs/msg/imu_group.h
[1.446s] -- Up-to-date: /home/ros2_ws/install/vectornav_msgs/include/vectornav_msgs/vectornav_msgs/msg/common_group.h
[1.446s] -- Up-to-date: /home/ros2_ws/install/vectornav_msgs/include/vectornav_msgs/vectornav_msgs/msg/attitude_group.h
[1.446s] -- Up-to-date: /home/ros2_ws/install/vectornav_msgs/include/vectornav_msgs/vectornav_msgs/msg/time_group.h
[1.446s] -- Up-to-date: /home/ros2_ws/install/vectornav_msgs/include/vectornav_msgs/vectornav_msgs/msg/time_utc.h
[1.446s] -- Up-to-date: /home/ros2_ws/install/vectornav_msgs/include/vectornav_msgs/vectornav_msgs/msg/vpe_status.h
[1.446s] -- Up-to-date: /home/ros2_ws/install/vectornav_msgs/include/vectornav_msgs/vectornav_msgs/msg/dop.h
[1.446s] -- Up-to-date: /home/ros2_ws/install/vectornav_msgs/include/vectornav_msgs/vectornav_msgs/action
[1.447s] -- Up-to-date: /home/ros2_ws/install/vectornav_msgs/include/vectornav_msgs/vectornav_msgs/action/detail
[1.447s] -- Up-to-date: /home/ros2_ws/install/vectornav_msgs/include/vectornav_msgs/vectornav_msgs/action/detail/mag_cal__functions.h
[1.447s] -- Up-to-date: /home/ros2_ws/install/vectornav_msgs/include/vectornav_msgs/vectornav_msgs/action/detail/mag_cal__type_support.h
[1.447s] -- Up-to-date: /home/ros2_ws/install/vectornav_msgs/include/vectornav_msgs/vectornav_msgs/action/detail/mag_cal__functions.c
[1.448s] -- Up-to-date: /home/ros2_ws/install/vectornav_msgs/include/vectornav_msgs/vectornav_msgs/action/detail/mag_cal__struct.h
[1.448s] -- Up-to-date: /home/ros2_ws/install/vectornav_msgs/include/vectornav_msgs/vectornav_msgs/action/mag_cal.h
[1.448s] -- Up-to-date: /home/ros2_ws/install/vectornav_msgs/share/vectornav_msgs/environment/library_path.sh
[1.448s] -- Up-to-date: /home/ros2_ws/install/vectornav_msgs/share/vectornav_msgs/environment/library_path.dsv
[1.448s] -- Up-to-date: /home/ros2_ws/install/vectornav_msgs/lib/libvectornav_msgs__rosidl_generator_c.so
[1.448s] -- Up-to-date: /home/ros2_ws/install/vectornav_msgs/include/vectornav_msgs/vectornav_msgs
[1.449s] -- Up-to-date: /home/ros2_ws/install/vectornav_msgs/include/vectornav_msgs/vectornav_msgs/msg
[1.449s] -- Up-to-date: /home/ros2_ws/install/vectornav_msgs/include/vectornav_msgs/vectornav_msgs/msg/detail
[1.449s] -- Up-to-date: /home/ros2_ws/install/vectornav_msgs/include/vectornav_msgs/vectornav_msgs/msg/detail/imu_group__rosidl_typesupport_fastrtps_c.h
[1.449s] -- Up-to-date: /home/ros2_ws/install/vectornav_msgs/include/vectornav_msgs/vectornav_msgs/msg/detail/time_utc__rosidl_typesupport_fastrtps_c.h
[1.449s] -- Up-to-date: /home/ros2_ws/install/vectornav_msgs/include/vectornav_msgs/vectornav_msgs/msg/detail/attitude_group__rosidl_typesupport_fastrtps_c.h
[1.449s] -- Up-to-date: /home/ros2_ws/install/vectornav_msgs/include/vectornav_msgs/vectornav_msgs/msg/detail/common_group__rosidl_typesupport_fastrtps_c.h
[1.449s] -- Up-to-date: /home/ros2_ws/install/vectornav_msgs/include/vectornav_msgs/vectornav_msgs/msg/detail/vpe_status__rosidl_typesupport_fastrtps_c.h
[1.450s] -- Up-to-date: /home/ros2_ws/install/vectornav_msgs/include/vectornav_msgs/vectornav_msgs/msg/detail/ins_status__rosidl_typesupport_fastrtps_c.h
[1.450s] -- Up-to-date: /home/ros2_ws/install/vectornav_msgs/include/vectornav_msgs/vectornav_msgs/msg/detail/time_status__rosidl_typesupport_fastrtps_c.h
[1.450s] -- Up-to-date: /home/ros2_ws/install/vectornav_msgs/include/vectornav_msgs/vectornav_msgs/msg/detail/ins_group__rosidl_typesupport_fastrtps_c.h
[1.450s] -- Up-to-date: /home/ros2_ws/install/vectornav_msgs/include/vectornav_msgs/vectornav_msgs/msg/detail/gps_group__rosidl_typesupport_fastrtps_c.h
[1.450s] -- Up-to-date: /home/ros2_ws/install/vectornav_msgs/include/vectornav_msgs/vectornav_msgs/msg/detail/time_group__rosidl_typesupport_fastrtps_c.h
[1.450s] -- Up-to-date: /home/ros2_ws/install/vectornav_msgs/include/vectornav_msgs/vectornav_msgs/msg/detail/dop__rosidl_typesupport_fastrtps_c.h
[1.450s] -- Up-to-date: /home/ros2_ws/install/vectornav_msgs/include/vectornav_msgs/vectornav_msgs/msg/rosidl_typesupport_fastrtps_c__visibility_control.h
[1.451s] -- Up-to-date: /home/ros2_ws/install/vectornav_msgs/include/vectornav_msgs/vectornav_msgs/action
[1.451s] -- Up-to-date: /home/ros2_ws/install/vectornav_msgs/include/vectornav_msgs/vectornav_msgs/action/detail
[1.451s] -- Up-to-date: /home/ros2_ws/install/vectornav_msgs/include/vectornav_msgs/vectornav_msgs/action/detail/mag_cal__rosidl_typesupport_fastrtps_c.h
[1.451s] -- Up-to-date: /home/ros2_ws/install/vectornav_msgs/lib/libvectornav_msgs__rosidl_typesupport_fastrtps_c.so
[1.452s] -- Up-to-date: /home/ros2_ws/install/vectornav_msgs/include/vectornav_msgs/vectornav_msgs
[1.452s] -- Up-to-date: /home/ros2_ws/install/vectornav_msgs/include/vectornav_msgs/vectornav_msgs/msg
[1.452s] -- Up-to-date: /home/ros2_ws/install/vectornav_msgs/include/vectornav_msgs/vectornav_msgs/msg/detail
[1.452s] -- Up-to-date: /home/ros2_ws/install/vectornav_msgs/include/vectornav_msgs/vectornav_msgs/msg/detail/common_group__struct.hpp
[1.452s] -- Up-to-date: /home/ros2_ws/install/vectornav_msgs/include/vectornav_msgs/vectornav_msgs/msg/detail/ins_group__traits.hpp
[1.453s] -- Up-to-date: /home/ros2_ws/install/vectornav_msgs/include/vectornav_msgs/vectornav_msgs/msg/detail/ins_status__builder.hpp
[1.453s] -- Up-to-date: /home/ros2_ws/install/vectornav_msgs/include/vectornav_msgs/vectornav_msgs/msg/detail/imu_group__traits.hpp
[1.453s] -- Up-to-date: /home/ros2_ws/install/vectornav_msgs/include/vectornav_msgs/vectornav_msgs/msg/detail/time_status__builder.hpp
[1.453s] -- Up-to-date: /home/ros2_ws/install/vectornav_msgs/include/vectornav_msgs/vectornav_msgs/msg/detail/dop__traits.hpp
[1.453s] -- Up-to-date: /home/ros2_ws/install/vectornav_msgs/include/vectornav_msgs/vectornav_msgs/msg/detail/time_status__traits.hpp
[1.453s] -- Up-to-date: /home/ros2_ws/install/vectornav_msgs/include/vectornav_msgs/vectornav_msgs/msg/detail/attitude_group__struct.hpp
[1.453s] -- Up-to-date: /home/ros2_ws/install/vectornav_msgs/include/vectornav_msgs/vectornav_msgs/msg/detail/gps_group__struct.hpp
[1.453s] -- Up-to-date: /home/ros2_ws/install/vectornav_msgs/include/vectornav_msgs/vectornav_msgs/msg/detail/time_utc__traits.hpp
[1.453s] -- Up-to-date: /home/ros2_ws/install/vectornav_msgs/include/vectornav_msgs/vectornav_msgs/msg/detail/time_group__struct.hpp
[1.454s] -- Up-to-date: /home/ros2_ws/install/vectornav_msgs/include/vectornav_msgs/vectornav_msgs/msg/detail/dop__builder.hpp
[1.454s] -- Up-to-date: /home/ros2_ws/install/vectornav_msgs/include/vectornav_msgs/vectornav_msgs/msg/detail/gps_group__traits.hpp
[1.454s] -- Up-to-date: /home/ros2_ws/install/vectornav_msgs/include/vectornav_msgs/vectornav_msgs/msg/detail/vpe_status__traits.hpp
[1.454s] -- Up-to-date: /home/ros2_ws/install/vectornav_msgs/include/vectornav_msgs/vectornav_msgs/msg/detail/time_utc__struct.hpp
[1.454s] -- Up-to-date: /home/ros2_ws/install/vectornav_msgs/include/vectornav_msgs/vectornav_msgs/msg/detail/attitude_group__builder.hpp
[1.454s] -- Up-to-date: /home/ros2_ws/install/vectornav_msgs/include/vectornav_msgs/vectornav_msgs/msg/detail/imu_group__struct.hpp
[1.454s] -- Up-to-date: /home/ros2_ws/install/vectornav_msgs/include/vectornav_msgs/vectornav_msgs/msg/detail/dop__struct.hpp
[1.454s] -- Up-to-date: /home/ros2_ws/install/vectornav_msgs/include/vectornav_msgs/vectornav_msgs/msg/detail/time_utc__builder.hpp
[1.455s] -- Up-to-date: /home/ros2_ws/install/vectornav_msgs/include/vectornav_msgs/vectornav_msgs/msg/detail/ins_status__traits.hpp
[1.455s] -- Up-to-date: /home/ros2_ws/install/vectornav_msgs/include/vectornav_msgs/vectornav_msgs/msg/detail/vpe_status__builder.hpp
[1.455s] -- Up-to-date: /home/ros2_ws/install/vectornav_msgs/include/vectornav_msgs/vectornav_msgs/msg/detail/common_group__builder.hpp
[1.455s] -- Up-to-date: /home/ros2_ws/install/vectornav_msgs/include/vectornav_msgs/vectornav_msgs/msg/detail/ins_group__struct.hpp
[1.455s] -- Up-to-date: /home/ros2_ws/install/vectornav_msgs/include/vectornav_msgs/vectornav_msgs/msg/detail/vpe_status__struct.hpp
[1.455s] -- Up-to-date: /home/ros2_ws/install/vectornav_msgs/include/vectornav_msgs/vectornav_msgs/msg/detail/time_status__struct.hpp
[1.455s] -- Up-to-date: /home/ros2_ws/install/vectornav_msgs/include/vectornav_msgs/vectornav_msgs/msg/detail/ins_group__builder.hpp
[1.455s] -- Up-to-date: /home/ros2_ws/install/vectornav_msgs/include/vectornav_msgs/vectornav_msgs/msg/detail/attitude_group__traits.hpp
[1.455s] -- Up-to-date: /home/ros2_ws/install/vectornav_msgs/include/vectornav_msgs/vectornav_msgs/msg/detail/common_group__traits.hpp
[1.456s] -- Up-to-date: /home/ros2_ws/install/vectornav_msgs/include/vectornav_msgs/vectornav_msgs/msg/detail/gps_group__builder.hpp
[1.456s] -- Up-to-date: /home/ros2_ws/install/vectornav_msgs/include/vectornav_msgs/vectornav_msgs/msg/detail/time_group__builder.hpp
[1.456s] -- Up-to-date: /home/ros2_ws/install/vectornav_msgs/include/vectornav_msgs/vectornav_msgs/msg/detail/ins_status__struct.hpp
[1.456s] -- Up-to-date: /home/ros2_ws/install/vectornav_msgs/include/vectornav_msgs/vectornav_msgs/msg/detail/imu_group__builder.hpp
[1.456s] -- Up-to-date: /home/ros2_ws/install/vectornav_msgs/include/vectornav_msgs/vectornav_msgs/msg/detail/time_group__traits.hpp
[1.456s] -- Up-to-date: /home/ros2_ws/install/vectornav_msgs/include/vectornav_msgs/vectornav_msgs/msg/ins_status.hpp
[1.456s] -- Up-to-date: /home/ros2_ws/install/vectornav_msgs/include/vectornav_msgs/vectornav_msgs/msg/time_group.hpp
[1.456s] -- Up-to-date: /home/ros2_ws/install/vectornav_msgs/include/vectornav_msgs/vectornav_msgs/msg/imu_group.hpp
[1.457s] -- Up-to-date: /home/ros2_ws/install/vectornav_msgs/include/vectornav_msgs/vectornav_msgs/msg/dop.hpp
[1.457s] -- Up-to-date: /home/ros2_ws/install/vectornav_msgs/include/vectornav_msgs/vectornav_msgs/msg/common_group.hpp
[1.457s] -- Up-to-date: /home/ros2_ws/install/vectornav_msgs/include/vectornav_msgs/vectornav_msgs/msg/ins_group.hpp
[1.457s] -- Up-to-date: /home/ros2_ws/install/vectornav_msgs/include/vectornav_msgs/vectornav_msgs/msg/time_status.hpp
[1.457s] -- Up-to-date: /home/ros2_ws/install/vectornav_msgs/include/vectornav_msgs/vectornav_msgs/msg/gps_group.hpp
[1.457s] -- Up-to-date: /home/ros2_ws/install/vectornav_msgs/include/vectornav_msgs/vectornav_msgs/msg/vpe_status.hpp
[1.457s] -- Up-to-date: /home/ros2_ws/install/vectornav_msgs/include/vectornav_msgs/vectornav_msgs/msg/attitude_group.hpp
[1.457s] -- Up-to-date: /home/ros2_ws/install/vectornav_msgs/include/vectornav_msgs/vectornav_msgs/msg/time_utc.hpp
[1.458s] -- Up-to-date: /home/ros2_ws/install/vectornav_msgs/include/vectornav_msgs/vectornav_msgs/action
[1.458s] -- Up-to-date: /home/ros2_ws/install/vectornav_msgs/include/vectornav_msgs/vectornav_msgs/action/detail
[1.458s] -- Up-to-date: /home/ros2_ws/install/vectornav_msgs/include/vectornav_msgs/vectornav_msgs/action/detail/mag_cal__builder.hpp
[1.458s] -- Up-to-date: /home/ros2_ws/install/vectornav_msgs/include/vectornav_msgs/vectornav_msgs/action/detail/mag_cal__traits.hpp
[1.458s] -- Up-to-date: /home/ros2_ws/install/vectornav_msgs/include/vectornav_msgs/vectornav_msgs/action/detail/mag_cal__struct.hpp
[1.458s] -- Up-to-date: /home/ros2_ws/install/vectornav_msgs/include/vectornav_msgs/vectornav_msgs/action/mag_cal.hpp
[1.458s] -- Up-to-date: /home/ros2_ws/install/vectornav_msgs/include/vectornav_msgs/vectornav_msgs
[1.458s] -- Up-to-date: /home/ros2_ws/install/vectornav_msgs/include/vectornav_msgs/vectornav_msgs/msg
[1.459s] -- Up-to-date: /home/ros2_ws/install/vectornav_msgs/include/vectornav_msgs/vectornav_msgs/msg/detail
[1.459s] -- Up-to-date: /home/ros2_ws/install/vectornav_msgs/include/vectornav_msgs/vectornav_msgs/msg/detail/ins_status__rosidl_typesupport_fastrtps_cpp.hpp
[1.459s] -- Up-to-date: /home/ros2_ws/install/vectornav_msgs/include/vectornav_msgs/vectornav_msgs/msg/detail/time_utc__rosidl_typesupport_fastrtps_cpp.hpp
[1.459s] -- Up-to-date: /home/ros2_ws/install/vectornav_msgs/include/vectornav_msgs/vectornav_msgs/msg/detail/time_status__rosidl_typesupport_fastrtps_cpp.hpp
[1.459s] -- Up-to-date: /home/ros2_ws/install/vectornav_msgs/include/vectornav_msgs/vectornav_msgs/msg/detail/common_group__rosidl_typesupport_fastrtps_cpp.hpp
[1.459s] -- Up-to-date: /home/ros2_ws/install/vectornav_msgs/include/vectornav_msgs/vectornav_msgs/msg/detail/gps_group__rosidl_typesupport_fastrtps_cpp.hpp
[1.459s] -- Up-to-date: /home/ros2_ws/install/vectornav_msgs/include/vectornav_msgs/vectornav_msgs/msg/detail/ins_group__rosidl_typesupport_fastrtps_cpp.hpp
[1.459s] -- Up-to-date: /home/ros2_ws/install/vectornav_msgs/include/vectornav_msgs/vectornav_msgs/msg/detail/attitude_group__rosidl_typesupport_fastrtps_cpp.hpp
[1.459s] -- Up-to-date: /home/ros2_ws/install/vectornav_msgs/include/vectornav_msgs/vectornav_msgs/msg/detail/dop__rosidl_typesupport_fastrtps_cpp.hpp
[1.460s] -- Up-to-date: /home/ros2_ws/install/vectornav_msgs/include/vectornav_msgs/vectornav_msgs/msg/detail/dds_fastrtps
[1.460s] -- Up-to-date: /home/ros2_ws/install/vectornav_msgs/include/vectornav_msgs/vectornav_msgs/msg/detail/time_group__rosidl_typesupport_fastrtps_cpp.hpp
[1.460s] -- Up-to-date: /home/ros2_ws/install/vectornav_msgs/include/vectornav_msgs/vectornav_msgs/msg/detail/imu_group__rosidl_typesupport_fastrtps_cpp.hpp
[1.460s] -- Up-to-date: /home/ros2_ws/install/vectornav_msgs/include/vectornav_msgs/vectornav_msgs/msg/detail/vpe_status__rosidl_typesupport_fastrtps_cpp.hpp
[1.460s] -- Up-to-date: /home/ros2_ws/install/vectornav_msgs/include/vectornav_msgs/vectornav_msgs/msg/rosidl_typesupport_fastrtps_cpp__visibility_control.h
[1.460s] -- Up-to-date: /home/ros2_ws/install/vectornav_msgs/include/vectornav_msgs/vectornav_msgs/action
[1.460s] -- Up-to-date: /home/ros2_ws/install/vectornav_msgs/include/vectornav_msgs/vectornav_msgs/action/detail
[1.460s] -- Up-to-date: /home/ros2_ws/install/vectornav_msgs/include/vectornav_msgs/vectornav_msgs/action/detail/mag_cal__rosidl_typesupport_fastrtps_cpp.hpp
[1.461s] -- Up-to-date: /home/ros2_ws/install/vectornav_msgs/include/vectornav_msgs/vectornav_msgs/action/detail/dds_fastrtps
[1.461s] -- Up-to-date: /home/ros2_ws/install/vectornav_msgs/lib/libvectornav_msgs__rosidl_typesupport_fastrtps_cpp.so
[1.461s] -- Up-to-date: /home/ros2_ws/install/vectornav_msgs/include/vectornav_msgs/vectornav_msgs
[1.461s] -- Up-to-date: /home/ros2_ws/install/vectornav_msgs/include/vectornav_msgs/vectornav_msgs/msg
[1.461s] -- Up-to-date: /home/ros2_ws/install/vectornav_msgs/include/vectornav_msgs/vectornav_msgs/msg/detail
[1.461s] -- Up-to-date: /home/ros2_ws/install/vectornav_msgs/include/vectornav_msgs/vectornav_msgs/msg/detail/time_group__type_support.c
[1.461s] -- Up-to-date: /home/ros2_ws/install/vectornav_msgs/include/vectornav_msgs/vectornav_msgs/msg/detail/time_status__type_support.c
[1.461s] -- Up-to-date: /home/ros2_ws/install/vectornav_msgs/include/vectornav_msgs/vectornav_msgs/msg/detail/dop__type_support.c
[1.462s] -- Up-to-date: /home/ros2_ws/install/vectornav_msgs/include/vectornav_msgs/vectornav_msgs/msg/detail/gps_group__rosidl_typesupport_introspection_c.h
[1.462s] -- Up-to-date: /home/ros2_ws/install/vectornav_msgs/include/vectornav_msgs/vectornav_msgs/msg/detail/gps_group__type_support.c
[1.462s] -- Up-to-date: /home/ros2_ws/install/vectornav_msgs/include/vectornav_msgs/vectornav_msgs/msg/detail/vpe_status__type_support.c
[1.462s] -- Up-to-date: /home/ros2_ws/install/vectornav_msgs/include/vectornav_msgs/vectornav_msgs/msg/detail/common_group__rosidl_typesupport_introspection_c.h
[1.462s] -- Up-to-date: /home/ros2_ws/install/vectornav_msgs/include/vectornav_msgs/vectornav_msgs/msg/detail/dop__rosidl_typesupport_introspection_c.h
[1.462s] -- Up-to-date: /home/ros2_ws/install/vectornav_msgs/include/vectornav_msgs/vectornav_msgs/msg/detail/imu_group__rosidl_typesupport_introspection_c.h
[1.462s] -- Up-to-date: /home/ros2_ws/install/vectornav_msgs/include/vectornav_msgs/vectornav_msgs/msg/detail/attitude_group__rosidl_typesupport_introspection_c.h
[1.462s] -- Up-to-date: /home/ros2_ws/install/vectornav_msgs/include/vectornav_msgs/vectornav_msgs/msg/detail/ins_status__type_support.c
[1.462s] -- Up-to-date: /home/ros2_ws/install/vectornav_msgs/include/vectornav_msgs/vectornav_msgs/msg/detail/attitude_group__type_support.c
[1.463s] -- Up-to-date: /home/ros2_ws/install/vectornav_msgs/include/vectornav_msgs/vectornav_msgs/msg/detail/ins_group__type_support.c
[1.463s] -- Up-to-date: /home/ros2_ws/install/vectornav_msgs/include/vectornav_msgs/vectornav_msgs/msg/detail/common_group__type_support.c
[1.463s] -- Up-to-date: /home/ros2_ws/install/vectornav_msgs/include/vectornav_msgs/vectornav_msgs/msg/detail/imu_group__type_support.c
[1.463s] -- Up-to-date: /home/ros2_ws/install/vectornav_msgs/include/vectornav_msgs/vectornav_msgs/msg/detail/ins_status__rosidl_typesupport_introspection_c.h
[1.463s] -- Up-to-date: /home/ros2_ws/install/vectornav_msgs/include/vectornav_msgs/vectornav_msgs/msg/detail/time_group__rosidl_typesupport_introspection_c.h
[1.463s] -- Up-to-date: /home/ros2_ws/install/vectornav_msgs/include/vectornav_msgs/vectornav_msgs/msg/detail/vpe_status__rosidl_typesupport_introspection_c.h
[1.463s] -- Up-to-date: /home/ros2_ws/install/vectornav_msgs/include/vectornav_msgs/vectornav_msgs/msg/detail/ins_group__rosidl_typesupport_introspection_c.h
[1.463s] -- Up-to-date: /home/ros2_ws/install/vectornav_msgs/include/vectornav_msgs/vectornav_msgs/msg/detail/time_utc__type_support.c
[1.464s] -- Up-to-date: /home/ros2_ws/install/vectornav_msgs/include/vectornav_msgs/vectornav_msgs/msg/detail/time_utc__rosidl_typesupport_introspection_c.h
[1.464s] -- Up-to-date: /home/ros2_ws/install/vectornav_msgs/include/vectornav_msgs/vectornav_msgs/msg/detail/time_status__rosidl_typesupport_introspection_c.h
[1.464s] -- Up-to-date: /home/ros2_ws/install/vectornav_msgs/include/vectornav_msgs/vectornav_msgs/msg/rosidl_typesupport_introspection_c__visibility_control.h
[1.464s] -- Up-to-date: /home/ros2_ws/install/vectornav_msgs/include/vectornav_msgs/vectornav_msgs/action
[1.464s] -- Up-to-date: /home/ros2_ws/install/vectornav_msgs/include/vectornav_msgs/vectornav_msgs/action/detail
[1.464s] -- Up-to-date: /home/ros2_ws/install/vectornav_msgs/include/vectornav_msgs/vectornav_msgs/action/detail/mag_cal__type_support.c
[1.464s] -- Up-to-date: /home/ros2_ws/install/vectornav_msgs/include/vectornav_msgs/vectornav_msgs/action/detail/mag_cal__rosidl_typesupport_introspection_c.h
[1.464s] -- Up-to-date: /home/ros2_ws/install/vectornav_msgs/lib/libvectornav_msgs__rosidl_typesupport_introspection_c.so
[1.465s] -- Up-to-date: /home/ros2_ws/install/vectornav_msgs/lib/libvectornav_msgs__rosidl_typesupport_c.so
[1.465s] -- Up-to-date: /home/ros2_ws/install/vectornav_msgs/include/vectornav_msgs/vectornav_msgs
[1.465s] -- Up-to-date: /home/ros2_ws/install/vectornav_msgs/include/vectornav_msgs/vectornav_msgs/msg
[1.465s] -- Up-to-date: /home/ros2_ws/install/vectornav_msgs/include/vectornav_msgs/vectornav_msgs/msg/detail
[1.465s] -- Up-to-date: /home/ros2_ws/install/vectornav_msgs/include/vectornav_msgs/vectornav_msgs/msg/detail/time_status__rosidl_typesupport_introspection_cpp.hpp
[1.465s] -- Up-to-date: /home/ros2_ws/install/vectornav_msgs/include/vectornav_msgs/vectornav_msgs/msg/detail/ins_status__type_support.cpp
[1.465s] -- Up-to-date: /home/ros2_ws/install/vectornav_msgs/include/vectornav_msgs/vectornav_msgs/msg/detail/common_group__type_support.cpp
[1.465s] -- Up-to-date: /home/ros2_ws/install/vectornav_msgs/include/vectornav_msgs/vectornav_msgs/msg/detail/attitude_group__type_support.cpp
[1.466s] -- Up-to-date: /home/ros2_ws/install/vectornav_msgs/include/vectornav_msgs/vectornav_msgs/msg/detail/time_utc__rosidl_typesupport_introspection_cpp.hpp
[1.466s] -- Up-to-date: /home/ros2_ws/install/vectornav_msgs/include/vectornav_msgs/vectornav_msgs/msg/detail/ins_status__rosidl_typesupport_introspection_cpp.hpp
[1.466s] -- Up-to-date: /home/ros2_ws/install/vectornav_msgs/include/vectornav_msgs/vectornav_msgs/msg/detail/ins_group__rosidl_typesupport_introspection_cpp.hpp
[1.466s] -- Up-to-date: /home/ros2_ws/install/vectornav_msgs/include/vectornav_msgs/vectornav_msgs/msg/detail/dop__rosidl_typesupport_introspection_cpp.hpp
[1.466s] -- Up-to-date: /home/ros2_ws/install/vectornav_msgs/include/vectornav_msgs/vectornav_msgs/msg/detail/vpe_status__rosidl_typesupport_introspection_cpp.hpp
[1.466s] -- Up-to-date: /home/ros2_ws/install/vectornav_msgs/include/vectornav_msgs/vectornav_msgs/msg/detail/gps_group__type_support.cpp
[1.466s] -- Up-to-date: /home/ros2_ws/install/vectornav_msgs/include/vectornav_msgs/vectornav_msgs/msg/detail/time_group__type_support.cpp
[1.466s] -- Up-to-date: /home/ros2_ws/install/vectornav_msgs/include/vectornav_msgs/vectornav_msgs/msg/detail/time_utc__type_support.cpp
[1.467s] -- Up-to-date: /home/ros2_ws/install/vectornav_msgs/include/vectornav_msgs/vectornav_msgs/msg/detail/time_group__rosidl_typesupport_introspection_cpp.hpp
[1.467s] -- Up-to-date: /home/ros2_ws/install/vectornav_msgs/include/vectornav_msgs/vectornav_msgs/msg/detail/imu_group__rosidl_typesupport_introspection_cpp.hpp
[1.467s] -- Up-to-date: /home/ros2_ws/install/vectornav_msgs/include/vectornav_msgs/vectornav_msgs/msg/detail/attitude_group__rosidl_typesupport_introspection_cpp.hpp
[1.467s] -- Up-to-date: /home/ros2_ws/install/vectornav_msgs/include/vectornav_msgs/vectornav_msgs/msg/detail/gps_group__rosidl_typesupport_introspection_cpp.hpp
[1.467s] -- Up-to-date: /home/ros2_ws/install/vectornav_msgs/include/vectornav_msgs/vectornav_msgs/msg/detail/vpe_status__type_support.cpp
[1.467s] -- Up-to-date: /home/ros2_ws/install/vectornav_msgs/include/vectornav_msgs/vectornav_msgs/msg/detail/imu_group__type_support.cpp
[1.467s] -- Up-to-date: /home/ros2_ws/install/vectornav_msgs/include/vectornav_msgs/vectornav_msgs/msg/detail/ins_group__type_support.cpp
[1.467s] -- Up-to-date: /home/ros2_ws/install/vectornav_msgs/include/vectornav_msgs/vectornav_msgs/msg/detail/common_group__rosidl_typesupport_introspection_cpp.hpp
[1.467s] -- Up-to-date: /home/ros2_ws/install/vectornav_msgs/include/vectornav_msgs/vectornav_msgs/msg/detail/dop__type_support.cpp
[1.468s] -- Up-to-date: /home/ros2_ws/install/vectornav_msgs/include/vectornav_msgs/vectornav_msgs/msg/detail/time_status__type_support.cpp
[1.468s] -- Up-to-date: /home/ros2_ws/install/vectornav_msgs/include/vectornav_msgs/vectornav_msgs/action
[1.468s] -- Up-to-date: /home/ros2_ws/install/vectornav_msgs/include/vectornav_msgs/vectornav_msgs/action/detail
[1.468s] -- Up-to-date: /home/ros2_ws/install/vectornav_msgs/include/vectornav_msgs/vectornav_msgs/action/detail/mag_cal__rosidl_typesupport_introspection_cpp.hpp
[1.468s] -- Up-to-date: /home/ros2_ws/install/vectornav_msgs/include/vectornav_msgs/vectornav_msgs/action/detail/mag_cal__type_support.cpp
[1.468s] -- Up-to-date: /home/ros2_ws/install/vectornav_msgs/lib/libvectornav_msgs__rosidl_typesupport_introspection_cpp.so
[1.468s] -- Up-to-date: /home/ros2_ws/install/vectornav_msgs/lib/libvectornav_msgs__rosidl_typesupport_cpp.so
[1.468s] -- Up-to-date: /home/ros2_ws/install/vectornav_msgs/share/vectornav_msgs/environment/pythonpath.sh
[1.469s] -- Up-to-date: /home/ros2_ws/install/vectornav_msgs/share/vectornav_msgs/environment/pythonpath.dsv
[1.469s] -- Up-to-date: /home/ros2_ws/install/vectornav_msgs/lib/python3.8/site-packages/vectornav_msgs-3.0.0-py3.8.egg-info
[1.469s] -- Installing: /home/ros2_ws/install/vectornav_msgs/lib/python3.8/site-packages/vectornav_msgs-3.0.0-py3.8.egg-info/PKG-INFO
[1.469s] -- Installing: /home/ros2_ws/install/vectornav_msgs/lib/python3.8/site-packages/vectornav_msgs-3.0.0-py3.8.egg-info/top_level.txt
[1.469s] -- Installing: /home/ros2_ws/install/vectornav_msgs/lib/python3.8/site-packages/vectornav_msgs-3.0.0-py3.8.egg-info/dependency_links.txt
[1.469s] -- Installing: /home/ros2_ws/install/vectornav_msgs/lib/python3.8/site-packages/vectornav_msgs-3.0.0-py3.8.egg-info/SOURCES.txt
[1.469s] -- Up-to-date: /home/ros2_ws/install/vectornav_msgs/lib/python3.8/site-packages/vectornav_msgs
[1.469s] -- Up-to-date: /home/ros2_ws/install/vectornav_msgs/lib/python3.8/site-packages/vectornav_msgs/_vectornav_msgs_s.ep.rosidl_typesupport_introspection_c.c
[1.470s] -- Up-to-date: /home/ros2_ws/install/vectornav_msgs/lib/python3.8/site-packages/vectornav_msgs/vectornav_msgs_s__rosidl_typesupport_fastrtps_c.cpython-38-aarch64-linux-gnu.so
[1.470s] -- Up-to-date: /home/ros2_ws/install/vectornav_msgs/lib/python3.8/site-packages/vectornav_msgs/msg
[1.470s] -- Up-to-date: /home/ros2_ws/install/vectornav_msgs/lib/python3.8/site-packages/vectornav_msgs/msg/_common_group.py
[1.470s] -- Up-to-date: /home/ros2_ws/install/vectornav_msgs/lib/python3.8/site-packages/vectornav_msgs/msg/_time_utc_s.c
[1.470s] -- Up-to-date: /home/ros2_ws/install/vectornav_msgs/lib/python3.8/site-packages/vectornav_msgs/msg/_dop.py
[1.470s] -- Up-to-date: /home/ros2_ws/install/vectornav_msgs/lib/python3.8/site-packages/vectornav_msgs/msg/_ins_status.py
[1.470s] -- Up-to-date: /home/ros2_ws/install/vectornav_msgs/lib/python3.8/site-packages/vectornav_msgs/msg/_time_status.py
[1.470s] -- Up-to-date: /home/ros2_ws/install/vectornav_msgs/lib/python3.8/site-packages/vectornav_msgs/msg/_gps_group_s.c
[1.470s] -- Up-to-date: /home/ros2_ws/install/vectornav_msgs/lib/python3.8/site-packages/vectornav_msgs/msg/_imu_group.py
[1.471s] -- Up-to-date: /home/ros2_ws/install/vectornav_msgs/lib/python3.8/site-packages/vectornav_msgs/msg/_dop_s.c
[1.471s] -- Up-to-date: /home/ros2_ws/install/vectornav_msgs/lib/python3.8/site-packages/vectornav_msgs/msg/_ins_group.py
[1.471s] -- Up-to-date: /home/ros2_ws/install/vectornav_msgs/lib/python3.8/site-packages/vectornav_msgs/msg/_attitude_group_s.c
[1.471s] -- Up-to-date: /home/ros2_ws/install/vectornav_msgs/lib/python3.8/site-packages/vectornav_msgs/msg/_gps_group.py
[1.471s] -- Up-to-date: /home/ros2_ws/install/vectornav_msgs/lib/python3.8/site-packages/vectornav_msgs/msg/_ins_group_s.c
[1.471s] -- Up-to-date: /home/ros2_ws/install/vectornav_msgs/lib/python3.8/site-packages/vectornav_msgs/msg/_vpe_status_s.c
[1.471s] -- Up-to-date: /home/ros2_ws/install/vectornav_msgs/lib/python3.8/site-packages/vectornav_msgs/msg/_imu_group_s.c
[1.471s] -- Up-to-date: /home/ros2_ws/install/vectornav_msgs/lib/python3.8/site-packages/vectornav_msgs/msg/__init__.py
[1.472s] -- Up-to-date: /home/ros2_ws/install/vectornav_msgs/lib/python3.8/site-packages/vectornav_msgs/msg/_time_status_s.c
[1.472s] -- Up-to-date: /home/ros2_ws/install/vectornav_msgs/lib/python3.8/site-packages/vectornav_msgs/msg/_attitude_group.py
[1.472s] -- Up-to-date: /home/ros2_ws/install/vectornav_msgs/lib/python3.8/site-packages/vectornav_msgs/msg/_ins_status_s.c
[1.472s] -- Up-to-date: /home/ros2_ws/install/vectornav_msgs/lib/python3.8/site-packages/vectornav_msgs/msg/_common_group_s.c
[1.472s] -- Up-to-date: /home/ros2_ws/install/vectornav_msgs/lib/python3.8/site-packages/vectornav_msgs/msg/_time_group.py
[1.472s] -- Up-to-date: /home/ros2_ws/install/vectornav_msgs/lib/python3.8/site-packages/vectornav_msgs/msg/_vpe_status.py
[1.472s] -- Up-to-date: /home/ros2_ws/install/vectornav_msgs/lib/python3.8/site-packages/vectornav_msgs/msg/_time_group_s.c
[1.472s] -- Up-to-date: /home/ros2_ws/install/vectornav_msgs/lib/python3.8/site-packages/vectornav_msgs/msg/_time_utc.py
[1.473s] -- Up-to-date: /home/ros2_ws/install/vectornav_msgs/lib/python3.8/site-packages/vectornav_msgs/vectornav_msgs_s__rosidl_typesupport_introspection_c.cpython-38-aarch64-linux-gnu.so
[1.473s] -- Up-to-date: /home/ros2_ws/install/vectornav_msgs/lib/python3.8/site-packages/vectornav_msgs/libvectornav_msgs__rosidl_generator_py.so
[1.473s] -- Up-to-date: /home/ros2_ws/install/vectornav_msgs/lib/python3.8/site-packages/vectornav_msgs/__init__.py
[1.473s] -- Up-to-date: /home/ros2_ws/install/vectornav_msgs/lib/python3.8/site-packages/vectornav_msgs/action
[1.473s] -- Up-to-date: /home/ros2_ws/install/vectornav_msgs/lib/python3.8/site-packages/vectornav_msgs/action/_mag_cal.py
[1.473s] -- Up-to-date: /home/ros2_ws/install/vectornav_msgs/lib/python3.8/site-packages/vectornav_msgs/action/_mag_cal_s.c
[1.473s] -- Up-to-date: /home/ros2_ws/install/vectornav_msgs/lib/python3.8/site-packages/vectornav_msgs/action/__init__.py
[1.473s] -- Up-to-date: /home/ros2_ws/install/vectornav_msgs/lib/python3.8/site-packages/vectornav_msgs/vectornav_msgs_s__rosidl_typesupport_c.cpython-38-aarch64-linux-gnu.so
[1.474s] -- Up-to-date: /home/ros2_ws/install/vectornav_msgs/lib/python3.8/site-packages/vectornav_msgs/_vectornav_msgs_s.ep.rosidl_typesupport_fastrtps_c.c
[1.474s] -- Up-to-date: /home/ros2_ws/install/vectornav_msgs/lib/python3.8/site-packages/vectornav_msgs/_vectornav_msgs_s.ep.rosidl_typesupport_c.c
[1.514s] Listing '/home/ros2_ws/install/vectornav_msgs/lib/python3.8/site-packages/vectornav_msgs'...
[1.514s] Listing '/home/ros2_ws/install/vectornav_msgs/lib/python3.8/site-packages/vectornav_msgs/action'...
[1.514s] Listing '/home/ros2_ws/install/vectornav_msgs/lib/python3.8/site-packages/vectornav_msgs/msg'...
[1.524s] -- Up-to-date: /home/ros2_ws/install/vectornav_msgs/lib/python3.8/site-packages/vectornav_msgs/vectornav_msgs_s__rosidl_typesupport_fastrtps_c.cpython-38-aarch64-linux-gnu.so
[1.524s] -- Up-to-date: /home/ros2_ws/install/vectornav_msgs/lib/python3.8/site-packages/vectornav_msgs/vectornav_msgs_s__rosidl_typesupport_introspection_c.cpython-38-aarch64-linux-gnu.so
[1.525s] -- Up-to-date: /home/ros2_ws/install/vectornav_msgs/lib/python3.8/site-packages/vectornav_msgs/vectornav_msgs_s__rosidl_typesupport_c.cpython-38-aarch64-linux-gnu.so
[1.525s] -- Up-to-date: /home/ros2_ws/install/vectornav_msgs/lib/libvectornav_msgs__rosidl_generator_py.so
[1.525s] -- Up-to-date: /home/ros2_ws/install/vectornav_msgs/share/vectornav_msgs/msg/AttitudeGroup.idl
[1.526s] -- Up-to-date: /home/ros2_ws/install/vectornav_msgs/share/vectornav_msgs/msg/CommonGroup.idl
[1.526s] -- Up-to-date: /home/ros2_ws/install/vectornav_msgs/share/vectornav_msgs/msg/DOP.idl
[1.526s] -- Up-to-date: /home/ros2_ws/install/vectornav_msgs/share/vectornav_msgs/msg/GpsGroup.idl
[1.526s] -- Up-to-date: /home/ros2_ws/install/vectornav_msgs/share/vectornav_msgs/msg/ImuGroup.idl
[1.526s] -- Up-to-date: /home/ros2_ws/install/vectornav_msgs/share/vectornav_msgs/msg/InsGroup.idl
[1.527s] -- Up-to-date: /home/ros2_ws/install/vectornav_msgs/share/vectornav_msgs/msg/InsStatus.idl
[1.527s] -- Up-to-date: /home/ros2_ws/install/vectornav_msgs/share/vectornav_msgs/msg/TimeGroup.idl
[1.527s] -- Up-to-date: /home/ros2_ws/install/vectornav_msgs/share/vectornav_msgs/msg/TimeStatus.idl
[1.527s] -- Up-to-date: /home/ros2_ws/install/vectornav_msgs/share/vectornav_msgs/msg/TimeUTC.idl
[1.527s] -- Up-to-date: /home/ros2_ws/install/vectornav_msgs/share/vectornav_msgs/msg/VpeStatus.idl
[1.527s] -- Up-to-date: /home/ros2_ws/install/vectornav_msgs/share/vectornav_msgs/action/MagCal.idl
[1.528s] -- Up-to-date: /home/ros2_ws/install/vectornav_msgs/share/vectornav_msgs/msg/AttitudeGroup.msg
[1.528s] -- Up-to-date: /home/ros2_ws/install/vectornav_msgs/share/vectornav_msgs/msg/CommonGroup.msg
[1.528s] -- Up-to-date: /home/ros2_ws/install/vectornav_msgs/share/vectornav_msgs/msg/DOP.msg
[1.528s] -- Up-to-date: /home/ros2_ws/install/vectornav_msgs/share/vectornav_msgs/msg/GpsGroup.msg
[1.528s] -- Up-to-date: /home/ros2_ws/install/vectornav_msgs/share/vectornav_msgs/msg/ImuGroup.msg
[1.529s] -- Up-to-date: /home/ros2_ws/install/vectornav_msgs/share/vectornav_msgs/msg/InsGroup.msg
[1.529s] -- Up-to-date: /home/ros2_ws/install/vectornav_msgs/share/vectornav_msgs/msg/InsStatus.msg
[1.529s] -- Up-to-date: /home/ros2_ws/install/vectornav_msgs/share/vectornav_msgs/msg/TimeGroup.msg
[1.529s] -- Up-to-date: /home/ros2_ws/install/vectornav_msgs/share/vectornav_msgs/msg/TimeStatus.msg
[1.529s] -- Up-to-date: /home/ros2_ws/install/vectornav_msgs/share/vectornav_msgs/msg/TimeUTC.msg
[1.529s] -- Up-to-date: /home/ros2_ws/install/vectornav_msgs/share/vectornav_msgs/msg/VpeStatus.msg
[1.529s] -- Up-to-date: /home/ros2_ws/install/vectornav_msgs/share/vectornav_msgs/action/MagCal.action
[1.530s] -- Up-to-date: /home/ros2_ws/install/vectornav_msgs/share/ament_index/resource_index/package_run_dependencies/vectornav_msgs
[1.530s] -- Up-to-date: /home/ros2_ws/install/vectornav_msgs/share/ament_index/resource_index/parent_prefix_path/vectornav_msgs
[1.530s] -- Up-to-date: /home/ros2_ws/install/vectornav_msgs/share/vectornav_msgs/environment/ament_prefix_path.sh
[1.530s] -- Up-to-date: /home/ros2_ws/install/vectornav_msgs/share/vectornav_msgs/environment/ament_prefix_path.dsv
[1.530s] -- Up-to-date: /home/ros2_ws/install/vectornav_msgs/share/vectornav_msgs/environment/path.sh
[1.530s] -- Up-to-date: /home/ros2_ws/install/vectornav_msgs/share/vectornav_msgs/environment/path.dsv
[1.530s] -- Up-to-date: /home/ros2_ws/install/vectornav_msgs/share/vectornav_msgs/local_setup.bash
[1.531s] -- Up-to-date: /home/ros2_ws/install/vectornav_msgs/share/vectornav_msgs/local_setup.sh
[1.531s] -- Up-to-date: /home/ros2_ws/install/vectornav_msgs/share/vectornav_msgs/local_setup.zsh
[1.531s] -- Up-to-date: /home/ros2_ws/install/vectornav_msgs/share/vectornav_msgs/local_setup.dsv
[1.531s] -- Installing: /home/ros2_ws/install/vectornav_msgs/share/vectornav_msgs/package.dsv
[1.531s] -- Up-to-date: /home/ros2_ws/install/vectornav_msgs/share/ament_index/resource_index/packages/vectornav_msgs
[1.531s] -- Up-to-date: /home/ros2_ws/install/vectornav_msgs/share/vectornav_msgs/cmake/export_vectornav_msgs__rosidl_generator_cExport.cmake
[1.532s] -- Up-to-date: /home/ros2_ws/install/vectornav_msgs/share/vectornav_msgs/cmake/export_vectornav_msgs__rosidl_generator_cExport-noconfig.cmake
[1.532s] -- Up-to-date: /home/ros2_ws/install/vectornav_msgs/share/vectornav_msgs/cmake/export_vectornav_msgs__rosidl_typesupport_fastrtps_cExport.cmake
[1.532s] -- Up-to-date: /home/ros2_ws/install/vectornav_msgs/share/vectornav_msgs/cmake/export_vectornav_msgs__rosidl_typesupport_fastrtps_cExport-noconfig.cmake
[1.532s] -- Up-to-date: /home/ros2_ws/install/vectornav_msgs/share/vectornav_msgs/cmake/export_vectornav_msgs__rosidl_generator_cppExport.cmake
[1.532s] -- Up-to-date: /home/ros2_ws/install/vectornav_msgs/share/vectornav_msgs/cmake/export_vectornav_msgs__rosidl_typesupport_fastrtps_cppExport.cmake
[1.532s] -- Up-to-date: /home/ros2_ws/install/vectornav_msgs/share/vectornav_msgs/cmake/export_vectornav_msgs__rosidl_typesupport_fastrtps_cppExport-noconfig.cmake
[1.532s] -- Up-to-date: /home/ros2_ws/install/vectornav_msgs/share/vectornav_msgs/cmake/vectornav_msgs__rosidl_typesupport_introspection_cExport.cmake
[1.533s] -- Up-to-date: /home/ros2_ws/install/vectornav_msgs/share/vectornav_msgs/cmake/vectornav_msgs__rosidl_typesupport_introspection_cExport-noconfig.cmake
[1.533s] -- Up-to-date: /home/ros2_ws/install/vectornav_msgs/share/vectornav_msgs/cmake/vectornav_msgs__rosidl_typesupport_cExport.cmake
[1.533s] -- Up-to-date: /home/ros2_ws/install/vectornav_msgs/share/vectornav_msgs/cmake/vectornav_msgs__rosidl_typesupport_cExport-noconfig.cmake
[1.533s] -- Up-to-date: /home/ros2_ws/install/vectornav_msgs/share/vectornav_msgs/cmake/vectornav_msgs__rosidl_typesupport_introspection_cppExport.cmake
[1.533s] -- Up-to-date: /home/ros2_ws/install/vectornav_msgs/share/vectornav_msgs/cmake/vectornav_msgs__rosidl_typesupport_introspection_cppExport-noconfig.cmake
[1.533s] -- Up-to-date: /home/ros2_ws/install/vectornav_msgs/share/vectornav_msgs/cmake/vectornav_msgs__rosidl_typesupport_cppExport.cmake
[1.534s] -- Up-to-date: /home/ros2_ws/install/vectornav_msgs/share/vectornav_msgs/cmake/vectornav_msgs__rosidl_typesupport_cppExport-noconfig.cmake
[1.534s] -- Up-to-date: /home/ros2_ws/install/vectornav_msgs/share/vectornav_msgs/cmake/export_vectornav_msgs__rosidl_generator_pyExport.cmake
[1.534s] -- Up-to-date: /home/ros2_ws/install/vectornav_msgs/share/vectornav_msgs/cmake/export_vectornav_msgs__rosidl_generator_pyExport-noconfig.cmake
[1.534s] -- Up-to-date: /home/ros2_ws/install/vectornav_msgs/share/vectornav_msgs/cmake/rosidl_cmake-extras.cmake
[1.534s] -- Up-to-date: /home/ros2_ws/install/vectornav_msgs/share/vectornav_msgs/cmake/ament_cmake_export_dependencies-extras.cmake
[1.534s] -- Up-to-date: /home/ros2_ws/install/vectornav_msgs/share/vectornav_msgs/cmake/ament_cmake_export_include_directories-extras.cmake
[1.535s] -- Up-to-date: /home/ros2_ws/install/vectornav_msgs/share/vectornav_msgs/cmake/ament_cmake_export_libraries-extras.cmake
[1.535s] -- Up-to-date: /home/ros2_ws/install/vectornav_msgs/share/vectornav_msgs/cmake/ament_cmake_export_targets-extras.cmake
[1.535s] -- Up-to-date: /home/ros2_ws/install/vectornav_msgs/share/vectornav_msgs/cmake/rosidl_cmake_export_typesupport_targets-extras.cmake
[1.535s] -- Up-to-date: /home/ros2_ws/install/vectornav_msgs/share/vectornav_msgs/cmake/rosidl_cmake_export_typesupport_libraries-extras.cmake
[1.535s] -- Up-to-date: /home/ros2_ws/install/vectornav_msgs/share/vectornav_msgs/cmake/vectornav_msgsConfig.cmake
[1.535s] -- Up-to-date: /home/ros2_ws/install/vectornav_msgs/share/vectornav_msgs/cmake/vectornav_msgsConfig-version.cmake
[1.535s] -- Up-to-date: /home/ros2_ws/install/vectornav_msgs/share/vectornav_msgs/package.xml
[1.551s] Invoked command in '/home/ros2_ws/build/vectornav_msgs' returned '0': /usr/local/bin/cmake --install /home/ros2_ws/build/vectornav_msgs
